[INFO ] 2020-04-27 10:01:28.837 [JavaFX Application Thread] BeverageDAOImpl - beverages are loaded from database
[INFO ] 2020-04-27 10:01:28.887 [JavaFX Application Thread] WaiterDAOImpl - Waiters are loaded from database
[INFO ] 2020-04-27 10:01:28.900 [JavaFX Application Thread] PaidOrderDAOImpl - Returned highest orderNumber 818 from database
[INFO ] 2020-04-27 10:09:03.332 [JavaFX Application Thread] BeverageDAOImpl - beverages are loaded from database
[INFO ] 2020-04-27 10:09:03.348 [JavaFX Application Thread] WaiterDAOImpl - Waiters are loaded from database
[INFO ] 2020-04-27 10:09:03.358 [JavaFX Application Thread] PaidOrderDAOImpl - Returned highest orderNumber 818 from database
[INFO ] 2020-04-27 10:10:11.659 [JavaFX Application Thread] PaidOrderDAOImpl - paidOrders are loaded from database
[INFO ] 2020-04-27 10:10:11.709 [JavaFX Application Thread] PaidOrderDAOImpl - Retrieved waiter sales dates from DB
[INFO ] 2020-04-27 10:10:11.725 [JavaFX Application Thread] PaidOrderDAOImpl - paidOrders are loaded from database
[INFO ] 2020-04-27 10:10:17.441 [JavaFX Application Thread] PaidOrderDAOImpl - paidOrders are loaded from database
[INFO ] 2020-04-27 10:10:30.086 [JavaFX Application Thread] PaidOrderDAOImpl - paidOrders are loaded from database
[INFO ] 2020-04-27 10:10:30.105 [JavaFX Application Thread] PaidOrderDAOImpl - Retrieved waiter sales dates from DB
[INFO ] 2020-04-27 10:10:30.114 [JavaFX Application Thread] PaidOrderDAOImpl - paidOrders are loaded from database
[INFO ] 2020-04-27 14:16:41.816 [JavaFX Application Thread] BeverageDAOImpl - beverages are loaded from database
[INFO ] 2020-04-27 14:16:41.833 [JavaFX Application Thread] WaiterDAOImpl - Waiters are loaded from database
[INFO ] 2020-04-27 14:16:41.847 [JavaFX Application Thread] PaidOrderDAOImpl - Returned highest orderNumber 818 from database
[INFO ] 2020-04-27 14:16:49.773 [JavaFX Application Thread] PaidOrderDAOImpl - paidOrders are loaded from database
[INFO ] 2020-04-27 14:16:49.826 [JavaFX Application Thread] PaidOrderDAOImpl - Retrieved waiter sales dates from DB
[INFO ] 2020-04-27 14:16:49.840 [JavaFX Application Thread] PaidOrderDAOImpl - paidOrders are loaded from database
[INFO ] 2020-04-27 14:16:58.112 [JavaFX Application Thread] PaidOrderDAOImpl - paidOrders are loaded from database
[INFO ] 2020-04-27 16:35:26.558 [JavaFX Application Thread] BeverageDAOImpl - beverages are loaded from database
[INFO ] 2020-04-27 16:35:26.579 [JavaFX Application Thread] WaiterDAOImpl - Waiters are loaded from database
[INFO ] 2020-04-27 16:35:26.590 [JavaFX Application Thread] PaidOrderDAOImpl - Returned highest orderNumber 1 from database
[INFO ] 2020-04-27 16:35:34.027 [JavaFX Application Thread] PaidOrderDAOImpl - paidOrders are loaded from database
[INFO ] 2020-04-27 16:35:34.075 [JavaFX Application Thread] PaidOrderDAOImpl - Retrieved waiter sales dates from DB
[INFO ] 2020-04-27 16:35:34.084 [JavaFX Application Thread] PaidOrderDAOImpl - paidOrders are loaded from database
[INFO ] 2020-04-27 16:35:40.296 [JavaFX Application Thread] PaidOrderDAOImpl - paidOrders are loaded from database
[INFO ] 2020-04-27 16:35:42.863 [JavaFX Application Thread] PaidOrderDAOImpl - paidOrders are loaded from database
[INFO ] 2020-04-27 16:35:42.868 [JavaFX Application Thread] PaidOrderDAOImpl - Retrieved waiter sales dates from DB
[INFO ] 2020-04-27 16:35:42.874 [JavaFX Application Thread] PaidOrderDAOImpl - paidOrders are loaded from database
[INFO ] 2020-04-27 16:35:45.305 [JavaFX Application Thread] PaidOrderDAOImpl - paidOrders are loaded from database
[INFO ] 2020-04-27 16:35:45.311 [JavaFX Application Thread] PaidOrderDAOImpl - Retrieved waiter sales dates from DB
[INFO ] 2020-04-27 16:35:45.318 [JavaFX Application Thread] PaidOrderDAOImpl - paidOrders are loaded from database
[INFO ] 2020-04-27 16:35:52.611 [JavaFX Application Thread] PaidOrderDAOImpl - paidOrders are loaded from database
[INFO ] 2020-04-27 16:35:52.616 [JavaFX Application Thread] PaidOrderDAOImpl - Retrieved waiter sales dates from DB
[INFO ] 2020-04-27 16:35:52.621 [JavaFX Application Thread] PaidOrderDAOImpl - paidOrders are loaded from database
[INFO ] 2020-04-27 16:35:55.517 [JavaFX Application Thread] PaidOrderDAOImpl - paidOrders are loaded from database
[INFO ] 2020-04-27 16:35:55.522 [JavaFX Application Thread] PaidOrderDAOImpl - Retrieved waiter sales dates from DB
[INFO ] 2020-04-27 16:35:55.527 [JavaFX Application Thread] PaidOrderDAOImpl - paidOrders are loaded from database
[INFO ] 2020-04-27 16:36:10.004 [JavaFX Application Thread] BeverageDAOImpl - beverages are loaded from database
[INFO ] 2020-04-27 16:36:10.019 [JavaFX Application Thread] WaiterDAOImpl - Waiters are loaded from database
[INFO ] 2020-04-27 16:36:10.028 [JavaFX Application Thread] PaidOrderDAOImpl - Returned highest orderNumber 0 from database
[INFO ] 2020-04-27 16:36:26.095 [JavaFX Application Thread] PaidOrderDAOImpl - Inserted orderLine from orderNumber 1 into database
[INFO ] 2020-04-27 16:36:37.126 [JavaFX Application Thread] PaidOrderDAOImpl - paidOrders are loaded from database
[INFO ] 2020-04-27 16:36:37.137 [JavaFX Application Thread] PaidOrderDAOImpl - Retrieved waiter sales dates from DB
[INFO ] 2020-04-27 16:36:37.144 [JavaFX Application Thread] PaidOrderDAOImpl - paidOrders are loaded from database
[INFO ] 2020-04-27 16:36:58.895 [JavaFX Application Thread] PaidOrderDAOImpl - paidOrders are loaded from database
[INFO ] 2020-04-27 16:37:30.539 [JavaFX Application Thread] BeverageDAOImpl - beverages are loaded from database
[INFO ] 2020-04-27 16:37:30.553 [JavaFX Application Thread] WaiterDAOImpl - Waiters are loaded from database
[INFO ] 2020-04-27 16:37:30.560 [JavaFX Application Thread] PaidOrderDAOImpl - Returned highest orderNumber 0 from database
[INFO ] 2020-04-27 16:37:37.616 [JavaFX Application Thread] PaidOrderDAOImpl - paidOrders are loaded from database
[INFO ] 2020-04-27 16:37:56.818 [JavaFX Application Thread] PaidOrderDAOImpl - Inserted orderLine from orderNumber 1 into database
[INFO ] 2020-04-27 16:37:58.799 [JavaFX Application Thread] PaidOrderDAOImpl - paidOrders are loaded from database
[INFO ] 2020-04-27 16:37:58.806 [JavaFX Application Thread] PaidOrderDAOImpl - Retrieved waiter sales dates from DB
[INFO ] 2020-04-27 16:37:58.812 [JavaFX Application Thread] PaidOrderDAOImpl - paidOrders are loaded from database
[INFO ] 2020-04-27 16:38:03.058 [JavaFX Application Thread] PaidOrderDAOImpl - paidOrders are loaded from database
[INFO ] 2020-04-27 16:41:25.617 [JavaFX Application Thread] BeverageDAOImpl - beverages are loaded from database
[INFO ] 2020-04-27 16:41:25.641 [JavaFX Application Thread] WaiterDAOImpl - Waiters are loaded from database
[INFO ] 2020-04-27 16:41:25.656 [JavaFX Application Thread] PaidOrderDAOImpl - Returned highest orderNumber 818 from database
[INFO ] 2020-04-27 16:41:34.773 [JavaFX Application Thread] PaidOrderDAOImpl - paidOrders are loaded from database
[INFO ] 2020-04-27 16:41:34.824 [JavaFX Application Thread] PaidOrderDAOImpl - Retrieved waiter sales dates from DB
[INFO ] 2020-04-27 16:41:34.839 [JavaFX Application Thread] PaidOrderDAOImpl - paidOrders are loaded from database
[INFO ] 2020-04-27 16:41:43.541 [JavaFX Application Thread] PaidOrderDAOImpl - Inserted orderLine from orderNumber 819 into database
[INFO ] 2020-04-27 16:41:45.623 [JavaFX Application Thread] PaidOrderDAOImpl - paidOrders are loaded from database
[INFO ] 2020-04-27 16:41:45.631 [JavaFX Application Thread] PaidOrderDAOImpl - Retrieved waiter sales dates from DB
[INFO ] 2020-04-27 16:41:45.641 [JavaFX Application Thread] PaidOrderDAOImpl - paidOrders are loaded from database
[INFO ] 2020-04-27 16:42:06.550 [JavaFX Application Thread] PaidOrderDAOImpl - Inserted orderLine from orderNumber 818 into database
[INFO ] 2020-04-27 16:42:22.558 [JavaFX Application Thread] PaidOrderDAOImpl - paidOrders are loaded from database
[INFO ] 2020-04-27 16:42:22.566 [JavaFX Application Thread] PaidOrderDAOImpl - Retrieved waiter sales dates from DB
[INFO ] 2020-04-27 16:42:22.573 [JavaFX Application Thread] PaidOrderDAOImpl - paidOrders are loaded from database
[INFO ] 2020-04-27 16:42:26.230 [JavaFX Application Thread] PaidOrderDAOImpl - paidOrders are loaded from database
[INFO ] 2020-04-27 16:42:26.237 [JavaFX Application Thread] PaidOrderDAOImpl - Retrieved waiter sales dates from DB
[INFO ] 2020-04-27 16:42:26.243 [JavaFX Application Thread] PaidOrderDAOImpl - paidOrders are loaded from database
[INFO ] 2020-04-27 16:42:34.195 [JavaFX Application Thread] PaidOrderDAOImpl - paidOrders are loaded from database
[INFO ] 2020-04-27 16:42:37.093 [JavaFX Application Thread] PaidOrderDAOImpl - paidOrders are loaded from database
