[INFO ] 2020-02-24 18:58:36.602 [main] Cafe - Wout Peters logged in
[INFO ] 2020-02-24 18:58:36.613 [main] Cafe - Set table 1 as active table
[INFO ] 2020-02-24 18:58:36.616 [main] Cafe - Assigned  table 1 to Wout Peters
[DEBUG] 2020-02-24 18:58:36.617 [main] Cafe - orderNumber count increased to: 1
[DEBUG] 2020-02-24 18:58:36.617 [main] Cafe - ID count increased to: 1
[INFO ] 2020-02-24 18:58:36.638 [main] Cafe - New order made: Order: 1, date: 2020-02-05, waiterID: 1, orderItems: [ID: 1, beverage: Cola, quantity: 10], tableID: 1
[INFO ] 2020-02-24 18:58:36.641 [main] Cafe - Table table 1 paid orderNumber 1
[INFO ] 2020-02-24 18:58:36.642 [main] Cafe - Cleared table table 1
[INFO ] 2020-02-24 18:58:36.642 [main] Cafe - Set table 2 as active table
[INFO ] 2020-02-24 18:58:36.642 [main] Cafe - Assigned  table 2 to Wout Peters
[DEBUG] 2020-02-24 18:58:36.642 [main] Cafe - orderNumber count increased to: 2
[DEBUG] 2020-02-24 18:58:36.643 [main] Cafe - ID count increased to: 2
[INFO ] 2020-02-24 18:58:36.643 [main] Cafe - New order made: Order: 2, date: 2020-02-05, waiterID: 1, orderItems: [ID: 2, beverage: Leffe, quantity: 30], tableID: 2
[DEBUG] 2020-02-24 18:58:36.643 [main] Cafe - ID count increased to: 3
[INFO ] 2020-02-24 18:58:36.646 [main] Cafe - orderNumber: 2 -  added orderline ID: 3, beverage: Cola, quantity: 20
[INFO ] 2020-02-24 18:58:36.647 [main] Cafe - Table table 2 paid orderNumber 2
[INFO ] 2020-02-24 18:58:36.647 [main] Cafe - Cleared table table 2
[INFO ] 2020-02-24 18:58:36.648 [main] Cafe - Wout Peters logged out
[INFO ] 2020-02-24 18:58:36.648 [main] Cafe - Patrick Desmet logged in
[INFO ] 2020-02-24 18:58:36.648 [main] Cafe - Set table 1 as active table
[INFO ] 2020-02-24 18:58:36.697 [main] Cafe - Assigned  table 1 to Patrick Desmet
[DEBUG] 2020-02-24 18:58:36.697 [main] Cafe - orderNumber count increased to: 3
[DEBUG] 2020-02-24 18:58:36.698 [main] Cafe - ID count increased to: 4
[INFO ] 2020-02-24 18:58:36.698 [main] Cafe - New order made: Order: 3, date: 2020-02-24, waiterID: 4, orderItems: [ID: 4, beverage: Cola, quantity: 10], tableID: 1
[DEBUG] 2020-02-24 18:58:36.699 [main] Cafe - ID count increased to: 5
[INFO ] 2020-02-24 18:58:36.699 [main] Cafe - orderNumber: 3 -  added orderline ID: 5, beverage: Leffe, quantity: 10
[INFO ] 2020-02-24 18:58:36.699 [main] Cafe - Table table 1 paid orderNumber 3
[INFO ] 2020-02-24 18:58:36.700 [main] Cafe - Cleared table table 1
[INFO ] 2020-02-24 18:58:36.700 [main] Cafe - Patrick Desmet logged out
[INFO ] 2020-02-24 18:58:36.700 [main] Cafe - Wout Peters logged in
[INFO ] 2020-02-24 18:58:36.702 [main] Cafe - Wout Peters logged out
[INFO ] 2020-02-24 18:58:36.706 [main] Cafe - Wout Peters logged in
[INFO ] 2020-02-24 18:58:36.707 [main] Cafe - Set table 1 as active table
[INFO ] 2020-02-24 18:58:36.707 [main] Cafe - Assigned  table 1 to Wout Peters
[DEBUG] 2020-02-24 18:58:36.708 [main] Cafe - orderNumber count increased to: 1
[DEBUG] 2020-02-24 18:58:36.708 [main] Cafe - ID count increased to: 1
[INFO ] 2020-02-24 18:58:36.708 [main] Cafe - New order made: Order: 1, date: 2020-02-24, waiterID: 1, orderItems: [ID: 1, beverage: Cola, quantity: 10], tableID: 1
[DEBUG] 2020-02-24 18:58:36.708 [main] Cafe - ID count increased to: 2
[INFO ] 2020-02-24 18:58:36.708 [main] Cafe - orderNumber: 1 -  added orderline ID: 2, beverage: Leffe, quantity: 10
[INFO ] 2020-02-24 18:58:36.709 [main] Cafe - Table table 1 paid orderNumber 1
[INFO ] 2020-02-24 18:58:36.709 [main] Cafe - Cleared table table 1
[INFO ] 2020-02-24 18:58:36.709 [main] Cafe - Set table 2 as active table
[INFO ] 2020-02-24 18:58:36.709 [main] Cafe - Assigned  table 2 to Wout Peters
[DEBUG] 2020-02-24 18:58:36.710 [main] Cafe - orderNumber count increased to: 2
[DEBUG] 2020-02-24 18:58:36.710 [main] Cafe - ID count increased to: 3
[INFO ] 2020-02-24 18:58:36.710 [main] Cafe - New order made: Order: 2, date: 2020-02-24, waiterID: 1, orderItems: [ID: 3, beverage: Leffe, quantity: 30], tableID: 2
[DEBUG] 2020-02-24 18:58:36.710 [main] Cafe - ID count increased to: 4
[INFO ] 2020-02-24 18:58:36.711 [main] Cafe - orderNumber: 2 -  added orderline ID: 4, beverage: Cola, quantity: 20
[INFO ] 2020-02-24 18:58:36.711 [main] Cafe - Table table 2 paid orderNumber 2
[INFO ] 2020-02-24 18:58:36.711 [main] Cafe - Cleared table table 2
[INFO ] 2020-02-24 18:58:36.711 [main] Cafe - Wout Peters logged out
[INFO ] 2020-02-24 18:58:36.712 [main] Cafe - Patrick Desmet logged in
[INFO ] 2020-02-24 18:58:36.712 [main] Cafe - Set table 1 as active table
[INFO ] 2020-02-24 18:58:36.712 [main] Cafe - Assigned  table 1 to Patrick Desmet
[DEBUG] 2020-02-24 18:58:36.713 [main] Cafe - orderNumber count increased to: 3
[DEBUG] 2020-02-24 18:58:36.713 [main] Cafe - ID count increased to: 5
[INFO ] 2020-02-24 18:58:36.713 [main] Cafe - New order made: Order: 3, date: 2020-02-24, waiterID: 4, orderItems: [ID: 5, beverage: Cola, quantity: 10], tableID: 1
[DEBUG] 2020-02-24 18:58:36.713 [main] Cafe - ID count increased to: 6
[INFO ] 2020-02-24 18:58:36.714 [main] Cafe - orderNumber: 3 -  added orderline ID: 6, beverage: Leffe, quantity: 10
[INFO ] 2020-02-24 18:58:36.714 [main] Cafe - Table table 1 paid orderNumber 3
[INFO ] 2020-02-24 18:58:36.714 [main] Cafe - Cleared table table 1
[INFO ] 2020-02-24 18:58:36.714 [main] Cafe - Patrick Desmet logged out
[INFO ] 2020-02-24 18:58:36.714 [main] Cafe - Wout Peters logged in
[INFO ] 2020-02-24 18:58:36.715 [main] Cafe - Wout Peters logged out
[INFO ] 2020-02-24 18:58:36.716 [main] Cafe - Patrick Desmet logged in
[INFO ] 2020-02-24 18:58:36.717 [main] Cafe - Wout Peters logged in
[ERROR] 2020-02-24 18:58:36.718 [main] Cafe - clearTable failed, no active table
[INFO ] 2020-02-24 18:58:36.718 [main] Cafe - Set table 1 as active table
[INFO ] 2020-02-24 18:58:36.718 [main] Cafe - Assigned  table 1 to Wout Peters
[DEBUG] 2020-02-24 18:58:36.718 [main] Cafe - orderNumber count increased to: 1
[DEBUG] 2020-02-24 18:58:36.718 [main] Cafe - ID count increased to: 1
[INFO ] 2020-02-24 18:58:36.719 [main] Cafe - New order made: Order: 1, date: 2020-02-24, waiterID: 1, orderItems: [ID: 1, beverage: Cola, quantity: 2], tableID: 1
[DEBUG] 2020-02-24 18:58:36.719 [main] Cafe - ID count increased to: 2
[INFO ] 2020-02-24 18:58:36.719 [main] Cafe - orderNumber: 1 -  added orderline ID: 2, beverage: Leffe, quantity: 2
[DEBUG] 2020-02-24 18:58:36.719 [main] Cafe - ID count increased to: 3
[INFO ] 2020-02-24 18:58:36.719 [main] Cafe - orderNumber: 1 -  added orderline ID: 3, beverage: Duvel, quantity: 2
[DEBUG] 2020-02-24 18:58:36.720 [main] Cafe - ID count increased to: 4
[INFO ] 2020-02-24 18:58:36.720 [main] Cafe - orderNumber: 1 -  added orderline ID: 4, beverage: Fanta, quantity: 2
[INFO ] 2020-02-24 18:58:36.720 [main] Cafe - Wout Peters logged out
[INFO ] 2020-02-24 18:58:36.720 [main] Cafe - Patrick Desmet logged in
[ERROR] 2020-02-24 18:58:36.721 [main] Cafe - clearTable failed, table belongs to other waiter
[INFO ] 2020-02-24 18:58:36.721 [main] Cafe - Patrick Desmet logged out
[INFO ] 2020-02-24 18:58:36.721 [main] Cafe - Wout Peters logged in
[INFO ] 2020-02-24 18:58:36.721 [main] Cafe - Table table 1 paid orderNumber 1
[INFO ] 2020-02-24 18:58:36.721 [main] Cafe - Cleared table table 1
[INFO ] 2020-02-24 18:58:36.722 [main] Cafe - Wout Peters logged out
[INFO ] 2020-02-24 18:58:36.722 [main] Cafe - Set table 10 as active table
[ERROR] 2020-02-24 18:58:36.722 [main] Cafe - clearTable failed, no active waiter
[INFO ] 2020-02-24 18:58:36.722 [main] Cafe - Patrick Desmet logged in
[INFO ] 2020-02-24 18:58:36.722 [main] Cafe - Set table 10 as active table
[INFO ] 2020-02-24 18:58:36.723 [main] Cafe - Assigned  table 10 to Patrick Desmet
[DEBUG] 2020-02-24 18:58:36.723 [main] Cafe - orderNumber count increased to: 2
[DEBUG] 2020-02-24 18:58:36.723 [main] Cafe - ID count increased to: 5
[INFO ] 2020-02-24 18:58:36.723 [main] Cafe - New order made: Order: 2, date: 2020-02-24, waiterID: 4, orderItems: [ID: 5, beverage: Cola, quantity: 20], tableID: 10
[DEBUG] 2020-02-24 18:58:36.723 [main] Cafe - ID count increased to: 6
[INFO ] 2020-02-24 18:58:36.723 [main] Cafe - orderNumber: 2 -  added orderline ID: 6, beverage: Leffe, quantity: 30
[DEBUG] 2020-02-24 18:58:36.724 [main] Cafe - ID count increased to: 7
[INFO ] 2020-02-24 18:58:36.724 [main] Cafe - orderNumber: 2 -  added orderline ID: 7, beverage: Duvel, quantity: 40
[INFO ] 2020-02-24 18:58:36.724 [main] Cafe - Patrick Desmet logged out
[INFO ] 2020-02-24 18:58:36.724 [main] Cafe - Wout Peters logged in
[INFO ] 2020-02-24 18:58:36.724 [main] Cafe - Set table 1 as active table
[INFO ] 2020-02-24 18:58:36.724 [main] Cafe - Assigned  table 1 to Wout Peters
[DEBUG] 2020-02-24 18:58:36.725 [main] Cafe - orderNumber count increased to: 3
[DEBUG] 2020-02-24 18:58:36.725 [main] Cafe - ID count increased to: 8
[INFO ] 2020-02-24 18:58:36.725 [main] Cafe - New order made: Order: 3, date: 2020-02-24, waiterID: 1, orderItems: [ID: 8, beverage: Cola, quantity: 2], tableID: 1
[DEBUG] 2020-02-24 18:58:36.725 [main] Cafe - ID count increased to: 9
[INFO ] 2020-02-24 18:58:36.725 [main] Cafe - orderNumber: 3 -  added orderline ID: 9, beverage: Leffe, quantity: 2
[INFO ] 2020-02-24 18:58:36.725 [main] Cafe - Wout Peters logged out
[INFO ] 2020-02-24 18:58:36.725 [main] Cafe - Patrick Desmet logged in
[INFO ] 2020-02-24 18:58:36.726 [main] Cafe - Set table 10 as active table
[INFO ] 2020-02-24 18:58:36.726 [main] Cafe - Table table 10 paid orderNumber 2
[INFO ] 2020-02-24 18:58:36.726 [main] Cafe - Cleared table table 10
[INFO ] 2020-02-24 18:58:36.728 [main] Cafe - Wout Peters logged in
[ERROR] 2020-02-24 18:58:36.729 [main] Cafe - Pay failed, no active table
[INFO ] 2020-02-24 18:58:36.729 [main] Cafe - Set table 1 as active table
[INFO ] 2020-02-24 18:58:36.729 [main] Cafe - Assigned  table 1 to Wout Peters
[DEBUG] 2020-02-24 18:58:36.730 [main] Cafe - orderNumber count increased to: 1
[DEBUG] 2020-02-24 18:58:36.730 [main] Cafe - ID count increased to: 1
[INFO ] 2020-02-24 18:58:36.730 [main] Cafe - New order made: Order: 1, date: 2020-02-24, waiterID: 1, orderItems: [ID: 1, beverage: Cola, quantity: 5], tableID: 1
[DEBUG] 2020-02-24 18:58:36.730 [main] Cafe - ID count increased to: 2
[INFO ] 2020-02-24 18:58:36.730 [main] Cafe - orderNumber: 1 -  added orderline ID: 2, beverage: Leffe, quantity: 2
[DEBUG] 2020-02-24 18:58:36.730 [main] Cafe - ID count increased to: 3
[INFO ] 2020-02-24 18:58:36.730 [main] Cafe - orderNumber: 1 -  added orderline ID: 3, beverage: Duvel, quantity: 10
[INFO ] 2020-02-24 18:58:36.731 [main] Cafe - Table table 1 paid orderNumber 1
[INFO ] 2020-02-24 18:58:36.731 [main] Cafe - Cleared table table 1
[INFO ] 2020-02-24 18:58:36.731 [main] Cafe - Wout Peters logged out
[INFO ] 2020-02-24 18:58:36.731 [main] Cafe - Patrick Desmet logged in
[INFO ] 2020-02-24 18:58:36.731 [main] Cafe - Set table 10 as active table
[INFO ] 2020-02-24 18:58:36.732 [main] Cafe - Assigned  table 10 to Patrick Desmet
[DEBUG] 2020-02-24 18:58:36.732 [main] Cafe - orderNumber count increased to: 2
[DEBUG] 2020-02-24 18:58:36.732 [main] Cafe - ID count increased to: 4
[INFO ] 2020-02-24 18:58:36.732 [main] Cafe - New order made: Order: 2, date: 2020-02-24, waiterID: 4, orderItems: [ID: 4, beverage: Cola, quantity: 1], tableID: 10
[DEBUG] 2020-02-24 18:58:36.732 [main] Cafe - ID count increased to: 5
[INFO ] 2020-02-24 18:58:36.733 [main] Cafe - orderNumber: 2 -  added orderline ID: 5, beverage: Leffe, quantity: 3
[DEBUG] 2020-02-24 18:58:36.733 [main] Cafe - ID count increased to: 6
[INFO ] 2020-02-24 18:58:36.733 [main] Cafe - orderNumber: 2 -  added orderline ID: 6, beverage: Duvel, quantity: 5
[DEBUG] 2020-02-24 18:58:36.733 [main] Cafe - ID count increased to: 7
[INFO ] 2020-02-24 18:58:36.733 [main] Cafe - orderNumber: 2 -  added orderline ID: 7, beverage: Fanta, quantity: 4
[INFO ] 2020-02-24 18:58:36.733 [main] Cafe - Table table 10 paid orderNumber 2
[INFO ] 2020-02-24 18:58:36.733 [main] Cafe - Cleared table table 10
[INFO ] 2020-02-24 18:58:36.736 [main] Cafe - Wout Peters logged in
[INFO ] 2020-02-24 18:58:36.738 [main] Cafe - Wout Peters logged out
[ERROR] 2020-02-24 18:58:36.739 [main] Cafe - Login failed, username incorrect: Wouter Peters password: password
[ERROR] 2020-02-24 18:58:36.739 [main] Cafe - Login failed, username incorrect: Wouters Peter password: password
[ERROR] 2020-02-24 18:58:36.739 [main] Cafe - Login failed, username incorrect: Wout Peeters password: password
[ERROR] 2020-02-24 18:58:36.740 [main] Cafe - Login failed, wrong password: username: Wout Peters password: passwoord
[INFO ] 2020-02-24 18:58:36.740 [main] Cafe - Patrick Desmet logged in
[INFO ] 2020-02-24 18:58:36.740 [main] Cafe - Patrick Desmet logged out
[ERROR] 2020-02-24 18:58:36.740 [main] Cafe - Login failed, username incorrect: Patrick Desmeet password: password
[INFO ] 2020-02-24 18:58:36.741 [main] Cafe - Patrick Desmet logged in
[ERROR] 2020-02-24 18:58:36.741 [main] Cafe - Double login-in attempt
[ERROR] 2020-02-24 18:58:36.743 [main] Cafe - Order failed, no logged in user
[INFO ] 2020-02-24 18:58:36.744 [main] Cafe - Wout Peters logged in
[ERROR] 2020-02-24 18:58:36.744 [main] Cafe - Order failed, no active table
[INFO ] 2020-02-24 18:58:36.746 [main] Cafe - Set table 1 as active table
[INFO ] 2020-02-24 18:58:36.747 [main] Cafe - Assigned  table 1 to Wout Peters
[DEBUG] 2020-02-24 18:58:36.747 [main] Cafe - orderNumber count increased to: 1
[DEBUG] 2020-02-24 18:58:36.747 [main] Cafe - ID count increased to: 1
[INFO ] 2020-02-24 18:58:36.747 [main] Cafe - New order made: Order: 1, date: 2020-02-24, waiterID: 1, orderItems: [ID: 1, beverage: Cola, quantity: 5], tableID: 1
[DEBUG] 2020-02-24 18:58:36.748 [main] Cafe - ID count increased to: 2
[INFO ] 2020-02-24 18:58:36.748 [main] Cafe - orderNumber: 1 -  added orderline ID: 2, beverage: Leffe, quantity: 2
[INFO ] 2020-02-24 18:58:36.748 [main] Cafe - Set table 2 as active table
[INFO ] 2020-02-24 18:58:36.748 [main] Cafe - Assigned  table 2 to Wout Peters
[DEBUG] 2020-02-24 18:58:36.748 [main] Cafe - orderNumber count increased to: 2
[DEBUG] 2020-02-24 18:58:36.749 [main] Cafe - ID count increased to: 3
[INFO ] 2020-02-24 18:58:36.749 [main] Cafe - New order made: Order: 2, date: 2020-02-24, waiterID: 1, orderItems: [ID: 3, beverage: Leffe, quantity: 2], tableID: 2
[INFO ] 2020-02-24 18:58:36.750 [main] Cafe - orderNumber: 2 - updated orderline with ID: 3, beverage: Leffe, quantity: 4
[INFO ] 2020-02-24 18:58:36.751 [main] Cafe - orderNumber: 2 - updated orderline with ID: 3, beverage: Leffe, quantity: 9
[INFO ] 2020-02-24 18:58:36.751 [main] Cafe - Wout Peters logged out
[INFO ] 2020-02-24 18:58:36.751 [main] Cafe - Patrick Desmet logged in
[ERROR] 2020-02-24 18:58:36.751 [main] Cafe - table 2 does not belong to: Patrick Desmet
[INFO ] 2020-02-24 18:58:36.751 [main] Cafe - Set table 3 as active table
[INFO ] 2020-02-24 18:58:36.752 [main] Cafe - Assigned  table 3 to Patrick Desmet
[DEBUG] 2020-02-24 18:58:36.752 [main] Cafe - orderNumber count increased to: 3
[DEBUG] 2020-02-24 18:58:36.752 [main] Cafe - ID count increased to: 4
[INFO ] 2020-02-24 18:58:36.753 [main] Cafe - New order made: Order: 3, date: 2020-02-24, waiterID: 4, orderItems: [ID: 4, beverage: Leffe, quantity: 3], tableID: 3
[DEBUG] 2020-02-24 18:58:36.753 [main] Cafe - ID count increased to: 5
[INFO ] 2020-02-24 18:58:36.753 [main] Cafe - orderNumber: 3 -  added orderline ID: 5, beverage: Cola, quantity: 2
[INFO ] 2020-02-24 18:58:36.753 [main] Cafe - Patrick Desmet logged out
[INFO ] 2020-02-24 18:58:36.753 [main] Cafe - Wout Peters logged in
[INFO ] 2020-02-24 18:58:36.753 [main] Cafe - Set table 1 as active table
[INFO ] 2020-02-24 18:58:36.754 [main] Cafe - orderNumber: 1 - updated orderline with ID: 2, beverage: Leffe, quantity: 4
[INFO ] 2020-02-24 18:58:36.755 [main] Cafe - Wout Peters logged in
[ERROR] 2020-02-24 18:58:36.756 [main] Cafe - Remove of orderline failed, no active table
[INFO ] 2020-02-24 18:58:36.756 [main] Cafe - Set table 1 as active table
[INFO ] 2020-02-24 18:58:36.757 [main] Cafe - Assigned  table 1 to Wout Peters
[DEBUG] 2020-02-24 18:58:36.757 [main] Cafe - orderNumber count increased to: 1
[DEBUG] 2020-02-24 18:58:36.757 [main] Cafe - ID count increased to: 1
[INFO ] 2020-02-24 18:58:36.757 [main] Cafe - New order made: Order: 1, date: 2020-02-24, waiterID: 1, orderItems: [ID: 1, beverage: Cola, quantity: 2], tableID: 1
[DEBUG] 2020-02-24 18:58:36.758 [main] Cafe - ID count increased to: 2
[INFO ] 2020-02-24 18:58:36.758 [main] Cafe - orderNumber: 1 -  added orderline ID: 2, beverage: Leffe, quantity: 2
[DEBUG] 2020-02-24 18:58:36.759 [main] Cafe - ID count increased to: 3
[INFO ] 2020-02-24 18:58:36.759 [main] Cafe - orderNumber: 1 -  added orderline ID: 3, beverage: Duvel, quantity: 2
[DEBUG] 2020-02-24 18:58:36.759 [main] Cafe - ID count increased to: 4
[INFO ] 2020-02-24 18:58:36.760 [main] Cafe - orderNumber: 1 -  added orderline ID: 4, beverage: Fanta, quantity: 2
[INFO ] 2020-02-24 18:58:36.760 [main] Cafe - Removed orderline ID: 1, beverage: Cola, quantity: 2
[INFO ] 2020-02-24 18:58:36.763 [main] Cafe - Wout Peters logged in
[INFO ] 2020-02-24 18:58:36.764 [main] Cafe - Wout Peters logged out
[INFO ] 2020-02-24 18:58:36.764 [main] Cafe - Patrick Desmet logged in
[INFO ] 2020-02-24 18:58:36.766 [main] Cafe - Wout Peters logged in
[INFO ] 2020-02-24 18:58:36.766 [main] Cafe - Set table 1 as active table
[INFO ] 2020-02-24 18:58:36.766 [main] Cafe - Assigned  table 1 to Wout Peters
[DEBUG] 2020-02-24 18:58:36.766 [main] Cafe - orderNumber count increased to: 1
[DEBUG] 2020-02-24 18:58:36.767 [main] Cafe - ID count increased to: 1
[INFO ] 2020-02-24 18:58:36.767 [main] Cafe - New order made: Order: 1, date: 2020-02-24, waiterID: 1, orderItems: [ID: 1, beverage: Cola, quantity: 10], tableID: 1
[DEBUG] 2020-02-24 18:58:36.767 [main] Cafe - ID count increased to: 2
[INFO ] 2020-02-24 18:58:36.767 [main] Cafe - orderNumber: 1 -  added orderline ID: 2, beverage: Leffe, quantity: 10
[INFO ] 2020-02-24 18:58:36.767 [main] Cafe - Table table 1 paid orderNumber 1
[INFO ] 2020-02-24 18:58:36.767 [main] Cafe - Cleared table table 1
[INFO ] 2020-02-24 18:58:36.767 [main] Cafe - Set table 2 as active table
[INFO ] 2020-02-24 18:58:36.767 [main] Cafe - Assigned  table 2 to Wout Peters
[DEBUG] 2020-02-24 18:58:36.768 [main] Cafe - orderNumber count increased to: 2
[DEBUG] 2020-02-24 18:58:36.768 [main] Cafe - ID count increased to: 3
[INFO ] 2020-02-24 18:58:36.768 [main] Cafe - New order made: Order: 2, date: 2020-02-24, waiterID: 1, orderItems: [ID: 3, beverage: Leffe, quantity: 30], tableID: 2
[DEBUG] 2020-02-24 18:58:36.768 [main] Cafe - ID count increased to: 4
[INFO ] 2020-02-24 18:58:36.768 [main] Cafe - orderNumber: 2 -  added orderline ID: 4, beverage: Cola, quantity: 20
[INFO ] 2020-02-24 18:58:36.768 [main] Cafe - Table table 2 paid orderNumber 2
[INFO ] 2020-02-24 18:58:36.768 [main] Cafe - Cleared table table 2
[INFO ] 2020-02-24 18:58:36.777 [main] Cafe - Set table 1 as active table
[INFO ] 2020-02-24 18:58:36.777 [main] Cafe - Set table 9 as active table
[INFO ] 2020-02-24 18:58:36.780 [main] Cafe - Wout Peters logged in
[INFO ] 2020-02-24 18:58:36.781 [main] Cafe - Set table 1 as active table
[INFO ] 2020-02-24 18:58:36.781 [main] Cafe - Assigned  table 1 to Wout Peters
[DEBUG] 2020-02-24 18:58:36.781 [main] Cafe - orderNumber count increased to: 1
[DEBUG] 2020-02-24 18:58:36.781 [main] Cafe - ID count increased to: 1
[INFO ] 2020-02-24 18:58:36.782 [main] Cafe - New order made: Order: 1, date: 2020-02-05, waiterID: 1, orderItems: [ID: 1, beverage: Cola, quantity: 20], tableID: 1
[INFO ] 2020-02-24 18:58:36.782 [main] Cafe - Table table 1 paid orderNumber 1
[INFO ] 2020-02-24 18:58:36.782 [main] Cafe - Cleared table table 1
[INFO ] 2020-02-24 18:58:36.782 [main] Cafe - Set table 2 as active table
[INFO ] 2020-02-24 18:58:36.782 [main] Cafe - Assigned  table 2 to Wout Peters
[DEBUG] 2020-02-24 18:58:36.783 [main] Cafe - orderNumber count increased to: 2
[DEBUG] 2020-02-24 18:58:36.783 [main] Cafe - ID count increased to: 2
[INFO ] 2020-02-24 18:58:36.783 [main] Cafe - New order made: Order: 2, date: 2020-02-05, waiterID: 1, orderItems: [ID: 2, beverage: Leffe, quantity: 30], tableID: 2
[DEBUG] 2020-02-24 18:58:36.783 [main] Cafe - ID count increased to: 3
[INFO ] 2020-02-24 18:58:36.783 [main] Cafe - orderNumber: 2 -  added orderline ID: 3, beverage: Cola, quantity: 20
[INFO ] 2020-02-24 18:58:36.783 [main] Cafe - Table table 2 paid orderNumber 2
[INFO ] 2020-02-24 18:58:36.783 [main] Cafe - Cleared table table 2
[INFO ] 2020-02-24 18:58:36.783 [main] Cafe - Set table 1 as active table
[INFO ] 2020-02-24 18:58:36.783 [main] Cafe - Assigned  table 1 to Wout Peters
[DEBUG] 2020-02-24 18:58:36.783 [main] Cafe - orderNumber count increased to: 3
[DEBUG] 2020-02-24 18:58:36.783 [main] Cafe - ID count increased to: 4
[INFO ] 2020-02-24 18:58:36.784 [main] Cafe - New order made: Order: 3, date: 2020-02-24, waiterID: 1, orderItems: [ID: 4, beverage: Cola, quantity: 10], tableID: 1
[DEBUG] 2020-02-24 18:58:36.784 [main] Cafe - ID count increased to: 5
[INFO ] 2020-02-24 18:58:36.784 [main] Cafe - orderNumber: 3 -  added orderline ID: 5, beverage: Leffe, quantity: 10
[INFO ] 2020-02-24 18:58:36.784 [main] Cafe - Table table 1 paid orderNumber 3
[INFO ] 2020-02-24 18:58:36.784 [main] Cafe - Cleared table table 1
[INFO ] 2020-02-24 18:58:36.784 [main] Cafe - Wout Peters logged out
[INFO ] 2020-02-24 18:58:36.784 [main] Cafe - Wout Peters logged in
[INFO ] 2020-02-24 18:58:37.112 [main] Cafe - Wout Peters logged in
[INFO ] 2020-02-24 18:58:37.112 [main] Cafe - Set table 1 as active table
[INFO ] 2020-02-24 18:58:37.113 [main] Cafe - Assigned  table 1 to Wout Peters
[DEBUG] 2020-02-24 18:58:37.114 [main] Cafe - orderNumber count increased to: 1
[DEBUG] 2020-02-24 18:58:37.114 [main] Cafe - ID count increased to: 1
[INFO ] 2020-02-24 18:58:37.114 [main] Cafe - New order made: Order: 1, date: 2020-02-24, waiterID: 1, orderItems: [ID: 1, beverage: Cola, quantity: 10], tableID: 1
[DEBUG] 2020-02-24 18:58:37.114 [main] Cafe - ID count increased to: 2
[INFO ] 2020-02-24 18:58:37.115 [main] Cafe - orderNumber: 1 -  added orderline ID: 2, beverage: Leffe, quantity: 10
[INFO ] 2020-02-24 18:58:37.116 [main] Cafe - Table table 1 paid orderNumber 1
[INFO ] 2020-02-24 18:58:37.116 [main] Cafe - Cleared table table 1
[INFO ] 2020-02-24 18:58:37.116 [main] Cafe - Set table 2 as active table
[INFO ] 2020-02-24 18:58:37.117 [main] Cafe - Assigned  table 2 to Wout Peters
[DEBUG] 2020-02-24 18:58:37.117 [main] Cafe - orderNumber count increased to: 2
[DEBUG] 2020-02-24 18:58:37.117 [main] Cafe - ID count increased to: 3
[INFO ] 2020-02-24 18:58:37.117 [main] Cafe - New order made: Order: 2, date: 2020-02-24, waiterID: 1, orderItems: [ID: 3, beverage: Leffe, quantity: 30], tableID: 2
[DEBUG] 2020-02-24 18:58:37.117 [main] Cafe - ID count increased to: 4
[INFO ] 2020-02-24 18:58:37.118 [main] Cafe - orderNumber: 2 -  added orderline ID: 4, beverage: Cola, quantity: 20
[INFO ] 2020-02-24 18:58:37.118 [main] Cafe - Table table 2 paid orderNumber 2
[INFO ] 2020-02-24 18:58:37.118 [main] Cafe - Cleared table table 2
[INFO ] 2020-02-24 18:58:37.118 [main] Cafe - Wout Peters logged out
[INFO ] 2020-02-24 18:58:37.118 [main] Cafe - Patrick Desmet logged in
[INFO ] 2020-02-24 18:58:37.118 [main] Cafe - Set table 1 as active table
[INFO ] 2020-02-24 18:58:37.119 [main] Cafe - Assigned  table 1 to Patrick Desmet
[DEBUG] 2020-02-24 18:58:37.119 [main] Cafe - orderNumber count increased to: 3
[DEBUG] 2020-02-24 18:58:37.119 [main] Cafe - ID count increased to: 5
[INFO ] 2020-02-24 18:58:37.119 [main] Cafe - New order made: Order: 3, date: 2020-02-24, waiterID: 4, orderItems: [ID: 5, beverage: Cola, quantity: 10], tableID: 1
[DEBUG] 2020-02-24 18:58:37.119 [main] Cafe - ID count increased to: 6
[INFO ] 2020-02-24 18:58:37.119 [main] Cafe - orderNumber: 3 -  added orderline ID: 6, beverage: Leffe, quantity: 10
[INFO ] 2020-02-24 18:58:37.119 [main] Cafe - Table table 1 paid orderNumber 3
[INFO ] 2020-02-24 18:58:37.119 [main] Cafe - Cleared table table 1
[INFO ] 2020-02-24 18:58:37.120 [main] Cafe - Set table 2 as active table
[INFO ] 2020-02-24 18:58:37.120 [main] Cafe - Assigned  table 2 to Patrick Desmet
[DEBUG] 2020-02-24 18:58:37.120 [main] Cafe - orderNumber count increased to: 4
[DEBUG] 2020-02-24 18:58:37.120 [main] Cafe - ID count increased to: 7
[INFO ] 2020-02-24 18:58:37.120 [main] Cafe - New order made: Order: 4, date: 2020-02-24, waiterID: 4, orderItems: [ID: 7, beverage: Leffe, quantity: 10], tableID: 2
[DEBUG] 2020-02-24 18:58:37.120 [main] Cafe - ID count increased to: 8
[INFO ] 2020-02-24 18:58:37.120 [main] Cafe - orderNumber: 4 -  added orderline ID: 8, beverage: Cola, quantity: 10
[INFO ] 2020-02-24 18:58:37.120 [main] Cafe - Table table 2 paid orderNumber 4
[INFO ] 2020-02-24 18:58:37.120 [main] Cafe - Cleared table table 2
[INFO ] 2020-02-24 18:58:37.120 [main] Cafe - Patrick Desmet logged out
[INFO ] 2020-02-24 18:58:37.121 [main] Cafe - Ilse Vandenbroeck logged in
[INFO ] 2020-02-24 18:58:37.121 [main] Cafe - Set table 5 as active table
[INFO ] 2020-02-24 18:58:37.121 [main] Cafe - Assigned  table 5 to Ilse Vandenbroeck
[DEBUG] 2020-02-24 18:58:37.121 [main] Cafe - orderNumber count increased to: 5
[DEBUG] 2020-02-24 18:58:37.121 [main] Cafe - ID count increased to: 9
[INFO ] 2020-02-24 18:58:37.122 [main] Cafe - New order made: Order: 5, date: 2020-02-24, waiterID: 3, orderItems: [ID: 9, beverage: Cola, quantity: 100], tableID: 5
[DEBUG] 2020-02-24 18:58:37.122 [main] Cafe - ID count increased to: 10
[INFO ] 2020-02-24 18:58:37.122 [main] Cafe - orderNumber: 5 -  added orderline ID: 10, beverage: Leffe, quantity: 10
[INFO ] 2020-02-24 18:58:37.122 [main] Cafe - Table table 5 paid orderNumber 5
[INFO ] 2020-02-24 18:58:37.122 [main] Cafe - Cleared table table 5
[INFO ] 2020-02-24 18:58:37.885 [main] Cafe - Wout Peters logged in
[INFO ] 2020-02-24 18:58:37.885 [main] Cafe - Set table 1 as active table
[INFO ] 2020-02-24 18:58:37.886 [main] Cafe - Assigned  table 1 to Wout Peters
[DEBUG] 2020-02-24 18:58:37.886 [main] Cafe - orderNumber count increased to: 1
[DEBUG] 2020-02-24 18:58:37.886 [main] Cafe - ID count increased to: 1
[INFO ] 2020-02-24 18:58:37.886 [main] Cafe - New order made: Order: 1, date: 2020-02-05, waiterID: 1, orderItems: [ID: 1, beverage: Cola, quantity: 10], tableID: 1
[INFO ] 2020-02-24 18:58:37.886 [main] Cafe - Table table 1 paid orderNumber 1
[INFO ] 2020-02-24 18:58:37.886 [main] Cafe - Cleared table table 1
[INFO ] 2020-02-24 18:58:37.887 [main] Cafe - Set table 2 as active table
[INFO ] 2020-02-24 18:58:37.887 [main] Cafe - Assigned  table 2 to Wout Peters
[DEBUG] 2020-02-24 18:58:37.887 [main] Cafe - orderNumber count increased to: 2
[DEBUG] 2020-02-24 18:58:37.887 [main] Cafe - ID count increased to: 2
[INFO ] 2020-02-24 18:58:37.888 [main] Cafe - New order made: Order: 2, date: 2020-02-05, waiterID: 1, orderItems: [ID: 2, beverage: Leffe, quantity: 30], tableID: 2
[DEBUG] 2020-02-24 18:58:37.889 [main] Cafe - ID count increased to: 3
[INFO ] 2020-02-24 18:58:37.889 [main] Cafe - orderNumber: 2 -  added orderline ID: 3, beverage: Cola, quantity: 20
[INFO ] 2020-02-24 18:58:37.889 [main] Cafe - Table table 2 paid orderNumber 2
[INFO ] 2020-02-24 18:58:37.889 [main] Cafe - Cleared table table 2
[INFO ] 2020-02-24 18:58:37.890 [main] Cafe - Wout Peters logged out
[INFO ] 2020-02-24 18:58:37.890 [main] Cafe - Patrick Desmet logged in
[INFO ] 2020-02-24 18:58:37.890 [main] Cafe - Set table 1 as active table
[INFO ] 2020-02-24 18:58:37.890 [main] Cafe - Assigned  table 1 to Patrick Desmet
[DEBUG] 2020-02-24 18:58:37.890 [main] Cafe - orderNumber count increased to: 3
[DEBUG] 2020-02-24 18:58:37.900 [main] Cafe - ID count increased to: 4
[INFO ] 2020-02-24 18:58:37.903 [main] Cafe - New order made: Order: 3, date: 2020-02-24, waiterID: 4, orderItems: [ID: 4, beverage: Cola, quantity: 10], tableID: 1
[DEBUG] 2020-02-24 18:58:37.903 [main] Cafe - ID count increased to: 5
[INFO ] 2020-02-24 18:58:37.904 [main] Cafe - orderNumber: 3 -  added orderline ID: 5, beverage: Leffe, quantity: 10
[INFO ] 2020-02-24 18:58:37.904 [main] Cafe - Table table 1 paid orderNumber 3
[INFO ] 2020-02-24 18:58:37.904 [main] Cafe - Cleared table table 1
[INFO ] 2020-02-24 18:58:37.908 [main] Cafe - Patrick Desmet logged out
[INFO ] 2020-02-24 18:58:37.909 [main] Cafe - Wout Peters logged in
[INFO ] 2020-02-24 18:58:37.964 [main] Cafe - Wout Peters logged in
[INFO ] 2020-02-24 18:58:37.964 [main] Cafe - Set table 1 as active table
[INFO ] 2020-02-24 18:58:37.965 [main] Cafe - Assigned  table 1 to Wout Peters
[DEBUG] 2020-02-24 18:58:37.965 [main] Cafe - orderNumber count increased to: 1
[DEBUG] 2020-02-24 18:58:37.965 [main] Cafe - ID count increased to: 1
[INFO ] 2020-02-24 18:58:37.965 [main] Cafe - New order made: Order: 1, date: 2020-02-24, waiterID: 1, orderItems: [ID: 1, beverage: Cola, quantity: 10], tableID: 1
[INFO ] 2020-02-24 18:58:37.965 [main] Cafe - orderNumber: 1 - updated orderline with ID: 1, beverage: Cola, quantity: 20
[DEBUG] 2020-02-24 18:58:37.965 [main] Cafe - ID count increased to: 2
[INFO ] 2020-02-24 18:58:37.965 [main] Cafe - orderNumber: 1 -  added orderline ID: 2, beverage: Leffe, quantity: 10
[INFO ] 2020-02-24 18:58:37.970 [main] Cafe - Wout Peters logged in
[INFO ] 2020-02-24 18:58:37.970 [main] Cafe - Set table 1 as active table
[INFO ] 2020-02-24 18:58:37.970 [main] Cafe - Assigned  table 1 to Wout Peters
[DEBUG] 2020-02-24 18:58:37.971 [main] Cafe - orderNumber count increased to: 1
[DEBUG] 2020-02-24 18:58:37.971 [main] Cafe - ID count increased to: 1
[INFO ] 2020-02-24 18:58:37.971 [main] Cafe - New order made: Order: 1, date: 2020-02-24, waiterID: 1, orderItems: [ID: 1, beverage: Cola, quantity: 10], tableID: 1
[DEBUG] 2020-02-24 18:58:37.971 [main] Cafe - ID count increased to: 2
[INFO ] 2020-02-24 18:58:37.971 [main] Cafe - orderNumber: 1 -  added orderline ID: 2, beverage: Leffe, quantity: 10
[INFO ] 2020-02-24 18:58:37.971 [main] Cafe - Table table 1 paid orderNumber 1
[INFO ] 2020-02-24 18:58:37.971 [main] Cafe - Cleared table table 1
[INFO ] 2020-02-24 18:58:37.972 [main] Cafe - Set table 2 as active table
[INFO ] 2020-02-24 18:58:37.972 [main] Cafe - Assigned  table 2 to Wout Peters
[DEBUG] 2020-02-24 18:58:37.972 [main] Cafe - orderNumber count increased to: 2
[DEBUG] 2020-02-24 18:58:37.972 [main] Cafe - ID count increased to: 3
[INFO ] 2020-02-24 18:58:37.973 [main] Cafe - New order made: Order: 2, date: 2020-02-24, waiterID: 1, orderItems: [ID: 3, beverage: Leffe, quantity: 30], tableID: 2
[DEBUG] 2020-02-24 18:58:37.973 [main] Cafe - ID count increased to: 4
[INFO ] 2020-02-24 18:58:37.973 [main] Cafe - orderNumber: 2 -  added orderline ID: 4, beverage: Cola, quantity: 20
[INFO ] 2020-02-24 18:58:37.973 [main] Cafe - Table table 2 paid orderNumber 2
[INFO ] 2020-02-24 18:58:37.973 [main] Cafe - Cleared table table 2
[INFO ] 2020-02-24 18:58:37.973 [main] Cafe - Wout Peters logged out
[INFO ] 2020-02-24 18:58:37.974 [main] Cafe - Patrick Desmet logged in
[INFO ] 2020-02-24 18:58:37.974 [main] Cafe - Set table 1 as active table
[INFO ] 2020-02-24 18:58:37.974 [main] Cafe - Assigned  table 1 to Patrick Desmet
[DEBUG] 2020-02-24 18:58:37.974 [main] Cafe - orderNumber count increased to: 3
[DEBUG] 2020-02-24 18:58:37.974 [main] Cafe - ID count increased to: 5
[INFO ] 2020-02-24 18:58:37.974 [main] Cafe - New order made: Order: 3, date: 2020-02-24, waiterID: 4, orderItems: [ID: 5, beverage: Cola, quantity: 10], tableID: 1
[DEBUG] 2020-02-24 18:58:37.974 [main] Cafe - ID count increased to: 6
[INFO ] 2020-02-24 18:58:37.974 [main] Cafe - orderNumber: 3 -  added orderline ID: 6, beverage: Leffe, quantity: 10
[INFO ] 2020-02-24 18:58:37.974 [main] Cafe - Table table 1 paid orderNumber 3
[INFO ] 2020-02-24 18:58:37.974 [main] Cafe - Cleared table table 1
[INFO ] 2020-02-24 18:58:37.974 [main] Cafe - Set table 2 as active table
[INFO ] 2020-02-24 18:58:37.975 [main] Cafe - Assigned  table 2 to Patrick Desmet
[DEBUG] 2020-02-24 18:58:37.975 [main] Cafe - orderNumber count increased to: 4
[DEBUG] 2020-02-24 18:58:37.975 [main] Cafe - ID count increased to: 7
[INFO ] 2020-02-24 18:58:37.975 [main] Cafe - New order made: Order: 4, date: 2020-02-24, waiterID: 4, orderItems: [ID: 7, beverage: Leffe, quantity: 10], tableID: 2
[DEBUG] 2020-02-24 18:58:37.975 [main] Cafe - ID count increased to: 8
[INFO ] 2020-02-24 18:58:37.975 [main] Cafe - orderNumber: 4 -  added orderline ID: 8, beverage: Cola, quantity: 10
[INFO ] 2020-02-24 18:58:37.975 [main] Cafe - Table table 2 paid orderNumber 4
[INFO ] 2020-02-24 18:58:37.975 [main] Cafe - Cleared table table 2
[INFO ] 2020-02-24 18:58:37.975 [main] Cafe - Patrick Desmet logged out
[INFO ] 2020-02-24 18:58:37.976 [main] Cafe - Ilse Vandenbroeck logged in
[INFO ] 2020-02-24 18:58:37.976 [main] Cafe - Set table 5 as active table
[INFO ] 2020-02-24 18:58:37.976 [main] Cafe - Assigned  table 5 to Ilse Vandenbroeck
[DEBUG] 2020-02-24 18:58:37.976 [main] Cafe - orderNumber count increased to: 5
[DEBUG] 2020-02-24 18:58:37.976 [main] Cafe - ID count increased to: 9
[INFO ] 2020-02-24 18:58:37.976 [main] Cafe - New order made: Order: 5, date: 2020-02-24, waiterID: 3, orderItems: [ID: 9, beverage: Cola, quantity: 100], tableID: 5
[DEBUG] 2020-02-24 18:58:37.976 [main] Cafe - ID count increased to: 10
[INFO ] 2020-02-24 18:58:37.991 [main] Cafe - orderNumber: 5 -  added orderline ID: 10, beverage: Leffe, quantity: 10
[INFO ] 2020-02-24 18:58:37.991 [main] Cafe - Table table 5 paid orderNumber 5
[INFO ] 2020-02-24 18:58:37.991 [main] Cafe - Cleared table table 5
[ERROR] 2020-02-24 18:58:37.995 [main] Cafe - Tried to log out but no logged in user
[INFO ] 2020-02-24 18:58:37.996 [main] Cafe - Wout Peters logged in
[INFO ] 2020-02-24 18:58:37.996 [main] Cafe - Wout Peters logged out
[INFO ] 2020-02-24 18:58:37.999 [main] Cafe - Wout Peters logged in
[INFO ] 2020-02-24 18:58:37.999 [main] Cafe - Wout Peters logged out
[INFO ] 2020-02-24 18:58:37.999 [main] Cafe - Patrick Desmet logged in
[INFO ] 2020-02-24 18:58:38.004 [main] Cafe - Wout Peters logged in
[INFO ] 2020-02-24 18:58:38.004 [main] Cafe - Set table 1 as active table
[INFO ] 2020-02-24 18:58:38.006 [main] Cafe - Wout Peters logged in
[INFO ] 2020-02-24 18:58:38.007 [main] Cafe - Set table 1 as active table
[INFO ] 2020-02-24 18:58:38.007 [main] Cafe - Assigned  table 1 to Wout Peters
[DEBUG] 2020-02-24 18:58:38.007 [main] Cafe - orderNumber count increased to: 1
[DEBUG] 2020-02-24 18:58:38.008 [main] Cafe - ID count increased to: 1
[INFO ] 2020-02-24 18:58:38.008 [main] Cafe - New order made: Order: 1, date: 2020-02-24, waiterID: 1, orderItems: [ID: 1, beverage: Cola, quantity: 5], tableID: 1
[DEBUG] 2020-02-24 18:58:38.008 [main] Cafe - ID count increased to: 2
[INFO ] 2020-02-24 18:58:38.008 [main] Cafe - orderNumber: 1 -  added orderline ID: 2, beverage: Leffe, quantity: 5
[INFO ] 2020-02-24 18:58:38.012 [main] Cafe - Wout Peters logged in
[INFO ] 2020-02-24 18:58:38.012 [main] Cafe - Set table 1 as active table
[INFO ] 2020-02-24 18:58:38.016 [main] Cafe - Wout Peters logged in
[INFO ] 2020-02-24 18:58:38.016 [main] Cafe - Set table 1 as active table
[INFO ] 2020-02-24 18:58:38.026 [main] Cafe - Wout Peters logged in
[INFO ] 2020-02-24 18:58:38.026 [main] Cafe - Set table 1 as active table
[INFO ] 2020-02-24 18:58:38.026 [main] Cafe - Assigned  table 1 to Wout Peters
[DEBUG] 2020-02-24 18:58:38.027 [main] Cafe - orderNumber count increased to: 1
[DEBUG] 2020-02-24 18:58:38.027 [main] Cafe - ID count increased to: 1
[INFO ] 2020-02-24 18:58:38.027 [main] Cafe - New order made: Order: 1, date: 2020-02-24, waiterID: 1, orderItems: [ID: 1, beverage: Cola, quantity: 5], tableID: 1
[DEBUG] 2020-02-24 18:58:38.028 [main] Cafe - ID count increased to: 2
[INFO ] 2020-02-24 18:58:38.028 [main] Cafe - orderNumber: 1 -  added orderline ID: 2, beverage: Leffe, quantity: 5
[INFO ] 2020-02-24 18:58:38.037 [main] Cafe - Wout Peters logged in
[INFO ] 2020-02-24 18:58:38.038 [main] Cafe - Set table 1 as active table
[INFO ] 2020-02-24 18:58:38.038 [main] Cafe - Assigned  table 1 to Wout Peters
[DEBUG] 2020-02-24 18:58:38.039 [main] Cafe - orderNumber count increased to: 1
[DEBUG] 2020-02-24 18:58:38.039 [main] Cafe - ID count increased to: 1
[INFO ] 2020-02-24 18:58:38.039 [main] Cafe - New order made: Order: 1, date: 2020-02-24, waiterID: 1, orderItems: [ID: 1, beverage: Cola, quantity: 5], tableID: 1
