[INFO ] 2020-03-31 22:45:57.416 [main] Cafe - Cafe started
[INFO ] 2020-03-31 22:45:57.429 [main] Cafe - Cafe started
[INFO ] 2020-03-31 22:45:57.430 [main] Cafe - Wout Peters logged in
[INFO ] 2020-03-31 22:45:57.431 [main] Cafe - Set table 1 as active table
[INFO ] 2020-03-31 22:45:57.433 [main] Cafe - Assigned  table 1 to Wout Peters
[DEBUG] 2020-03-31 22:45:57.433 [main] Cafe - orderNumber count increased to: 1
[DEBUG] 2020-03-31 22:45:57.434 [main] Cafe - ID count increased to: 1
[INFO ] 2020-03-31 22:45:57.448 [main] Cafe - New order made: Order: 1, date: 2020-02-05, waiterID: 1, orderItems: [ID: 1, beverage: Cola, quantity: 10], tableID: 1
[INFO ] 2020-03-31 22:45:57.451 [main] Cafe - Table table 1 paid orderNumber 1
[INFO ] 2020-03-31 22:45:57.451 [main] Cafe - Cleared table table 1
[INFO ] 2020-03-31 22:45:57.452 [main] Cafe - Set table 2 as active table
[INFO ] 2020-03-31 22:45:57.452 [main] Cafe - Assigned  table 2 to Wout Peters
[DEBUG] 2020-03-31 22:45:57.452 [main] Cafe - orderNumber count increased to: 2
[DEBUG] 2020-03-31 22:45:57.452 [main] Cafe - ID count increased to: 2
[INFO ] 2020-03-31 22:45:57.453 [main] Cafe - New order made: Order: 2, date: 2020-02-05, waiterID: 1, orderItems: [ID: 2, beverage: Leffe, quantity: 30], tableID: 2
[DEBUG] 2020-03-31 22:45:57.453 [main] Cafe - ID count increased to: 3
[INFO ] 2020-03-31 22:45:57.455 [main] Cafe - orderNumber: 2 -  added orderline ID: 3, beverage: Cola, quantity: 20
[INFO ] 2020-03-31 22:45:57.455 [main] Cafe - Table table 2 paid orderNumber 2
[INFO ] 2020-03-31 22:45:57.455 [main] Cafe - Cleared table table 2
[INFO ] 2020-03-31 22:45:57.456 [main] Cafe - Wout Peters logged out
[INFO ] 2020-03-31 22:45:57.456 [main] Cafe - Patrick Desmet logged in
[INFO ] 2020-03-31 22:45:57.456 [main] Cafe - Set table 1 as active table
[INFO ] 2020-03-31 22:45:57.465 [main] Cafe - Assigned  table 1 to Patrick Desmet
[DEBUG] 2020-03-31 22:45:57.465 [main] Cafe - orderNumber count increased to: 3
[DEBUG] 2020-03-31 22:45:57.465 [main] Cafe - ID count increased to: 4
[INFO ] 2020-03-31 22:45:57.466 [main] Cafe - New order made: Order: 3, date: 2020-03-31, waiterID: 4, orderItems: [ID: 4, beverage: Cola, quantity: 10], tableID: 1
[DEBUG] 2020-03-31 22:45:57.466 [main] Cafe - ID count increased to: 5
[INFO ] 2020-03-31 22:45:57.466 [main] Cafe - orderNumber: 3 -  added orderline ID: 5, beverage: Leffe, quantity: 10
[INFO ] 2020-03-31 22:45:57.466 [main] Cafe - Table table 1 paid orderNumber 3
[INFO ] 2020-03-31 22:45:57.466 [main] Cafe - Cleared table table 1
[INFO ] 2020-03-31 22:45:57.467 [main] Cafe - Patrick Desmet logged out
[INFO ] 2020-03-31 22:45:57.467 [main] Cafe - Wout Peters logged in
[INFO ] 2020-03-31 22:45:57.470 [main] Cafe - Wout Peters retrieved his sales data
[INFO ] 2020-03-31 22:45:57.470 [main] Cafe - Wout Peters logged out
[INFO ] 2020-03-31 22:45:57.472 [main] Cafe - Cafe started
[INFO ] 2020-03-31 22:45:57.473 [main] Cafe - Wout Peters logged in
[INFO ] 2020-03-31 22:45:57.473 [main] Cafe - Set table 1 as active table
[INFO ] 2020-03-31 22:45:57.473 [main] Cafe - Assigned  table 1 to Wout Peters
[DEBUG] 2020-03-31 22:45:57.473 [main] Cafe - orderNumber count increased to: 1
[DEBUG] 2020-03-31 22:45:57.473 [main] Cafe - ID count increased to: 1
[INFO ] 2020-03-31 22:45:57.474 [main] Cafe - New order made: Order: 1, date: 2020-03-31, waiterID: 1, orderItems: [ID: 1, beverage: Cola, quantity: 10], tableID: 1
[DEBUG] 2020-03-31 22:45:57.475 [main] Cafe - ID count increased to: 2
[INFO ] 2020-03-31 22:45:57.476 [main] Cafe - orderNumber: 1 -  added orderline ID: 2, beverage: Leffe, quantity: 10
[INFO ] 2020-03-31 22:45:57.477 [main] Cafe - Table table 1 paid orderNumber 1
[INFO ] 2020-03-31 22:45:57.477 [main] Cafe - Cleared table table 1
[INFO ] 2020-03-31 22:45:57.477 [main] Cafe - Set table 2 as active table
[INFO ] 2020-03-31 22:45:57.477 [main] Cafe - Assigned  table 2 to Wout Peters
[DEBUG] 2020-03-31 22:45:57.478 [main] Cafe - orderNumber count increased to: 2
[DEBUG] 2020-03-31 22:45:57.478 [main] Cafe - ID count increased to: 3
[INFO ] 2020-03-31 22:45:57.478 [main] Cafe - New order made: Order: 2, date: 2020-03-31, waiterID: 1, orderItems: [ID: 3, beverage: Leffe, quantity: 30], tableID: 2
[DEBUG] 2020-03-31 22:45:57.478 [main] Cafe - ID count increased to: 4
[INFO ] 2020-03-31 22:45:57.478 [main] Cafe - orderNumber: 2 -  added orderline ID: 4, beverage: Cola, quantity: 20
[INFO ] 2020-03-31 22:45:57.478 [main] Cafe - Table table 2 paid orderNumber 2
[INFO ] 2020-03-31 22:45:57.478 [main] Cafe - Cleared table table 2
[INFO ] 2020-03-31 22:45:57.479 [main] Cafe - Wout Peters logged out
[INFO ] 2020-03-31 22:45:57.479 [main] Cafe - Patrick Desmet logged in
[INFO ] 2020-03-31 22:45:57.479 [main] Cafe - Set table 1 as active table
[INFO ] 2020-03-31 22:45:57.479 [main] Cafe - Assigned  table 1 to Patrick Desmet
[DEBUG] 2020-03-31 22:45:57.479 [main] Cafe - orderNumber count increased to: 3
[DEBUG] 2020-03-31 22:45:57.479 [main] Cafe - ID count increased to: 5
[INFO ] 2020-03-31 22:45:57.479 [main] Cafe - New order made: Order: 3, date: 2020-03-31, waiterID: 4, orderItems: [ID: 5, beverage: Cola, quantity: 10], tableID: 1
[DEBUG] 2020-03-31 22:45:57.480 [main] Cafe - ID count increased to: 6
[INFO ] 2020-03-31 22:45:57.481 [main] Cafe - orderNumber: 3 -  added orderline ID: 6, beverage: Leffe, quantity: 10
[INFO ] 2020-03-31 22:45:57.481 [main] Cafe - Table table 1 paid orderNumber 3
[INFO ] 2020-03-31 22:45:57.482 [main] Cafe - Cleared table table 1
[INFO ] 2020-03-31 22:45:57.482 [main] Cafe - Patrick Desmet logged out
[INFO ] 2020-03-31 22:45:57.482 [main] Cafe - Wout Peters logged in
[INFO ] 2020-03-31 22:45:57.483 [main] Cafe - Wout Peters retrieved his sales data
[INFO ] 2020-03-31 22:45:57.484 [main] Cafe - Wout Peters logged out
[INFO ] 2020-03-31 22:45:57.484 [main] Cafe - Patrick Desmet logged in
[INFO ] 2020-03-31 22:45:57.484 [main] Cafe - Patrick Desmet retrieved his sales data
[INFO ] 2020-03-31 22:45:57.486 [main] Cafe - Cafe started
[INFO ] 2020-03-31 22:45:57.486 [main] Cafe - Wout Peters logged in
[INFO ] 2020-03-31 22:45:57.486 [main] Cafe - Set table 1 as active table
[INFO ] 2020-03-31 22:45:57.486 [main] Cafe - Assigned  table 1 to Wout Peters
[DEBUG] 2020-03-31 22:45:57.486 [main] Cafe - orderNumber count increased to: 1
[DEBUG] 2020-03-31 22:45:57.487 [main] Cafe - ID count increased to: 1
[INFO ] 2020-03-31 22:45:57.487 [main] Cafe - New order made: Order: 1, date: 2020-03-31, waiterID: 1, orderItems: [ID: 1, beverage: Cola, quantity: 2], tableID: 1
[DEBUG] 2020-03-31 22:45:57.487 [main] Cafe - ID count increased to: 2
[INFO ] 2020-03-31 22:45:57.487 [main] Cafe - orderNumber: 1 -  added orderline ID: 2, beverage: Leffe, quantity: 2
[DEBUG] 2020-03-31 22:45:57.487 [main] Cafe - ID count increased to: 3
[INFO ] 2020-03-31 22:45:57.487 [main] Cafe - orderNumber: 1 -  added orderline ID: 3, beverage: Duvel, quantity: 2
[DEBUG] 2020-03-31 22:45:57.488 [main] Cafe - ID count increased to: 4
[INFO ] 2020-03-31 22:45:57.488 [main] Cafe - orderNumber: 1 -  added orderline ID: 4, beverage: Fanta, quantity: 2
[INFO ] 2020-03-31 22:45:57.488 [main] Cafe - Table table 1 paid orderNumber 1
[INFO ] 2020-03-31 22:45:57.488 [main] Cafe - Cleared table table 1
[INFO ] 2020-03-31 22:45:57.488 [main] Cafe - Wout Peters logged out
[INFO ] 2020-03-31 22:45:57.489 [main] Cafe - Patrick Desmet logged in
[INFO ] 2020-03-31 22:45:57.489 [main] Cafe - Set table 10 as active table
[INFO ] 2020-03-31 22:45:57.491 [main] Cafe - Assigned  table 10 to Patrick Desmet
[DEBUG] 2020-03-31 22:45:57.493 [main] Cafe - orderNumber count increased to: 2
[DEBUG] 2020-03-31 22:45:57.493 [main] Cafe - ID count increased to: 5
[INFO ] 2020-03-31 22:45:57.493 [main] Cafe - New order made: Order: 2, date: 2020-03-31, waiterID: 4, orderItems: [ID: 5, beverage: Cola, quantity: 20], tableID: 10
[DEBUG] 2020-03-31 22:45:57.494 [main] Cafe - ID count increased to: 6
[INFO ] 2020-03-31 22:45:57.494 [main] Cafe - orderNumber: 2 -  added orderline ID: 6, beverage: Leffe, quantity: 30
[DEBUG] 2020-03-31 22:45:57.495 [main] Cafe - ID count increased to: 7
[INFO ] 2020-03-31 22:45:57.495 [main] Cafe - orderNumber: 2 -  added orderline ID: 7, beverage: Duvel, quantity: 40
[INFO ] 2020-03-31 22:45:57.495 [main] Cafe - Patrick Desmet logged out
[INFO ] 2020-03-31 22:45:57.495 [main] Cafe - Wout Peters logged in
[INFO ] 2020-03-31 22:45:57.495 [main] Cafe - Set table 1 as active table
[INFO ] 2020-03-31 22:45:57.495 [main] Cafe - Assigned  table 1 to Wout Peters
[DEBUG] 2020-03-31 22:45:57.496 [main] Cafe - orderNumber count increased to: 3
[DEBUG] 2020-03-31 22:45:57.496 [main] Cafe - ID count increased to: 8
[INFO ] 2020-03-31 22:45:57.496 [main] Cafe - New order made: Order: 3, date: 2020-03-31, waiterID: 1, orderItems: [ID: 8, beverage: Cola, quantity: 2], tableID: 1
[DEBUG] 2020-03-31 22:45:57.496 [main] Cafe - ID count increased to: 9
[INFO ] 2020-03-31 22:45:57.496 [main] Cafe - orderNumber: 3 -  added orderline ID: 9, beverage: Leffe, quantity: 2
[INFO ] 2020-03-31 22:45:57.496 [main] Cafe - Wout Peters logged out
[INFO ] 2020-03-31 22:45:57.497 [main] Cafe - Patrick Desmet logged in
[INFO ] 2020-03-31 22:45:57.497 [main] Cafe - Set table 10 as active table
[INFO ] 2020-03-31 22:45:57.497 [main] Cafe - Table table 10 paid orderNumber 2
[INFO ] 2020-03-31 22:45:57.497 [main] Cafe - Cleared table table 10
[INFO ] 2020-03-31 22:45:57.498 [main] Cafe - Cafe started
[INFO ] 2020-03-31 22:45:57.499 [main] Cafe - Wout Peters logged in
[ERROR] 2020-03-31 22:45:57.499 [main] Cafe - Pay failed, no active table
[INFO ] 2020-03-31 22:45:57.499 [main] Cafe - Set table 1 as active table
[INFO ] 2020-03-31 22:45:57.500 [main] Cafe - Assigned  table 1 to Wout Peters
[DEBUG] 2020-03-31 22:45:57.500 [main] Cafe - orderNumber count increased to: 1
[DEBUG] 2020-03-31 22:45:57.500 [main] Cafe - ID count increased to: 1
[INFO ] 2020-03-31 22:45:57.500 [main] Cafe - New order made: Order: 1, date: 2020-03-31, waiterID: 1, orderItems: [ID: 1, beverage: Cola, quantity: 5], tableID: 1
[DEBUG] 2020-03-31 22:45:57.500 [main] Cafe - ID count increased to: 2
[INFO ] 2020-03-31 22:45:57.500 [main] Cafe - orderNumber: 1 -  added orderline ID: 2, beverage: Leffe, quantity: 2
[DEBUG] 2020-03-31 22:45:57.500 [main] Cafe - ID count increased to: 3
[INFO ] 2020-03-31 22:45:57.500 [main] Cafe - orderNumber: 1 -  added orderline ID: 3, beverage: Duvel, quantity: 10
[INFO ] 2020-03-31 22:45:57.500 [main] Cafe - Table table 1 paid orderNumber 1
[INFO ] 2020-03-31 22:45:57.501 [main] Cafe - Cleared table table 1
[INFO ] 2020-03-31 22:45:57.501 [main] Cafe - Wout Peters logged out
[INFO ] 2020-03-31 22:45:57.501 [main] Cafe - Patrick Desmet logged in
[INFO ] 2020-03-31 22:45:57.501 [main] Cafe - Set table 10 as active table
[INFO ] 2020-03-31 22:45:57.501 [main] Cafe - Assigned  table 10 to Patrick Desmet
[DEBUG] 2020-03-31 22:45:57.501 [main] Cafe - orderNumber count increased to: 2
[DEBUG] 2020-03-31 22:45:57.502 [main] Cafe - ID count increased to: 4
[INFO ] 2020-03-31 22:45:57.502 [main] Cafe - New order made: Order: 2, date: 2020-03-31, waiterID: 4, orderItems: [ID: 4, beverage: Cola, quantity: 1], tableID: 10
[DEBUG] 2020-03-31 22:45:57.502 [main] Cafe - ID count increased to: 5
[INFO ] 2020-03-31 22:45:57.502 [main] Cafe - orderNumber: 2 -  added orderline ID: 5, beverage: Leffe, quantity: 3
[DEBUG] 2020-03-31 22:45:57.502 [main] Cafe - ID count increased to: 6
[INFO ] 2020-03-31 22:45:57.502 [main] Cafe - orderNumber: 2 -  added orderline ID: 6, beverage: Duvel, quantity: 5
[DEBUG] 2020-03-31 22:45:57.502 [main] Cafe - ID count increased to: 7
[INFO ] 2020-03-31 22:45:57.502 [main] Cafe - orderNumber: 2 -  added orderline ID: 7, beverage: Fanta, quantity: 4
[INFO ] 2020-03-31 22:45:57.503 [main] Cafe - Table table 10 paid orderNumber 2
[INFO ] 2020-03-31 22:45:57.503 [main] Cafe - Cleared table table 10
[INFO ] 2020-03-31 22:45:57.504 [main] Cafe - Cafe started
[INFO ] 2020-03-31 22:45:57.505 [main] Cafe - Wout Peters logged in
[INFO ] 2020-03-31 22:45:57.506 [main] Cafe - Wout Peters logged out
[ERROR] 2020-03-31 22:45:57.507 [main] Cafe - Login failed, username incorrect: Wouter Peters password: password
[ERROR] 2020-03-31 22:45:57.507 [main] Cafe - Login failed, username incorrect: Wouters Peter password: password
[ERROR] 2020-03-31 22:45:57.507 [main] Cafe - Login failed, username incorrect: Wout Peeters password: password
[ERROR] 2020-03-31 22:45:57.508 [main] Cafe - Login failed, wrong password: username: Wout Peters password: passwoord
[INFO ] 2020-03-31 22:45:57.508 [main] Cafe - Patrick Desmet logged in
[INFO ] 2020-03-31 22:45:57.508 [main] Cafe - Patrick Desmet logged out
[ERROR] 2020-03-31 22:45:57.508 [main] Cafe - Login failed, username incorrect: Patrick Desmeet password: password
[INFO ] 2020-03-31 22:45:57.512 [main] Cafe - Cafe started
[INFO ] 2020-03-31 22:45:57.514 [main] Cafe - Cafe started
[INFO ] 2020-03-31 22:45:57.515 [main] Cafe - Wout Peters logged in
[INFO ] 2020-03-31 22:45:57.515 [main] Cafe - Set table 1 as active table
[INFO ] 2020-03-31 22:45:57.515 [main] Cafe - Assigned  table 1 to Wout Peters
[DEBUG] 2020-03-31 22:45:57.515 [main] Cafe - orderNumber count increased to: 1
[DEBUG] 2020-03-31 22:45:57.515 [main] Cafe - ID count increased to: 1
[INFO ] 2020-03-31 22:45:57.516 [main] Cafe - New order made: Order: 1, date: 2020-03-31, waiterID: 1, orderItems: [ID: 1, beverage: Cola, quantity: 5], tableID: 1
[DEBUG] 2020-03-31 22:45:57.516 [main] Cafe - ID count increased to: 2
[INFO ] 2020-03-31 22:45:57.516 [main] Cafe - orderNumber: 1 -  added orderline ID: 2, beverage: Leffe, quantity: 2
[INFO ] 2020-03-31 22:45:57.516 [main] Cafe - Set table 2 as active table
[INFO ] 2020-03-31 22:45:57.516 [main] Cafe - Assigned  table 2 to Wout Peters
[DEBUG] 2020-03-31 22:45:57.516 [main] Cafe - orderNumber count increased to: 2
[DEBUG] 2020-03-31 22:45:57.516 [main] Cafe - ID count increased to: 3
[INFO ] 2020-03-31 22:45:57.517 [main] Cafe - New order made: Order: 2, date: 2020-03-31, waiterID: 1, orderItems: [ID: 3, beverage: Leffe, quantity: 2], tableID: 2
[INFO ] 2020-03-31 22:45:57.520 [main] Cafe - orderNumber: 2 - updated orderline with ID: 3 to new quantity: 4
[INFO ] 2020-03-31 22:45:57.520 [main] Cafe - orderNumber: 2 - updated orderline with ID: 3 to new quantity: 9
[INFO ] 2020-03-31 22:45:57.520 [main] Cafe - Wout Peters logged out
[INFO ] 2020-03-31 22:45:57.520 [main] Cafe - Patrick Desmet logged in
[ERROR] 2020-03-31 22:45:57.520 [main] Cafe - table 2 does not belong to: Patrick Desmet
[INFO ] 2020-03-31 22:45:57.521 [main] Cafe - Set table 3 as active table
[INFO ] 2020-03-31 22:45:57.521 [main] Cafe - Assigned  table 3 to Patrick Desmet
[DEBUG] 2020-03-31 22:45:57.521 [main] Cafe - orderNumber count increased to: 3
[DEBUG] 2020-03-31 22:45:57.521 [main] Cafe - ID count increased to: 4
[INFO ] 2020-03-31 22:45:57.521 [main] Cafe - New order made: Order: 3, date: 2020-03-31, waiterID: 4, orderItems: [ID: 4, beverage: Leffe, quantity: 3], tableID: 3
[DEBUG] 2020-03-31 22:45:57.521 [main] Cafe - ID count increased to: 5
[INFO ] 2020-03-31 22:45:57.521 [main] Cafe - orderNumber: 3 -  added orderline ID: 5, beverage: Cola, quantity: 2
[INFO ] 2020-03-31 22:45:57.521 [main] Cafe - Patrick Desmet logged out
[INFO ] 2020-03-31 22:45:57.521 [main] Cafe - Wout Peters logged in
[INFO ] 2020-03-31 22:45:57.521 [main] Cafe - Set table 1 as active table
[INFO ] 2020-03-31 22:45:57.521 [main] Cafe - orderNumber: 1 - updated orderline with ID: 2 to new quantity: 4
[INFO ] 2020-03-31 22:45:57.522 [main] Cafe - Cafe started
[INFO ] 2020-03-31 22:45:57.523 [main] Cafe - Wout Peters logged in
[ERROR] 2020-03-31 22:45:57.523 [main] Cafe - Remove of orderline failed, no active table
[INFO ] 2020-03-31 22:45:57.523 [main] Cafe - Set table 1 as active table
[INFO ] 2020-03-31 22:45:57.523 [main] Cafe - Assigned  table 1 to Wout Peters
[DEBUG] 2020-03-31 22:45:57.523 [main] Cafe - orderNumber count increased to: 1
[DEBUG] 2020-03-31 22:45:57.523 [main] Cafe - ID count increased to: 1
[INFO ] 2020-03-31 22:45:57.524 [main] Cafe - New order made: Order: 1, date: 2020-03-31, waiterID: 1, orderItems: [ID: 1, beverage: Cola, quantity: 2], tableID: 1
[DEBUG] 2020-03-31 22:45:57.524 [main] Cafe - ID count increased to: 2
[INFO ] 2020-03-31 22:45:57.524 [main] Cafe - orderNumber: 1 -  added orderline ID: 2, beverage: Leffe, quantity: 2
[DEBUG] 2020-03-31 22:45:57.524 [main] Cafe - ID count increased to: 3
[INFO ] 2020-03-31 22:45:57.524 [main] Cafe - orderNumber: 1 -  added orderline ID: 3, beverage: Duvel, quantity: 2
[DEBUG] 2020-03-31 22:45:57.524 [main] Cafe - ID count increased to: 4
[INFO ] 2020-03-31 22:45:57.525 [main] Cafe - orderNumber: 1 -  added orderline ID: 4, beverage: Fanta, quantity: 2
[INFO ] 2020-03-31 22:45:57.525 [main] Cafe - Removed orderline ID: 1, beverage: Cola, quantity: 2
[INFO ] 2020-03-31 22:45:57.527 [main] Cafe - Cafe started
[INFO ] 2020-03-31 22:45:57.528 [main] Cafe - Wout Peters logged in
[INFO ] 2020-03-31 22:45:57.528 [main] Cafe - Wout Peters logged out
[INFO ] 2020-03-31 22:45:57.529 [main] Cafe - Patrick Desmet logged in
[INFO ] 2020-03-31 22:45:57.530 [main] Cafe - Cafe started
[INFO ] 2020-03-31 22:45:57.531 [main] Cafe - Wout Peters logged in
[INFO ] 2020-03-31 22:45:57.531 [main] Cafe - Set table 1 as active table
[INFO ] 2020-03-31 22:45:57.531 [main] Cafe - Assigned  table 1 to Wout Peters
[DEBUG] 2020-03-31 22:45:57.531 [main] Cafe - orderNumber count increased to: 1
[DEBUG] 2020-03-31 22:45:57.531 [main] Cafe - ID count increased to: 1
[INFO ] 2020-03-31 22:45:57.531 [main] Cafe - New order made: Order: 1, date: 2020-03-31, waiterID: 1, orderItems: [ID: 1, beverage: Cola, quantity: 10], tableID: 1
[INFO ] 2020-03-31 22:45:57.532 [main] Cafe - orderNumber: 1 - updated orderline with ID: 1 to new quantity: 20
[DEBUG] 2020-03-31 22:45:57.532 [main] Cafe - ID count increased to: 2
[INFO ] 2020-03-31 22:45:57.532 [main] Cafe - orderNumber: 1 -  added orderline ID: 2, beverage: Leffe, quantity: 10
[INFO ] 2020-03-31 22:45:57.532 [main] Cafe - Table table 1 paid orderNumber 1
[INFO ] 2020-03-31 22:45:57.532 [main] Cafe - Cleared table table 1
[INFO ] 2020-03-31 22:45:57.532 [main] Cafe - Set table 2 as active table
[INFO ] 2020-03-31 22:45:57.532 [main] Cafe - Assigned  table 2 to Wout Peters
[DEBUG] 2020-03-31 22:45:57.535 [main] Cafe - orderNumber count increased to: 2
[DEBUG] 2020-03-31 22:45:57.535 [main] Cafe - ID count increased to: 3
[INFO ] 2020-03-31 22:45:57.535 [main] Cafe - New order made: Order: 2, date: 2020-03-31, waiterID: 1, orderItems: [ID: 3, beverage: Leffe, quantity: 30], tableID: 2
[DEBUG] 2020-03-31 22:45:57.535 [main] Cafe - ID count increased to: 4
[INFO ] 2020-03-31 22:45:57.535 [main] Cafe - orderNumber: 2 -  added orderline ID: 4, beverage: Cola, quantity: 20
[INFO ] 2020-03-31 22:45:57.535 [main] Cafe - Table table 2 paid orderNumber 2
[INFO ] 2020-03-31 22:45:57.536 [main] Cafe - Cleared table table 2
[INFO ] 2020-03-31 22:45:57.545 [main] Cafe - Cafe started
[INFO ] 2020-03-31 22:45:57.545 [main] Cafe - Set table 1 as active table
[INFO ] 2020-03-31 22:45:57.545 [main] Cafe - Set table 9 as active table
[INFO ] 2020-03-31 22:45:57.547 [main] Cafe - Cafe started
[INFO ] 2020-03-31 22:45:57.547 [main] Cafe - Wout Peters logged in
[INFO ] 2020-03-31 22:45:57.547 [main] Cafe - Set table 1 as active table
[INFO ] 2020-03-31 22:45:57.547 [main] Cafe - Assigned  table 1 to Wout Peters
[DEBUG] 2020-03-31 22:45:57.547 [main] Cafe - orderNumber count increased to: 1
[DEBUG] 2020-03-31 22:45:57.548 [main] Cafe - ID count increased to: 1
[INFO ] 2020-03-31 22:45:57.548 [main] Cafe - New order made: Order: 1, date: 2020-02-05, waiterID: 1, orderItems: [ID: 1, beverage: Cola, quantity: 20], tableID: 1
[INFO ] 2020-03-31 22:45:57.548 [main] Cafe - Table table 1 paid orderNumber 1
[INFO ] 2020-03-31 22:45:57.548 [main] Cafe - Cleared table table 1
[INFO ] 2020-03-31 22:45:57.548 [main] Cafe - Set table 2 as active table
[INFO ] 2020-03-31 22:45:57.548 [main] Cafe - Assigned  table 2 to Wout Peters
[DEBUG] 2020-03-31 22:45:57.548 [main] Cafe - orderNumber count increased to: 2
[DEBUG] 2020-03-31 22:45:57.549 [main] Cafe - ID count increased to: 2
[INFO ] 2020-03-31 22:45:57.549 [main] Cafe - New order made: Order: 2, date: 2020-02-05, waiterID: 1, orderItems: [ID: 2, beverage: Leffe, quantity: 30], tableID: 2
[DEBUG] 2020-03-31 22:45:57.549 [main] Cafe - ID count increased to: 3
[INFO ] 2020-03-31 22:45:57.549 [main] Cafe - orderNumber: 2 -  added orderline ID: 3, beverage: Cola, quantity: 20
[INFO ] 2020-03-31 22:45:57.549 [main] Cafe - Table table 2 paid orderNumber 2
[INFO ] 2020-03-31 22:45:57.549 [main] Cafe - Cleared table table 2
[INFO ] 2020-03-31 22:45:57.549 [main] Cafe - Set table 1 as active table
[INFO ] 2020-03-31 22:45:57.549 [main] Cafe - Assigned  table 1 to Wout Peters
[DEBUG] 2020-03-31 22:45:57.549 [main] Cafe - orderNumber count increased to: 3
[DEBUG] 2020-03-31 22:45:57.550 [main] Cafe - ID count increased to: 4
[INFO ] 2020-03-31 22:45:57.550 [main] Cafe - New order made: Order: 3, date: 2020-03-31, waiterID: 1, orderItems: [ID: 4, beverage: Cola, quantity: 10], tableID: 1
[DEBUG] 2020-03-31 22:45:57.550 [main] Cafe - ID count increased to: 5
[INFO ] 2020-03-31 22:45:57.550 [main] Cafe - orderNumber: 3 -  added orderline ID: 5, beverage: Leffe, quantity: 10
[INFO ] 2020-03-31 22:45:57.550 [main] Cafe - Table table 1 paid orderNumber 3
[INFO ] 2020-03-31 22:45:57.550 [main] Cafe - Cleared table table 1
[INFO ] 2020-03-31 22:45:57.550 [main] Cafe - Wout Peters logged out
[INFO ] 2020-03-31 22:45:57.550 [main] Cafe - Wout Peters logged in
[INFO ] 2020-03-31 22:45:57.553 [main] Cafe - Wout Peters retrieved his sales data
[INFO ] 2020-03-31 22:45:57.811 [main] Cafe - Wout Peters created a waiter sales PDF report for 2020-02-05
[INFO ] 2020-03-31 22:45:57.814 [main] Cafe - Cafe started
[INFO ] 2020-03-31 22:45:57.816 [main] Cafe - Wout Peters logged in
[INFO ] 2020-03-31 22:45:57.816 [main] Cafe - Set table 1 as active table
[INFO ] 2020-03-31 22:45:57.817 [main] Cafe - Assigned  table 1 to Wout Peters
[DEBUG] 2020-03-31 22:45:57.817 [main] Cafe - orderNumber count increased to: 1
[DEBUG] 2020-03-31 22:45:57.817 [main] Cafe - ID count increased to: 1
[INFO ] 2020-03-31 22:45:57.817 [main] Cafe - New order made: Order: 1, date: 2020-03-31, waiterID: 1, orderItems: [ID: 1, beverage: Cola, quantity: 10], tableID: 1
[DEBUG] 2020-03-31 22:45:57.817 [main] Cafe - ID count increased to: 2
[INFO ] 2020-03-31 22:45:57.817 [main] Cafe - orderNumber: 1 -  added orderline ID: 2, beverage: Leffe, quantity: 10
[INFO ] 2020-03-31 22:45:57.817 [main] Cafe - Table table 1 paid orderNumber 1
[INFO ] 2020-03-31 22:45:57.818 [main] Cafe - Cleared table table 1
[INFO ] 2020-03-31 22:45:57.818 [main] Cafe - Set table 2 as active table
[INFO ] 2020-03-31 22:45:57.818 [main] Cafe - Assigned  table 2 to Wout Peters
[DEBUG] 2020-03-31 22:45:57.818 [main] Cafe - orderNumber count increased to: 2
[DEBUG] 2020-03-31 22:45:57.818 [main] Cafe - ID count increased to: 3
[INFO ] 2020-03-31 22:45:57.818 [main] Cafe - New order made: Order: 2, date: 2020-03-31, waiterID: 1, orderItems: [ID: 3, beverage: Leffe, quantity: 30], tableID: 2
[DEBUG] 2020-03-31 22:45:57.818 [main] Cafe - ID count increased to: 4
[INFO ] 2020-03-31 22:45:57.818 [main] Cafe - orderNumber: 2 -  added orderline ID: 4, beverage: Cola, quantity: 20
[INFO ] 2020-03-31 22:45:57.818 [main] Cafe - Table table 2 paid orderNumber 2
[INFO ] 2020-03-31 22:45:57.819 [main] Cafe - Cleared table table 2
[INFO ] 2020-03-31 22:45:57.819 [main] Cafe - Wout Peters logged out
[INFO ] 2020-03-31 22:45:57.819 [main] Cafe - Patrick Desmet logged in
[INFO ] 2020-03-31 22:45:57.819 [main] Cafe - Set table 1 as active table
[INFO ] 2020-03-31 22:45:57.819 [main] Cafe - Assigned  table 1 to Patrick Desmet
[DEBUG] 2020-03-31 22:45:57.819 [main] Cafe - orderNumber count increased to: 3
[DEBUG] 2020-03-31 22:45:57.819 [main] Cafe - ID count increased to: 5
[INFO ] 2020-03-31 22:45:57.819 [main] Cafe - New order made: Order: 3, date: 2020-03-31, waiterID: 4, orderItems: [ID: 5, beverage: Cola, quantity: 10], tableID: 1
[DEBUG] 2020-03-31 22:45:57.819 [main] Cafe - ID count increased to: 6
[INFO ] 2020-03-31 22:45:57.819 [main] Cafe - orderNumber: 3 -  added orderline ID: 6, beverage: Leffe, quantity: 10
[INFO ] 2020-03-31 22:45:57.820 [main] Cafe - Table table 1 paid orderNumber 3
[INFO ] 2020-03-31 22:45:57.820 [main] Cafe - Cleared table table 1
[INFO ] 2020-03-31 22:45:57.820 [main] Cafe - Set table 2 as active table
[INFO ] 2020-03-31 22:45:57.820 [main] Cafe - Assigned  table 2 to Patrick Desmet
[DEBUG] 2020-03-31 22:45:57.820 [main] Cafe - orderNumber count increased to: 4
[DEBUG] 2020-03-31 22:45:57.820 [main] Cafe - ID count increased to: 7
[INFO ] 2020-03-31 22:45:57.820 [main] Cafe - New order made: Order: 4, date: 2020-03-31, waiterID: 4, orderItems: [ID: 7, beverage: Leffe, quantity: 10], tableID: 2
[DEBUG] 2020-03-31 22:45:57.820 [main] Cafe - ID count increased to: 8
[INFO ] 2020-03-31 22:45:57.820 [main] Cafe - orderNumber: 4 -  added orderline ID: 8, beverage: Cola, quantity: 10
[INFO ] 2020-03-31 22:45:57.820 [main] Cafe - Table table 2 paid orderNumber 4
[INFO ] 2020-03-31 22:45:57.820 [main] Cafe - Cleared table table 2
[INFO ] 2020-03-31 22:45:57.821 [main] Cafe - Patrick Desmet logged out
[INFO ] 2020-03-31 22:45:57.821 [main] Cafe - Ilse Vandenbroeck logged in
[INFO ] 2020-03-31 22:45:57.821 [main] Cafe - Set table 5 as active table
[INFO ] 2020-03-31 22:45:57.821 [main] Cafe - Assigned  table 5 to Ilse Vandenbroeck
[DEBUG] 2020-03-31 22:45:57.822 [main] Cafe - orderNumber count increased to: 5
[DEBUG] 2020-03-31 22:45:57.822 [main] Cafe - ID count increased to: 9
[INFO ] 2020-03-31 22:45:57.822 [main] Cafe - New order made: Order: 5, date: 2020-03-31, waiterID: 3, orderItems: [ID: 9, beverage: Cola, quantity: 100], tableID: 5
[DEBUG] 2020-03-31 22:45:57.822 [main] Cafe - ID count increased to: 10
[INFO ] 2020-03-31 22:45:57.823 [main] Cafe - orderNumber: 5 -  added orderline ID: 10, beverage: Leffe, quantity: 10
[INFO ] 2020-03-31 22:45:57.823 [main] Cafe - Table table 5 paid orderNumber 5
[INFO ] 2020-03-31 22:45:57.823 [main] Cafe - Cleared table table 5
[INFO ] 2020-03-31 22:45:58.411 [main] Cafe - Ilse Vandenbroeck created top waiter pie chart
[INFO ] 2020-03-31 22:45:58.412 [main] Cafe - Cafe started
[INFO ] 2020-03-31 22:45:58.413 [main] Cafe - Wout Peters logged in
[INFO ] 2020-03-31 22:45:58.413 [main] Cafe - Set table 1 as active table
[INFO ] 2020-03-31 22:45:58.413 [main] Cafe - Assigned  table 1 to Wout Peters
[DEBUG] 2020-03-31 22:45:58.413 [main] Cafe - orderNumber count increased to: 1
[DEBUG] 2020-03-31 22:45:58.413 [main] Cafe - ID count increased to: 1
[INFO ] 2020-03-31 22:45:58.413 [main] Cafe - New order made: Order: 1, date: 2020-02-05, waiterID: 1, orderItems: [ID: 1, beverage: Cola, quantity: 10], tableID: 1
[INFO ] 2020-03-31 22:45:58.413 [main] Cafe - Table table 1 paid orderNumber 1
[INFO ] 2020-03-31 22:45:58.413 [main] Cafe - Cleared table table 1
[INFO ] 2020-03-31 22:45:58.413 [main] Cafe - Set table 2 as active table
[INFO ] 2020-03-31 22:45:58.413 [main] Cafe - Assigned  table 2 to Wout Peters
[DEBUG] 2020-03-31 22:45:58.413 [main] Cafe - orderNumber count increased to: 2
[DEBUG] 2020-03-31 22:45:58.414 [main] Cafe - ID count increased to: 2
[INFO ] 2020-03-31 22:45:58.414 [main] Cafe - New order made: Order: 2, date: 2020-02-05, waiterID: 1, orderItems: [ID: 2, beverage: Leffe, quantity: 30], tableID: 2
[DEBUG] 2020-03-31 22:45:58.414 [main] Cafe - ID count increased to: 3
[INFO ] 2020-03-31 22:45:58.414 [main] Cafe - orderNumber: 2 -  added orderline ID: 3, beverage: Cola, quantity: 20
[INFO ] 2020-03-31 22:45:58.414 [main] Cafe - Table table 2 paid orderNumber 2
[INFO ] 2020-03-31 22:45:58.414 [main] Cafe - Cleared table table 2
[INFO ] 2020-03-31 22:45:58.414 [main] Cafe - Wout Peters logged out
[INFO ] 2020-03-31 22:45:58.415 [main] Cafe - Patrick Desmet logged in
[INFO ] 2020-03-31 22:45:58.415 [main] Cafe - Set table 1 as active table
[INFO ] 2020-03-31 22:45:58.415 [main] Cafe - Assigned  table 1 to Patrick Desmet
[DEBUG] 2020-03-31 22:45:58.415 [main] Cafe - orderNumber count increased to: 3
[DEBUG] 2020-03-31 22:45:58.415 [main] Cafe - ID count increased to: 4
[INFO ] 2020-03-31 22:45:58.415 [main] Cafe - New order made: Order: 3, date: 2020-03-31, waiterID: 4, orderItems: [ID: 4, beverage: Cola, quantity: 10], tableID: 1
[DEBUG] 2020-03-31 22:45:58.415 [main] Cafe - ID count increased to: 5
[INFO ] 2020-03-31 22:45:58.416 [main] Cafe - orderNumber: 3 -  added orderline ID: 5, beverage: Leffe, quantity: 10
[INFO ] 2020-03-31 22:45:58.416 [main] Cafe - Table table 1 paid orderNumber 3
[INFO ] 2020-03-31 22:45:58.416 [main] Cafe - Cleared table table 1
[INFO ] 2020-03-31 22:45:58.416 [main] Cafe - Patrick Desmet logged out
[INFO ] 2020-03-31 22:45:58.416 [main] Cafe - Wout Peters logged in
[INFO ] 2020-03-31 22:45:58.416 [main] Cafe - Wout Peters retrieved his sales data
[INFO ] 2020-03-31 22:45:58.422 [main] Cafe - Wout Peters created a waiter sales PDF report
[INFO ] 2020-03-31 22:45:58.425 [main] Cafe - Cafe started
[INFO ] 2020-03-31 22:45:58.427 [main] Cafe - Cafe started
[INFO ] 2020-03-31 22:45:58.428 [main] Cafe - Wout Peters logged in
[INFO ] 2020-03-31 22:45:58.428 [main] Cafe - Set table 1 as active table
[INFO ] 2020-03-31 22:45:58.429 [main] Cafe - Assigned  table 1 to Wout Peters
[DEBUG] 2020-03-31 22:45:58.429 [main] Cafe - orderNumber count increased to: 1
[DEBUG] 2020-03-31 22:45:58.429 [main] Cafe - ID count increased to: 1
[INFO ] 2020-03-31 22:45:58.429 [main] Cafe - New order made: Order: 1, date: 2020-03-31, waiterID: 1, orderItems: [ID: 1, beverage: Cola, quantity: 10], tableID: 1
[INFO ] 2020-03-31 22:45:58.429 [main] Cafe - orderNumber: 1 - updated orderline with ID: 1 to new quantity: 20
[DEBUG] 2020-03-31 22:45:58.429 [main] Cafe - ID count increased to: 2
[INFO ] 2020-03-31 22:45:58.429 [main] Cafe - orderNumber: 1 -  added orderline ID: 2, beverage: Leffe, quantity: 10
[INFO ] 2020-03-31 22:45:58.431 [main] Cafe - Cafe started
[INFO ] 2020-03-31 22:45:58.431 [main] Cafe - Wout Peters logged in
[INFO ] 2020-03-31 22:45:58.432 [main] Cafe - Set table 1 as active table
[INFO ] 2020-03-31 22:45:58.432 [main] Cafe - Assigned  table 1 to Wout Peters
[DEBUG] 2020-03-31 22:45:58.432 [main] Cafe - orderNumber count increased to: 1
[DEBUG] 2020-03-31 22:45:58.432 [main] Cafe - ID count increased to: 1
[INFO ] 2020-03-31 22:45:58.433 [main] Cafe - New order made: Order: 1, date: 2020-03-31, waiterID: 1, orderItems: [ID: 1, beverage: Cola, quantity: 10], tableID: 1
[DEBUG] 2020-03-31 22:45:58.433 [main] Cafe - ID count increased to: 2
[INFO ] 2020-03-31 22:45:58.433 [main] Cafe - orderNumber: 1 -  added orderline ID: 2, beverage: Leffe, quantity: 10
[INFO ] 2020-03-31 22:45:58.433 [main] Cafe - Table table 1 paid orderNumber 1
[INFO ] 2020-03-31 22:45:58.433 [main] Cafe - Cleared table table 1
[INFO ] 2020-03-31 22:45:58.433 [main] Cafe - Set table 2 as active table
[INFO ] 2020-03-31 22:45:58.433 [main] Cafe - Assigned  table 2 to Wout Peters
[DEBUG] 2020-03-31 22:45:58.433 [main] Cafe - orderNumber count increased to: 2
[DEBUG] 2020-03-31 22:45:58.433 [main] Cafe - ID count increased to: 3
[INFO ] 2020-03-31 22:45:58.434 [main] Cafe - New order made: Order: 2, date: 2020-03-31, waiterID: 1, orderItems: [ID: 3, beverage: Leffe, quantity: 30], tableID: 2
[DEBUG] 2020-03-31 22:45:58.434 [main] Cafe - ID count increased to: 4
[INFO ] 2020-03-31 22:45:58.434 [main] Cafe - orderNumber: 2 -  added orderline ID: 4, beverage: Cola, quantity: 20
[INFO ] 2020-03-31 22:45:58.434 [main] Cafe - Table table 2 paid orderNumber 2
[INFO ] 2020-03-31 22:45:58.434 [main] Cafe - Cleared table table 2
[INFO ] 2020-03-31 22:45:58.434 [main] Cafe - Wout Peters logged out
[INFO ] 2020-03-31 22:45:58.434 [main] Cafe - Patrick Desmet logged in
[INFO ] 2020-03-31 22:45:58.434 [main] Cafe - Set table 1 as active table
[INFO ] 2020-03-31 22:45:58.434 [main] Cafe - Assigned  table 1 to Patrick Desmet
[DEBUG] 2020-03-31 22:45:58.434 [main] Cafe - orderNumber count increased to: 3
[DEBUG] 2020-03-31 22:45:58.435 [main] Cafe - ID count increased to: 5
[INFO ] 2020-03-31 22:45:58.435 [main] Cafe - New order made: Order: 3, date: 2020-03-31, waiterID: 4, orderItems: [ID: 5, beverage: Cola, quantity: 10], tableID: 1
[DEBUG] 2020-03-31 22:45:58.435 [main] Cafe - ID count increased to: 6
[INFO ] 2020-03-31 22:45:58.435 [main] Cafe - orderNumber: 3 -  added orderline ID: 6, beverage: Leffe, quantity: 10
[INFO ] 2020-03-31 22:45:58.435 [main] Cafe - Table table 1 paid orderNumber 3
[INFO ] 2020-03-31 22:45:58.435 [main] Cafe - Cleared table table 1
[INFO ] 2020-03-31 22:45:58.435 [main] Cafe - Set table 2 as active table
[INFO ] 2020-03-31 22:45:58.435 [main] Cafe - Assigned  table 2 to Patrick Desmet
[DEBUG] 2020-03-31 22:45:58.436 [main] Cafe - orderNumber count increased to: 4
[DEBUG] 2020-03-31 22:45:58.436 [main] Cafe - ID count increased to: 7
[INFO ] 2020-03-31 22:45:58.436 [main] Cafe - New order made: Order: 4, date: 2020-03-31, waiterID: 4, orderItems: [ID: 7, beverage: Leffe, quantity: 10], tableID: 2
[DEBUG] 2020-03-31 22:45:58.436 [main] Cafe - ID count increased to: 8
[INFO ] 2020-03-31 22:45:58.436 [main] Cafe - orderNumber: 4 -  added orderline ID: 8, beverage: Cola, quantity: 10
[INFO ] 2020-03-31 22:45:58.436 [main] Cafe - Table table 2 paid orderNumber 4
[INFO ] 2020-03-31 22:45:58.436 [main] Cafe - Cleared table table 2
[INFO ] 2020-03-31 22:45:58.436 [main] Cafe - Patrick Desmet logged out
[INFO ] 2020-03-31 22:45:58.436 [main] Cafe - Ilse Vandenbroeck logged in
[INFO ] 2020-03-31 22:45:58.436 [main] Cafe - Set table 5 as active table
[INFO ] 2020-03-31 22:45:58.437 [main] Cafe - Assigned  table 5 to Ilse Vandenbroeck
[DEBUG] 2020-03-31 22:45:58.437 [main] Cafe - orderNumber count increased to: 5
[DEBUG] 2020-03-31 22:45:58.437 [main] Cafe - ID count increased to: 9
[INFO ] 2020-03-31 22:45:58.437 [main] Cafe - New order made: Order: 5, date: 2020-03-31, waiterID: 3, orderItems: [ID: 9, beverage: Cola, quantity: 100], tableID: 5
[DEBUG] 2020-03-31 22:45:58.437 [main] Cafe - ID count increased to: 10
[INFO ] 2020-03-31 22:45:58.437 [main] Cafe - orderNumber: 5 -  added orderline ID: 10, beverage: Leffe, quantity: 10
[INFO ] 2020-03-31 22:45:58.437 [main] Cafe - Table table 5 paid orderNumber 5
[INFO ] 2020-03-31 22:45:58.437 [main] Cafe - Cleared table table 5
[INFO ] 2020-03-31 22:45:58.439 [main] Cafe - Cafe started
[INFO ] 2020-03-31 22:45:58.440 [main] Cafe - Wout Peters logged in
[INFO ] 2020-03-31 22:45:58.440 [main] Cafe - Wout Peters logged out
[INFO ] 2020-03-31 22:45:58.443 [main] Cafe - Cafe started
[INFO ] 2020-03-31 22:45:58.443 [main] Cafe - Wout Peters logged in
[INFO ] 2020-03-31 22:45:58.444 [main] Cafe - Wout Peters logged out
[INFO ] 2020-03-31 22:45:58.444 [main] Cafe - Patrick Desmet logged in
[INFO ] 2020-03-31 22:45:58.447 [main] Cafe - Cafe started
[INFO ] 2020-03-31 22:45:58.447 [main] Cafe - Wout Peters logged in
[INFO ] 2020-03-31 22:45:58.447 [main] Cafe - Set table 1 as active table
[INFO ] 2020-03-31 22:45:58.449 [main] Cafe - Cafe started
[INFO ] 2020-03-31 22:45:58.450 [main] Cafe - Wout Peters logged in
[INFO ] 2020-03-31 22:45:58.450 [main] Cafe - Set table 1 as active table
[INFO ] 2020-03-31 22:45:58.450 [main] Cafe - Assigned  table 1 to Wout Peters
[DEBUG] 2020-03-31 22:45:58.450 [main] Cafe - orderNumber count increased to: 1
[DEBUG] 2020-03-31 22:45:58.450 [main] Cafe - ID count increased to: 1
[INFO ] 2020-03-31 22:45:58.450 [main] Cafe - New order made: Order: 1, date: 2020-03-31, waiterID: 1, orderItems: [ID: 1, beverage: Cola, quantity: 5], tableID: 1
[DEBUG] 2020-03-31 22:45:58.450 [main] Cafe - ID count increased to: 2
[INFO ] 2020-03-31 22:45:58.450 [main] Cafe - orderNumber: 1 -  added orderline ID: 2, beverage: Leffe, quantity: 5
[INFO ] 2020-03-31 22:45:58.452 [main] Cafe - Cafe started
[INFO ] 2020-03-31 22:45:58.452 [main] Cafe - Wout Peters logged in
[INFO ] 2020-03-31 22:45:58.452 [main] Cafe - Set table 1 as active table
[INFO ] 2020-03-31 22:45:58.453 [main] Cafe - Cafe started
[INFO ] 2020-03-31 22:45:58.453 [main] Cafe - Wout Peters logged in
[INFO ] 2020-03-31 22:45:58.453 [main] Cafe - Set table 1 as active table
[INFO ] 2020-03-31 22:45:58.455 [main] Cafe - Cafe started
[INFO ] 2020-03-31 22:45:58.460 [main] Cafe - Cafe started
[INFO ] 2020-03-31 22:45:58.460 [main] Cafe - Wout Peters logged in
[INFO ] 2020-03-31 22:45:58.460 [main] Cafe - Set table 1 as active table
[INFO ] 2020-03-31 22:45:58.461 [main] Cafe - Assigned  table 1 to Wout Peters
[DEBUG] 2020-03-31 22:45:58.461 [main] Cafe - orderNumber count increased to: 1
[DEBUG] 2020-03-31 22:45:58.461 [main] Cafe - ID count increased to: 1
[INFO ] 2020-03-31 22:45:58.461 [main] Cafe - New order made: Order: 1, date: 2020-03-31, waiterID: 1, orderItems: [ID: 1, beverage: Cola, quantity: 5], tableID: 1
[DEBUG] 2020-03-31 22:45:58.461 [main] Cafe - ID count increased to: 2
[INFO ] 2020-03-31 22:45:58.462 [main] Cafe - orderNumber: 1 -  added orderline ID: 2, beverage: Leffe, quantity: 5
[INFO ] 2020-03-31 22:45:58.464 [main] Cafe - Cafe started
[INFO ] 2020-03-31 22:45:58.467 [main] Cafe - Cafe started
[INFO ] 2020-03-31 22:45:58.468 [main] Cafe - Wout Peters logged in
[INFO ] 2020-03-31 22:45:58.468 [main] Cafe - Set table 1 as active table
[INFO ] 2020-03-31 22:45:58.468 [main] Cafe - Assigned  table 1 to Wout Peters
[DEBUG] 2020-03-31 22:45:58.468 [main] Cafe - orderNumber count increased to: 1
[DEBUG] 2020-03-31 22:45:58.468 [main] Cafe - ID count increased to: 1
[INFO ] 2020-03-31 22:45:58.468 [main] Cafe - New order made: Order: 1, date: 2020-03-31, waiterID: 1, orderItems: [ID: 1, beverage: Cola, quantity: 5], tableID: 1
[INFO ] 2020-03-31 22:45:58.471 [main] Cafe - Cafe started
