[INFO ] 2020-02-25 08:14:56.111 [main] Cafe - Wout Peters logged in
[INFO ] 2020-02-25 08:14:56.129 [main] Cafe - Set table 1 as active table
[INFO ] 2020-02-25 08:14:56.132 [main] Cafe - Assigned  table 1 to Wout Peters
[DEBUG] 2020-02-25 08:14:56.133 [main] Cafe - orderNumber count increased to: 1
[DEBUG] 2020-02-25 08:14:56.134 [main] Cafe - ID count increased to: 1
[INFO ] 2020-02-25 08:14:56.171 [main] Cafe - New order made: Order: 1, date: 2020-02-05, waiterID: 1, orderItems: [ID: 1, beverage: Cola, quantity: 10], tableID: 1
[INFO ] 2020-02-25 08:14:56.177 [main] Cafe - Table table 1 paid orderNumber 1
[INFO ] 2020-02-25 08:14:56.179 [main] Cafe - Cleared table table 1
[INFO ] 2020-02-25 08:14:56.180 [main] Cafe - Set table 2 as active table
[INFO ] 2020-02-25 08:14:56.180 [main] Cafe - Assigned  table 2 to Wout Peters
[DEBUG] 2020-02-25 08:14:56.180 [main] Cafe - orderNumber count increased to: 2
[DEBUG] 2020-02-25 08:14:56.180 [main] Cafe - ID count increased to: 2
[INFO ] 2020-02-25 08:14:56.180 [main] Cafe - New order made: Order: 2, date: 2020-02-05, waiterID: 1, orderItems: [ID: 2, beverage: Leffe, quantity: 30], tableID: 2
[DEBUG] 2020-02-25 08:14:56.181 [main] Cafe - ID count increased to: 3
[INFO ] 2020-02-25 08:14:56.184 [main] Cafe - orderNumber: 2 -  added orderline ID: 3, beverage: Cola, quantity: 20
[INFO ] 2020-02-25 08:14:56.185 [main] Cafe - Table table 2 paid orderNumber 2
[INFO ] 2020-02-25 08:14:56.186 [main] Cafe - Cleared table table 2
[INFO ] 2020-02-25 08:14:56.187 [main] Cafe - Wout Peters logged out
[INFO ] 2020-02-25 08:14:56.187 [main] Cafe - Patrick Desmet logged in
[INFO ] 2020-02-25 08:14:56.187 [main] Cafe - Set table 1 as active table
[INFO ] 2020-02-25 08:14:56.209 [main] Cafe - Assigned  table 1 to Patrick Desmet
[DEBUG] 2020-02-25 08:14:56.209 [main] Cafe - orderNumber count increased to: 3
[DEBUG] 2020-02-25 08:14:56.209 [main] Cafe - ID count increased to: 4
[INFO ] 2020-02-25 08:14:56.210 [main] Cafe - New order made: Order: 3, date: 2020-02-25, waiterID: 4, orderItems: [ID: 4, beverage: Cola, quantity: 10], tableID: 1
[DEBUG] 2020-02-25 08:14:56.211 [main] Cafe - ID count increased to: 5
[INFO ] 2020-02-25 08:14:56.211 [main] Cafe - orderNumber: 3 -  added orderline ID: 5, beverage: Leffe, quantity: 10
[INFO ] 2020-02-25 08:14:56.211 [main] Cafe - Table table 1 paid orderNumber 3
[INFO ] 2020-02-25 08:14:56.211 [main] Cafe - Cleared table table 1
[INFO ] 2020-02-25 08:14:56.211 [main] Cafe - Patrick Desmet logged out
[INFO ] 2020-02-25 08:14:56.212 [main] Cafe - Wout Peters logged in
[INFO ] 2020-02-25 08:14:56.216 [main] Cafe - Wout Peters logged out
[INFO ] 2020-02-25 08:14:56.220 [main] Cafe - Wout Peters logged in
[INFO ] 2020-02-25 08:14:56.221 [main] Cafe - Set table 1 as active table
[INFO ] 2020-02-25 08:14:56.221 [main] Cafe - Assigned  table 1 to Wout Peters
[DEBUG] 2020-02-25 08:14:56.222 [main] Cafe - orderNumber count increased to: 1
[DEBUG] 2020-02-25 08:14:56.222 [main] Cafe - ID count increased to: 1
[INFO ] 2020-02-25 08:14:56.222 [main] Cafe - New order made: Order: 1, date: 2020-02-25, waiterID: 1, orderItems: [ID: 1, beverage: Cola, quantity: 10], tableID: 1
[DEBUG] 2020-02-25 08:14:56.222 [main] Cafe - ID count increased to: 2
[INFO ] 2020-02-25 08:14:56.222 [main] Cafe - orderNumber: 1 -  added orderline ID: 2, beverage: Leffe, quantity: 10
[INFO ] 2020-02-25 08:14:56.224 [main] Cafe - Table table 1 paid orderNumber 1
[INFO ] 2020-02-25 08:14:56.224 [main] Cafe - Cleared table table 1
[INFO ] 2020-02-25 08:14:56.226 [main] Cafe - Set table 2 as active table
[INFO ] 2020-02-25 08:14:56.227 [main] Cafe - Assigned  table 2 to Wout Peters
[DEBUG] 2020-02-25 08:14:56.228 [main] Cafe - orderNumber count increased to: 2
[DEBUG] 2020-02-25 08:14:56.228 [main] Cafe - ID count increased to: 3
[INFO ] 2020-02-25 08:14:56.229 [main] Cafe - New order made: Order: 2, date: 2020-02-25, waiterID: 1, orderItems: [ID: 3, beverage: Leffe, quantity: 30], tableID: 2
[DEBUG] 2020-02-25 08:14:56.229 [main] Cafe - ID count increased to: 4
[INFO ] 2020-02-25 08:14:56.229 [main] Cafe - orderNumber: 2 -  added orderline ID: 4, beverage: Cola, quantity: 20
[INFO ] 2020-02-25 08:14:56.230 [main] Cafe - Table table 2 paid orderNumber 2
[INFO ] 2020-02-25 08:14:56.231 [main] Cafe - Cleared table table 2
[INFO ] 2020-02-25 08:14:56.231 [main] Cafe - Wout Peters logged out
[INFO ] 2020-02-25 08:14:56.231 [main] Cafe - Patrick Desmet logged in
[INFO ] 2020-02-25 08:14:56.232 [main] Cafe - Set table 1 as active table
[INFO ] 2020-02-25 08:14:56.232 [main] Cafe - Assigned  table 1 to Patrick Desmet
[DEBUG] 2020-02-25 08:14:56.232 [main] Cafe - orderNumber count increased to: 3
[DEBUG] 2020-02-25 08:14:56.233 [main] Cafe - ID count increased to: 5
[INFO ] 2020-02-25 08:14:56.233 [main] Cafe - New order made: Order: 3, date: 2020-02-25, waiterID: 4, orderItems: [ID: 5, beverage: Cola, quantity: 10], tableID: 1
[DEBUG] 2020-02-25 08:14:56.233 [main] Cafe - ID count increased to: 6
[INFO ] 2020-02-25 08:14:56.234 [main] Cafe - orderNumber: 3 -  added orderline ID: 6, beverage: Leffe, quantity: 10
[INFO ] 2020-02-25 08:14:56.236 [main] Cafe - Table table 1 paid orderNumber 3
[INFO ] 2020-02-25 08:14:56.236 [main] Cafe - Cleared table table 1
[INFO ] 2020-02-25 08:14:56.236 [main] Cafe - Patrick Desmet logged out
[INFO ] 2020-02-25 08:14:56.237 [main] Cafe - Wout Peters logged in
[INFO ] 2020-02-25 08:14:56.239 [main] Cafe - Wout Peters logged out
[INFO ] 2020-02-25 08:14:56.240 [main] Cafe - Patrick Desmet logged in
[INFO ] 2020-02-25 08:14:56.242 [main] Cafe - Wout Peters logged in
[ERROR] 2020-02-25 08:14:56.243 [main] Cafe - clearTable failed, no active table
[INFO ] 2020-02-25 08:14:56.243 [main] Cafe - Set table 1 as active table
[INFO ] 2020-02-25 08:14:56.243 [main] Cafe - Assigned  table 1 to Wout Peters
[DEBUG] 2020-02-25 08:14:56.244 [main] Cafe - orderNumber count increased to: 1
[DEBUG] 2020-02-25 08:14:56.244 [main] Cafe - ID count increased to: 1
[INFO ] 2020-02-25 08:14:56.244 [main] Cafe - New order made: Order: 1, date: 2020-02-25, waiterID: 1, orderItems: [ID: 1, beverage: Cola, quantity: 2], tableID: 1
[DEBUG] 2020-02-25 08:14:56.244 [main] Cafe - ID count increased to: 2
[INFO ] 2020-02-25 08:14:56.244 [main] Cafe - orderNumber: 1 -  added orderline ID: 2, beverage: Leffe, quantity: 2
[DEBUG] 2020-02-25 08:14:56.245 [main] Cafe - ID count increased to: 3
[INFO ] 2020-02-25 08:14:56.246 [main] Cafe - orderNumber: 1 -  added orderline ID: 3, beverage: Duvel, quantity: 2
[DEBUG] 2020-02-25 08:14:56.246 [main] Cafe - ID count increased to: 4
[INFO ] 2020-02-25 08:14:56.246 [main] Cafe - orderNumber: 1 -  added orderline ID: 4, beverage: Fanta, quantity: 2
[INFO ] 2020-02-25 08:14:56.246 [main] Cafe - Wout Peters logged out
[INFO ] 2020-02-25 08:14:56.246 [main] Cafe - Patrick Desmet logged in
[ERROR] 2020-02-25 08:14:56.246 [main] Cafe - clearTable failed, table belongs to other waiter
[INFO ] 2020-02-25 08:14:56.247 [main] Cafe - Patrick Desmet logged out
[INFO ] 2020-02-25 08:14:56.248 [main] Cafe - Wout Peters logged in
[INFO ] 2020-02-25 08:14:56.249 [main] Cafe - Table table 1 paid orderNumber 1
[INFO ] 2020-02-25 08:14:56.249 [main] Cafe - Cleared table table 1
[INFO ] 2020-02-25 08:14:56.249 [main] Cafe - Wout Peters logged out
[INFO ] 2020-02-25 08:14:56.249 [main] Cafe - Set table 10 as active table
[ERROR] 2020-02-25 08:14:56.250 [main] Cafe - clearTable failed, no active waiter
[INFO ] 2020-02-25 08:14:56.250 [main] Cafe - Patrick Desmet logged in
[INFO ] 2020-02-25 08:14:56.250 [main] Cafe - Set table 10 as active table
[INFO ] 2020-02-25 08:14:56.250 [main] Cafe - Assigned  table 10 to Patrick Desmet
[DEBUG] 2020-02-25 08:14:56.250 [main] Cafe - orderNumber count increased to: 2
[DEBUG] 2020-02-25 08:14:56.250 [main] Cafe - ID count increased to: 5
[INFO ] 2020-02-25 08:14:56.251 [main] Cafe - New order made: Order: 2, date: 2020-02-25, waiterID: 4, orderItems: [ID: 5, beverage: Cola, quantity: 20], tableID: 10
[DEBUG] 2020-02-25 08:14:56.251 [main] Cafe - ID count increased to: 6
[INFO ] 2020-02-25 08:14:56.251 [main] Cafe - orderNumber: 2 -  added orderline ID: 6, beverage: Leffe, quantity: 30
[DEBUG] 2020-02-25 08:14:56.252 [main] Cafe - ID count increased to: 7
[INFO ] 2020-02-25 08:14:56.252 [main] Cafe - orderNumber: 2 -  added orderline ID: 7, beverage: Duvel, quantity: 40
[INFO ] 2020-02-25 08:14:56.252 [main] Cafe - Patrick Desmet logged out
[INFO ] 2020-02-25 08:14:56.252 [main] Cafe - Wout Peters logged in
[INFO ] 2020-02-25 08:14:56.252 [main] Cafe - Set table 1 as active table
[INFO ] 2020-02-25 08:14:56.253 [main] Cafe - Assigned  table 1 to Wout Peters
[DEBUG] 2020-02-25 08:14:56.254 [main] Cafe - orderNumber count increased to: 3
[DEBUG] 2020-02-25 08:14:56.254 [main] Cafe - ID count increased to: 8
[INFO ] 2020-02-25 08:14:56.255 [main] Cafe - New order made: Order: 3, date: 2020-02-25, waiterID: 1, orderItems: [ID: 8, beverage: Cola, quantity: 2], tableID: 1
[DEBUG] 2020-02-25 08:14:56.256 [main] Cafe - ID count increased to: 9
[INFO ] 2020-02-25 08:14:56.256 [main] Cafe - orderNumber: 3 -  added orderline ID: 9, beverage: Leffe, quantity: 2
[INFO ] 2020-02-25 08:14:56.256 [main] Cafe - Wout Peters logged out
[INFO ] 2020-02-25 08:14:56.257 [main] Cafe - Patrick Desmet logged in
[INFO ] 2020-02-25 08:14:56.257 [main] Cafe - Set table 10 as active table
[INFO ] 2020-02-25 08:14:56.258 [main] Cafe - Table table 10 paid orderNumber 2
[INFO ] 2020-02-25 08:14:56.258 [main] Cafe - Cleared table table 10
[INFO ] 2020-02-25 08:14:56.260 [main] Cafe - Wout Peters logged in
[ERROR] 2020-02-25 08:14:56.261 [main] Cafe - Pay failed, no active table
[INFO ] 2020-02-25 08:14:56.261 [main] Cafe - Set table 1 as active table
[INFO ] 2020-02-25 08:14:56.261 [main] Cafe - Assigned  table 1 to Wout Peters
[DEBUG] 2020-02-25 08:14:56.261 [main] Cafe - orderNumber count increased to: 1
[DEBUG] 2020-02-25 08:14:56.261 [main] Cafe - ID count increased to: 1
[INFO ] 2020-02-25 08:14:56.262 [main] Cafe - New order made: Order: 1, date: 2020-02-25, waiterID: 1, orderItems: [ID: 1, beverage: Cola, quantity: 5], tableID: 1
[DEBUG] 2020-02-25 08:14:56.262 [main] Cafe - ID count increased to: 2
[INFO ] 2020-02-25 08:14:56.262 [main] Cafe - orderNumber: 1 -  added orderline ID: 2, beverage: Leffe, quantity: 2
[DEBUG] 2020-02-25 08:14:56.263 [main] Cafe - ID count increased to: 3
[INFO ] 2020-02-25 08:14:56.263 [main] Cafe - orderNumber: 1 -  added orderline ID: 3, beverage: Duvel, quantity: 10
[INFO ] 2020-02-25 08:14:56.263 [main] Cafe - Table table 1 paid orderNumber 1
[INFO ] 2020-02-25 08:14:56.263 [main] Cafe - Cleared table table 1
[INFO ] 2020-02-25 08:14:56.263 [main] Cafe - Wout Peters logged out
[INFO ] 2020-02-25 08:14:56.263 [main] Cafe - Patrick Desmet logged in
[INFO ] 2020-02-25 08:14:56.264 [main] Cafe - Set table 10 as active table
[INFO ] 2020-02-25 08:14:56.265 [main] Cafe - Assigned  table 10 to Patrick Desmet
[DEBUG] 2020-02-25 08:14:56.265 [main] Cafe - orderNumber count increased to: 2
[DEBUG] 2020-02-25 08:14:56.265 [main] Cafe - ID count increased to: 4
[INFO ] 2020-02-25 08:14:56.265 [main] Cafe - New order made: Order: 2, date: 2020-02-25, waiterID: 4, orderItems: [ID: 4, beverage: Cola, quantity: 1], tableID: 10
[DEBUG] 2020-02-25 08:14:56.265 [main] Cafe - ID count increased to: 5
[INFO ] 2020-02-25 08:14:56.266 [main] Cafe - orderNumber: 2 -  added orderline ID: 5, beverage: Leffe, quantity: 3
[DEBUG] 2020-02-25 08:14:56.266 [main] Cafe - ID count increased to: 6
[INFO ] 2020-02-25 08:14:56.266 [main] Cafe - orderNumber: 2 -  added orderline ID: 6, beverage: Duvel, quantity: 5
[DEBUG] 2020-02-25 08:14:56.266 [main] Cafe - ID count increased to: 7
[INFO ] 2020-02-25 08:14:56.266 [main] Cafe - orderNumber: 2 -  added orderline ID: 7, beverage: Fanta, quantity: 4
[INFO ] 2020-02-25 08:14:56.266 [main] Cafe - Table table 10 paid orderNumber 2
[INFO ] 2020-02-25 08:14:56.266 [main] Cafe - Cleared table table 10
[INFO ] 2020-02-25 08:14:56.268 [main] Cafe - Wout Peters logged in
[INFO ] 2020-02-25 08:14:56.274 [main] Cafe - Wout Peters logged out
[ERROR] 2020-02-25 08:14:56.275 [main] Cafe - Login failed, username incorrect: Wouter Peters password: password
[ERROR] 2020-02-25 08:14:56.276 [main] Cafe - Login failed, username incorrect: Wouters Peter password: password
[ERROR] 2020-02-25 08:14:56.276 [main] Cafe - Login failed, username incorrect: Wout Peeters password: password
[ERROR] 2020-02-25 08:14:56.276 [main] Cafe - Login failed, wrong password: username: Wout Peters password: passwoord
[INFO ] 2020-02-25 08:14:56.277 [main] Cafe - Patrick Desmet logged in
[INFO ] 2020-02-25 08:14:56.277 [main] Cafe - Patrick Desmet logged out
[ERROR] 2020-02-25 08:14:56.277 [main] Cafe - Login failed, username incorrect: Patrick Desmeet password: password
[INFO ] 2020-02-25 08:14:56.277 [main] Cafe - Patrick Desmet logged in
[ERROR] 2020-02-25 08:14:56.277 [main] Cafe - Double login-in attempt
[ERROR] 2020-02-25 08:14:56.279 [main] Cafe - Order failed, no logged in user
[INFO ] 2020-02-25 08:14:56.280 [main] Cafe - Wout Peters logged in
[ERROR] 2020-02-25 08:14:56.280 [main] Cafe - Order failed, no active table
[INFO ] 2020-02-25 08:14:56.280 [main] Cafe - Set table 1 as active table
[INFO ] 2020-02-25 08:14:56.280 [main] Cafe - Assigned  table 1 to Wout Peters
[DEBUG] 2020-02-25 08:14:56.280 [main] Cafe - orderNumber count increased to: 1
[DEBUG] 2020-02-25 08:14:56.281 [main] Cafe - ID count increased to: 1
[INFO ] 2020-02-25 08:14:56.281 [main] Cafe - New order made: Order: 1, date: 2020-02-25, waiterID: 1, orderItems: [ID: 1, beverage: Cola, quantity: 5], tableID: 1
[DEBUG] 2020-02-25 08:14:56.281 [main] Cafe - ID count increased to: 2
[INFO ] 2020-02-25 08:14:56.281 [main] Cafe - orderNumber: 1 -  added orderline ID: 2, beverage: Leffe, quantity: 2
[INFO ] 2020-02-25 08:14:56.281 [main] Cafe - Set table 2 as active table
[INFO ] 2020-02-25 08:14:56.282 [main] Cafe - Assigned  table 2 to Wout Peters
[DEBUG] 2020-02-25 08:14:56.282 [main] Cafe - orderNumber count increased to: 2
[DEBUG] 2020-02-25 08:14:56.282 [main] Cafe - ID count increased to: 3
[INFO ] 2020-02-25 08:14:56.282 [main] Cafe - New order made: Order: 2, date: 2020-02-25, waiterID: 1, orderItems: [ID: 3, beverage: Leffe, quantity: 2], tableID: 2
[INFO ] 2020-02-25 08:14:56.284 [main] Cafe - orderNumber: 2 - updated orderline with ID: 3, beverage: Leffe, quantity: 4
[INFO ] 2020-02-25 08:14:56.284 [main] Cafe - orderNumber: 2 - updated orderline with ID: 3, beverage: Leffe, quantity: 9
[INFO ] 2020-02-25 08:14:56.285 [main] Cafe - Wout Peters logged out
[INFO ] 2020-02-25 08:14:56.285 [main] Cafe - Patrick Desmet logged in
[ERROR] 2020-02-25 08:14:56.285 [main] Cafe - table 2 does not belong to: Patrick Desmet
[INFO ] 2020-02-25 08:14:56.285 [main] Cafe - Set table 3 as active table
[INFO ] 2020-02-25 08:14:56.286 [main] Cafe - Assigned  table 3 to Patrick Desmet
[DEBUG] 2020-02-25 08:14:56.286 [main] Cafe - orderNumber count increased to: 3
[DEBUG] 2020-02-25 08:14:56.286 [main] Cafe - ID count increased to: 4
[INFO ] 2020-02-25 08:14:56.286 [main] Cafe - New order made: Order: 3, date: 2020-02-25, waiterID: 4, orderItems: [ID: 4, beverage: Leffe, quantity: 3], tableID: 3
[DEBUG] 2020-02-25 08:14:56.286 [main] Cafe - ID count increased to: 5
[INFO ] 2020-02-25 08:14:56.286 [main] Cafe - orderNumber: 3 -  added orderline ID: 5, beverage: Cola, quantity: 2
[INFO ] 2020-02-25 08:14:56.286 [main] Cafe - Patrick Desmet logged out
[INFO ] 2020-02-25 08:14:56.287 [main] Cafe - Wout Peters logged in
[INFO ] 2020-02-25 08:14:56.287 [main] Cafe - Set table 1 as active table
[INFO ] 2020-02-25 08:14:56.287 [main] Cafe - orderNumber: 1 - updated orderline with ID: 2, beverage: Leffe, quantity: 4
[INFO ] 2020-02-25 08:14:56.289 [main] Cafe - Wout Peters logged in
[ERROR] 2020-02-25 08:14:56.289 [main] Cafe - Remove of orderline failed, no active table
[INFO ] 2020-02-25 08:14:56.290 [main] Cafe - Set table 1 as active table
[INFO ] 2020-02-25 08:14:56.290 [main] Cafe - Assigned  table 1 to Wout Peters
[DEBUG] 2020-02-25 08:14:56.291 [main] Cafe - orderNumber count increased to: 1
[DEBUG] 2020-02-25 08:14:56.291 [main] Cafe - ID count increased to: 1
[INFO ] 2020-02-25 08:14:56.293 [main] Cafe - New order made: Order: 1, date: 2020-02-25, waiterID: 1, orderItems: [ID: 1, beverage: Cola, quantity: 2], tableID: 1
[DEBUG] 2020-02-25 08:14:56.293 [main] Cafe - ID count increased to: 2
[INFO ] 2020-02-25 08:14:56.293 [main] Cafe - orderNumber: 1 -  added orderline ID: 2, beverage: Leffe, quantity: 2
[DEBUG] 2020-02-25 08:14:56.294 [main] Cafe - ID count increased to: 3
[INFO ] 2020-02-25 08:14:56.295 [main] Cafe - orderNumber: 1 -  added orderline ID: 3, beverage: Duvel, quantity: 2
[DEBUG] 2020-02-25 08:14:56.295 [main] Cafe - ID count increased to: 4
[INFO ] 2020-02-25 08:14:56.295 [main] Cafe - orderNumber: 1 -  added orderline ID: 4, beverage: Fanta, quantity: 2
[INFO ] 2020-02-25 08:14:56.296 [main] Cafe - Removed orderline ID: 1, beverage: Cola, quantity: 2
[INFO ] 2020-02-25 08:14:56.297 [main] Cafe - Wout Peters logged in
[INFO ] 2020-02-25 08:14:56.298 [main] Cafe - Wout Peters logged out
[INFO ] 2020-02-25 08:14:56.298 [main] Cafe - Patrick Desmet logged in
[INFO ] 2020-02-25 08:14:56.300 [main] Cafe - Wout Peters logged in
[INFO ] 2020-02-25 08:14:56.300 [main] Cafe - Set table 1 as active table
[INFO ] 2020-02-25 08:14:56.300 [main] Cafe - Assigned  table 1 to Wout Peters
[DEBUG] 2020-02-25 08:14:56.300 [main] Cafe - orderNumber count increased to: 1
[DEBUG] 2020-02-25 08:14:56.300 [main] Cafe - ID count increased to: 1
[INFO ] 2020-02-25 08:14:56.300 [main] Cafe - New order made: Order: 1, date: 2020-02-25, waiterID: 1, orderItems: [ID: 1, beverage: Cola, quantity: 10], tableID: 1
[DEBUG] 2020-02-25 08:14:56.300 [main] Cafe - ID count increased to: 2
[INFO ] 2020-02-25 08:14:56.301 [main] Cafe - orderNumber: 1 -  added orderline ID: 2, beverage: Leffe, quantity: 10
[INFO ] 2020-02-25 08:14:56.301 [main] Cafe - Table table 1 paid orderNumber 1
[INFO ] 2020-02-25 08:14:56.301 [main] Cafe - Cleared table table 1
[INFO ] 2020-02-25 08:14:56.302 [main] Cafe - Set table 2 as active table
[INFO ] 2020-02-25 08:14:56.302 [main] Cafe - Assigned  table 2 to Wout Peters
[DEBUG] 2020-02-25 08:14:56.302 [main] Cafe - orderNumber count increased to: 2
[DEBUG] 2020-02-25 08:14:56.303 [main] Cafe - ID count increased to: 3
[INFO ] 2020-02-25 08:14:56.307 [main] Cafe - New order made: Order: 2, date: 2020-02-25, waiterID: 1, orderItems: [ID: 3, beverage: Leffe, quantity: 30], tableID: 2
[DEBUG] 2020-02-25 08:14:56.308 [main] Cafe - ID count increased to: 4
[INFO ] 2020-02-25 08:14:56.309 [main] Cafe - orderNumber: 2 -  added orderline ID: 4, beverage: Cola, quantity: 20
[INFO ] 2020-02-25 08:14:56.309 [main] Cafe - Table table 2 paid orderNumber 2
[INFO ] 2020-02-25 08:14:56.309 [main] Cafe - Cleared table table 2
[INFO ] 2020-02-25 08:14:56.319 [main] Cafe - Set table 1 as active table
[INFO ] 2020-02-25 08:14:56.319 [main] Cafe - Set table 9 as active table
[INFO ] 2020-02-25 08:14:56.321 [main] Cafe - Wout Peters logged in
[INFO ] 2020-02-25 08:14:56.321 [main] Cafe - Set table 1 as active table
[INFO ] 2020-02-25 08:14:56.321 [main] Cafe - Assigned  table 1 to Wout Peters
[DEBUG] 2020-02-25 08:14:56.321 [main] Cafe - orderNumber count increased to: 1
[DEBUG] 2020-02-25 08:14:56.321 [main] Cafe - ID count increased to: 1
[INFO ] 2020-02-25 08:14:56.322 [main] Cafe - New order made: Order: 1, date: 2020-02-05, waiterID: 1, orderItems: [ID: 1, beverage: Cola, quantity: 20], tableID: 1
[INFO ] 2020-02-25 08:14:56.322 [main] Cafe - Table table 1 paid orderNumber 1
[INFO ] 2020-02-25 08:14:56.322 [main] Cafe - Cleared table table 1
[INFO ] 2020-02-25 08:14:56.322 [main] Cafe - Set table 2 as active table
[INFO ] 2020-02-25 08:14:56.322 [main] Cafe - Assigned  table 2 to Wout Peters
[DEBUG] 2020-02-25 08:14:56.322 [main] Cafe - orderNumber count increased to: 2
[DEBUG] 2020-02-25 08:14:56.323 [main] Cafe - ID count increased to: 2
[INFO ] 2020-02-25 08:14:56.323 [main] Cafe - New order made: Order: 2, date: 2020-02-05, waiterID: 1, orderItems: [ID: 2, beverage: Leffe, quantity: 30], tableID: 2
[DEBUG] 2020-02-25 08:14:56.323 [main] Cafe - ID count increased to: 3
[INFO ] 2020-02-25 08:14:56.323 [main] Cafe - orderNumber: 2 -  added orderline ID: 3, beverage: Cola, quantity: 20
[INFO ] 2020-02-25 08:14:56.323 [main] Cafe - Table table 2 paid orderNumber 2
[INFO ] 2020-02-25 08:14:56.323 [main] Cafe - Cleared table table 2
[INFO ] 2020-02-25 08:14:56.324 [main] Cafe - Set table 1 as active table
[INFO ] 2020-02-25 08:14:56.324 [main] Cafe - Assigned  table 1 to Wout Peters
[DEBUG] 2020-02-25 08:14:56.324 [main] Cafe - orderNumber count increased to: 3
[DEBUG] 2020-02-25 08:14:56.324 [main] Cafe - ID count increased to: 4
[INFO ] 2020-02-25 08:14:56.324 [main] Cafe - New order made: Order: 3, date: 2020-02-25, waiterID: 1, orderItems: [ID: 4, beverage: Cola, quantity: 10], tableID: 1
[DEBUG] 2020-02-25 08:14:56.325 [main] Cafe - ID count increased to: 5
[INFO ] 2020-02-25 08:14:56.325 [main] Cafe - orderNumber: 3 -  added orderline ID: 5, beverage: Leffe, quantity: 10
[INFO ] 2020-02-25 08:14:56.325 [main] Cafe - Table table 1 paid orderNumber 3
[INFO ] 2020-02-25 08:14:56.326 [main] Cafe - Cleared table table 1
[INFO ] 2020-02-25 08:14:56.327 [main] Cafe - Wout Peters logged out
[INFO ] 2020-02-25 08:14:56.327 [main] Cafe - Wout Peters logged in
[INFO ] 2020-02-25 08:14:56.734 [main] Cafe - Wout Peters logged in
[INFO ] 2020-02-25 08:14:56.735 [main] Cafe - Set table 1 as active table
[INFO ] 2020-02-25 08:14:56.735 [main] Cafe - Assigned  table 1 to Wout Peters
[DEBUG] 2020-02-25 08:14:56.735 [main] Cafe - orderNumber count increased to: 1
[DEBUG] 2020-02-25 08:14:56.735 [main] Cafe - ID count increased to: 1
[INFO ] 2020-02-25 08:14:56.735 [main] Cafe - New order made: Order: 1, date: 2020-02-25, waiterID: 1, orderItems: [ID: 1, beverage: Cola, quantity: 10], tableID: 1
[DEBUG] 2020-02-25 08:14:56.735 [main] Cafe - ID count increased to: 2
[INFO ] 2020-02-25 08:14:56.735 [main] Cafe - orderNumber: 1 -  added orderline ID: 2, beverage: Leffe, quantity: 10
[INFO ] 2020-02-25 08:14:56.736 [main] Cafe - Table table 1 paid orderNumber 1
[INFO ] 2020-02-25 08:14:56.736 [main] Cafe - Cleared table table 1
[INFO ] 2020-02-25 08:14:56.736 [main] Cafe - Set table 2 as active table
[INFO ] 2020-02-25 08:14:56.736 [main] Cafe - Assigned  table 2 to Wout Peters
[DEBUG] 2020-02-25 08:14:56.736 [main] Cafe - orderNumber count increased to: 2
[DEBUG] 2020-02-25 08:14:56.736 [main] Cafe - ID count increased to: 3
[INFO ] 2020-02-25 08:14:56.736 [main] Cafe - New order made: Order: 2, date: 2020-02-25, waiterID: 1, orderItems: [ID: 3, beverage: Leffe, quantity: 30], tableID: 2
[DEBUG] 2020-02-25 08:14:56.736 [main] Cafe - ID count increased to: 4
[INFO ] 2020-02-25 08:14:56.737 [main] Cafe - orderNumber: 2 -  added orderline ID: 4, beverage: Cola, quantity: 20
[INFO ] 2020-02-25 08:14:56.737 [main] Cafe - Table table 2 paid orderNumber 2
[INFO ] 2020-02-25 08:14:56.737 [main] Cafe - Cleared table table 2
[INFO ] 2020-02-25 08:14:56.737 [main] Cafe - Wout Peters logged out
[INFO ] 2020-02-25 08:14:56.737 [main] Cafe - Patrick Desmet logged in
[INFO ] 2020-02-25 08:14:56.737 [main] Cafe - Set table 1 as active table
[INFO ] 2020-02-25 08:14:56.737 [main] Cafe - Assigned  table 1 to Patrick Desmet
[DEBUG] 2020-02-25 08:14:56.737 [main] Cafe - orderNumber count increased to: 3
[DEBUG] 2020-02-25 08:14:56.738 [main] Cafe - ID count increased to: 5
[INFO ] 2020-02-25 08:14:56.738 [main] Cafe - New order made: Order: 3, date: 2020-02-25, waiterID: 4, orderItems: [ID: 5, beverage: Cola, quantity: 10], tableID: 1
[DEBUG] 2020-02-25 08:14:56.738 [main] Cafe - ID count increased to: 6
[INFO ] 2020-02-25 08:14:56.738 [main] Cafe - orderNumber: 3 -  added orderline ID: 6, beverage: Leffe, quantity: 10
[INFO ] 2020-02-25 08:14:56.738 [main] Cafe - Table table 1 paid orderNumber 3
[INFO ] 2020-02-25 08:14:56.738 [main] Cafe - Cleared table table 1
[INFO ] 2020-02-25 08:14:56.738 [main] Cafe - Set table 2 as active table
[INFO ] 2020-02-25 08:14:56.738 [main] Cafe - Assigned  table 2 to Patrick Desmet
[DEBUG] 2020-02-25 08:14:56.738 [main] Cafe - orderNumber count increased to: 4
[DEBUG] 2020-02-25 08:14:56.738 [main] Cafe - ID count increased to: 7
[INFO ] 2020-02-25 08:14:56.739 [main] Cafe - New order made: Order: 4, date: 2020-02-25, waiterID: 4, orderItems: [ID: 7, beverage: Leffe, quantity: 10], tableID: 2
[DEBUG] 2020-02-25 08:14:56.739 [main] Cafe - ID count increased to: 8
[INFO ] 2020-02-25 08:14:56.739 [main] Cafe - orderNumber: 4 -  added orderline ID: 8, beverage: Cola, quantity: 10
[INFO ] 2020-02-25 08:14:56.739 [main] Cafe - Table table 2 paid orderNumber 4
[INFO ] 2020-02-25 08:14:56.739 [main] Cafe - Cleared table table 2
[INFO ] 2020-02-25 08:14:56.739 [main] Cafe - Patrick Desmet logged out
[INFO ] 2020-02-25 08:14:56.741 [main] Cafe - Ilse Vandenbroeck logged in
[INFO ] 2020-02-25 08:14:56.741 [main] Cafe - Set table 5 as active table
[INFO ] 2020-02-25 08:14:56.741 [main] Cafe - Assigned  table 5 to Ilse Vandenbroeck
[DEBUG] 2020-02-25 08:14:56.741 [main] Cafe - orderNumber count increased to: 5
[DEBUG] 2020-02-25 08:14:56.741 [main] Cafe - ID count increased to: 9
[INFO ] 2020-02-25 08:14:56.742 [main] Cafe - New order made: Order: 5, date: 2020-02-25, waiterID: 3, orderItems: [ID: 9, beverage: Cola, quantity: 100], tableID: 5
[DEBUG] 2020-02-25 08:14:56.742 [main] Cafe - ID count increased to: 10
[INFO ] 2020-02-25 08:14:56.742 [main] Cafe - orderNumber: 5 -  added orderline ID: 10, beverage: Leffe, quantity: 10
[INFO ] 2020-02-25 08:14:56.742 [main] Cafe - Table table 5 paid orderNumber 5
[INFO ] 2020-02-25 08:14:56.742 [main] Cafe - Cleared table table 5
[INFO ] 2020-02-25 08:14:57.535 [main] Cafe - Wout Peters logged in
[INFO ] 2020-02-25 08:14:57.535 [main] Cafe - Set table 1 as active table
[INFO ] 2020-02-25 08:14:57.536 [main] Cafe - Assigned  table 1 to Wout Peters
[DEBUG] 2020-02-25 08:14:57.536 [main] Cafe - orderNumber count increased to: 1
[DEBUG] 2020-02-25 08:14:57.536 [main] Cafe - ID count increased to: 1
[INFO ] 2020-02-25 08:14:57.536 [main] Cafe - New order made: Order: 1, date: 2020-02-05, waiterID: 1, orderItems: [ID: 1, beverage: Cola, quantity: 10], tableID: 1
[INFO ] 2020-02-25 08:14:57.536 [main] Cafe - Table table 1 paid orderNumber 1
[INFO ] 2020-02-25 08:14:57.536 [main] Cafe - Cleared table table 1
[INFO ] 2020-02-25 08:14:57.536 [main] Cafe - Set table 2 as active table
[INFO ] 2020-02-25 08:14:57.536 [main] Cafe - Assigned  table 2 to Wout Peters
[DEBUG] 2020-02-25 08:14:57.536 [main] Cafe - orderNumber count increased to: 2
[DEBUG] 2020-02-25 08:14:57.537 [main] Cafe - ID count increased to: 2
[INFO ] 2020-02-25 08:14:57.537 [main] Cafe - New order made: Order: 2, date: 2020-02-05, waiterID: 1, orderItems: [ID: 2, beverage: Leffe, quantity: 30], tableID: 2
[DEBUG] 2020-02-25 08:14:57.537 [main] Cafe - ID count increased to: 3
[INFO ] 2020-02-25 08:14:57.537 [main] Cafe - orderNumber: 2 -  added orderline ID: 3, beverage: Cola, quantity: 20
[INFO ] 2020-02-25 08:14:57.537 [main] Cafe - Table table 2 paid orderNumber 2
[INFO ] 2020-02-25 08:14:57.537 [main] Cafe - Cleared table table 2
[INFO ] 2020-02-25 08:14:57.537 [main] Cafe - Wout Peters logged out
[INFO ] 2020-02-25 08:14:57.538 [main] Cafe - Patrick Desmet logged in
[INFO ] 2020-02-25 08:14:57.538 [main] Cafe - Set table 1 as active table
[INFO ] 2020-02-25 08:14:57.538 [main] Cafe - Assigned  table 1 to Patrick Desmet
[DEBUG] 2020-02-25 08:14:57.538 [main] Cafe - orderNumber count increased to: 3
[DEBUG] 2020-02-25 08:14:57.539 [main] Cafe - ID count increased to: 4
[INFO ] 2020-02-25 08:14:57.542 [main] Cafe - New order made: Order: 3, date: 2020-02-25, waiterID: 4, orderItems: [ID: 4, beverage: Cola, quantity: 10], tableID: 1
[DEBUG] 2020-02-25 08:14:57.543 [main] Cafe - ID count increased to: 5
[INFO ] 2020-02-25 08:14:57.543 [main] Cafe - orderNumber: 3 -  added orderline ID: 5, beverage: Leffe, quantity: 10
[INFO ] 2020-02-25 08:14:57.543 [main] Cafe - Table table 1 paid orderNumber 3
[INFO ] 2020-02-25 08:14:57.543 [main] Cafe - Cleared table table 1
[INFO ] 2020-02-25 08:14:57.543 [main] Cafe - Patrick Desmet logged out
[INFO ] 2020-02-25 08:14:57.543 [main] Cafe - Wout Peters logged in
[INFO ] 2020-02-25 08:14:57.563 [main] Cafe - Wout Peters logged in
[INFO ] 2020-02-25 08:14:57.563 [main] Cafe - Set table 1 as active table
[INFO ] 2020-02-25 08:14:57.563 [main] Cafe - Assigned  table 1 to Wout Peters
[DEBUG] 2020-02-25 08:14:57.564 [main] Cafe - orderNumber count increased to: 1
[DEBUG] 2020-02-25 08:14:57.564 [main] Cafe - ID count increased to: 1
[INFO ] 2020-02-25 08:14:57.564 [main] Cafe - New order made: Order: 1, date: 2020-02-25, waiterID: 1, orderItems: [ID: 1, beverage: Cola, quantity: 10], tableID: 1
[INFO ] 2020-02-25 08:14:57.564 [main] Cafe - orderNumber: 1 - updated orderline with ID: 1, beverage: Cola, quantity: 20
[DEBUG] 2020-02-25 08:14:57.564 [main] Cafe - ID count increased to: 2
[INFO ] 2020-02-25 08:14:57.565 [main] Cafe - orderNumber: 1 -  added orderline ID: 2, beverage: Leffe, quantity: 10
[INFO ] 2020-02-25 08:14:57.568 [main] Cafe - Wout Peters logged in
[INFO ] 2020-02-25 08:14:57.569 [main] Cafe - Set table 1 as active table
[INFO ] 2020-02-25 08:14:57.569 [main] Cafe - Assigned  table 1 to Wout Peters
[DEBUG] 2020-02-25 08:14:57.569 [main] Cafe - orderNumber count increased to: 1
[DEBUG] 2020-02-25 08:14:57.569 [main] Cafe - ID count increased to: 1
[INFO ] 2020-02-25 08:14:57.569 [main] Cafe - New order made: Order: 1, date: 2020-02-25, waiterID: 1, orderItems: [ID: 1, beverage: Cola, quantity: 10], tableID: 1
[DEBUG] 2020-02-25 08:14:57.570 [main] Cafe - ID count increased to: 2
[INFO ] 2020-02-25 08:14:57.570 [main] Cafe - orderNumber: 1 -  added orderline ID: 2, beverage: Leffe, quantity: 10
[INFO ] 2020-02-25 08:14:57.570 [main] Cafe - Table table 1 paid orderNumber 1
[INFO ] 2020-02-25 08:14:57.572 [main] Cafe - Cleared table table 1
[INFO ] 2020-02-25 08:14:57.575 [main] Cafe - Set table 2 as active table
[INFO ] 2020-02-25 08:14:57.579 [main] Cafe - Assigned  table 2 to Wout Peters
[DEBUG] 2020-02-25 08:14:57.579 [main] Cafe - orderNumber count increased to: 2
[DEBUG] 2020-02-25 08:14:57.581 [main] Cafe - ID count increased to: 3
[INFO ] 2020-02-25 08:14:57.582 [main] Cafe - New order made: Order: 2, date: 2020-02-25, waiterID: 1, orderItems: [ID: 3, beverage: Leffe, quantity: 30], tableID: 2
[DEBUG] 2020-02-25 08:14:57.583 [main] Cafe - ID count increased to: 4
[INFO ] 2020-02-25 08:14:57.583 [main] Cafe - orderNumber: 2 -  added orderline ID: 4, beverage: Cola, quantity: 20
[INFO ] 2020-02-25 08:14:57.583 [main] Cafe - Table table 2 paid orderNumber 2
[INFO ] 2020-02-25 08:14:57.584 [main] Cafe - Cleared table table 2
[INFO ] 2020-02-25 08:14:57.584 [main] Cafe - Wout Peters logged out
[INFO ] 2020-02-25 08:14:57.585 [main] Cafe - Patrick Desmet logged in
[INFO ] 2020-02-25 08:14:57.585 [main] Cafe - Set table 1 as active table
[INFO ] 2020-02-25 08:14:57.586 [main] Cafe - Assigned  table 1 to Patrick Desmet
[DEBUG] 2020-02-25 08:14:57.586 [main] Cafe - orderNumber count increased to: 3
[DEBUG] 2020-02-25 08:14:57.587 [main] Cafe - ID count increased to: 5
[INFO ] 2020-02-25 08:14:57.587 [main] Cafe - New order made: Order: 3, date: 2020-02-25, waiterID: 4, orderItems: [ID: 5, beverage: Cola, quantity: 10], tableID: 1
[DEBUG] 2020-02-25 08:14:57.587 [main] Cafe - ID count increased to: 6
[INFO ] 2020-02-25 08:14:57.587 [main] Cafe - orderNumber: 3 -  added orderline ID: 6, beverage: Leffe, quantity: 10
[INFO ] 2020-02-25 08:14:57.587 [main] Cafe - Table table 1 paid orderNumber 3
[INFO ] 2020-02-25 08:14:57.588 [main] Cafe - Cleared table table 1
[INFO ] 2020-02-25 08:14:57.588 [main] Cafe - Set table 2 as active table
[INFO ] 2020-02-25 08:14:57.588 [main] Cafe - Assigned  table 2 to Patrick Desmet
[DEBUG] 2020-02-25 08:14:57.588 [main] Cafe - orderNumber count increased to: 4
[DEBUG] 2020-02-25 08:14:57.588 [main] Cafe - ID count increased to: 7
[INFO ] 2020-02-25 08:14:57.589 [main] Cafe - New order made: Order: 4, date: 2020-02-25, waiterID: 4, orderItems: [ID: 7, beverage: Leffe, quantity: 10], tableID: 2
[DEBUG] 2020-02-25 08:14:57.591 [main] Cafe - ID count increased to: 8
[INFO ] 2020-02-25 08:14:57.591 [main] Cafe - orderNumber: 4 -  added orderline ID: 8, beverage: Cola, quantity: 10
[INFO ] 2020-02-25 08:14:57.591 [main] Cafe - Table table 2 paid orderNumber 4
[INFO ] 2020-02-25 08:14:57.591 [main] Cafe - Cleared table table 2
[INFO ] 2020-02-25 08:14:57.591 [main] Cafe - Patrick Desmet logged out
[INFO ] 2020-02-25 08:14:57.591 [main] Cafe - Ilse Vandenbroeck logged in
[INFO ] 2020-02-25 08:14:57.592 [main] Cafe - Set table 5 as active table
[INFO ] 2020-02-25 08:14:57.592 [main] Cafe - Assigned  table 5 to Ilse Vandenbroeck
[DEBUG] 2020-02-25 08:14:57.592 [main] Cafe - orderNumber count increased to: 5
[DEBUG] 2020-02-25 08:14:57.592 [main] Cafe - ID count increased to: 9
[INFO ] 2020-02-25 08:14:57.592 [main] Cafe - New order made: Order: 5, date: 2020-02-25, waiterID: 3, orderItems: [ID: 9, beverage: Cola, quantity: 100], tableID: 5
[DEBUG] 2020-02-25 08:14:57.593 [main] Cafe - ID count increased to: 10
[INFO ] 2020-02-25 08:14:57.595 [main] Cafe - orderNumber: 5 -  added orderline ID: 10, beverage: Leffe, quantity: 10
[INFO ] 2020-02-25 08:14:57.596 [main] Cafe - Table table 5 paid orderNumber 5
[INFO ] 2020-02-25 08:14:57.596 [main] Cafe - Cleared table table 5
[ERROR] 2020-02-25 08:14:57.599 [main] Cafe - Tried to log out but no logged in user
[INFO ] 2020-02-25 08:14:57.599 [main] Cafe - Wout Peters logged in
[INFO ] 2020-02-25 08:14:57.599 [main] Cafe - Wout Peters logged out
[INFO ] 2020-02-25 08:14:57.600 [main] Cafe - Wout Peters logged in
[INFO ] 2020-02-25 08:14:57.601 [main] Cafe - Wout Peters logged out
[INFO ] 2020-02-25 08:14:57.601 [main] Cafe - Patrick Desmet logged in
[INFO ] 2020-02-25 08:14:57.605 [main] Cafe - Wout Peters logged in
[INFO ] 2020-02-25 08:14:57.605 [main] Cafe - Set table 1 as active table
[INFO ] 2020-02-25 08:14:57.608 [main] Cafe - Wout Peters logged in
[INFO ] 2020-02-25 08:14:57.608 [main] Cafe - Set table 1 as active table
[INFO ] 2020-02-25 08:14:57.608 [main] Cafe - Assigned  table 1 to Wout Peters
[DEBUG] 2020-02-25 08:14:57.608 [main] Cafe - orderNumber count increased to: 1
[DEBUG] 2020-02-25 08:14:57.608 [main] Cafe - ID count increased to: 1
[INFO ] 2020-02-25 08:14:57.608 [main] Cafe - New order made: Order: 1, date: 2020-02-25, waiterID: 1, orderItems: [ID: 1, beverage: Cola, quantity: 5], tableID: 1
[DEBUG] 2020-02-25 08:14:57.609 [main] Cafe - ID count increased to: 2
[INFO ] 2020-02-25 08:14:57.609 [main] Cafe - orderNumber: 1 -  added orderline ID: 2, beverage: Leffe, quantity: 5
[INFO ] 2020-02-25 08:14:57.610 [main] Cafe - Wout Peters logged in
[INFO ] 2020-02-25 08:14:57.610 [main] Cafe - Set table 1 as active table
[INFO ] 2020-02-25 08:14:57.611 [main] Cafe - Wout Peters logged in
[INFO ] 2020-02-25 08:14:57.612 [main] Cafe - Set table 1 as active table
[INFO ] 2020-02-25 08:14:57.618 [main] Cafe - Wout Peters logged in
[INFO ] 2020-02-25 08:14:57.618 [main] Cafe - Set table 1 as active table
[INFO ] 2020-02-25 08:14:57.619 [main] Cafe - Assigned  table 1 to Wout Peters
[DEBUG] 2020-02-25 08:14:57.619 [main] Cafe - orderNumber count increased to: 1
[DEBUG] 2020-02-25 08:14:57.619 [main] Cafe - ID count increased to: 1
[INFO ] 2020-02-25 08:14:57.619 [main] Cafe - New order made: Order: 1, date: 2020-02-25, waiterID: 1, orderItems: [ID: 1, beverage: Cola, quantity: 5], tableID: 1
[DEBUG] 2020-02-25 08:14:57.620 [main] Cafe - ID count increased to: 2
[INFO ] 2020-02-25 08:14:57.620 [main] Cafe - orderNumber: 1 -  added orderline ID: 2, beverage: Leffe, quantity: 5
[INFO ] 2020-02-25 08:14:57.629 [main] Cafe - Wout Peters logged in
[INFO ] 2020-02-25 08:14:57.629 [main] Cafe - Set table 1 as active table
[INFO ] 2020-02-25 08:14:57.630 [main] Cafe - Assigned  table 1 to Wout Peters
[DEBUG] 2020-02-25 08:14:57.630 [main] Cafe - orderNumber count increased to: 1
[DEBUG] 2020-02-25 08:14:57.630 [main] Cafe - ID count increased to: 1
[INFO ] 2020-02-25 08:14:57.630 [main] Cafe - New order made: Order: 1, date: 2020-02-25, waiterID: 1, orderItems: [ID: 1, beverage: Cola, quantity: 5], tableID: 1
