[INFO ] 2020-03-05 15:16:37.419 [main] Cafe - Cafe started
[INFO ] 2020-03-05 15:16:37.531 [main] Cafe - Cafe started
[INFO ] 2020-03-05 15:16:37.533 [main] Cafe - Wout Peters logged in
[INFO ] 2020-03-05 15:16:37.535 [main] Cafe - Set table 1 as active table
[INFO ] 2020-03-05 15:16:37.552 [main] Cafe - Assigned  table 1 to Wout Peters
[DEBUG] 2020-03-05 15:16:37.553 [main] Cafe - orderNumber count increased to: 1
[DEBUG] 2020-03-05 15:16:37.555 [main] Cafe - ID count increased to: 1
[INFO ] 2020-03-05 15:16:37.745 [main] Cafe - New order made: Order: 1, date: 2020-02-05, waiterID: 1, orderItems: [ID: 1, beverage: Cola, quantity: 10], tableID: 1
[INFO ] 2020-03-05 15:16:37.751 [main] Cafe - Table table 1 paid orderNumber 1
[INFO ] 2020-03-05 15:16:37.752 [main] Cafe - Cleared table table 1
[INFO ] 2020-03-05 15:16:37.752 [main] Cafe - Set table 2 as active table
[INFO ] 2020-03-05 15:16:37.752 [main] Cafe - Assigned  table 2 to Wout Peters
[DEBUG] 2020-03-05 15:16:37.753 [main] Cafe - orderNumber count increased to: 2
[DEBUG] 2020-03-05 15:16:37.753 [main] Cafe - ID count increased to: 2
[INFO ] 2020-03-05 15:16:37.753 [main] Cafe - New order made: Order: 2, date: 2020-02-05, waiterID: 1, orderItems: [ID: 2, beverage: Leffe, quantity: 30], tableID: 2
[DEBUG] 2020-03-05 15:16:37.754 [main] Cafe - ID count increased to: 3
[INFO ] 2020-03-05 15:16:37.758 [main] Cafe - orderNumber: 2 -  added orderline ID: 3, beverage: Cola, quantity: 20
[INFO ] 2020-03-05 15:16:37.758 [main] Cafe - Table table 2 paid orderNumber 2
[INFO ] 2020-03-05 15:16:37.758 [main] Cafe - Cleared table table 2
[INFO ] 2020-03-05 15:16:37.759 [main] Cafe - Wout Peters logged out
[INFO ] 2020-03-05 15:16:37.759 [main] Cafe - Patrick Desmet logged in
[INFO ] 2020-03-05 15:16:37.759 [main] Cafe - Set table 1 as active table
[INFO ] 2020-03-05 15:16:37.781 [main] Cafe - Assigned  table 1 to Patrick Desmet
[DEBUG] 2020-03-05 15:16:37.782 [main] Cafe - orderNumber count increased to: 3
[DEBUG] 2020-03-05 15:16:37.784 [main] Cafe - ID count increased to: 4
[INFO ] 2020-03-05 15:16:37.785 [main] Cafe - New order made: Order: 3, date: 2020-03-05, waiterID: 4, orderItems: [ID: 4, beverage: Cola, quantity: 10], tableID: 1
[DEBUG] 2020-03-05 15:16:37.785 [main] Cafe - ID count increased to: 5
[INFO ] 2020-03-05 15:16:37.786 [main] Cafe - orderNumber: 3 -  added orderline ID: 5, beverage: Leffe, quantity: 10
[INFO ] 2020-03-05 15:16:37.786 [main] Cafe - Table table 1 paid orderNumber 3
[INFO ] 2020-03-05 15:16:37.786 [main] Cafe - Cleared table table 1
[INFO ] 2020-03-05 15:16:37.787 [main] Cafe - Patrick Desmet logged out
[INFO ] 2020-03-05 15:16:37.787 [main] Cafe - Wout Peters logged in
[INFO ] 2020-03-05 15:16:37.802 [main] Cafe - Wout Peters retrieved his sales data
[INFO ] 2020-03-05 15:16:37.803 [main] Cafe - Wout Peters logged out
[INFO ] 2020-03-05 15:16:37.807 [main] Cafe - Cafe started
[INFO ] 2020-03-05 15:16:37.807 [main] Cafe - Wout Peters logged in
[INFO ] 2020-03-05 15:16:37.808 [main] Cafe - Set table 1 as active table
[INFO ] 2020-03-05 15:16:37.808 [main] Cafe - Assigned  table 1 to Wout Peters
[DEBUG] 2020-03-05 15:16:37.808 [main] Cafe - orderNumber count increased to: 1
[DEBUG] 2020-03-05 15:16:37.808 [main] Cafe - ID count increased to: 1
[INFO ] 2020-03-05 15:16:37.809 [main] Cafe - New order made: Order: 1, date: 2020-03-05, waiterID: 1, orderItems: [ID: 1, beverage: Cola, quantity: 10], tableID: 1
[DEBUG] 2020-03-05 15:16:37.809 [main] Cafe - ID count increased to: 2
[INFO ] 2020-03-05 15:16:37.809 [main] Cafe - orderNumber: 1 -  added orderline ID: 2, beverage: Leffe, quantity: 10
[INFO ] 2020-03-05 15:16:37.809 [main] Cafe - Table table 1 paid orderNumber 1
[INFO ] 2020-03-05 15:16:37.810 [main] Cafe - Cleared table table 1
[INFO ] 2020-03-05 15:16:37.810 [main] Cafe - Set table 2 as active table
[INFO ] 2020-03-05 15:16:37.810 [main] Cafe - Assigned  table 2 to Wout Peters
[DEBUG] 2020-03-05 15:16:37.810 [main] Cafe - orderNumber count increased to: 2
[DEBUG] 2020-03-05 15:16:37.811 [main] Cafe - ID count increased to: 3
[INFO ] 2020-03-05 15:16:37.811 [main] Cafe - New order made: Order: 2, date: 2020-03-05, waiterID: 1, orderItems: [ID: 3, beverage: Leffe, quantity: 30], tableID: 2
[DEBUG] 2020-03-05 15:16:37.812 [main] Cafe - ID count increased to: 4
[INFO ] 2020-03-05 15:16:37.812 [main] Cafe - orderNumber: 2 -  added orderline ID: 4, beverage: Cola, quantity: 20
[INFO ] 2020-03-05 15:16:37.813 [main] Cafe - Table table 2 paid orderNumber 2
[INFO ] 2020-03-05 15:16:37.813 [main] Cafe - Cleared table table 2
[INFO ] 2020-03-05 15:16:37.813 [main] Cafe - Wout Peters logged out
[INFO ] 2020-03-05 15:16:37.813 [main] Cafe - Patrick Desmet logged in
[INFO ] 2020-03-05 15:16:37.813 [main] Cafe - Set table 1 as active table
[INFO ] 2020-03-05 15:16:37.814 [main] Cafe - Assigned  table 1 to Patrick Desmet
[DEBUG] 2020-03-05 15:16:37.814 [main] Cafe - orderNumber count increased to: 3
[DEBUG] 2020-03-05 15:16:37.814 [main] Cafe - ID count increased to: 5
[INFO ] 2020-03-05 15:16:37.814 [main] Cafe - New order made: Order: 3, date: 2020-03-05, waiterID: 4, orderItems: [ID: 5, beverage: Cola, quantity: 10], tableID: 1
[DEBUG] 2020-03-05 15:16:37.815 [main] Cafe - ID count increased to: 6
[INFO ] 2020-03-05 15:16:37.815 [main] Cafe - orderNumber: 3 -  added orderline ID: 6, beverage: Leffe, quantity: 10
[INFO ] 2020-03-05 15:16:37.815 [main] Cafe - Table table 1 paid orderNumber 3
[INFO ] 2020-03-05 15:16:37.816 [main] Cafe - Cleared table table 1
[INFO ] 2020-03-05 15:16:37.816 [main] Cafe - Patrick Desmet logged out
[INFO ] 2020-03-05 15:16:37.817 [main] Cafe - Wout Peters logged in
[INFO ] 2020-03-05 15:16:37.818 [main] Cafe - Wout Peters retrieved his sales data
[INFO ] 2020-03-05 15:16:37.818 [main] Cafe - Wout Peters logged out
[INFO ] 2020-03-05 15:16:37.818 [main] Cafe - Patrick Desmet logged in
[INFO ] 2020-03-05 15:16:37.819 [main] Cafe - Patrick Desmet retrieved his sales data
[INFO ] 2020-03-05 15:16:37.822 [main] Cafe - Cafe started
[INFO ] 2020-03-05 15:16:37.823 [main] Cafe - Wout Peters logged in
[INFO ] 2020-03-05 15:16:37.823 [main] Cafe - Set table 1 as active table
[INFO ] 2020-03-05 15:16:37.829 [main] Cafe - Assigned  table 1 to Wout Peters
[DEBUG] 2020-03-05 15:16:37.829 [main] Cafe - orderNumber count increased to: 1
[DEBUG] 2020-03-05 15:16:37.830 [main] Cafe - ID count increased to: 1
[INFO ] 2020-03-05 15:16:37.830 [main] Cafe - New order made: Order: 1, date: 2020-03-05, waiterID: 1, orderItems: [ID: 1, beverage: Cola, quantity: 2], tableID: 1
[DEBUG] 2020-03-05 15:16:37.830 [main] Cafe - ID count increased to: 2
[INFO ] 2020-03-05 15:16:37.831 [main] Cafe - orderNumber: 1 -  added orderline ID: 2, beverage: Leffe, quantity: 2
[DEBUG] 2020-03-05 15:16:37.833 [main] Cafe - ID count increased to: 3
[INFO ] 2020-03-05 15:16:37.833 [main] Cafe - orderNumber: 1 -  added orderline ID: 3, beverage: Duvel, quantity: 2
[DEBUG] 2020-03-05 15:16:37.835 [main] Cafe - ID count increased to: 4
[INFO ] 2020-03-05 15:16:37.836 [main] Cafe - orderNumber: 1 -  added orderline ID: 4, beverage: Fanta, quantity: 2
[INFO ] 2020-03-05 15:16:37.837 [main] Cafe - Table table 1 paid orderNumber 1
[INFO ] 2020-03-05 15:16:37.837 [main] Cafe - Cleared table table 1
[INFO ] 2020-03-05 15:16:37.842 [main] Cafe - Wout Peters logged out
[INFO ] 2020-03-05 15:16:37.842 [main] Cafe - Patrick Desmet logged in
[INFO ] 2020-03-05 15:16:37.842 [main] Cafe - Set table 10 as active table
[INFO ] 2020-03-05 15:16:37.843 [main] Cafe - Assigned  table 10 to Patrick Desmet
[DEBUG] 2020-03-05 15:16:37.843 [main] Cafe - orderNumber count increased to: 2
[DEBUG] 2020-03-05 15:16:37.843 [main] Cafe - ID count increased to: 5
[INFO ] 2020-03-05 15:16:37.845 [main] Cafe - New order made: Order: 2, date: 2020-03-05, waiterID: 4, orderItems: [ID: 5, beverage: Cola, quantity: 20], tableID: 10
[DEBUG] 2020-03-05 15:16:37.845 [main] Cafe - ID count increased to: 6
[INFO ] 2020-03-05 15:16:37.846 [main] Cafe - orderNumber: 2 -  added orderline ID: 6, beverage: Leffe, quantity: 30
[DEBUG] 2020-03-05 15:16:37.846 [main] Cafe - ID count increased to: 7
[INFO ] 2020-03-05 15:16:37.848 [main] Cafe - orderNumber: 2 -  added orderline ID: 7, beverage: Duvel, quantity: 40
[INFO ] 2020-03-05 15:16:37.851 [main] Cafe - Patrick Desmet logged out
[INFO ] 2020-03-05 15:16:37.852 [main] Cafe - Wout Peters logged in
[INFO ] 2020-03-05 15:16:37.852 [main] Cafe - Set table 1 as active table
[INFO ] 2020-03-05 15:16:37.853 [main] Cafe - Assigned  table 1 to Wout Peters
[DEBUG] 2020-03-05 15:16:37.853 [main] Cafe - orderNumber count increased to: 3
[DEBUG] 2020-03-05 15:16:37.854 [main] Cafe - ID count increased to: 8
[INFO ] 2020-03-05 15:16:37.867 [main] Cafe - New order made: Order: 3, date: 2020-03-05, waiterID: 1, orderItems: [ID: 8, beverage: Cola, quantity: 2], tableID: 1
[DEBUG] 2020-03-05 15:16:37.870 [main] Cafe - ID count increased to: 9
[INFO ] 2020-03-05 15:16:37.873 [main] Cafe - orderNumber: 3 -  added orderline ID: 9, beverage: Leffe, quantity: 2
[INFO ] 2020-03-05 15:16:37.873 [main] Cafe - Wout Peters logged out
[INFO ] 2020-03-05 15:16:37.874 [main] Cafe - Patrick Desmet logged in
[INFO ] 2020-03-05 15:16:37.875 [main] Cafe - Set table 10 as active table
[INFO ] 2020-03-05 15:16:37.875 [main] Cafe - Table table 10 paid orderNumber 2
[INFO ] 2020-03-05 15:16:37.876 [main] Cafe - Cleared table table 10
[INFO ] 2020-03-05 15:16:37.891 [main] Cafe - Cafe started
[INFO ] 2020-03-05 15:16:37.892 [main] Cafe - Wout Peters logged in
[ERROR] 2020-03-05 15:16:37.892 [main] Cafe - Pay failed, no active table
[INFO ] 2020-03-05 15:16:37.893 [main] Cafe - Set table 1 as active table
[INFO ] 2020-03-05 15:16:37.895 [main] Cafe - Assigned  table 1 to Wout Peters
[DEBUG] 2020-03-05 15:16:37.895 [main] Cafe - orderNumber count increased to: 1
[DEBUG] 2020-03-05 15:16:37.895 [main] Cafe - ID count increased to: 1
[INFO ] 2020-03-05 15:16:37.896 [main] Cafe - New order made: Order: 1, date: 2020-03-05, waiterID: 1, orderItems: [ID: 1, beverage: Cola, quantity: 5], tableID: 1
[DEBUG] 2020-03-05 15:16:37.897 [main] Cafe - ID count increased to: 2
[INFO ] 2020-03-05 15:16:37.897 [main] Cafe - orderNumber: 1 -  added orderline ID: 2, beverage: Leffe, quantity: 2
[DEBUG] 2020-03-05 15:16:37.897 [main] Cafe - ID count increased to: 3
[INFO ] 2020-03-05 15:16:37.897 [main] Cafe - orderNumber: 1 -  added orderline ID: 3, beverage: Duvel, quantity: 10
[INFO ] 2020-03-05 15:16:37.898 [main] Cafe - Table table 1 paid orderNumber 1
[INFO ] 2020-03-05 15:16:37.898 [main] Cafe - Cleared table table 1
[INFO ] 2020-03-05 15:16:37.898 [main] Cafe - Wout Peters logged out
[INFO ] 2020-03-05 15:16:37.898 [main] Cafe - Patrick Desmet logged in
[INFO ] 2020-03-05 15:16:37.899 [main] Cafe - Set table 10 as active table
[INFO ] 2020-03-05 15:16:37.901 [main] Cafe - Assigned  table 10 to Patrick Desmet
[DEBUG] 2020-03-05 15:16:37.901 [main] Cafe - orderNumber count increased to: 2
[DEBUG] 2020-03-05 15:16:37.902 [main] Cafe - ID count increased to: 4
[INFO ] 2020-03-05 15:16:37.902 [main] Cafe - New order made: Order: 2, date: 2020-03-05, waiterID: 4, orderItems: [ID: 4, beverage: Cola, quantity: 1], tableID: 10
[DEBUG] 2020-03-05 15:16:37.902 [main] Cafe - ID count increased to: 5
[INFO ] 2020-03-05 15:16:37.902 [main] Cafe - orderNumber: 2 -  added orderline ID: 5, beverage: Leffe, quantity: 3
[DEBUG] 2020-03-05 15:16:37.903 [main] Cafe - ID count increased to: 6
[INFO ] 2020-03-05 15:16:37.903 [main] Cafe - orderNumber: 2 -  added orderline ID: 6, beverage: Duvel, quantity: 5
[DEBUG] 2020-03-05 15:16:37.903 [main] Cafe - ID count increased to: 7
[INFO ] 2020-03-05 15:16:37.903 [main] Cafe - orderNumber: 2 -  added orderline ID: 7, beverage: Fanta, quantity: 4
[INFO ] 2020-03-05 15:16:37.903 [main] Cafe - Table table 10 paid orderNumber 2
[INFO ] 2020-03-05 15:16:37.904 [main] Cafe - Cleared table table 10
[INFO ] 2020-03-05 15:16:37.908 [main] Cafe - Cafe started
[INFO ] 2020-03-05 15:16:37.909 [main] Cafe - Wout Peters logged in
[INFO ] 2020-03-05 15:16:37.911 [main] Cafe - Wout Peters logged out
[ERROR] 2020-03-05 15:16:37.912 [main] Cafe - Login failed, username incorrect: Wouter Peters password: password
[ERROR] 2020-03-05 15:16:37.913 [main] Cafe - Login failed, username incorrect: Wouters Peter password: password
[ERROR] 2020-03-05 15:16:37.913 [main] Cafe - Login failed, username incorrect: Wout Peeters password: password
[ERROR] 2020-03-05 15:16:37.913 [main] Cafe - Login failed, wrong password: username: Wout Peters password: passwoord
[INFO ] 2020-03-05 15:16:37.913 [main] Cafe - Patrick Desmet logged in
[INFO ] 2020-03-05 15:16:37.914 [main] Cafe - Patrick Desmet logged out
[ERROR] 2020-03-05 15:16:37.914 [main] Cafe - Login failed, username incorrect: Patrick Desmeet password: password
[INFO ] 2020-03-05 15:16:37.915 [main] Cafe - Cafe started
[INFO ] 2020-03-05 15:16:37.916 [main] Cafe - Cafe started
[INFO ] 2020-03-05 15:16:37.917 [main] Cafe - Wout Peters logged in
[INFO ] 2020-03-05 15:16:37.917 [main] Cafe - Set table 1 as active table
[INFO ] 2020-03-05 15:16:37.917 [main] Cafe - Assigned  table 1 to Wout Peters
[DEBUG] 2020-03-05 15:16:37.917 [main] Cafe - orderNumber count increased to: 1
[DEBUG] 2020-03-05 15:16:37.918 [main] Cafe - ID count increased to: 1
[INFO ] 2020-03-05 15:16:37.918 [main] Cafe - New order made: Order: 1, date: 2020-03-05, waiterID: 1, orderItems: [ID: 1, beverage: Cola, quantity: 5], tableID: 1
[DEBUG] 2020-03-05 15:16:37.918 [main] Cafe - ID count increased to: 2
[INFO ] 2020-03-05 15:16:37.918 [main] Cafe - orderNumber: 1 -  added orderline ID: 2, beverage: Leffe, quantity: 2
[INFO ] 2020-03-05 15:16:37.918 [main] Cafe - Set table 2 as active table
[INFO ] 2020-03-05 15:16:37.919 [main] Cafe - Assigned  table 2 to Wout Peters
[DEBUG] 2020-03-05 15:16:37.919 [main] Cafe - orderNumber count increased to: 2
[DEBUG] 2020-03-05 15:16:37.919 [main] Cafe - ID count increased to: 3
[INFO ] 2020-03-05 15:16:37.919 [main] Cafe - New order made: Order: 2, date: 2020-03-05, waiterID: 1, orderItems: [ID: 3, beverage: Leffe, quantity: 2], tableID: 2
[INFO ] 2020-03-05 15:16:37.921 [main] Cafe - orderNumber: 2 - updated orderline with ID: 3, beverage: Leffe, quantity: 4
[INFO ] 2020-03-05 15:16:37.921 [main] Cafe - orderNumber: 2 - updated orderline with ID: 3, beverage: Leffe, quantity: 9
[INFO ] 2020-03-05 15:16:37.923 [main] Cafe - Wout Peters logged out
[INFO ] 2020-03-05 15:16:37.923 [main] Cafe - Patrick Desmet logged in
[ERROR] 2020-03-05 15:16:37.924 [main] Cafe - table 2 does not belong to: Patrick Desmet
[INFO ] 2020-03-05 15:16:37.924 [main] Cafe - Set table 3 as active table
[INFO ] 2020-03-05 15:16:37.924 [main] Cafe - Assigned  table 3 to Patrick Desmet
[DEBUG] 2020-03-05 15:16:37.925 [main] Cafe - orderNumber count increased to: 3
[DEBUG] 2020-03-05 15:16:37.925 [main] Cafe - ID count increased to: 4
[INFO ] 2020-03-05 15:16:37.925 [main] Cafe - New order made: Order: 3, date: 2020-03-05, waiterID: 4, orderItems: [ID: 4, beverage: Leffe, quantity: 3], tableID: 3
[DEBUG] 2020-03-05 15:16:37.925 [main] Cafe - ID count increased to: 5
[INFO ] 2020-03-05 15:16:37.925 [main] Cafe - orderNumber: 3 -  added orderline ID: 5, beverage: Cola, quantity: 2
[INFO ] 2020-03-05 15:16:37.926 [main] Cafe - Patrick Desmet logged out
[INFO ] 2020-03-05 15:16:37.930 [main] Cafe - Wout Peters logged in
[INFO ] 2020-03-05 15:16:37.930 [main] Cafe - Set table 1 as active table
[INFO ] 2020-03-05 15:16:37.931 [main] Cafe - orderNumber: 1 - updated orderline with ID: 2, beverage: Leffe, quantity: 4
[INFO ] 2020-03-05 15:16:37.936 [main] Cafe - Cafe started
[INFO ] 2020-03-05 15:16:37.936 [main] Cafe - Wout Peters logged in
[ERROR] 2020-03-05 15:16:37.937 [main] Cafe - Remove of orderline failed, no active table
[INFO ] 2020-03-05 15:16:37.937 [main] Cafe - Set table 1 as active table
[INFO ] 2020-03-05 15:16:37.937 [main] Cafe - Assigned  table 1 to Wout Peters
[DEBUG] 2020-03-05 15:16:37.937 [main] Cafe - orderNumber count increased to: 1
[DEBUG] 2020-03-05 15:16:37.938 [main] Cafe - ID count increased to: 1
[INFO ] 2020-03-05 15:16:37.938 [main] Cafe - New order made: Order: 1, date: 2020-03-05, waiterID: 1, orderItems: [ID: 1, beverage: Cola, quantity: 2], tableID: 1
[DEBUG] 2020-03-05 15:16:37.938 [main] Cafe - ID count increased to: 2
[INFO ] 2020-03-05 15:16:37.938 [main] Cafe - orderNumber: 1 -  added orderline ID: 2, beverage: Leffe, quantity: 2
[DEBUG] 2020-03-05 15:16:37.940 [main] Cafe - ID count increased to: 3
[INFO ] 2020-03-05 15:16:37.946 [main] Cafe - orderNumber: 1 -  added orderline ID: 3, beverage: Duvel, quantity: 2
[DEBUG] 2020-03-05 15:16:37.947 [main] Cafe - ID count increased to: 4
[INFO ] 2020-03-05 15:16:37.947 [main] Cafe - orderNumber: 1 -  added orderline ID: 4, beverage: Fanta, quantity: 2
[INFO ] 2020-03-05 15:16:37.947 [main] Cafe - Removed orderline ID: 1, beverage: Cola, quantity: 2
[INFO ] 2020-03-05 15:16:37.956 [main] Cafe - Cafe started
[INFO ] 2020-03-05 15:16:37.957 [main] Cafe - Wout Peters logged in
[INFO ] 2020-03-05 15:16:37.958 [main] Cafe - Wout Peters logged out
[INFO ] 2020-03-05 15:16:37.958 [main] Cafe - Patrick Desmet logged in
[INFO ] 2020-03-05 15:16:37.963 [main] Cafe - Cafe started
[INFO ] 2020-03-05 15:16:37.963 [main] Cafe - Wout Peters logged in
[INFO ] 2020-03-05 15:16:37.963 [main] Cafe - Set table 1 as active table
[INFO ] 2020-03-05 15:16:37.963 [main] Cafe - Assigned  table 1 to Wout Peters
[DEBUG] 2020-03-05 15:16:37.964 [main] Cafe - orderNumber count increased to: 1
[DEBUG] 2020-03-05 15:16:37.964 [main] Cafe - ID count increased to: 1
[INFO ] 2020-03-05 15:16:37.965 [main] Cafe - New order made: Order: 1, date: 2020-03-05, waiterID: 1, orderItems: [ID: 1, beverage: Cola, quantity: 10], tableID: 1
[DEBUG] 2020-03-05 15:16:37.966 [main] Cafe - ID count increased to: 2
[INFO ] 2020-03-05 15:16:37.966 [main] Cafe - orderNumber: 1 -  added orderline ID: 2, beverage: Leffe, quantity: 10
[INFO ] 2020-03-05 15:16:37.966 [main] Cafe - Table table 1 paid orderNumber 1
[INFO ] 2020-03-05 15:16:37.966 [main] Cafe - Cleared table table 1
[INFO ] 2020-03-05 15:16:37.966 [main] Cafe - Set table 2 as active table
[INFO ] 2020-03-05 15:16:37.967 [main] Cafe - Assigned  table 2 to Wout Peters
[DEBUG] 2020-03-05 15:16:37.967 [main] Cafe - orderNumber count increased to: 2
[DEBUG] 2020-03-05 15:16:37.967 [main] Cafe - ID count increased to: 3
[INFO ] 2020-03-05 15:16:37.972 [main] Cafe - New order made: Order: 2, date: 2020-03-05, waiterID: 1, orderItems: [ID: 3, beverage: Leffe, quantity: 30], tableID: 2
[DEBUG] 2020-03-05 15:16:37.972 [main] Cafe - ID count increased to: 4
[INFO ] 2020-03-05 15:16:37.973 [main] Cafe - orderNumber: 2 -  added orderline ID: 4, beverage: Cola, quantity: 20
[INFO ] 2020-03-05 15:16:37.973 [main] Cafe - Table table 2 paid orderNumber 2
[INFO ] 2020-03-05 15:16:37.974 [main] Cafe - Cleared table table 2
[INFO ] 2020-03-05 15:16:37.987 [main] Cafe - Cafe started
[INFO ] 2020-03-05 15:16:37.988 [main] Cafe - Set table 1 as active table
[INFO ] 2020-03-05 15:16:37.988 [main] Cafe - Set table 9 as active table
[INFO ] 2020-03-05 15:16:37.990 [main] Cafe - Cafe started
[INFO ] 2020-03-05 15:16:37.990 [main] Cafe - Wout Peters logged in
[INFO ] 2020-03-05 15:16:37.990 [main] Cafe - Set table 1 as active table
[INFO ] 2020-03-05 15:16:37.990 [main] Cafe - Assigned  table 1 to Wout Peters
[DEBUG] 2020-03-05 15:16:37.991 [main] Cafe - orderNumber count increased to: 1
[DEBUG] 2020-03-05 15:16:37.991 [main] Cafe - ID count increased to: 1
[INFO ] 2020-03-05 15:16:37.991 [main] Cafe - New order made: Order: 1, date: 2020-02-05, waiterID: 1, orderItems: [ID: 1, beverage: Cola, quantity: 20], tableID: 1
[INFO ] 2020-03-05 15:16:37.991 [main] Cafe - Table table 1 paid orderNumber 1
[INFO ] 2020-03-05 15:16:37.991 [main] Cafe - Cleared table table 1
[INFO ] 2020-03-05 15:16:37.991 [main] Cafe - Set table 2 as active table
[INFO ] 2020-03-05 15:16:38.023 [main] Cafe - Assigned  table 2 to Wout Peters
[DEBUG] 2020-03-05 15:16:38.023 [main] Cafe - orderNumber count increased to: 2
[DEBUG] 2020-03-05 15:16:38.023 [main] Cafe - ID count increased to: 2
[INFO ] 2020-03-05 15:16:38.024 [main] Cafe - New order made: Order: 2, date: 2020-02-05, waiterID: 1, orderItems: [ID: 2, beverage: Leffe, quantity: 30], tableID: 2
[DEBUG] 2020-03-05 15:16:38.024 [main] Cafe - ID count increased to: 3
[INFO ] 2020-03-05 15:16:38.024 [main] Cafe - orderNumber: 2 -  added orderline ID: 3, beverage: Cola, quantity: 20
[INFO ] 2020-03-05 15:16:38.024 [main] Cafe - Table table 2 paid orderNumber 2
[INFO ] 2020-03-05 15:16:38.024 [main] Cafe - Cleared table table 2
[INFO ] 2020-03-05 15:16:38.024 [main] Cafe - Set table 1 as active table
[INFO ] 2020-03-05 15:16:38.024 [main] Cafe - Assigned  table 1 to Wout Peters
[DEBUG] 2020-03-05 15:16:38.024 [main] Cafe - orderNumber count increased to: 3
[DEBUG] 2020-03-05 15:16:38.025 [main] Cafe - ID count increased to: 4
[INFO ] 2020-03-05 15:16:38.025 [main] Cafe - New order made: Order: 3, date: 2020-03-05, waiterID: 1, orderItems: [ID: 4, beverage: Cola, quantity: 10], tableID: 1
[DEBUG] 2020-03-05 15:16:38.029 [main] Cafe - ID count increased to: 5
[INFO ] 2020-03-05 15:16:38.029 [main] Cafe - orderNumber: 3 -  added orderline ID: 5, beverage: Leffe, quantity: 10
[INFO ] 2020-03-05 15:16:38.029 [main] Cafe - Table table 1 paid orderNumber 3
[INFO ] 2020-03-05 15:16:38.029 [main] Cafe - Cleared table table 1
[INFO ] 2020-03-05 15:16:38.034 [main] Cafe - Wout Peters logged out
[INFO ] 2020-03-05 15:16:38.034 [main] Cafe - Wout Peters logged in
[INFO ] 2020-03-05 15:16:38.052 [main] Cafe - Wout Peters retrieved his sales data
[INFO ] 2020-03-05 15:16:39.073 [main] Cafe - Wout Peters created a waiter sales PDF report for 2020-02-05
[INFO ] 2020-03-05 15:16:39.099 [main] Cafe - Cafe started
[INFO ] 2020-03-05 15:16:39.133 [main] Cafe - Wout Peters logged in
[INFO ] 2020-03-05 15:16:39.137 [main] Cafe - Set table 1 as active table
[INFO ] 2020-03-05 15:16:39.138 [main] Cafe - Assigned  table 1 to Wout Peters
[DEBUG] 2020-03-05 15:16:39.139 [main] Cafe - orderNumber count increased to: 1
[DEBUG] 2020-03-05 15:16:39.139 [main] Cafe - ID count increased to: 1
[INFO ] 2020-03-05 15:16:39.140 [main] Cafe - New order made: Order: 1, date: 2020-03-05, waiterID: 1, orderItems: [ID: 1, beverage: Cola, quantity: 10], tableID: 1
[DEBUG] 2020-03-05 15:16:39.140 [main] Cafe - ID count increased to: 2
[INFO ] 2020-03-05 15:16:39.140 [main] Cafe - orderNumber: 1 -  added orderline ID: 2, beverage: Leffe, quantity: 10
[INFO ] 2020-03-05 15:16:39.140 [main] Cafe - Table table 1 paid orderNumber 1
[INFO ] 2020-03-05 15:16:39.140 [main] Cafe - Cleared table table 1
[INFO ] 2020-03-05 15:16:39.140 [main] Cafe - Set table 2 as active table
[INFO ] 2020-03-05 15:16:39.140 [main] Cafe - Assigned  table 2 to Wout Peters
[DEBUG] 2020-03-05 15:16:39.140 [main] Cafe - orderNumber count increased to: 2
[DEBUG] 2020-03-05 15:16:39.140 [main] Cafe - ID count increased to: 3
[INFO ] 2020-03-05 15:16:39.141 [main] Cafe - New order made: Order: 2, date: 2020-03-05, waiterID: 1, orderItems: [ID: 3, beverage: Leffe, quantity: 30], tableID: 2
[DEBUG] 2020-03-05 15:16:39.141 [main] Cafe - ID count increased to: 4
[INFO ] 2020-03-05 15:16:39.141 [main] Cafe - orderNumber: 2 -  added orderline ID: 4, beverage: Cola, quantity: 20
[INFO ] 2020-03-05 15:16:39.141 [main] Cafe - Table table 2 paid orderNumber 2
[INFO ] 2020-03-05 15:16:39.141 [main] Cafe - Cleared table table 2
[INFO ] 2020-03-05 15:16:39.141 [main] Cafe - Wout Peters logged out
[INFO ] 2020-03-05 15:16:39.141 [main] Cafe - Patrick Desmet logged in
[INFO ] 2020-03-05 15:16:39.141 [main] Cafe - Set table 1 as active table
[INFO ] 2020-03-05 15:16:39.142 [main] Cafe - Assigned  table 1 to Patrick Desmet
[DEBUG] 2020-03-05 15:16:39.142 [main] Cafe - orderNumber count increased to: 3
[DEBUG] 2020-03-05 15:16:39.142 [main] Cafe - ID count increased to: 5
[INFO ] 2020-03-05 15:16:39.143 [main] Cafe - New order made: Order: 3, date: 2020-03-05, waiterID: 4, orderItems: [ID: 5, beverage: Cola, quantity: 10], tableID: 1
[DEBUG] 2020-03-05 15:16:39.154 [main] Cafe - ID count increased to: 6
[INFO ] 2020-03-05 15:16:39.154 [main] Cafe - orderNumber: 3 -  added orderline ID: 6, beverage: Leffe, quantity: 10
[INFO ] 2020-03-05 15:16:39.154 [main] Cafe - Table table 1 paid orderNumber 3
[INFO ] 2020-03-05 15:16:39.155 [main] Cafe - Cleared table table 1
[INFO ] 2020-03-05 15:16:39.155 [main] Cafe - Set table 2 as active table
[INFO ] 2020-03-05 15:16:39.155 [main] Cafe - Assigned  table 2 to Patrick Desmet
[DEBUG] 2020-03-05 15:16:39.155 [main] Cafe - orderNumber count increased to: 4
[DEBUG] 2020-03-05 15:16:39.155 [main] Cafe - ID count increased to: 7
[INFO ] 2020-03-05 15:16:39.155 [main] Cafe - New order made: Order: 4, date: 2020-03-05, waiterID: 4, orderItems: [ID: 7, beverage: Leffe, quantity: 10], tableID: 2
[DEBUG] 2020-03-05 15:16:39.156 [main] Cafe - ID count increased to: 8
[INFO ] 2020-03-05 15:16:39.157 [main] Cafe - orderNumber: 4 -  added orderline ID: 8, beverage: Cola, quantity: 10
[INFO ] 2020-03-05 15:16:39.163 [main] Cafe - Table table 2 paid orderNumber 4
[INFO ] 2020-03-05 15:16:39.170 [main] Cafe - Cleared table table 2
[INFO ] 2020-03-05 15:16:39.171 [main] Cafe - Patrick Desmet logged out
[INFO ] 2020-03-05 15:16:39.172 [main] Cafe - Ilse Vandenbroeck logged in
[INFO ] 2020-03-05 15:16:39.172 [main] Cafe - Set table 5 as active table
[INFO ] 2020-03-05 15:16:39.172 [main] Cafe - Assigned  table 5 to Ilse Vandenbroeck
[DEBUG] 2020-03-05 15:16:39.173 [main] Cafe - orderNumber count increased to: 5
[DEBUG] 2020-03-05 15:16:39.173 [main] Cafe - ID count increased to: 9
[INFO ] 2020-03-05 15:16:39.173 [main] Cafe - New order made: Order: 5, date: 2020-03-05, waiterID: 3, orderItems: [ID: 9, beverage: Cola, quantity: 100], tableID: 5
[DEBUG] 2020-03-05 15:16:39.173 [main] Cafe - ID count increased to: 10
[INFO ] 2020-03-05 15:16:39.173 [main] Cafe - orderNumber: 5 -  added orderline ID: 10, beverage: Leffe, quantity: 10
[INFO ] 2020-03-05 15:16:39.173 [main] Cafe - Table table 5 paid orderNumber 5
[INFO ] 2020-03-05 15:16:39.174 [main] Cafe - Cleared table table 5
[INFO ] 2020-03-05 15:16:40.337 [main] Cafe - Ilse Vandenbroeck created top waiter pie chart
[INFO ] 2020-03-05 15:16:40.343 [main] Cafe - Cafe started
[INFO ] 2020-03-05 15:16:40.344 [main] Cafe - Wout Peters logged in
[INFO ] 2020-03-05 15:16:40.344 [main] Cafe - Set table 1 as active table
[INFO ] 2020-03-05 15:16:40.356 [main] Cafe - Assigned  table 1 to Wout Peters
[DEBUG] 2020-03-05 15:16:40.356 [main] Cafe - orderNumber count increased to: 1
[DEBUG] 2020-03-05 15:16:40.357 [main] Cafe - ID count increased to: 1
[INFO ] 2020-03-05 15:16:40.357 [main] Cafe - New order made: Order: 1, date: 2020-02-05, waiterID: 1, orderItems: [ID: 1, beverage: Cola, quantity: 10], tableID: 1
[INFO ] 2020-03-05 15:16:40.357 [main] Cafe - Table table 1 paid orderNumber 1
[INFO ] 2020-03-05 15:16:40.357 [main] Cafe - Cleared table table 1
[INFO ] 2020-03-05 15:16:40.357 [main] Cafe - Set table 2 as active table
[INFO ] 2020-03-05 15:16:40.359 [main] Cafe - Assigned  table 2 to Wout Peters
[DEBUG] 2020-03-05 15:16:40.360 [main] Cafe - orderNumber count increased to: 2
[DEBUG] 2020-03-05 15:16:40.360 [main] Cafe - ID count increased to: 2
[INFO ] 2020-03-05 15:16:40.360 [main] Cafe - New order made: Order: 2, date: 2020-02-05, waiterID: 1, orderItems: [ID: 2, beverage: Leffe, quantity: 30], tableID: 2
[DEBUG] 2020-03-05 15:16:40.360 [main] Cafe - ID count increased to: 3
[INFO ] 2020-03-05 15:16:40.360 [main] Cafe - orderNumber: 2 -  added orderline ID: 3, beverage: Cola, quantity: 20
[INFO ] 2020-03-05 15:16:40.361 [main] Cafe - Table table 2 paid orderNumber 2
[INFO ] 2020-03-05 15:16:40.361 [main] Cafe - Cleared table table 2
[INFO ] 2020-03-05 15:16:40.361 [main] Cafe - Wout Peters logged out
[INFO ] 2020-03-05 15:16:40.361 [main] Cafe - Patrick Desmet logged in
[INFO ] 2020-03-05 15:16:40.361 [main] Cafe - Set table 1 as active table
[INFO ] 2020-03-05 15:16:40.361 [main] Cafe - Assigned  table 1 to Patrick Desmet
[DEBUG] 2020-03-05 15:16:40.361 [main] Cafe - orderNumber count increased to: 3
[DEBUG] 2020-03-05 15:16:40.362 [main] Cafe - ID count increased to: 4
[INFO ] 2020-03-05 15:16:40.362 [main] Cafe - New order made: Order: 3, date: 2020-03-05, waiterID: 4, orderItems: [ID: 4, beverage: Cola, quantity: 10], tableID: 1
[DEBUG] 2020-03-05 15:16:40.362 [main] Cafe - ID count increased to: 5
[INFO ] 2020-03-05 15:16:40.362 [main] Cafe - orderNumber: 3 -  added orderline ID: 5, beverage: Leffe, quantity: 10
[INFO ] 2020-03-05 15:16:40.362 [main] Cafe - Table table 1 paid orderNumber 3
[INFO ] 2020-03-05 15:16:40.362 [main] Cafe - Cleared table table 1
[INFO ] 2020-03-05 15:16:40.362 [main] Cafe - Patrick Desmet logged out
[INFO ] 2020-03-05 15:16:40.363 [main] Cafe - Wout Peters logged in
[INFO ] 2020-03-05 15:16:40.363 [main] Cafe - Wout Peters retrieved his sales data
[INFO ] 2020-03-05 15:16:40.375 [main] Cafe - Wout Peters created a waiter sales PDF report
[INFO ] 2020-03-05 15:16:40.378 [main] Cafe - Cafe started
[INFO ] 2020-03-05 15:16:40.397 [main] Cafe - Cafe started
[INFO ] 2020-03-05 15:16:40.397 [main] Cafe - Wout Peters logged in
[INFO ] 2020-03-05 15:16:40.397 [main] Cafe - Set table 1 as active table
[INFO ] 2020-03-05 15:16:40.397 [main] Cafe - Assigned  table 1 to Wout Peters
[DEBUG] 2020-03-05 15:16:40.397 [main] Cafe - orderNumber count increased to: 1
[DEBUG] 2020-03-05 15:16:40.397 [main] Cafe - ID count increased to: 1
[INFO ] 2020-03-05 15:16:40.398 [main] Cafe - New order made: Order: 1, date: 2020-03-05, waiterID: 1, orderItems: [ID: 1, beverage: Cola, quantity: 10], tableID: 1
[INFO ] 2020-03-05 15:16:40.398 [main] Cafe - orderNumber: 1 - updated orderline with ID: 1, beverage: Cola, quantity: 20
[DEBUG] 2020-03-05 15:16:40.398 [main] Cafe - ID count increased to: 2
[INFO ] 2020-03-05 15:16:40.398 [main] Cafe - orderNumber: 1 -  added orderline ID: 2, beverage: Leffe, quantity: 10
[INFO ] 2020-03-05 15:16:40.400 [main] Cafe - Cafe started
[INFO ] 2020-03-05 15:16:40.402 [main] Cafe - Wout Peters logged in
[INFO ] 2020-03-05 15:16:40.402 [main] Cafe - Set table 1 as active table
[INFO ] 2020-03-05 15:16:40.402 [main] Cafe - Assigned  table 1 to Wout Peters
[DEBUG] 2020-03-05 15:16:40.402 [main] Cafe - orderNumber count increased to: 1
[DEBUG] 2020-03-05 15:16:40.402 [main] Cafe - ID count increased to: 1
[INFO ] 2020-03-05 15:16:40.403 [main] Cafe - New order made: Order: 1, date: 2020-03-05, waiterID: 1, orderItems: [ID: 1, beverage: Cola, quantity: 10], tableID: 1
[DEBUG] 2020-03-05 15:16:40.404 [main] Cafe - ID count increased to: 2
[INFO ] 2020-03-05 15:16:40.404 [main] Cafe - orderNumber: 1 -  added orderline ID: 2, beverage: Leffe, quantity: 10
[INFO ] 2020-03-05 15:16:40.404 [main] Cafe - Table table 1 paid orderNumber 1
[INFO ] 2020-03-05 15:16:40.404 [main] Cafe - Cleared table table 1
[INFO ] 2020-03-05 15:16:40.404 [main] Cafe - Set table 2 as active table
[INFO ] 2020-03-05 15:16:40.404 [main] Cafe - Assigned  table 2 to Wout Peters
[DEBUG] 2020-03-05 15:16:40.404 [main] Cafe - orderNumber count increased to: 2
[DEBUG] 2020-03-05 15:16:40.404 [main] Cafe - ID count increased to: 3
[INFO ] 2020-03-05 15:16:40.404 [main] Cafe - New order made: Order: 2, date: 2020-03-05, waiterID: 1, orderItems: [ID: 3, beverage: Leffe, quantity: 30], tableID: 2
[DEBUG] 2020-03-05 15:16:40.405 [main] Cafe - ID count increased to: 4
[INFO ] 2020-03-05 15:16:40.405 [main] Cafe - orderNumber: 2 -  added orderline ID: 4, beverage: Cola, quantity: 20
[INFO ] 2020-03-05 15:16:40.405 [main] Cafe - Table table 2 paid orderNumber 2
[INFO ] 2020-03-05 15:16:40.405 [main] Cafe - Cleared table table 2
[INFO ] 2020-03-05 15:16:40.405 [main] Cafe - Wout Peters logged out
[INFO ] 2020-03-05 15:16:40.405 [main] Cafe - Patrick Desmet logged in
[INFO ] 2020-03-05 15:16:40.405 [main] Cafe - Set table 1 as active table
[INFO ] 2020-03-05 15:16:40.406 [main] Cafe - Assigned  table 1 to Patrick Desmet
[DEBUG] 2020-03-05 15:16:40.406 [main] Cafe - orderNumber count increased to: 3
[DEBUG] 2020-03-05 15:16:40.406 [main] Cafe - ID count increased to: 5
[INFO ] 2020-03-05 15:16:40.406 [main] Cafe - New order made: Order: 3, date: 2020-03-05, waiterID: 4, orderItems: [ID: 5, beverage: Cola, quantity: 10], tableID: 1
[DEBUG] 2020-03-05 15:16:40.406 [main] Cafe - ID count increased to: 6
[INFO ] 2020-03-05 15:16:40.406 [main] Cafe - orderNumber: 3 -  added orderline ID: 6, beverage: Leffe, quantity: 10
[INFO ] 2020-03-05 15:16:40.406 [main] Cafe - Table table 1 paid orderNumber 3
[INFO ] 2020-03-05 15:16:40.407 [main] Cafe - Cleared table table 1
[INFO ] 2020-03-05 15:16:40.407 [main] Cafe - Set table 2 as active table
[INFO ] 2020-03-05 15:16:40.416 [main] Cafe - Assigned  table 2 to Patrick Desmet
[DEBUG] 2020-03-05 15:16:40.416 [main] Cafe - orderNumber count increased to: 4
[DEBUG] 2020-03-05 15:16:40.416 [main] Cafe - ID count increased to: 7
[INFO ] 2020-03-05 15:16:40.416 [main] Cafe - New order made: Order: 4, date: 2020-03-05, waiterID: 4, orderItems: [ID: 7, beverage: Leffe, quantity: 10], tableID: 2
[DEBUG] 2020-03-05 15:16:40.417 [main] Cafe - ID count increased to: 8
[INFO ] 2020-03-05 15:16:40.417 [main] Cafe - orderNumber: 4 -  added orderline ID: 8, beverage: Cola, quantity: 10
[INFO ] 2020-03-05 15:16:40.417 [main] Cafe - Table table 2 paid orderNumber 4
[INFO ] 2020-03-05 15:16:40.417 [main] Cafe - Cleared table table 2
[INFO ] 2020-03-05 15:16:40.417 [main] Cafe - Patrick Desmet logged out
[INFO ] 2020-03-05 15:16:40.418 [main] Cafe - Ilse Vandenbroeck logged in
[INFO ] 2020-03-05 15:16:40.419 [main] Cafe - Set table 5 as active table
[INFO ] 2020-03-05 15:16:40.419 [main] Cafe - Assigned  table 5 to Ilse Vandenbroeck
[DEBUG] 2020-03-05 15:16:40.419 [main] Cafe - orderNumber count increased to: 5
[DEBUG] 2020-03-05 15:16:40.419 [main] Cafe - ID count increased to: 9
[INFO ] 2020-03-05 15:16:40.419 [main] Cafe - New order made: Order: 5, date: 2020-03-05, waiterID: 3, orderItems: [ID: 9, beverage: Cola, quantity: 100], tableID: 5
[DEBUG] 2020-03-05 15:16:40.419 [main] Cafe - ID count increased to: 10
[INFO ] 2020-03-05 15:16:40.420 [main] Cafe - orderNumber: 5 -  added orderline ID: 10, beverage: Leffe, quantity: 10
[INFO ] 2020-03-05 15:16:40.420 [main] Cafe - Table table 5 paid orderNumber 5
[INFO ] 2020-03-05 15:16:40.420 [main] Cafe - Cleared table table 5
[INFO ] 2020-03-05 15:16:40.428 [main] Cafe - Cafe started
[INFO ] 2020-03-05 15:16:40.429 [main] Cafe - Wout Peters logged in
[INFO ] 2020-03-05 15:16:40.429 [main] Cafe - Wout Peters logged out
[INFO ] 2020-03-05 15:16:40.430 [main] Cafe - Cafe started
[INFO ] 2020-03-05 15:16:40.431 [main] Cafe - Wout Peters logged in
[INFO ] 2020-03-05 15:16:40.431 [main] Cafe - Wout Peters logged out
[INFO ] 2020-03-05 15:16:40.431 [main] Cafe - Patrick Desmet logged in
[INFO ] 2020-03-05 15:16:40.437 [main] Cafe - Cafe started
[INFO ] 2020-03-05 15:16:40.451 [main] Cafe - Wout Peters logged in
[INFO ] 2020-03-05 15:16:40.452 [main] Cafe - Set table 1 as active table
[INFO ] 2020-03-05 15:16:40.456 [main] Cafe - Cafe started
[INFO ] 2020-03-05 15:16:40.458 [main] Cafe - Wout Peters logged in
[INFO ] 2020-03-05 15:16:40.458 [main] Cafe - Set table 1 as active table
[INFO ] 2020-03-05 15:16:40.458 [main] Cafe - Assigned  table 1 to Wout Peters
[DEBUG] 2020-03-05 15:16:40.458 [main] Cafe - orderNumber count increased to: 1
[DEBUG] 2020-03-05 15:16:40.458 [main] Cafe - ID count increased to: 1
[INFO ] 2020-03-05 15:16:40.459 [main] Cafe - New order made: Order: 1, date: 2020-03-05, waiterID: 1, orderItems: [ID: 1, beverage: Cola, quantity: 5], tableID: 1
[DEBUG] 2020-03-05 15:16:40.459 [main] Cafe - ID count increased to: 2
[INFO ] 2020-03-05 15:16:40.459 [main] Cafe - orderNumber: 1 -  added orderline ID: 2, beverage: Leffe, quantity: 5
[INFO ] 2020-03-05 15:16:40.464 [main] Cafe - Cafe started
[INFO ] 2020-03-05 15:16:40.464 [main] Cafe - Wout Peters logged in
[INFO ] 2020-03-05 15:16:40.464 [main] Cafe - Set table 1 as active table
[INFO ] 2020-03-05 15:16:40.468 [main] Cafe - Cafe started
[INFO ] 2020-03-05 15:16:40.469 [main] Cafe - Wout Peters logged in
[INFO ] 2020-03-05 15:16:40.469 [main] Cafe - Set table 1 as active table
[INFO ] 2020-03-05 15:16:40.473 [main] Cafe - Cafe started
[INFO ] 2020-03-05 15:16:40.479 [main] Cafe - Cafe started
[INFO ] 2020-03-05 15:16:40.480 [main] Cafe - Wout Peters logged in
[INFO ] 2020-03-05 15:16:40.480 [main] Cafe - Set table 1 as active table
[INFO ] 2020-03-05 15:16:40.480 [main] Cafe - Assigned  table 1 to Wout Peters
[DEBUG] 2020-03-05 15:16:40.480 [main] Cafe - orderNumber count increased to: 1
[DEBUG] 2020-03-05 15:16:40.480 [main] Cafe - ID count increased to: 1
[INFO ] 2020-03-05 15:16:40.480 [main] Cafe - New order made: Order: 1, date: 2020-03-05, waiterID: 1, orderItems: [ID: 1, beverage: Cola, quantity: 5], tableID: 1
[DEBUG] 2020-03-05 15:16:40.480 [main] Cafe - ID count increased to: 2
[INFO ] 2020-03-05 15:16:40.480 [main] Cafe - orderNumber: 1 -  added orderline ID: 2, beverage: Leffe, quantity: 5
[INFO ] 2020-03-05 15:16:40.484 [main] Cafe - Cafe started
[INFO ] 2020-03-05 15:16:40.510 [main] Cafe - Cafe started
[INFO ] 2020-03-05 15:16:40.510 [main] Cafe - Wout Peters logged in
[INFO ] 2020-03-05 15:16:40.511 [main] Cafe - Set table 1 as active table
[INFO ] 2020-03-05 15:16:40.512 [main] Cafe - Assigned  table 1 to Wout Peters
[DEBUG] 2020-03-05 15:16:40.512 [main] Cafe - orderNumber count increased to: 1
[DEBUG] 2020-03-05 15:16:40.512 [main] Cafe - ID count increased to: 1
[INFO ] 2020-03-05 15:16:40.512 [main] Cafe - New order made: Order: 1, date: 2020-03-05, waiterID: 1, orderItems: [ID: 1, beverage: Cola, quantity: 5], tableID: 1
[INFO ] 2020-03-05 15:16:40.513 [main] Cafe - Cafe started
