[INFO ] 2020-03-04 14:35:24.143 [main] Cafe - Cafe started
[INFO ] 2020-03-04 14:35:24.161 [main] Cafe - Cafe started
[INFO ] 2020-03-04 14:35:24.163 [main] Cafe - Wout Peters logged in
[INFO ] 2020-03-04 14:35:24.165 [main] Cafe - Set table 1 as active table
[INFO ] 2020-03-04 14:35:24.168 [main] Cafe - Assigned  table 1 to Wout Peters
[DEBUG] 2020-03-04 14:35:24.168 [main] Cafe - orderNumber count increased to: 1
[DEBUG] 2020-03-04 14:35:24.168 [main] Cafe - ID count increased to: 1
[INFO ] 2020-03-04 14:35:24.203 [main] Cafe - New order made: Order: 1, date: 2020-02-05, waiterID: 1, orderItems: [ID: 1, beverage: Cola, quantity: 10], tableID: 1
[INFO ] 2020-03-04 14:35:24.206 [main] Cafe - Table table 1 paid orderNumber 1
[INFO ] 2020-03-04 14:35:24.207 [main] Cafe - Cleared table table 1
[INFO ] 2020-03-04 14:35:24.207 [main] Cafe - Set table 2 as active table
[INFO ] 2020-03-04 14:35:24.207 [main] Cafe - Assigned  table 2 to Wout Peters
[DEBUG] 2020-03-04 14:35:24.207 [main] Cafe - orderNumber count increased to: 2
[DEBUG] 2020-03-04 14:35:24.208 [main] Cafe - ID count increased to: 2
[INFO ] 2020-03-04 14:35:24.208 [main] Cafe - New order made: Order: 2, date: 2020-02-05, waiterID: 1, orderItems: [ID: 2, beverage: Leffe, quantity: 30], tableID: 2
[DEBUG] 2020-03-04 14:35:24.208 [main] Cafe - ID count increased to: 3
[INFO ] 2020-03-04 14:35:24.211 [main] Cafe - orderNumber: 2 -  added orderline ID: 3, beverage: Cola, quantity: 20
[INFO ] 2020-03-04 14:35:24.211 [main] Cafe - Table table 2 paid orderNumber 2
[INFO ] 2020-03-04 14:35:24.212 [main] Cafe - Cleared table table 2
[INFO ] 2020-03-04 14:35:24.212 [main] Cafe - Wout Peters logged out
[INFO ] 2020-03-04 14:35:24.213 [main] Cafe - Patrick Desmet logged in
[INFO ] 2020-03-04 14:35:24.213 [main] Cafe - Set table 1 as active table
[INFO ] 2020-03-04 14:35:24.244 [main] Cafe - Assigned  table 1 to Patrick Desmet
[DEBUG] 2020-03-04 14:35:24.245 [main] Cafe - orderNumber count increased to: 3
[DEBUG] 2020-03-04 14:35:24.249 [main] Cafe - ID count increased to: 4
[INFO ] 2020-03-04 14:35:24.250 [main] Cafe - New order made: Order: 3, date: 2020-03-04, waiterID: 4, orderItems: [ID: 4, beverage: Cola, quantity: 10], tableID: 1
[DEBUG] 2020-03-04 14:35:24.251 [main] Cafe - ID count increased to: 5
[INFO ] 2020-03-04 14:35:24.252 [main] Cafe - orderNumber: 3 -  added orderline ID: 5, beverage: Leffe, quantity: 10
[INFO ] 2020-03-04 14:35:24.252 [main] Cafe - Table table 1 paid orderNumber 3
[INFO ] 2020-03-04 14:35:24.254 [main] Cafe - Cleared table table 1
[INFO ] 2020-03-04 14:35:24.255 [main] Cafe - Patrick Desmet logged out
[INFO ] 2020-03-04 14:35:24.256 [main] Cafe - Wout Peters logged in
[INFO ] 2020-03-04 14:35:24.282 [main] Cafe - Wout Peters retrieved his sales data
[INFO ] 2020-03-04 14:35:24.282 [main] Cafe - Wout Peters logged out
[INFO ] 2020-03-04 14:35:24.288 [main] Cafe - Cafe started
[INFO ] 2020-03-04 14:35:24.288 [main] Cafe - Wout Peters logged in
[INFO ] 2020-03-04 14:35:24.289 [main] Cafe - Set table 1 as active table
[INFO ] 2020-03-04 14:35:24.289 [main] Cafe - Assigned  table 1 to Wout Peters
[DEBUG] 2020-03-04 14:35:24.289 [main] Cafe - orderNumber count increased to: 1
[DEBUG] 2020-03-04 14:35:24.289 [main] Cafe - ID count increased to: 1
[INFO ] 2020-03-04 14:35:24.290 [main] Cafe - New order made: Order: 1, date: 2020-03-04, waiterID: 1, orderItems: [ID: 1, beverage: Cola, quantity: 10], tableID: 1
[DEBUG] 2020-03-04 14:35:24.290 [main] Cafe - ID count increased to: 2
[INFO ] 2020-03-04 14:35:24.290 [main] Cafe - orderNumber: 1 -  added orderline ID: 2, beverage: Leffe, quantity: 10
[INFO ] 2020-03-04 14:35:24.290 [main] Cafe - Table table 1 paid orderNumber 1
[INFO ] 2020-03-04 14:35:24.290 [main] Cafe - Cleared table table 1
[INFO ] 2020-03-04 14:35:24.291 [main] Cafe - Set table 2 as active table
[INFO ] 2020-03-04 14:35:24.291 [main] Cafe - Assigned  table 2 to Wout Peters
[DEBUG] 2020-03-04 14:35:24.291 [main] Cafe - orderNumber count increased to: 2
[DEBUG] 2020-03-04 14:35:24.291 [main] Cafe - ID count increased to: 3
[INFO ] 2020-03-04 14:35:24.291 [main] Cafe - New order made: Order: 2, date: 2020-03-04, waiterID: 1, orderItems: [ID: 3, beverage: Leffe, quantity: 30], tableID: 2
[DEBUG] 2020-03-04 14:35:24.291 [main] Cafe - ID count increased to: 4
[INFO ] 2020-03-04 14:35:24.292 [main] Cafe - orderNumber: 2 -  added orderline ID: 4, beverage: Cola, quantity: 20
[INFO ] 2020-03-04 14:35:24.292 [main] Cafe - Table table 2 paid orderNumber 2
[INFO ] 2020-03-04 14:35:24.292 [main] Cafe - Cleared table table 2
[INFO ] 2020-03-04 14:35:24.293 [main] Cafe - Wout Peters logged out
[INFO ] 2020-03-04 14:35:24.293 [main] Cafe - Patrick Desmet logged in
[INFO ] 2020-03-04 14:35:24.293 [main] Cafe - Set table 1 as active table
[INFO ] 2020-03-04 14:35:24.293 [main] Cafe - Assigned  table 1 to Patrick Desmet
[DEBUG] 2020-03-04 14:35:24.293 [main] Cafe - orderNumber count increased to: 3
[DEBUG] 2020-03-04 14:35:24.293 [main] Cafe - ID count increased to: 5
[INFO ] 2020-03-04 14:35:24.294 [main] Cafe - New order made: Order: 3, date: 2020-03-04, waiterID: 4, orderItems: [ID: 5, beverage: Cola, quantity: 10], tableID: 1
[DEBUG] 2020-03-04 14:35:24.294 [main] Cafe - ID count increased to: 6
[INFO ] 2020-03-04 14:35:24.294 [main] Cafe - orderNumber: 3 -  added orderline ID: 6, beverage: Leffe, quantity: 10
[INFO ] 2020-03-04 14:35:24.295 [main] Cafe - Table table 1 paid orderNumber 3
[INFO ] 2020-03-04 14:35:24.295 [main] Cafe - Cleared table table 1
[INFO ] 2020-03-04 14:35:24.295 [main] Cafe - Patrick Desmet logged out
[INFO ] 2020-03-04 14:35:24.297 [main] Cafe - Wout Peters logged in
[INFO ] 2020-03-04 14:35:24.300 [main] Cafe - Wout Peters retrieved his sales data
[INFO ] 2020-03-04 14:35:24.300 [main] Cafe - Wout Peters logged out
[INFO ] 2020-03-04 14:35:24.301 [main] Cafe - Patrick Desmet logged in
[INFO ] 2020-03-04 14:35:24.301 [main] Cafe - Patrick Desmet retrieved his sales data
[INFO ] 2020-03-04 14:35:24.304 [main] Cafe - Cafe started
[INFO ] 2020-03-04 14:35:24.306 [main] Cafe - Wout Peters logged in
[INFO ] 2020-03-04 14:35:24.307 [main] Cafe - Set table 1 as active table
[INFO ] 2020-03-04 14:35:24.307 [main] Cafe - Assigned  table 1 to Wout Peters
[DEBUG] 2020-03-04 14:35:24.307 [main] Cafe - orderNumber count increased to: 1
[DEBUG] 2020-03-04 14:35:24.307 [main] Cafe - ID count increased to: 1
[INFO ] 2020-03-04 14:35:24.307 [main] Cafe - New order made: Order: 1, date: 2020-03-04, waiterID: 1, orderItems: [ID: 1, beverage: Cola, quantity: 2], tableID: 1
[DEBUG] 2020-03-04 14:35:24.308 [main] Cafe - ID count increased to: 2
[INFO ] 2020-03-04 14:35:24.308 [main] Cafe - orderNumber: 1 -  added orderline ID: 2, beverage: Leffe, quantity: 2
[DEBUG] 2020-03-04 14:35:24.308 [main] Cafe - ID count increased to: 3
[INFO ] 2020-03-04 14:35:24.308 [main] Cafe - orderNumber: 1 -  added orderline ID: 3, beverage: Duvel, quantity: 2
[DEBUG] 2020-03-04 14:35:24.309 [main] Cafe - ID count increased to: 4
[INFO ] 2020-03-04 14:35:24.310 [main] Cafe - orderNumber: 1 -  added orderline ID: 4, beverage: Fanta, quantity: 2
[INFO ] 2020-03-04 14:35:24.310 [main] Cafe - Table table 1 paid orderNumber 1
[INFO ] 2020-03-04 14:35:24.310 [main] Cafe - Cleared table table 1
[INFO ] 2020-03-04 14:35:24.310 [main] Cafe - Wout Peters logged out
[INFO ] 2020-03-04 14:35:24.310 [main] Cafe - Patrick Desmet logged in
[INFO ] 2020-03-04 14:35:24.311 [main] Cafe - Set table 10 as active table
[INFO ] 2020-03-04 14:35:24.311 [main] Cafe - Assigned  table 10 to Patrick Desmet
[DEBUG] 2020-03-04 14:35:24.311 [main] Cafe - orderNumber count increased to: 2
[DEBUG] 2020-03-04 14:35:24.311 [main] Cafe - ID count increased to: 5
[INFO ] 2020-03-04 14:35:24.311 [main] Cafe - New order made: Order: 2, date: 2020-03-04, waiterID: 4, orderItems: [ID: 5, beverage: Cola, quantity: 20], tableID: 10
[DEBUG] 2020-03-04 14:35:24.312 [main] Cafe - ID count increased to: 6
[INFO ] 2020-03-04 14:35:24.312 [main] Cafe - orderNumber: 2 -  added orderline ID: 6, beverage: Leffe, quantity: 30
[DEBUG] 2020-03-04 14:35:24.312 [main] Cafe - ID count increased to: 7
[INFO ] 2020-03-04 14:35:24.313 [main] Cafe - orderNumber: 2 -  added orderline ID: 7, beverage: Duvel, quantity: 40
[INFO ] 2020-03-04 14:35:24.315 [main] Cafe - Patrick Desmet logged out
[INFO ] 2020-03-04 14:35:24.315 [main] Cafe - Wout Peters logged in
[INFO ] 2020-03-04 14:35:24.316 [main] Cafe - Set table 1 as active table
[INFO ] 2020-03-04 14:35:24.316 [main] Cafe - Assigned  table 1 to Wout Peters
[DEBUG] 2020-03-04 14:35:24.316 [main] Cafe - orderNumber count increased to: 3
[DEBUG] 2020-03-04 14:35:24.316 [main] Cafe - ID count increased to: 8
[INFO ] 2020-03-04 14:35:24.316 [main] Cafe - New order made: Order: 3, date: 2020-03-04, waiterID: 1, orderItems: [ID: 8, beverage: Cola, quantity: 2], tableID: 1
[DEBUG] 2020-03-04 14:35:24.316 [main] Cafe - ID count increased to: 9
[INFO ] 2020-03-04 14:35:24.317 [main] Cafe - orderNumber: 3 -  added orderline ID: 9, beverage: Leffe, quantity: 2
[INFO ] 2020-03-04 14:35:24.317 [main] Cafe - Wout Peters logged out
[INFO ] 2020-03-04 14:35:24.317 [main] Cafe - Patrick Desmet logged in
[INFO ] 2020-03-04 14:35:24.317 [main] Cafe - Set table 10 as active table
[INFO ] 2020-03-04 14:35:24.317 [main] Cafe - Table table 10 paid orderNumber 2
[INFO ] 2020-03-04 14:35:24.317 [main] Cafe - Cleared table table 10
[INFO ] 2020-03-04 14:35:24.322 [main] Cafe - Cafe started
[INFO ] 2020-03-04 14:35:24.322 [main] Cafe - Wout Peters logged in
[ERROR] 2020-03-04 14:35:24.322 [main] Cafe - Pay failed, no active table
[INFO ] 2020-03-04 14:35:24.322 [main] Cafe - Set table 1 as active table
[INFO ] 2020-03-04 14:35:24.323 [main] Cafe - Assigned  table 1 to Wout Peters
[DEBUG] 2020-03-04 14:35:24.323 [main] Cafe - orderNumber count increased to: 1
[DEBUG] 2020-03-04 14:35:24.323 [main] Cafe - ID count increased to: 1
[INFO ] 2020-03-04 14:35:24.323 [main] Cafe - New order made: Order: 1, date: 2020-03-04, waiterID: 1, orderItems: [ID: 1, beverage: Cola, quantity: 5], tableID: 1
[DEBUG] 2020-03-04 14:35:24.323 [main] Cafe - ID count increased to: 2
[INFO ] 2020-03-04 14:35:24.324 [main] Cafe - orderNumber: 1 -  added orderline ID: 2, beverage: Leffe, quantity: 2
[DEBUG] 2020-03-04 14:35:24.324 [main] Cafe - ID count increased to: 3
[INFO ] 2020-03-04 14:35:24.324 [main] Cafe - orderNumber: 1 -  added orderline ID: 3, beverage: Duvel, quantity: 10
[INFO ] 2020-03-04 14:35:24.324 [main] Cafe - Table table 1 paid orderNumber 1
[INFO ] 2020-03-04 14:35:24.324 [main] Cafe - Cleared table table 1
[INFO ] 2020-03-04 14:35:24.324 [main] Cafe - Wout Peters logged out
[INFO ] 2020-03-04 14:35:24.324 [main] Cafe - Patrick Desmet logged in
[INFO ] 2020-03-04 14:35:24.325 [main] Cafe - Set table 10 as active table
[INFO ] 2020-03-04 14:35:24.325 [main] Cafe - Assigned  table 10 to Patrick Desmet
[DEBUG] 2020-03-04 14:35:24.326 [main] Cafe - orderNumber count increased to: 2
[DEBUG] 2020-03-04 14:35:24.326 [main] Cafe - ID count increased to: 4
[INFO ] 2020-03-04 14:35:24.326 [main] Cafe - New order made: Order: 2, date: 2020-03-04, waiterID: 4, orderItems: [ID: 4, beverage: Cola, quantity: 1], tableID: 10
[DEBUG] 2020-03-04 14:35:24.326 [main] Cafe - ID count increased to: 5
[INFO ] 2020-03-04 14:35:24.326 [main] Cafe - orderNumber: 2 -  added orderline ID: 5, beverage: Leffe, quantity: 3
[DEBUG] 2020-03-04 14:35:24.327 [main] Cafe - ID count increased to: 6
[INFO ] 2020-03-04 14:35:24.327 [main] Cafe - orderNumber: 2 -  added orderline ID: 6, beverage: Duvel, quantity: 5
[DEBUG] 2020-03-04 14:35:24.327 [main] Cafe - ID count increased to: 7
[INFO ] 2020-03-04 14:35:24.327 [main] Cafe - orderNumber: 2 -  added orderline ID: 7, beverage: Fanta, quantity: 4
[INFO ] 2020-03-04 14:35:24.327 [main] Cafe - Table table 10 paid orderNumber 2
[INFO ] 2020-03-04 14:35:24.327 [main] Cafe - Cleared table table 10
[INFO ] 2020-03-04 14:35:24.333 [main] Cafe - Cafe started
[INFO ] 2020-03-04 14:35:24.334 [main] Cafe - Wout Peters logged in
[INFO ] 2020-03-04 14:35:24.341 [main] Cafe - Wout Peters logged out
[ERROR] 2020-03-04 14:35:24.346 [main] Cafe - Login failed, username incorrect: Wouter Peters password: password
[ERROR] 2020-03-04 14:35:24.348 [main] Cafe - Login failed, username incorrect: Wouters Peter password: password
[ERROR] 2020-03-04 14:35:24.349 [main] Cafe - Login failed, username incorrect: Wout Peeters password: password
[ERROR] 2020-03-04 14:35:24.349 [main] Cafe - Login failed, wrong password: username: Wout Peters password: passwoord
[INFO ] 2020-03-04 14:35:24.350 [main] Cafe - Patrick Desmet logged in
[INFO ] 2020-03-04 14:35:24.350 [main] Cafe - Patrick Desmet logged out
[ERROR] 2020-03-04 14:35:24.350 [main] Cafe - Login failed, username incorrect: Patrick Desmeet password: password
[INFO ] 2020-03-04 14:35:24.351 [main] Cafe - Cafe started
[INFO ] 2020-03-04 14:35:24.354 [main] Cafe - Cafe started
[INFO ] 2020-03-04 14:35:24.354 [main] Cafe - Wout Peters logged in
[INFO ] 2020-03-04 14:35:24.355 [main] Cafe - Set table 1 as active table
[INFO ] 2020-03-04 14:35:24.356 [main] Cafe - Assigned  table 1 to Wout Peters
[DEBUG] 2020-03-04 14:35:24.356 [main] Cafe - orderNumber count increased to: 1
[DEBUG] 2020-03-04 14:35:24.356 [main] Cafe - ID count increased to: 1
[INFO ] 2020-03-04 14:35:24.356 [main] Cafe - New order made: Order: 1, date: 2020-03-04, waiterID: 1, orderItems: [ID: 1, beverage: Cola, quantity: 5], tableID: 1
[DEBUG] 2020-03-04 14:35:24.356 [main] Cafe - ID count increased to: 2
[INFO ] 2020-03-04 14:35:24.357 [main] Cafe - orderNumber: 1 -  added orderline ID: 2, beverage: Leffe, quantity: 2
[INFO ] 2020-03-04 14:35:24.357 [main] Cafe - Set table 2 as active table
[INFO ] 2020-03-04 14:35:24.357 [main] Cafe - Assigned  table 2 to Wout Peters
[DEBUG] 2020-03-04 14:35:24.357 [main] Cafe - orderNumber count increased to: 2
[DEBUG] 2020-03-04 14:35:24.357 [main] Cafe - ID count increased to: 3
[INFO ] 2020-03-04 14:35:24.357 [main] Cafe - New order made: Order: 2, date: 2020-03-04, waiterID: 1, orderItems: [ID: 3, beverage: Leffe, quantity: 2], tableID: 2
[INFO ] 2020-03-04 14:35:24.359 [main] Cafe - orderNumber: 2 - updated orderline with ID: 3, beverage: Leffe, quantity: 4
[INFO ] 2020-03-04 14:35:24.359 [main] Cafe - orderNumber: 2 - updated orderline with ID: 3, beverage: Leffe, quantity: 9
[INFO ] 2020-03-04 14:35:24.359 [main] Cafe - Wout Peters logged out
[INFO ] 2020-03-04 14:35:24.359 [main] Cafe - Patrick Desmet logged in
[ERROR] 2020-03-04 14:35:24.360 [main] Cafe - table 2 does not belong to: Patrick Desmet
[INFO ] 2020-03-04 14:35:24.360 [main] Cafe - Set table 3 as active table
[INFO ] 2020-03-04 14:35:24.360 [main] Cafe - Assigned  table 3 to Patrick Desmet
[DEBUG] 2020-03-04 14:35:24.360 [main] Cafe - orderNumber count increased to: 3
[DEBUG] 2020-03-04 14:35:24.360 [main] Cafe - ID count increased to: 4
[INFO ] 2020-03-04 14:35:24.360 [main] Cafe - New order made: Order: 3, date: 2020-03-04, waiterID: 4, orderItems: [ID: 4, beverage: Leffe, quantity: 3], tableID: 3
[DEBUG] 2020-03-04 14:35:24.360 [main] Cafe - ID count increased to: 5
[INFO ] 2020-03-04 14:35:24.361 [main] Cafe - orderNumber: 3 -  added orderline ID: 5, beverage: Cola, quantity: 2
[INFO ] 2020-03-04 14:35:24.361 [main] Cafe - Patrick Desmet logged out
[INFO ] 2020-03-04 14:35:24.361 [main] Cafe - Wout Peters logged in
[INFO ] 2020-03-04 14:35:24.361 [main] Cafe - Set table 1 as active table
[INFO ] 2020-03-04 14:35:24.361 [main] Cafe - orderNumber: 1 - updated orderline with ID: 2, beverage: Leffe, quantity: 4
[INFO ] 2020-03-04 14:35:24.362 [main] Cafe - Cafe started
[INFO ] 2020-03-04 14:35:24.364 [main] Cafe - Wout Peters logged in
[ERROR] 2020-03-04 14:35:24.365 [main] Cafe - Remove of orderline failed, no active table
[INFO ] 2020-03-04 14:35:24.365 [main] Cafe - Set table 1 as active table
[INFO ] 2020-03-04 14:35:24.365 [main] Cafe - Assigned  table 1 to Wout Peters
[DEBUG] 2020-03-04 14:35:24.365 [main] Cafe - orderNumber count increased to: 1
[DEBUG] 2020-03-04 14:35:24.365 [main] Cafe - ID count increased to: 1
[INFO ] 2020-03-04 14:35:24.365 [main] Cafe - New order made: Order: 1, date: 2020-03-04, waiterID: 1, orderItems: [ID: 1, beverage: Cola, quantity: 2], tableID: 1
[DEBUG] 2020-03-04 14:35:24.365 [main] Cafe - ID count increased to: 2
[INFO ] 2020-03-04 14:35:24.366 [main] Cafe - orderNumber: 1 -  added orderline ID: 2, beverage: Leffe, quantity: 2
[DEBUG] 2020-03-04 14:35:24.366 [main] Cafe - ID count increased to: 3
[INFO ] 2020-03-04 14:35:24.366 [main] Cafe - orderNumber: 1 -  added orderline ID: 3, beverage: Duvel, quantity: 2
[DEBUG] 2020-03-04 14:35:24.366 [main] Cafe - ID count increased to: 4
[INFO ] 2020-03-04 14:35:24.366 [main] Cafe - orderNumber: 1 -  added orderline ID: 4, beverage: Fanta, quantity: 2
[INFO ] 2020-03-04 14:35:24.366 [main] Cafe - Removed orderline ID: 1, beverage: Cola, quantity: 2
[INFO ] 2020-03-04 14:35:24.369 [main] Cafe - Cafe started
[INFO ] 2020-03-04 14:35:24.369 [main] Cafe - Wout Peters logged in
[INFO ] 2020-03-04 14:35:24.370 [main] Cafe - Wout Peters logged out
[INFO ] 2020-03-04 14:35:24.370 [main] Cafe - Patrick Desmet logged in
[INFO ] 2020-03-04 14:35:24.372 [main] Cafe - Cafe started
[INFO ] 2020-03-04 14:35:24.372 [main] Cafe - Wout Peters logged in
[INFO ] 2020-03-04 14:35:24.372 [main] Cafe - Set table 1 as active table
[INFO ] 2020-03-04 14:35:24.372 [main] Cafe - Assigned  table 1 to Wout Peters
[DEBUG] 2020-03-04 14:35:24.372 [main] Cafe - orderNumber count increased to: 1
[DEBUG] 2020-03-04 14:35:24.373 [main] Cafe - ID count increased to: 1
[INFO ] 2020-03-04 14:35:24.373 [main] Cafe - New order made: Order: 1, date: 2020-03-04, waiterID: 1, orderItems: [ID: 1, beverage: Cola, quantity: 10], tableID: 1
[DEBUG] 2020-03-04 14:35:24.373 [main] Cafe - ID count increased to: 2
[INFO ] 2020-03-04 14:35:24.373 [main] Cafe - orderNumber: 1 -  added orderline ID: 2, beverage: Leffe, quantity: 10
[INFO ] 2020-03-04 14:35:24.373 [main] Cafe - Table table 1 paid orderNumber 1
[INFO ] 2020-03-04 14:35:24.373 [main] Cafe - Cleared table table 1
[INFO ] 2020-03-04 14:35:24.373 [main] Cafe - Set table 2 as active table
[INFO ] 2020-03-04 14:35:24.373 [main] Cafe - Assigned  table 2 to Wout Peters
[DEBUG] 2020-03-04 14:35:24.374 [main] Cafe - orderNumber count increased to: 2
[DEBUG] 2020-03-04 14:35:24.374 [main] Cafe - ID count increased to: 3
[INFO ] 2020-03-04 14:35:24.374 [main] Cafe - New order made: Order: 2, date: 2020-03-04, waiterID: 1, orderItems: [ID: 3, beverage: Leffe, quantity: 30], tableID: 2
[DEBUG] 2020-03-04 14:35:24.374 [main] Cafe - ID count increased to: 4
[INFO ] 2020-03-04 14:35:24.374 [main] Cafe - orderNumber: 2 -  added orderline ID: 4, beverage: Cola, quantity: 20
[INFO ] 2020-03-04 14:35:24.374 [main] Cafe - Table table 2 paid orderNumber 2
[INFO ] 2020-03-04 14:35:24.374 [main] Cafe - Cleared table table 2
[INFO ] 2020-03-04 14:35:24.384 [main] Cafe - Cafe started
[INFO ] 2020-03-04 14:35:24.384 [main] Cafe - Set table 1 as active table
[INFO ] 2020-03-04 14:35:24.384 [main] Cafe - Set table 9 as active table
[INFO ] 2020-03-04 14:35:24.386 [main] Cafe - Cafe started
[INFO ] 2020-03-04 14:35:24.386 [main] Cafe - Wout Peters logged in
[INFO ] 2020-03-04 14:35:24.386 [main] Cafe - Set table 1 as active table
[INFO ] 2020-03-04 14:35:24.386 [main] Cafe - Assigned  table 1 to Wout Peters
[DEBUG] 2020-03-04 14:35:24.387 [main] Cafe - orderNumber count increased to: 1
[DEBUG] 2020-03-04 14:35:24.387 [main] Cafe - ID count increased to: 1
[INFO ] 2020-03-04 14:35:24.387 [main] Cafe - New order made: Order: 1, date: 2020-02-05, waiterID: 1, orderItems: [ID: 1, beverage: Cola, quantity: 20], tableID: 1
[INFO ] 2020-03-04 14:35:24.387 [main] Cafe - Table table 1 paid orderNumber 1
[INFO ] 2020-03-04 14:35:24.388 [main] Cafe - Cleared table table 1
[INFO ] 2020-03-04 14:35:24.388 [main] Cafe - Set table 2 as active table
[INFO ] 2020-03-04 14:35:24.388 [main] Cafe - Assigned  table 2 to Wout Peters
[DEBUG] 2020-03-04 14:35:24.388 [main] Cafe - orderNumber count increased to: 2
[DEBUG] 2020-03-04 14:35:24.388 [main] Cafe - ID count increased to: 2
[INFO ] 2020-03-04 14:35:24.388 [main] Cafe - New order made: Order: 2, date: 2020-02-05, waiterID: 1, orderItems: [ID: 2, beverage: Leffe, quantity: 30], tableID: 2
[DEBUG] 2020-03-04 14:35:24.388 [main] Cafe - ID count increased to: 3
[INFO ] 2020-03-04 14:35:24.388 [main] Cafe - orderNumber: 2 -  added orderline ID: 3, beverage: Cola, quantity: 20
[INFO ] 2020-03-04 14:35:24.388 [main] Cafe - Table table 2 paid orderNumber 2
[INFO ] 2020-03-04 14:35:24.388 [main] Cafe - Cleared table table 2
[INFO ] 2020-03-04 14:35:24.389 [main] Cafe - Set table 1 as active table
[INFO ] 2020-03-04 14:35:24.389 [main] Cafe - Assigned  table 1 to Wout Peters
[DEBUG] 2020-03-04 14:35:24.389 [main] Cafe - orderNumber count increased to: 3
[DEBUG] 2020-03-04 14:35:24.389 [main] Cafe - ID count increased to: 4
[INFO ] 2020-03-04 14:35:24.389 [main] Cafe - New order made: Order: 3, date: 2020-03-04, waiterID: 1, orderItems: [ID: 4, beverage: Cola, quantity: 10], tableID: 1
[DEBUG] 2020-03-04 14:35:24.389 [main] Cafe - ID count increased to: 5
[INFO ] 2020-03-04 14:35:24.389 [main] Cafe - orderNumber: 3 -  added orderline ID: 5, beverage: Leffe, quantity: 10
[INFO ] 2020-03-04 14:35:24.389 [main] Cafe - Table table 1 paid orderNumber 3
[INFO ] 2020-03-04 14:35:24.390 [main] Cafe - Cleared table table 1
[INFO ] 2020-03-04 14:35:24.390 [main] Cafe - Wout Peters logged out
[INFO ] 2020-03-04 14:35:24.392 [main] Cafe - Wout Peters logged in
[INFO ] 2020-03-04 14:35:24.399 [main] Cafe - Wout Peters retrieved his sales data
[INFO ] 2020-03-04 14:35:24.795 [main] Cafe - Wout Peters created a waiter sales PDF report for 2020-02-05
[INFO ] 2020-03-04 14:35:24.798 [main] Cafe - Cafe started
[INFO ] 2020-03-04 14:35:24.799 [main] Cafe - Wout Peters logged in
[INFO ] 2020-03-04 14:35:24.800 [main] Cafe - Set table 1 as active table
[INFO ] 2020-03-04 14:35:24.800 [main] Cafe - Assigned  table 1 to Wout Peters
[DEBUG] 2020-03-04 14:35:24.800 [main] Cafe - orderNumber count increased to: 1
[DEBUG] 2020-03-04 14:35:24.800 [main] Cafe - ID count increased to: 1
[INFO ] 2020-03-04 14:35:24.801 [main] Cafe - New order made: Order: 1, date: 2020-03-04, waiterID: 1, orderItems: [ID: 1, beverage: Cola, quantity: 10], tableID: 1
[DEBUG] 2020-03-04 14:35:24.801 [main] Cafe - ID count increased to: 2
[INFO ] 2020-03-04 14:35:24.801 [main] Cafe - orderNumber: 1 -  added orderline ID: 2, beverage: Leffe, quantity: 10
[INFO ] 2020-03-04 14:35:24.801 [main] Cafe - Table table 1 paid orderNumber 1
[INFO ] 2020-03-04 14:35:24.801 [main] Cafe - Cleared table table 1
[INFO ] 2020-03-04 14:35:24.801 [main] Cafe - Set table 2 as active table
[INFO ] 2020-03-04 14:35:24.801 [main] Cafe - Assigned  table 2 to Wout Peters
[DEBUG] 2020-03-04 14:35:24.801 [main] Cafe - orderNumber count increased to: 2
[DEBUG] 2020-03-04 14:35:24.801 [main] Cafe - ID count increased to: 3
[INFO ] 2020-03-04 14:35:24.802 [main] Cafe - New order made: Order: 2, date: 2020-03-04, waiterID: 1, orderItems: [ID: 3, beverage: Leffe, quantity: 30], tableID: 2
[DEBUG] 2020-03-04 14:35:24.802 [main] Cafe - ID count increased to: 4
[INFO ] 2020-03-04 14:35:24.802 [main] Cafe - orderNumber: 2 -  added orderline ID: 4, beverage: Cola, quantity: 20
[INFO ] 2020-03-04 14:35:24.802 [main] Cafe - Table table 2 paid orderNumber 2
[INFO ] 2020-03-04 14:35:24.802 [main] Cafe - Cleared table table 2
[INFO ] 2020-03-04 14:35:24.802 [main] Cafe - Wout Peters logged out
[INFO ] 2020-03-04 14:35:24.802 [main] Cafe - Patrick Desmet logged in
[INFO ] 2020-03-04 14:35:24.802 [main] Cafe - Set table 1 as active table
[INFO ] 2020-03-04 14:35:24.802 [main] Cafe - Assigned  table 1 to Patrick Desmet
[DEBUG] 2020-03-04 14:35:24.802 [main] Cafe - orderNumber count increased to: 3
[DEBUG] 2020-03-04 14:35:24.802 [main] Cafe - ID count increased to: 5
[INFO ] 2020-03-04 14:35:24.803 [main] Cafe - New order made: Order: 3, date: 2020-03-04, waiterID: 4, orderItems: [ID: 5, beverage: Cola, quantity: 10], tableID: 1
[DEBUG] 2020-03-04 14:35:24.803 [main] Cafe - ID count increased to: 6
[INFO ] 2020-03-04 14:35:24.803 [main] Cafe - orderNumber: 3 -  added orderline ID: 6, beverage: Leffe, quantity: 10
[INFO ] 2020-03-04 14:35:24.803 [main] Cafe - Table table 1 paid orderNumber 3
[INFO ] 2020-03-04 14:35:24.803 [main] Cafe - Cleared table table 1
[INFO ] 2020-03-04 14:35:24.803 [main] Cafe - Set table 2 as active table
[INFO ] 2020-03-04 14:35:24.803 [main] Cafe - Assigned  table 2 to Patrick Desmet
[DEBUG] 2020-03-04 14:35:24.803 [main] Cafe - orderNumber count increased to: 4
[DEBUG] 2020-03-04 14:35:24.803 [main] Cafe - ID count increased to: 7
[INFO ] 2020-03-04 14:35:24.803 [main] Cafe - New order made: Order: 4, date: 2020-03-04, waiterID: 4, orderItems: [ID: 7, beverage: Leffe, quantity: 10], tableID: 2
[DEBUG] 2020-03-04 14:35:24.804 [main] Cafe - ID count increased to: 8
[INFO ] 2020-03-04 14:35:24.804 [main] Cafe - orderNumber: 4 -  added orderline ID: 8, beverage: Cola, quantity: 10
[INFO ] 2020-03-04 14:35:24.804 [main] Cafe - Table table 2 paid orderNumber 4
[INFO ] 2020-03-04 14:35:24.804 [main] Cafe - Cleared table table 2
[INFO ] 2020-03-04 14:35:24.804 [main] Cafe - Patrick Desmet logged out
[INFO ] 2020-03-04 14:35:24.804 [main] Cafe - Ilse Vandenbroeck logged in
[INFO ] 2020-03-04 14:35:24.804 [main] Cafe - Set table 5 as active table
[INFO ] 2020-03-04 14:35:24.804 [main] Cafe - Assigned  table 5 to Ilse Vandenbroeck
[DEBUG] 2020-03-04 14:35:24.804 [main] Cafe - orderNumber count increased to: 5
[DEBUG] 2020-03-04 14:35:24.805 [main] Cafe - ID count increased to: 9
[INFO ] 2020-03-04 14:35:24.805 [main] Cafe - New order made: Order: 5, date: 2020-03-04, waiterID: 3, orderItems: [ID: 9, beverage: Cola, quantity: 100], tableID: 5
[DEBUG] 2020-03-04 14:35:24.805 [main] Cafe - ID count increased to: 10
[INFO ] 2020-03-04 14:35:24.805 [main] Cafe - orderNumber: 5 -  added orderline ID: 10, beverage: Leffe, quantity: 10
[INFO ] 2020-03-04 14:35:24.805 [main] Cafe - Table table 5 paid orderNumber 5
[INFO ] 2020-03-04 14:35:24.805 [main] Cafe - Cleared table table 5
[INFO ] 2020-03-04 14:35:25.776 [main] Cafe - Ilse Vandenbroeck created top waiter pie chart
[INFO ] 2020-03-04 14:35:25.780 [main] Cafe - Cafe started
[INFO ] 2020-03-04 14:35:25.781 [main] Cafe - Wout Peters logged in
[INFO ] 2020-03-04 14:35:25.781 [main] Cafe - Set table 1 as active table
[INFO ] 2020-03-04 14:35:25.782 [main] Cafe - Assigned  table 1 to Wout Peters
[DEBUG] 2020-03-04 14:35:25.782 [main] Cafe - orderNumber count increased to: 1
[DEBUG] 2020-03-04 14:35:25.782 [main] Cafe - ID count increased to: 1
[INFO ] 2020-03-04 14:35:25.782 [main] Cafe - New order made: Order: 1, date: 2020-02-05, waiterID: 1, orderItems: [ID: 1, beverage: Cola, quantity: 10], tableID: 1
[INFO ] 2020-03-04 14:35:25.782 [main] Cafe - Table table 1 paid orderNumber 1
[INFO ] 2020-03-04 14:35:25.782 [main] Cafe - Cleared table table 1
[INFO ] 2020-03-04 14:35:25.783 [main] Cafe - Set table 2 as active table
[INFO ] 2020-03-04 14:35:25.783 [main] Cafe - Assigned  table 2 to Wout Peters
[DEBUG] 2020-03-04 14:35:25.783 [main] Cafe - orderNumber count increased to: 2
[DEBUG] 2020-03-04 14:35:25.783 [main] Cafe - ID count increased to: 2
[INFO ] 2020-03-04 14:35:25.783 [main] Cafe - New order made: Order: 2, date: 2020-02-05, waiterID: 1, orderItems: [ID: 2, beverage: Leffe, quantity: 30], tableID: 2
[DEBUG] 2020-03-04 14:35:25.783 [main] Cafe - ID count increased to: 3
[INFO ] 2020-03-04 14:35:25.783 [main] Cafe - orderNumber: 2 -  added orderline ID: 3, beverage: Cola, quantity: 20
[INFO ] 2020-03-04 14:35:25.784 [main] Cafe - Table table 2 paid orderNumber 2
[INFO ] 2020-03-04 14:35:25.784 [main] Cafe - Cleared table table 2
[INFO ] 2020-03-04 14:35:25.784 [main] Cafe - Wout Peters logged out
[INFO ] 2020-03-04 14:35:25.784 [main] Cafe - Patrick Desmet logged in
[INFO ] 2020-03-04 14:35:25.784 [main] Cafe - Set table 1 as active table
[INFO ] 2020-03-04 14:35:25.784 [main] Cafe - Assigned  table 1 to Patrick Desmet
[DEBUG] 2020-03-04 14:35:25.784 [main] Cafe - orderNumber count increased to: 3
[DEBUG] 2020-03-04 14:35:25.784 [main] Cafe - ID count increased to: 4
[INFO ] 2020-03-04 14:35:25.784 [main] Cafe - New order made: Order: 3, date: 2020-03-04, waiterID: 4, orderItems: [ID: 4, beverage: Cola, quantity: 10], tableID: 1
[DEBUG] 2020-03-04 14:35:25.784 [main] Cafe - ID count increased to: 5
[INFO ] 2020-03-04 14:35:25.785 [main] Cafe - orderNumber: 3 -  added orderline ID: 5, beverage: Leffe, quantity: 10
[INFO ] 2020-03-04 14:35:25.785 [main] Cafe - Table table 1 paid orderNumber 3
[INFO ] 2020-03-04 14:35:25.785 [main] Cafe - Cleared table table 1
[INFO ] 2020-03-04 14:35:25.785 [main] Cafe - Patrick Desmet logged out
[INFO ] 2020-03-04 14:35:25.785 [main] Cafe - Wout Peters logged in
[INFO ] 2020-03-04 14:35:25.785 [main] Cafe - Wout Peters retrieved his sales data
[INFO ] 2020-03-04 14:35:25.792 [main] Cafe - Wout Peters created a waiter sales PDF report
[INFO ] 2020-03-04 14:35:25.797 [main] Cafe - Cafe started
[INFO ] 2020-03-04 14:35:25.800 [main] Cafe - Cafe started
[INFO ] 2020-03-04 14:35:25.802 [main] Cafe - Wout Peters logged in
[INFO ] 2020-03-04 14:35:25.802 [main] Cafe - Set table 1 as active table
[INFO ] 2020-03-04 14:35:25.802 [main] Cafe - Assigned  table 1 to Wout Peters
[DEBUG] 2020-03-04 14:35:25.802 [main] Cafe - orderNumber count increased to: 1
[DEBUG] 2020-03-04 14:35:25.802 [main] Cafe - ID count increased to: 1
[INFO ] 2020-03-04 14:35:25.802 [main] Cafe - New order made: Order: 1, date: 2020-03-04, waiterID: 1, orderItems: [ID: 1, beverage: Cola, quantity: 10], tableID: 1
[INFO ] 2020-03-04 14:35:25.802 [main] Cafe - orderNumber: 1 - updated orderline with ID: 1, beverage: Cola, quantity: 20
[DEBUG] 2020-03-04 14:35:25.802 [main] Cafe - ID count increased to: 2
[INFO ] 2020-03-04 14:35:25.802 [main] Cafe - orderNumber: 1 -  added orderline ID: 2, beverage: Leffe, quantity: 10
[INFO ] 2020-03-04 14:35:25.804 [main] Cafe - Cafe started
[INFO ] 2020-03-04 14:35:25.805 [main] Cafe - Wout Peters logged in
[INFO ] 2020-03-04 14:35:25.805 [main] Cafe - Set table 1 as active table
[INFO ] 2020-03-04 14:35:25.805 [main] Cafe - Assigned  table 1 to Wout Peters
[DEBUG] 2020-03-04 14:35:25.805 [main] Cafe - orderNumber count increased to: 1
[DEBUG] 2020-03-04 14:35:25.805 [main] Cafe - ID count increased to: 1
[INFO ] 2020-03-04 14:35:25.805 [main] Cafe - New order made: Order: 1, date: 2020-03-04, waiterID: 1, orderItems: [ID: 1, beverage: Cola, quantity: 10], tableID: 1
[DEBUG] 2020-03-04 14:35:25.805 [main] Cafe - ID count increased to: 2
[INFO ] 2020-03-04 14:35:25.806 [main] Cafe - orderNumber: 1 -  added orderline ID: 2, beverage: Leffe, quantity: 10
[INFO ] 2020-03-04 14:35:25.806 [main] Cafe - Table table 1 paid orderNumber 1
[INFO ] 2020-03-04 14:35:25.806 [main] Cafe - Cleared table table 1
[INFO ] 2020-03-04 14:35:25.806 [main] Cafe - Set table 2 as active table
[INFO ] 2020-03-04 14:35:25.806 [main] Cafe - Assigned  table 2 to Wout Peters
[DEBUG] 2020-03-04 14:35:25.806 [main] Cafe - orderNumber count increased to: 2
[DEBUG] 2020-03-04 14:35:25.806 [main] Cafe - ID count increased to: 3
[INFO ] 2020-03-04 14:35:25.806 [main] Cafe - New order made: Order: 2, date: 2020-03-04, waiterID: 1, orderItems: [ID: 3, beverage: Leffe, quantity: 30], tableID: 2
[DEBUG] 2020-03-04 14:35:25.807 [main] Cafe - ID count increased to: 4
[INFO ] 2020-03-04 14:35:25.807 [main] Cafe - orderNumber: 2 -  added orderline ID: 4, beverage: Cola, quantity: 20
[INFO ] 2020-03-04 14:35:25.807 [main] Cafe - Table table 2 paid orderNumber 2
[INFO ] 2020-03-04 14:35:25.807 [main] Cafe - Cleared table table 2
[INFO ] 2020-03-04 14:35:25.807 [main] Cafe - Wout Peters logged out
[INFO ] 2020-03-04 14:35:25.807 [main] Cafe - Patrick Desmet logged in
[INFO ] 2020-03-04 14:35:25.807 [main] Cafe - Set table 1 as active table
[INFO ] 2020-03-04 14:35:25.808 [main] Cafe - Assigned  table 1 to Patrick Desmet
[DEBUG] 2020-03-04 14:35:25.808 [main] Cafe - orderNumber count increased to: 3
[DEBUG] 2020-03-04 14:35:25.808 [main] Cafe - ID count increased to: 5
[INFO ] 2020-03-04 14:35:25.808 [main] Cafe - New order made: Order: 3, date: 2020-03-04, waiterID: 4, orderItems: [ID: 5, beverage: Cola, quantity: 10], tableID: 1
[DEBUG] 2020-03-04 14:35:25.808 [main] Cafe - ID count increased to: 6
[INFO ] 2020-03-04 14:35:25.808 [main] Cafe - orderNumber: 3 -  added orderline ID: 6, beverage: Leffe, quantity: 10
[INFO ] 2020-03-04 14:35:25.808 [main] Cafe - Table table 1 paid orderNumber 3
[INFO ] 2020-03-04 14:35:25.808 [main] Cafe - Cleared table table 1
[INFO ] 2020-03-04 14:35:25.809 [main] Cafe - Set table 2 as active table
[INFO ] 2020-03-04 14:35:25.809 [main] Cafe - Assigned  table 2 to Patrick Desmet
[DEBUG] 2020-03-04 14:35:25.810 [main] Cafe - orderNumber count increased to: 4
[DEBUG] 2020-03-04 14:35:25.810 [main] Cafe - ID count increased to: 7
[INFO ] 2020-03-04 14:35:25.811 [main] Cafe - New order made: Order: 4, date: 2020-03-04, waiterID: 4, orderItems: [ID: 7, beverage: Leffe, quantity: 10], tableID: 2
[DEBUG] 2020-03-04 14:35:25.811 [main] Cafe - ID count increased to: 8
[INFO ] 2020-03-04 14:35:25.811 [main] Cafe - orderNumber: 4 -  added orderline ID: 8, beverage: Cola, quantity: 10
[INFO ] 2020-03-04 14:35:25.817 [main] Cafe - Table table 2 paid orderNumber 4
[INFO ] 2020-03-04 14:35:25.817 [main] Cafe - Cleared table table 2
[INFO ] 2020-03-04 14:35:25.817 [main] Cafe - Patrick Desmet logged out
[INFO ] 2020-03-04 14:35:25.817 [main] Cafe - Ilse Vandenbroeck logged in
[INFO ] 2020-03-04 14:35:25.817 [main] Cafe - Set table 5 as active table
[INFO ] 2020-03-04 14:35:25.817 [main] Cafe - Assigned  table 5 to Ilse Vandenbroeck
[DEBUG] 2020-03-04 14:35:25.817 [main] Cafe - orderNumber count increased to: 5
[DEBUG] 2020-03-04 14:35:25.817 [main] Cafe - ID count increased to: 9
[INFO ] 2020-03-04 14:35:25.818 [main] Cafe - New order made: Order: 5, date: 2020-03-04, waiterID: 3, orderItems: [ID: 9, beverage: Cola, quantity: 100], tableID: 5
[DEBUG] 2020-03-04 14:35:25.818 [main] Cafe - ID count increased to: 10
[INFO ] 2020-03-04 14:35:25.818 [main] Cafe - orderNumber: 5 -  added orderline ID: 10, beverage: Leffe, quantity: 10
[INFO ] 2020-03-04 14:35:25.818 [main] Cafe - Table table 5 paid orderNumber 5
[INFO ] 2020-03-04 14:35:25.818 [main] Cafe - Cleared table table 5
[INFO ] 2020-03-04 14:35:25.823 [main] Cafe - Cafe started
[INFO ] 2020-03-04 14:35:25.824 [main] Cafe - Wout Peters logged in
[INFO ] 2020-03-04 14:35:25.824 [main] Cafe - Wout Peters logged out
[INFO ] 2020-03-04 14:35:25.826 [main] Cafe - Cafe started
[INFO ] 2020-03-04 14:35:25.827 [main] Cafe - Wout Peters logged in
[INFO ] 2020-03-04 14:35:25.827 [main] Cafe - Wout Peters logged out
[INFO ] 2020-03-04 14:35:25.827 [main] Cafe - Patrick Desmet logged in
[INFO ] 2020-03-04 14:35:25.836 [main] Cafe - Cafe started
[INFO ] 2020-03-04 14:35:25.837 [main] Cafe - Wout Peters logged in
[INFO ] 2020-03-04 14:35:25.838 [main] Cafe - Set table 1 as active table
[INFO ] 2020-03-04 14:35:25.841 [main] Cafe - Cafe started
[INFO ] 2020-03-04 14:35:25.842 [main] Cafe - Wout Peters logged in
[INFO ] 2020-03-04 14:35:25.842 [main] Cafe - Set table 1 as active table
[INFO ] 2020-03-04 14:35:25.842 [main] Cafe - Assigned  table 1 to Wout Peters
[DEBUG] 2020-03-04 14:35:25.842 [main] Cafe - orderNumber count increased to: 1
[DEBUG] 2020-03-04 14:35:25.842 [main] Cafe - ID count increased to: 1
[INFO ] 2020-03-04 14:35:25.842 [main] Cafe - New order made: Order: 1, date: 2020-03-04, waiterID: 1, orderItems: [ID: 1, beverage: Cola, quantity: 5], tableID: 1
[DEBUG] 2020-03-04 14:35:25.842 [main] Cafe - ID count increased to: 2
[INFO ] 2020-03-04 14:35:25.842 [main] Cafe - orderNumber: 1 -  added orderline ID: 2, beverage: Leffe, quantity: 5
[INFO ] 2020-03-04 14:35:25.849 [main] Cafe - Cafe started
[INFO ] 2020-03-04 14:35:25.849 [main] Cafe - Wout Peters logged in
[INFO ] 2020-03-04 14:35:25.849 [main] Cafe - Set table 1 as active table
[INFO ] 2020-03-04 14:35:25.855 [main] Cafe - Cafe started
[INFO ] 2020-03-04 14:35:25.855 [main] Cafe - Wout Peters logged in
[INFO ] 2020-03-04 14:35:25.855 [main] Cafe - Set table 1 as active table
[INFO ] 2020-03-04 14:35:25.861 [main] Cafe - Cafe started
[INFO ] 2020-03-04 14:35:25.867 [main] Cafe - Cafe started
[INFO ] 2020-03-04 14:35:25.868 [main] Cafe - Wout Peters logged in
[INFO ] 2020-03-04 14:35:25.868 [main] Cafe - Set table 1 as active table
[INFO ] 2020-03-04 14:35:25.868 [main] Cafe - Assigned  table 1 to Wout Peters
[DEBUG] 2020-03-04 14:35:25.869 [main] Cafe - orderNumber count increased to: 1
[DEBUG] 2020-03-04 14:35:25.869 [main] Cafe - ID count increased to: 1
[INFO ] 2020-03-04 14:35:25.869 [main] Cafe - New order made: Order: 1, date: 2020-03-04, waiterID: 1, orderItems: [ID: 1, beverage: Cola, quantity: 5], tableID: 1
[DEBUG] 2020-03-04 14:35:25.870 [main] Cafe - ID count increased to: 2
[INFO ] 2020-03-04 14:35:25.870 [main] Cafe - orderNumber: 1 -  added orderline ID: 2, beverage: Leffe, quantity: 5
[INFO ] 2020-03-04 14:35:25.884 [main] Cafe - Cafe started
[INFO ] 2020-03-04 14:35:25.902 [main] Cafe - Cafe started
[INFO ] 2020-03-04 14:35:25.902 [main] Cafe - Wout Peters logged in
[INFO ] 2020-03-04 14:35:25.902 [main] Cafe - Set table 1 as active table
[INFO ] 2020-03-04 14:35:25.904 [main] Cafe - Assigned  table 1 to Wout Peters
[DEBUG] 2020-03-04 14:35:25.904 [main] Cafe - orderNumber count increased to: 1
[DEBUG] 2020-03-04 14:35:25.904 [main] Cafe - ID count increased to: 1
[INFO ] 2020-03-04 14:35:25.904 [main] Cafe - New order made: Order: 1, date: 2020-03-04, waiterID: 1, orderItems: [ID: 1, beverage: Cola, quantity: 5], tableID: 1
[INFO ] 2020-03-04 14:35:25.909 [main] Cafe - Cafe started
