[INFO ] 2020-04-22 00:05:17.194 [JavaFX Application Thread] BeverageDAOImpl - beverages are loaded from database
[INFO ] 2020-04-22 00:05:17.221 [JavaFX Application Thread] WaiterDAOImpl - Waiters are loaded from database
[INFO ] 2020-04-22 00:05:17.261 [JavaFX Application Thread] PaidOrderDAOImpl - paidOrders are loaded from database
[INFO ] 2020-04-22 00:05:17.300 [JavaFX Application Thread] PaidOrderDAOImpl - Returned highest orderNumber 814 from database
[INFO ] 2020-04-22 00:05:47.550 [JavaFX Application Thread] BeverageDAOImpl - beverages are loaded from database
[INFO ] 2020-04-22 00:05:47.566 [JavaFX Application Thread] WaiterDAOImpl - Waiters are loaded from database
[INFO ] 2020-04-22 00:05:47.589 [JavaFX Application Thread] PaidOrderDAOImpl - paidOrders are loaded from database
[INFO ] 2020-04-22 00:05:47.599 [JavaFX Application Thread] PaidOrderDAOImpl - Returned highest orderNumber 814 from database
[INFO ] 2020-04-22 00:06:44.907 [JavaFX Application Thread] BeverageDAOImpl - beverages are loaded from database
[INFO ] 2020-04-22 00:06:44.927 [JavaFX Application Thread] WaiterDAOImpl - Waiters are loaded from database
[INFO ] 2020-04-22 00:06:44.953 [JavaFX Application Thread] PaidOrderDAOImpl - paidOrders are loaded from database
[INFO ] 2020-04-22 00:06:44.971 [JavaFX Application Thread] PaidOrderDAOImpl - Returned highest orderNumber 814 from database
[INFO ] 2020-04-22 00:13:33.006 [JavaFX Application Thread] BeverageDAOImpl - beverages are loaded from database
[INFO ] 2020-04-22 00:13:33.026 [JavaFX Application Thread] WaiterDAOImpl - Waiters are loaded from database
[INFO ] 2020-04-22 00:13:33.051 [JavaFX Application Thread] PaidOrderDAOImpl - paidOrders are loaded from database
[INFO ] 2020-04-22 00:13:33.057 [JavaFX Application Thread] PaidOrderDAOImpl - Returned highest orderNumber 814 from database
[INFO ] 2020-04-22 00:15:40.583 [JavaFX Application Thread] BeverageDAOImpl - beverages are loaded from database
[INFO ] 2020-04-22 00:15:40.603 [JavaFX Application Thread] WaiterDAOImpl - Waiters are loaded from database
[INFO ] 2020-04-22 00:15:40.654 [JavaFX Application Thread] PaidOrderDAOImpl - paidOrders are loaded from database
[INFO ] 2020-04-22 00:15:40.661 [JavaFX Application Thread] PaidOrderDAOImpl - Returned highest orderNumber 814 from database
[INFO ] 2020-04-22 00:16:50.806 [JavaFX Application Thread] BeverageDAOImpl - beverages are loaded from database
[INFO ] 2020-04-22 00:16:50.841 [JavaFX Application Thread] WaiterDAOImpl - Waiters are loaded from database
[INFO ] 2020-04-22 00:16:50.871 [JavaFX Application Thread] PaidOrderDAOImpl - paidOrders are loaded from database
[INFO ] 2020-04-22 00:16:50.877 [JavaFX Application Thread] PaidOrderDAOImpl - Returned highest orderNumber 814 from database
[INFO ] 2020-04-22 00:17:46.086 [JavaFX Application Thread] BeverageDAOImpl - beverages are loaded from database
[INFO ] 2020-04-22 00:17:46.103 [JavaFX Application Thread] WaiterDAOImpl - Waiters are loaded from database
[INFO ] 2020-04-22 00:17:46.125 [JavaFX Application Thread] PaidOrderDAOImpl - paidOrders are loaded from database
[INFO ] 2020-04-22 00:17:46.130 [JavaFX Application Thread] PaidOrderDAOImpl - Returned highest orderNumber 814 from database
[INFO ] 2020-04-22 00:17:54.895 [JavaFX Application Thread] PaidOrderDAOImpl - paidOrders are loaded from database
[INFO ] 2020-04-22 00:17:54.947 [JavaFX Application Thread] PaidOrderDAOImpl - Retrieved waiter sales dates from DB
[INFO ] 2020-04-22 00:18:29.472 [JavaFX Application Thread] BeverageDAOImpl - beverages are loaded from database
[INFO ] 2020-04-22 00:18:29.489 [JavaFX Application Thread] WaiterDAOImpl - Waiters are loaded from database
[INFO ] 2020-04-22 00:18:29.512 [JavaFX Application Thread] PaidOrderDAOImpl - paidOrders are loaded from database
[INFO ] 2020-04-22 00:18:29.517 [JavaFX Application Thread] PaidOrderDAOImpl - Returned highest orderNumber 814 from database
[INFO ] 2020-04-22 00:18:36.762 [JavaFX Application Thread] PaidOrderDAOImpl - paidOrders are loaded from database
[INFO ] 2020-04-22 00:18:36.812 [JavaFX Application Thread] PaidOrderDAOImpl - Retrieved waiter sales dates from DB
[INFO ] 2020-04-22 00:18:59.147 [JavaFX Application Thread] BeverageDAOImpl - beverages are loaded from database
[INFO ] 2020-04-22 00:18:59.164 [JavaFX Application Thread] WaiterDAOImpl - Waiters are loaded from database
[INFO ] 2020-04-22 00:18:59.189 [JavaFX Application Thread] PaidOrderDAOImpl - paidOrders are loaded from database
[INFO ] 2020-04-22 00:18:59.210 [JavaFX Application Thread] PaidOrderDAOImpl - Returned highest orderNumber 814 from database
[INFO ] 2020-04-22 00:19:29.077 [JavaFX Application Thread] BeverageDAOImpl - beverages are loaded from database
[INFO ] 2020-04-22 00:19:29.096 [JavaFX Application Thread] WaiterDAOImpl - Waiters are loaded from database
[INFO ] 2020-04-22 00:19:29.189 [JavaFX Application Thread] PaidOrderDAOImpl - paidOrders are loaded from database
[INFO ] 2020-04-22 00:19:29.195 [JavaFX Application Thread] PaidOrderDAOImpl - Returned highest orderNumber 814 from database
[INFO ] 2020-04-22 00:19:38.900 [JavaFX Application Thread] PaidOrderDAOImpl - paidOrders are loaded from database
[INFO ] 2020-04-22 00:19:38.951 [JavaFX Application Thread] PaidOrderDAOImpl - Retrieved waiter sales dates from DB
[INFO ] 2020-04-22 00:19:46.135 [JavaFX Application Thread] PaidOrderDAOImpl - Inserted orderLine from orderNumber 815 into database
[INFO ] 2020-04-22 00:19:46.148 [JavaFX Application Thread] PaidOrderDAOImpl - paidOrders are loaded from database
[INFO ] 2020-04-22 00:19:49.313 [JavaFX Application Thread] PaidOrderDAOImpl - paidOrders are loaded from database
[INFO ] 2020-04-22 00:19:49.322 [JavaFX Application Thread] PaidOrderDAOImpl - Retrieved waiter sales dates from DB
[INFO ] 2020-04-22 00:19:52.613 [JavaFX Application Thread] PaidOrderDAOImpl - paidOrders are loaded from database
[INFO ] 2020-04-22 00:35:28.928 [JavaFX Application Thread] BeverageDAOImpl - beverages are loaded from database
[INFO ] 2020-04-22 00:35:28.945 [JavaFX Application Thread] WaiterDAOImpl - Waiters are loaded from database
[INFO ] 2020-04-22 00:35:28.969 [JavaFX Application Thread] PaidOrderDAOImpl - paidOrders are loaded from database
[INFO ] 2020-04-22 00:35:28.977 [JavaFX Application Thread] PaidOrderDAOImpl - Returned highest orderNumber 815 from database
[INFO ] 2020-04-22 00:35:39.531 [JavaFX Application Thread] PaidOrderDAOImpl - paidOrders are loaded from database
[INFO ] 2020-04-22 00:35:39.575 [JavaFX Application Thread] PaidOrderDAOImpl - Retrieved waiter sales dates from DB
[INFO ] 2020-04-22 00:35:46.814 [JavaFX Application Thread] PaidOrderDAOImpl - paidOrders are loaded from database
[INFO ] 2020-04-22 00:35:49.330 [JavaFX Application Thread] PaidOrderDAOImpl - paidOrders are loaded from database
[INFO ] 2020-04-22 00:36:35.516 [JavaFX Application Thread] PaidOrderDAOImpl - Inserted orderLine from orderNumber 816 into database
[INFO ] 2020-04-22 00:36:35.526 [JavaFX Application Thread] PaidOrderDAOImpl - paidOrders are loaded from database
[INFO ] 2020-04-22 00:36:40.771 [JavaFX Application Thread] PaidOrderDAOImpl - paidOrders are loaded from database
[INFO ] 2020-04-22 00:36:40.778 [JavaFX Application Thread] PaidOrderDAOImpl - Retrieved waiter sales dates from DB
[INFO ] 2020-04-22 00:36:44.683 [JavaFX Application Thread] PaidOrderDAOImpl - paidOrders are loaded from database
[INFO ] 2020-04-22 00:48:14.183 [JavaFX Application Thread] BeverageDAOImpl - beverages are loaded from database
[INFO ] 2020-04-22 00:48:14.204 [JavaFX Application Thread] WaiterDAOImpl - Waiters are loaded from database
[INFO ] 2020-04-22 00:48:14.232 [JavaFX Application Thread] PaidOrderDAOImpl - paidOrders are loaded from database
[INFO ] 2020-04-22 00:48:14.239 [JavaFX Application Thread] PaidOrderDAOImpl - Returned highest orderNumber 816 from database
[INFO ] 2020-04-22 00:48:45.637 [JavaFX Application Thread] BeverageDAOImpl - beverages are loaded from database
[INFO ] 2020-04-22 00:48:45.717 [JavaFX Application Thread] WaiterDAOImpl - Waiters are loaded from database
[INFO ] 2020-04-22 00:48:45.743 [JavaFX Application Thread] PaidOrderDAOImpl - paidOrders are loaded from database
[INFO ] 2020-04-22 00:48:45.750 [JavaFX Application Thread] PaidOrderDAOImpl - Returned highest orderNumber 816 from database
[INFO ] 2020-04-22 00:49:17.823 [JavaFX Application Thread] BeverageDAOImpl - beverages are loaded from database
[INFO ] 2020-04-22 00:49:17.842 [JavaFX Application Thread] WaiterDAOImpl - Waiters are loaded from database
[INFO ] 2020-04-22 00:49:17.869 [JavaFX Application Thread] PaidOrderDAOImpl - paidOrders are loaded from database
[INFO ] 2020-04-22 00:49:17.876 [JavaFX Application Thread] PaidOrderDAOImpl - Returned highest orderNumber 816 from database
[INFO ] 2020-04-22 00:49:46.422 [JavaFX Application Thread] BeverageDAOImpl - beverages are loaded from database
[INFO ] 2020-04-22 00:49:46.446 [JavaFX Application Thread] WaiterDAOImpl - Waiters are loaded from database
[INFO ] 2020-04-22 00:49:46.472 [JavaFX Application Thread] PaidOrderDAOImpl - paidOrders are loaded from database
[INFO ] 2020-04-22 00:49:46.479 [JavaFX Application Thread] PaidOrderDAOImpl - Returned highest orderNumber 816 from database
[INFO ] 2020-04-22 00:49:53.198 [JavaFX Application Thread] PaidOrderDAOImpl - paidOrders are loaded from database
[INFO ] 2020-04-22 00:49:53.242 [JavaFX Application Thread] PaidOrderDAOImpl - Retrieved waiter sales dates from DB
[INFO ] 2020-04-22 00:50:07.642 [JavaFX Application Thread] PaidOrderDAOImpl - paidOrders are loaded from database
[INFO ] 2020-04-22 00:50:07.649 [JavaFX Application Thread] PaidOrderDAOImpl - Retrieved waiter sales dates from DB
[INFO ] 2020-04-22 00:50:19.753 [JavaFX Application Thread] PaidOrderDAOImpl - paidOrders are loaded from database
[INFO ] 2020-04-22 00:50:19.758 [JavaFX Application Thread] PaidOrderDAOImpl - Retrieved waiter sales dates from DB
[INFO ] 2020-04-22 00:56:56.568 [JavaFX Application Thread] BeverageDAOImpl - beverages are loaded from database
[INFO ] 2020-04-22 00:56:56.588 [JavaFX Application Thread] WaiterDAOImpl - Waiters are loaded from database
[INFO ] 2020-04-22 00:56:56.611 [JavaFX Application Thread] PaidOrderDAOImpl - paidOrders are loaded from database
[INFO ] 2020-04-22 00:56:56.616 [JavaFX Application Thread] PaidOrderDAOImpl - Returned highest orderNumber 816 from database
[INFO ] 2020-04-22 00:57:15.506 [JavaFX Application Thread] PaidOrderDAOImpl - paidOrders are loaded from database
[INFO ] 2020-04-22 00:59:13.574 [JavaFX Application Thread] BeverageDAOImpl - beverages are loaded from database
[INFO ] 2020-04-22 00:59:13.592 [JavaFX Application Thread] WaiterDAOImpl - Waiters are loaded from database
[INFO ] 2020-04-22 00:59:13.619 [JavaFX Application Thread] PaidOrderDAOImpl - paidOrders are loaded from database
[INFO ] 2020-04-22 00:59:13.625 [JavaFX Application Thread] PaidOrderDAOImpl - Returned highest orderNumber 816 from database
[INFO ] 2020-04-22 00:59:19.716 [JavaFX Application Thread] PaidOrderDAOImpl - paidOrders are loaded from database
[INFO ] 2020-04-22 00:59:19.769 [JavaFX Application Thread] PaidOrderDAOImpl - Retrieved waiter sales dates from DB
[INFO ] 2020-04-22 00:59:29.044 [JavaFX Application Thread] PaidOrderDAOImpl - paidOrders are loaded from database
[INFO ] 2020-04-22 00:59:30.971 [JavaFX Application Thread] PaidOrderDAOImpl - paidOrders are loaded from database
[INFO ] 2020-04-22 00:59:35.310 [JavaFX Application Thread] PaidOrderDAOImpl - paidOrders are loaded from database
[INFO ] 2020-04-22 01:00:42.758 [JavaFX Application Thread] BeverageDAOImpl - beverages are loaded from database
[INFO ] 2020-04-22 01:00:42.775 [JavaFX Application Thread] WaiterDAOImpl - Waiters are loaded from database
[INFO ] 2020-04-22 01:00:42.801 [JavaFX Application Thread] PaidOrderDAOImpl - paidOrders are loaded from database
[INFO ] 2020-04-22 01:00:42.808 [JavaFX Application Thread] PaidOrderDAOImpl - Returned highest orderNumber 816 from database
[INFO ] 2020-04-22 01:00:49.013 [JavaFX Application Thread] PaidOrderDAOImpl - paidOrders are loaded from database
[INFO ] 2020-04-22 01:00:49.064 [JavaFX Application Thread] PaidOrderDAOImpl - Retrieved waiter sales dates from DB
[INFO ] 2020-04-22 01:00:56.705 [JavaFX Application Thread] PaidOrderDAOImpl - paidOrders are loaded from database
[INFO ] 2020-04-22 01:00:59.201 [JavaFX Application Thread] PaidOrderDAOImpl - paidOrders are loaded from database
[INFO ] 2020-04-22 01:02:23.023 [JavaFX Application Thread] BeverageDAOImpl - beverages are loaded from database
[INFO ] 2020-04-22 01:02:23.043 [JavaFX Application Thread] WaiterDAOImpl - Waiters are loaded from database
[INFO ] 2020-04-22 01:02:23.075 [JavaFX Application Thread] PaidOrderDAOImpl - paidOrders are loaded from database
[INFO ] 2020-04-22 01:02:23.093 [JavaFX Application Thread] PaidOrderDAOImpl - Returned highest orderNumber 816 from database
[INFO ] 2020-04-22 01:02:28.807 [JavaFX Application Thread] PaidOrderDAOImpl - paidOrders are loaded from database
[INFO ] 2020-04-22 01:02:28.861 [JavaFX Application Thread] PaidOrderDAOImpl - Retrieved waiter sales dates from DB
[INFO ] 2020-04-22 01:02:32.869 [JavaFX Application Thread] PaidOrderDAOImpl - paidOrders are loaded from database
[INFO ] 2020-04-22 01:02:34.993 [JavaFX Application Thread] PaidOrderDAOImpl - paidOrders are loaded from database
[INFO ] 2020-04-22 01:02:37.529 [JavaFX Application Thread] PaidOrderDAOImpl - paidOrders are loaded from database
[INFO ] 2020-04-22 01:02:39.384 [JavaFX Application Thread] PaidOrderDAOImpl - paidOrders are loaded from database
[INFO ] 2020-04-22 01:02:41.022 [JavaFX Application Thread] PaidOrderDAOImpl - paidOrders are loaded from database
[INFO ] 2020-04-22 01:02:42.813 [JavaFX Application Thread] PaidOrderDAOImpl - paidOrders are loaded from database
[INFO ] 2020-04-22 01:02:44.071 [JavaFX Application Thread] PaidOrderDAOImpl - paidOrders are loaded from database
[INFO ] 2020-04-22 01:02:45.750 [JavaFX Application Thread] PaidOrderDAOImpl - paidOrders are loaded from database
[INFO ] 2020-04-22 01:04:50.116 [JavaFX Application Thread] BeverageDAOImpl - beverages are loaded from database
[INFO ] 2020-04-22 01:04:50.164 [JavaFX Application Thread] WaiterDAOImpl - Waiters are loaded from database
[INFO ] 2020-04-22 01:04:50.219 [JavaFX Application Thread] PaidOrderDAOImpl - paidOrders are loaded from database
[INFO ] 2020-04-22 01:04:50.232 [JavaFX Application Thread] PaidOrderDAOImpl - Returned highest orderNumber 816 from database
[INFO ] 2020-04-22 01:04:56.442 [JavaFX Application Thread] PaidOrderDAOImpl - paidOrders are loaded from database
[INFO ] 2020-04-22 01:04:56.494 [JavaFX Application Thread] PaidOrderDAOImpl - Retrieved waiter sales dates from DB
[INFO ] 2020-04-22 01:05:01.546 [JavaFX Application Thread] PaidOrderDAOImpl - paidOrders are loaded from database
[INFO ] 2020-04-22 01:05:03.548 [JavaFX Application Thread] PaidOrderDAOImpl - paidOrders are loaded from database
[INFO ] 2020-04-22 01:05:04.892 [JavaFX Application Thread] PaidOrderDAOImpl - paidOrders are loaded from database
[INFO ] 2020-04-22 01:05:06.445 [JavaFX Application Thread] PaidOrderDAOImpl - paidOrders are loaded from database
[INFO ] 2020-04-22 01:10:35.195 [JavaFX Application Thread] BeverageDAOImpl - beverages are loaded from database
[INFO ] 2020-04-22 01:10:35.214 [JavaFX Application Thread] WaiterDAOImpl - Waiters are loaded from database
[INFO ] 2020-04-22 01:10:35.248 [JavaFX Application Thread] PaidOrderDAOImpl - paidOrders are loaded from database
[INFO ] 2020-04-22 01:10:35.263 [JavaFX Application Thread] PaidOrderDAOImpl - Returned highest orderNumber 816 from database
[INFO ] 2020-04-22 01:10:41.078 [JavaFX Application Thread] PaidOrderDAOImpl - paidOrders are loaded from database
[INFO ] 2020-04-22 01:10:41.128 [JavaFX Application Thread] PaidOrderDAOImpl - Retrieved waiter sales dates from DB
[INFO ] 2020-04-22 01:10:45.006 [JavaFX Application Thread] PaidOrderDAOImpl - paidOrders are loaded from database
[INFO ] 2020-04-22 01:10:47.062 [JavaFX Application Thread] PaidOrderDAOImpl - paidOrders are loaded from database
[INFO ] 2020-04-22 01:10:48.856 [JavaFX Application Thread] PaidOrderDAOImpl - paidOrders are loaded from database
[INFO ] 2020-04-22 01:11:31.154 [JavaFX Application Thread] BeverageDAOImpl - beverages are loaded from database
[INFO ] 2020-04-22 01:11:31.172 [JavaFX Application Thread] WaiterDAOImpl - Waiters are loaded from database
[INFO ] 2020-04-22 01:11:31.196 [JavaFX Application Thread] PaidOrderDAOImpl - paidOrders are loaded from database
[INFO ] 2020-04-22 01:11:31.202 [JavaFX Application Thread] PaidOrderDAOImpl - Returned highest orderNumber 816 from database
[INFO ] 2020-04-22 01:11:37.107 [JavaFX Application Thread] PaidOrderDAOImpl - paidOrders are loaded from database
[INFO ] 2020-04-22 01:11:37.138 [JavaFX Application Thread] PaidOrderDAOImpl - Retrieved waiter sales dates from DB
[INFO ] 2020-04-22 01:11:45.441 [JavaFX Application Thread] PaidOrderDAOImpl - paidOrders are loaded from database
[INFO ] 2020-04-22 01:11:47.199 [JavaFX Application Thread] PaidOrderDAOImpl - paidOrders are loaded from database
[INFO ] 2020-04-22 01:11:49.810 [JavaFX Application Thread] PaidOrderDAOImpl - paidOrders are loaded from database
[INFO ] 2020-04-22 01:11:53.746 [JavaFX Application Thread] PaidOrderDAOImpl - paidOrders are loaded from database
[INFO ] 2020-04-22 01:11:53.757 [JavaFX Application Thread] PaidOrderDAOImpl - Retrieved waiter sales dates from DB
[INFO ] 2020-04-22 01:12:22.416 [JavaFX Application Thread] BeverageDAOImpl - beverages are loaded from database
[INFO ] 2020-04-22 01:12:22.438 [JavaFX Application Thread] WaiterDAOImpl - Waiters are loaded from database
[INFO ] 2020-04-22 01:12:22.464 [JavaFX Application Thread] PaidOrderDAOImpl - paidOrders are loaded from database
[INFO ] 2020-04-22 01:12:22.472 [JavaFX Application Thread] PaidOrderDAOImpl - Returned highest orderNumber 816 from database
[INFO ] 2020-04-22 01:12:27.851 [JavaFX Application Thread] PaidOrderDAOImpl - paidOrders are loaded from database
[INFO ] 2020-04-22 01:12:27.901 [JavaFX Application Thread] PaidOrderDAOImpl - Retrieved waiter sales dates from DB
[INFO ] 2020-04-22 01:14:35.086 [JavaFX Application Thread] BeverageDAOImpl - beverages are loaded from database
[INFO ] 2020-04-22 01:14:35.107 [JavaFX Application Thread] WaiterDAOImpl - Waiters are loaded from database
[INFO ] 2020-04-22 01:14:35.134 [JavaFX Application Thread] PaidOrderDAOImpl - paidOrders are loaded from database
[INFO ] 2020-04-22 01:14:35.168 [JavaFX Application Thread] PaidOrderDAOImpl - Returned highest orderNumber 816 from database
[INFO ] 2020-04-22 01:14:41.049 [JavaFX Application Thread] PaidOrderDAOImpl - paidOrders are loaded from database
[INFO ] 2020-04-22 01:14:41.109 [JavaFX Application Thread] PaidOrderDAOImpl - Retrieved waiter sales dates from DB
[INFO ] 2020-04-22 01:16:02.042 [JavaFX Application Thread] BeverageDAOImpl - beverages are loaded from database
[INFO ] 2020-04-22 01:16:02.057 [JavaFX Application Thread] WaiterDAOImpl - Waiters are loaded from database
[INFO ] 2020-04-22 01:16:02.080 [JavaFX Application Thread] PaidOrderDAOImpl - paidOrders are loaded from database
[INFO ] 2020-04-22 01:16:02.089 [JavaFX Application Thread] PaidOrderDAOImpl - Returned highest orderNumber 816 from database
[INFO ] 2020-04-22 01:16:07.846 [JavaFX Application Thread] PaidOrderDAOImpl - paidOrders are loaded from database
[INFO ] 2020-04-22 01:16:07.907 [JavaFX Application Thread] PaidOrderDAOImpl - Retrieved waiter sales dates from DB
[INFO ] 2020-04-22 01:16:19.036 [JavaFX Application Thread] PaidOrderDAOImpl - paidOrders are loaded from database
[INFO ] 2020-04-22 01:17:27.738 [JavaFX Application Thread] BeverageDAOImpl - beverages are loaded from database
[INFO ] 2020-04-22 01:17:27.756 [JavaFX Application Thread] WaiterDAOImpl - Waiters are loaded from database
[INFO ] 2020-04-22 01:17:27.784 [JavaFX Application Thread] PaidOrderDAOImpl - paidOrders are loaded from database
[INFO ] 2020-04-22 01:17:27.799 [JavaFX Application Thread] PaidOrderDAOImpl - Returned highest orderNumber 816 from database
[INFO ] 2020-04-22 01:17:34.622 [JavaFX Application Thread] PaidOrderDAOImpl - paidOrders are loaded from database
[INFO ] 2020-04-22 01:17:34.674 [JavaFX Application Thread] PaidOrderDAOImpl - Retrieved waiter sales dates from DB
[INFO ] 2020-04-22 01:17:56.118 [JavaFX Application Thread] PaidOrderDAOImpl - paidOrders are loaded from database
[INFO ] 2020-04-22 01:17:59.567 [JavaFX Application Thread] PaidOrderDAOImpl - paidOrders are loaded from database
[INFO ] 2020-04-22 01:18:02.354 [JavaFX Application Thread] PaidOrderDAOImpl - paidOrders are loaded from database
[INFO ] 2020-04-22 01:21:34.781 [JavaFX Application Thread] BeverageDAOImpl - beverages are loaded from database
[INFO ] 2020-04-22 01:21:34.801 [JavaFX Application Thread] WaiterDAOImpl - Waiters are loaded from database
[INFO ] 2020-04-22 01:21:34.829 [JavaFX Application Thread] PaidOrderDAOImpl - paidOrders are loaded from database
[INFO ] 2020-04-22 01:21:34.838 [JavaFX Application Thread] PaidOrderDAOImpl - Returned highest orderNumber 816 from database
[INFO ] 2020-04-22 01:21:41.106 [JavaFX Application Thread] PaidOrderDAOImpl - paidOrders are loaded from database
[INFO ] 2020-04-22 01:21:41.154 [JavaFX Application Thread] PaidOrderDAOImpl - Retrieved waiter sales dates from DB
[INFO ] 2020-04-22 01:22:15.706 [JavaFX Application Thread] BeverageDAOImpl - beverages are loaded from database
[INFO ] 2020-04-22 01:22:15.729 [JavaFX Application Thread] WaiterDAOImpl - Waiters are loaded from database
[INFO ] 2020-04-22 01:22:15.759 [JavaFX Application Thread] PaidOrderDAOImpl - paidOrders are loaded from database
[INFO ] 2020-04-22 01:22:15.766 [JavaFX Application Thread] PaidOrderDAOImpl - Returned highest orderNumber 816 from database
[INFO ] 2020-04-22 01:22:23.184 [JavaFX Application Thread] PaidOrderDAOImpl - paidOrders are loaded from database
[INFO ] 2020-04-22 01:22:23.213 [JavaFX Application Thread] PaidOrderDAOImpl - Retrieved waiter sales dates from DB
[INFO ] 2020-04-22 01:22:40.503 [JavaFX Application Thread] BeverageDAOImpl - beverages are loaded from database
[INFO ] 2020-04-22 01:22:40.523 [JavaFX Application Thread] WaiterDAOImpl - Waiters are loaded from database
[INFO ] 2020-04-22 01:22:40.561 [JavaFX Application Thread] PaidOrderDAOImpl - paidOrders are loaded from database
[INFO ] 2020-04-22 01:22:40.581 [JavaFX Application Thread] PaidOrderDAOImpl - Returned highest orderNumber 816 from database
[INFO ] 2020-04-22 01:22:46.886 [JavaFX Application Thread] PaidOrderDAOImpl - paidOrders are loaded from database
[INFO ] 2020-04-22 01:22:46.943 [JavaFX Application Thread] PaidOrderDAOImpl - Retrieved waiter sales dates from DB
[INFO ] 2020-04-22 01:23:22.692 [JavaFX Application Thread] BeverageDAOImpl - beverages are loaded from database
[INFO ] 2020-04-22 01:23:22.714 [JavaFX Application Thread] WaiterDAOImpl - Waiters are loaded from database
[INFO ] 2020-04-22 01:23:22.804 [JavaFX Application Thread] PaidOrderDAOImpl - paidOrders are loaded from database
[INFO ] 2020-04-22 01:23:22.809 [JavaFX Application Thread] PaidOrderDAOImpl - Returned highest orderNumber 816 from database
[INFO ] 2020-04-22 01:23:28.270 [JavaFX Application Thread] PaidOrderDAOImpl - paidOrders are loaded from database
[INFO ] 2020-04-22 01:28:32.162 [JavaFX Application Thread] BeverageDAOImpl - beverages are loaded from database
[INFO ] 2020-04-22 01:28:32.177 [JavaFX Application Thread] WaiterDAOImpl - Waiters are loaded from database
[INFO ] 2020-04-22 01:28:32.204 [JavaFX Application Thread] PaidOrderDAOImpl - paidOrders are loaded from database
[INFO ] 2020-04-22 01:28:32.211 [JavaFX Application Thread] PaidOrderDAOImpl - Returned highest orderNumber 816 from database
[INFO ] 2020-04-22 01:28:38.658 [JavaFX Application Thread] PaidOrderDAOImpl - paidOrders are loaded from database
[INFO ] 2020-04-22 01:28:38.708 [JavaFX Application Thread] PaidOrderDAOImpl - Retrieved waiter sales dates from DB
[INFO ] 2020-04-22 01:28:43.191 [JavaFX Application Thread] PaidOrderDAOImpl - paidOrders are loaded from database
[INFO ] 2020-04-22 01:28:45.549 [JavaFX Application Thread] PaidOrderDAOImpl - paidOrders are loaded from database
[INFO ] 2020-04-22 09:36:21.600 [JavaFX Application Thread] BeverageDAOImpl - beverages are loaded from database
[INFO ] 2020-04-22 09:36:21.621 [JavaFX Application Thread] WaiterDAOImpl - Waiters are loaded from database
[INFO ] 2020-04-22 09:36:21.653 [JavaFX Application Thread] PaidOrderDAOImpl - paidOrders are loaded from database
[INFO ] 2020-04-22 09:36:21.661 [JavaFX Application Thread] PaidOrderDAOImpl - Returned highest orderNumber 816 from database
[INFO ] 2020-04-22 09:37:07.207 [JavaFX Application Thread] BeverageDAOImpl - beverages are loaded from database
[INFO ] 2020-04-22 09:37:07.222 [JavaFX Application Thread] WaiterDAOImpl - Waiters are loaded from database
[INFO ] 2020-04-22 09:37:07.244 [JavaFX Application Thread] PaidOrderDAOImpl - paidOrders are loaded from database
[INFO ] 2020-04-22 09:37:07.252 [JavaFX Application Thread] PaidOrderDAOImpl - Returned highest orderNumber 816 from database
[INFO ] 2020-04-22 09:39:30.931 [JavaFX Application Thread] BeverageDAOImpl - beverages are loaded from database
[INFO ] 2020-04-22 09:39:30.945 [JavaFX Application Thread] WaiterDAOImpl - Waiters are loaded from database
[INFO ] 2020-04-22 09:39:30.969 [JavaFX Application Thread] PaidOrderDAOImpl - paidOrders are loaded from database
[INFO ] 2020-04-22 09:39:30.977 [JavaFX Application Thread] PaidOrderDAOImpl - Returned highest orderNumber 816 from database
[INFO ] 2020-04-22 09:40:12.697 [JavaFX Application Thread] BeverageDAOImpl - beverages are loaded from database
[INFO ] 2020-04-22 09:40:12.737 [JavaFX Application Thread] WaiterDAOImpl - Waiters are loaded from database
[INFO ] 2020-04-22 09:40:12.765 [JavaFX Application Thread] PaidOrderDAOImpl - paidOrders are loaded from database
[INFO ] 2020-04-22 09:40:12.771 [JavaFX Application Thread] PaidOrderDAOImpl - Returned highest orderNumber 816 from database
[INFO ] 2020-04-22 09:44:24.805 [JavaFX Application Thread] BeverageDAOImpl - beverages are loaded from database
[INFO ] 2020-04-22 09:44:24.823 [JavaFX Application Thread] WaiterDAOImpl - Waiters are loaded from database
[INFO ] 2020-04-22 09:44:24.848 [JavaFX Application Thread] PaidOrderDAOImpl - paidOrders are loaded from database
[INFO ] 2020-04-22 09:44:24.855 [JavaFX Application Thread] PaidOrderDAOImpl - Returned highest orderNumber 816 from database
[INFO ] 2020-04-22 10:03:22.454 [JavaFX Application Thread] BeverageDAOImpl - beverages are loaded from database
[INFO ] 2020-04-22 10:03:22.479 [JavaFX Application Thread] WaiterDAOImpl - Waiters are loaded from database
[INFO ] 2020-04-22 10:03:22.536 [JavaFX Application Thread] PaidOrderDAOImpl - paidOrders are loaded from database
[INFO ] 2020-04-22 10:03:22.556 [JavaFX Application Thread] PaidOrderDAOImpl - Returned highest orderNumber 816 from database
[INFO ] 2020-04-22 10:06:10.077 [JavaFX Application Thread] BeverageDAOImpl - beverages are loaded from database
[INFO ] 2020-04-22 10:06:10.095 [JavaFX Application Thread] WaiterDAOImpl - Waiters are loaded from database
[INFO ] 2020-04-22 10:06:10.120 [JavaFX Application Thread] PaidOrderDAOImpl - paidOrders are loaded from database
[INFO ] 2020-04-22 10:06:10.128 [JavaFX Application Thread] PaidOrderDAOImpl - Returned highest orderNumber 816 from database
[INFO ] 2020-04-22 10:07:23.745 [JavaFX Application Thread] BeverageDAOImpl - beverages are loaded from database
[INFO ] 2020-04-22 10:07:23.764 [JavaFX Application Thread] WaiterDAOImpl - Waiters are loaded from database
[INFO ] 2020-04-22 10:07:23.791 [JavaFX Application Thread] PaidOrderDAOImpl - paidOrders are loaded from database
[INFO ] 2020-04-22 10:07:23.816 [JavaFX Application Thread] PaidOrderDAOImpl - Returned highest orderNumber 816 from database
[INFO ] 2020-04-22 10:07:49.715 [JavaFX Application Thread] BeverageDAOImpl - beverages are loaded from database
[INFO ] 2020-04-22 10:07:49.729 [JavaFX Application Thread] WaiterDAOImpl - Waiters are loaded from database
[INFO ] 2020-04-22 10:07:49.753 [JavaFX Application Thread] PaidOrderDAOImpl - paidOrders are loaded from database
[INFO ] 2020-04-22 10:07:49.760 [JavaFX Application Thread] PaidOrderDAOImpl - Returned highest orderNumber 816 from database
[INFO ] 2020-04-22 10:08:11.138 [JavaFX Application Thread] BeverageDAOImpl - beverages are loaded from database
[INFO ] 2020-04-22 10:08:11.160 [JavaFX Application Thread] WaiterDAOImpl - Waiters are loaded from database
[INFO ] 2020-04-22 10:08:11.187 [JavaFX Application Thread] PaidOrderDAOImpl - paidOrders are loaded from database
[INFO ] 2020-04-22 10:08:11.193 [JavaFX Application Thread] PaidOrderDAOImpl - Returned highest orderNumber 816 from database
[INFO ] 2020-04-22 10:08:20.422 [JavaFX Application Thread] PaidOrderDAOImpl - paidOrders are loaded from database
[INFO ] 2020-04-22 10:08:20.468 [JavaFX Application Thread] PaidOrderDAOImpl - Retrieved waiter sales dates from DB
[INFO ] 2020-04-22 10:09:17.151 [JavaFX Application Thread] BeverageDAOImpl - beverages are loaded from database
[INFO ] 2020-04-22 10:09:17.168 [JavaFX Application Thread] WaiterDAOImpl - Waiters are loaded from database
[INFO ] 2020-04-22 10:09:17.195 [JavaFX Application Thread] PaidOrderDAOImpl - paidOrders are loaded from database
[INFO ] 2020-04-22 10:09:17.202 [JavaFX Application Thread] PaidOrderDAOImpl - Returned highest orderNumber 816 from database
[INFO ] 2020-04-22 10:09:25.998 [JavaFX Application Thread] PaidOrderDAOImpl - paidOrders are loaded from database
[INFO ] 2020-04-22 10:09:26.043 [JavaFX Application Thread] PaidOrderDAOImpl - Retrieved waiter sales dates from DB
[INFO ] 2020-04-22 10:10:31.016 [JavaFX Application Thread] BeverageDAOImpl - beverages are loaded from database
[INFO ] 2020-04-22 10:10:31.029 [JavaFX Application Thread] WaiterDAOImpl - Waiters are loaded from database
[INFO ] 2020-04-22 10:10:31.053 [JavaFX Application Thread] PaidOrderDAOImpl - paidOrders are loaded from database
[INFO ] 2020-04-22 10:10:31.058 [JavaFX Application Thread] PaidOrderDAOImpl - Returned highest orderNumber 816 from database
[INFO ] 2020-04-22 10:10:37.298 [JavaFX Application Thread] PaidOrderDAOImpl - paidOrders are loaded from database
[INFO ] 2020-04-22 10:10:37.356 [JavaFX Application Thread] PaidOrderDAOImpl - Retrieved waiter sales dates from DB
[INFO ] 2020-04-22 10:10:45.477 [JavaFX Application Thread] PaidOrderDAOImpl - paidOrders are loaded from database
[INFO ] 2020-04-22 10:10:51.085 [JavaFX Application Thread] PaidOrderDAOImpl - paidOrders are loaded from database
[INFO ] 2020-04-22 10:11:07.559 [JavaFX Application Thread] PaidOrderDAOImpl - paidOrders are loaded from database
[INFO ] 2020-04-22 10:11:11.070 [JavaFX Application Thread] PaidOrderDAOImpl - paidOrders are loaded from database
[INFO ] 2020-04-22 10:13:09.059 [JavaFX Application Thread] BeverageDAOImpl - beverages are loaded from database
[INFO ] 2020-04-22 10:13:09.082 [JavaFX Application Thread] WaiterDAOImpl - Waiters are loaded from database
[INFO ] 2020-04-22 10:13:09.143 [JavaFX Application Thread] PaidOrderDAOImpl - paidOrders are loaded from database
[INFO ] 2020-04-22 10:13:09.161 [JavaFX Application Thread] PaidOrderDAOImpl - Returned highest orderNumber 816 from database
[INFO ] 2020-04-22 10:13:21.589 [JavaFX Application Thread] PaidOrderDAOImpl - Inserted orderLine from orderNumber 817 into database
[INFO ] 2020-04-22 10:13:21.598 [JavaFX Application Thread] PaidOrderDAOImpl - paidOrders are loaded from database
[INFO ] 2020-04-22 10:13:24.658 [JavaFX Application Thread] PaidOrderDAOImpl - paidOrders are loaded from database
[INFO ] 2020-04-22 10:13:24.682 [JavaFX Application Thread] PaidOrderDAOImpl - Retrieved waiter sales dates from DB
[INFO ] 2020-04-22 10:13:29.489 [JavaFX Application Thread] PaidOrderDAOImpl - paidOrders are loaded from database
[INFO ] 2020-04-22 10:15:41.527 [JavaFX Application Thread] BeverageDAOImpl - beverages are loaded from database
[INFO ] 2020-04-22 10:15:41.553 [JavaFX Application Thread] WaiterDAOImpl - Waiters are loaded from database
[INFO ] 2020-04-22 10:15:41.582 [JavaFX Application Thread] PaidOrderDAOImpl - paidOrders are loaded from database
[INFO ] 2020-04-22 10:15:41.592 [JavaFX Application Thread] PaidOrderDAOImpl - Returned highest orderNumber 817 from database
[INFO ] 2020-04-22 10:16:24.499 [JavaFX Application Thread] BeverageDAOImpl - beverages are loaded from database
[INFO ] 2020-04-22 10:16:24.523 [JavaFX Application Thread] WaiterDAOImpl - Waiters are loaded from database
[INFO ] 2020-04-22 10:16:24.556 [JavaFX Application Thread] PaidOrderDAOImpl - paidOrders are loaded from database
[INFO ] 2020-04-22 10:16:24.563 [JavaFX Application Thread] PaidOrderDAOImpl - Returned highest orderNumber 817 from database
[INFO ] 2020-04-22 10:17:24.927 [JavaFX Application Thread] BeverageDAOImpl - beverages are loaded from database
[INFO ] 2020-04-22 10:17:24.945 [JavaFX Application Thread] WaiterDAOImpl - Waiters are loaded from database
[INFO ] 2020-04-22 10:17:24.988 [JavaFX Application Thread] PaidOrderDAOImpl - paidOrders are loaded from database
[INFO ] 2020-04-22 10:17:25.005 [JavaFX Application Thread] PaidOrderDAOImpl - Returned highest orderNumber 817 from database
[INFO ] 2020-04-22 10:39:52.980 [JavaFX Application Thread] BeverageDAOImpl - beverages are loaded from database
[INFO ] 2020-04-22 10:39:52.996 [JavaFX Application Thread] WaiterDAOImpl - Waiters are loaded from database
[INFO ] 2020-04-22 10:39:53.020 [JavaFX Application Thread] PaidOrderDAOImpl - paidOrders are loaded from database
[INFO ] 2020-04-22 10:39:53.029 [JavaFX Application Thread] PaidOrderDAOImpl - Returned highest orderNumber 817 from database
[INFO ] 2020-04-22 10:42:47.859 [JavaFX Application Thread] BeverageDAOImpl - beverages are loaded from database
[INFO ] 2020-04-22 10:42:47.878 [JavaFX Application Thread] WaiterDAOImpl - Waiters are loaded from database
[INFO ] 2020-04-22 10:42:47.903 [JavaFX Application Thread] PaidOrderDAOImpl - paidOrders are loaded from database
[INFO ] 2020-04-22 10:42:47.910 [JavaFX Application Thread] PaidOrderDAOImpl - Returned highest orderNumber 817 from database
[INFO ] 2020-04-22 10:43:43.834 [JavaFX Application Thread] BeverageDAOImpl - beverages are loaded from database
[INFO ] 2020-04-22 10:43:43.850 [JavaFX Application Thread] WaiterDAOImpl - Waiters are loaded from database
[INFO ] 2020-04-22 10:43:43.873 [JavaFX Application Thread] PaidOrderDAOImpl - paidOrders are loaded from database
[INFO ] 2020-04-22 10:43:43.879 [JavaFX Application Thread] PaidOrderDAOImpl - Returned highest orderNumber 817 from database
[INFO ] 2020-04-22 10:44:07.800 [JavaFX Application Thread] BeverageDAOImpl - beverages are loaded from database
[INFO ] 2020-04-22 10:44:07.818 [JavaFX Application Thread] WaiterDAOImpl - Waiters are loaded from database
[INFO ] 2020-04-22 10:44:07.844 [JavaFX Application Thread] PaidOrderDAOImpl - paidOrders are loaded from database
[INFO ] 2020-04-22 10:44:07.851 [JavaFX Application Thread] PaidOrderDAOImpl - Returned highest orderNumber 817 from database
[INFO ] 2020-04-22 10:47:10.913 [JavaFX Application Thread] BeverageDAOImpl - beverages are loaded from database
[INFO ] 2020-04-22 10:47:10.933 [JavaFX Application Thread] WaiterDAOImpl - Waiters are loaded from database
[INFO ] 2020-04-22 10:47:10.966 [JavaFX Application Thread] PaidOrderDAOImpl - paidOrders are loaded from database
[INFO ] 2020-04-22 10:47:10.974 [JavaFX Application Thread] PaidOrderDAOImpl - Returned highest orderNumber 817 from database
[INFO ] 2020-04-22 10:48:01.841 [JavaFX Application Thread] BeverageDAOImpl - beverages are loaded from database
[INFO ] 2020-04-22 10:48:01.860 [JavaFX Application Thread] WaiterDAOImpl - Waiters are loaded from database
[INFO ] 2020-04-22 10:48:01.886 [JavaFX Application Thread] PaidOrderDAOImpl - paidOrders are loaded from database
[INFO ] 2020-04-22 10:48:01.892 [JavaFX Application Thread] PaidOrderDAOImpl - Returned highest orderNumber 817 from database
[INFO ] 2020-04-22 10:48:42.394 [JavaFX Application Thread] BeverageDAOImpl - beverages are loaded from database
[INFO ] 2020-04-22 10:48:42.410 [JavaFX Application Thread] WaiterDAOImpl - Waiters are loaded from database
[INFO ] 2020-04-22 10:48:42.432 [JavaFX Application Thread] PaidOrderDAOImpl - paidOrders are loaded from database
[INFO ] 2020-04-22 10:48:42.438 [JavaFX Application Thread] PaidOrderDAOImpl - Returned highest orderNumber 817 from database
[INFO ] 2020-04-22 10:49:20.131 [JavaFX Application Thread] BeverageDAOImpl - beverages are loaded from database
[INFO ] 2020-04-22 10:49:20.148 [JavaFX Application Thread] WaiterDAOImpl - Waiters are loaded from database
[INFO ] 2020-04-22 10:49:20.174 [JavaFX Application Thread] PaidOrderDAOImpl - paidOrders are loaded from database
[INFO ] 2020-04-22 10:49:20.192 [JavaFX Application Thread] PaidOrderDAOImpl - Returned highest orderNumber 817 from database
[INFO ] 2020-04-22 10:49:54.962 [JavaFX Application Thread] BeverageDAOImpl - beverages are loaded from database
[INFO ] 2020-04-22 10:49:55.002 [JavaFX Application Thread] WaiterDAOImpl - Waiters are loaded from database
[INFO ] 2020-04-22 10:49:55.035 [JavaFX Application Thread] PaidOrderDAOImpl - paidOrders are loaded from database
[INFO ] 2020-04-22 10:49:55.056 [JavaFX Application Thread] PaidOrderDAOImpl - Returned highest orderNumber 817 from database
[INFO ] 2020-04-22 10:50:42.939 [JavaFX Application Thread] BeverageDAOImpl - beverages are loaded from database
[INFO ] 2020-04-22 10:50:42.956 [JavaFX Application Thread] WaiterDAOImpl - Waiters are loaded from database
[INFO ] 2020-04-22 10:50:42.976 [JavaFX Application Thread] PaidOrderDAOImpl - paidOrders are loaded from database
[INFO ] 2020-04-22 10:50:42.991 [JavaFX Application Thread] PaidOrderDAOImpl - Returned highest orderNumber 817 from database
[INFO ] 2020-04-22 10:51:38.642 [JavaFX Application Thread] BeverageDAOImpl - beverages are loaded from database
[INFO ] 2020-04-22 10:51:38.673 [JavaFX Application Thread] WaiterDAOImpl - Waiters are loaded from database
[INFO ] 2020-04-22 10:51:38.707 [JavaFX Application Thread] PaidOrderDAOImpl - paidOrders are loaded from database
[INFO ] 2020-04-22 10:51:38.730 [JavaFX Application Thread] PaidOrderDAOImpl - Returned highest orderNumber 817 from database
[INFO ] 2020-04-22 10:52:00.653 [JavaFX Application Thread] BeverageDAOImpl - beverages are loaded from database
[INFO ] 2020-04-22 10:52:00.676 [JavaFX Application Thread] WaiterDAOImpl - Waiters are loaded from database
[INFO ] 2020-04-22 10:52:00.702 [JavaFX Application Thread] PaidOrderDAOImpl - paidOrders are loaded from database
[INFO ] 2020-04-22 10:52:00.722 [JavaFX Application Thread] PaidOrderDAOImpl - Returned highest orderNumber 817 from database
[INFO ] 2020-04-22 10:53:22.632 [JavaFX Application Thread] BeverageDAOImpl - beverages are loaded from database
[INFO ] 2020-04-22 10:53:22.664 [JavaFX Application Thread] WaiterDAOImpl - Waiters are loaded from database
[INFO ] 2020-04-22 10:53:22.695 [JavaFX Application Thread] PaidOrderDAOImpl - paidOrders are loaded from database
[INFO ] 2020-04-22 10:53:22.703 [JavaFX Application Thread] PaidOrderDAOImpl - Returned highest orderNumber 817 from database
[INFO ] 2020-04-22 10:58:09.904 [JavaFX Application Thread] BeverageDAOImpl - beverages are loaded from database
[INFO ] 2020-04-22 10:58:09.925 [JavaFX Application Thread] WaiterDAOImpl - Waiters are loaded from database
[INFO ] 2020-04-22 10:58:09.954 [JavaFX Application Thread] PaidOrderDAOImpl - paidOrders are loaded from database
[INFO ] 2020-04-22 10:58:09.964 [JavaFX Application Thread] PaidOrderDAOImpl - Returned highest orderNumber 817 from database
[INFO ] 2020-04-22 10:59:58.807 [JavaFX Application Thread] BeverageDAOImpl - beverages are loaded from database
[INFO ] 2020-04-22 10:59:58.822 [JavaFX Application Thread] WaiterDAOImpl - Waiters are loaded from database
[INFO ] 2020-04-22 10:59:58.846 [JavaFX Application Thread] PaidOrderDAOImpl - paidOrders are loaded from database
[INFO ] 2020-04-22 10:59:58.854 [JavaFX Application Thread] PaidOrderDAOImpl - Returned highest orderNumber 817 from database
[INFO ] 2020-04-22 11:00:06.010 [JavaFX Application Thread] PaidOrderDAOImpl - paidOrders are loaded from database
[INFO ] 2020-04-22 11:00:06.061 [JavaFX Application Thread] PaidOrderDAOImpl - Retrieved waiter sales dates from DB
[INFO ] 2020-04-22 11:02:39.142 [JavaFX Application Thread] BeverageDAOImpl - beverages are loaded from database
[INFO ] 2020-04-22 11:02:39.221 [JavaFX Application Thread] WaiterDAOImpl - Waiters are loaded from database
[INFO ] 2020-04-22 11:02:39.243 [JavaFX Application Thread] PaidOrderDAOImpl - paidOrders are loaded from database
[INFO ] 2020-04-22 11:02:39.248 [JavaFX Application Thread] PaidOrderDAOImpl - Returned highest orderNumber 817 from database
[INFO ] 2020-04-22 11:03:22.050 [JavaFX Application Thread] BeverageDAOImpl - beverages are loaded from database
[INFO ] 2020-04-22 11:03:22.070 [JavaFX Application Thread] WaiterDAOImpl - Waiters are loaded from database
[INFO ] 2020-04-22 11:03:22.097 [JavaFX Application Thread] PaidOrderDAOImpl - paidOrders are loaded from database
[INFO ] 2020-04-22 11:03:22.104 [JavaFX Application Thread] PaidOrderDAOImpl - Returned highest orderNumber 817 from database
[INFO ] 2020-04-22 11:03:28.859 [JavaFX Application Thread] PaidOrderDAOImpl - paidOrders are loaded from database
[INFO ] 2020-04-22 11:03:28.901 [JavaFX Application Thread] PaidOrderDAOImpl - Retrieved waiter sales dates from DB
[INFO ] 2020-04-22 11:03:31.131 [JavaFX Application Thread] PaidOrderDAOImpl - paidOrders are loaded from database
[INFO ] 2020-04-22 11:03:31.139 [JavaFX Application Thread] PaidOrderDAOImpl - Retrieved waiter sales dates from DB
[INFO ] 2020-04-22 11:05:05.891 [JavaFX Application Thread] BeverageDAOImpl - beverages are loaded from database
[INFO ] 2020-04-22 11:05:05.906 [JavaFX Application Thread] WaiterDAOImpl - Waiters are loaded from database
[INFO ] 2020-04-22 11:05:05.930 [JavaFX Application Thread] PaidOrderDAOImpl - paidOrders are loaded from database
[INFO ] 2020-04-22 11:05:05.936 [JavaFX Application Thread] PaidOrderDAOImpl - Returned highest orderNumber 817 from database
[INFO ] 2020-04-22 11:05:14.240 [JavaFX Application Thread] PaidOrderDAOImpl - paidOrders are loaded from database
[INFO ] 2020-04-22 11:05:14.261 [JavaFX Application Thread] PaidOrderDAOImpl - Retrieved waiter sales dates from DB
[INFO ] 2020-04-22 11:07:00.200 [JavaFX Application Thread] BeverageDAOImpl - beverages are loaded from database
[INFO ] 2020-04-22 11:07:00.297 [JavaFX Application Thread] WaiterDAOImpl - Waiters are loaded from database
[INFO ] 2020-04-22 11:07:00.425 [JavaFX Application Thread] PaidOrderDAOImpl - paidOrders are loaded from database
[INFO ] 2020-04-22 11:07:00.451 [JavaFX Application Thread] PaidOrderDAOImpl - Returned highest orderNumber 817 from database
[INFO ] 2020-04-22 11:07:23.761 [JavaFX Application Thread] PaidOrderDAOImpl - paidOrders are loaded from database
[INFO ] 2020-04-22 11:07:23.806 [JavaFX Application Thread] PaidOrderDAOImpl - Retrieved waiter sales dates from DB
[INFO ] 2020-04-22 11:10:40.729 [JavaFX Application Thread] BeverageDAOImpl - beverages are loaded from database
[INFO ] 2020-04-22 11:10:40.744 [JavaFX Application Thread] WaiterDAOImpl - Waiters are loaded from database
[INFO ] 2020-04-22 11:10:40.766 [JavaFX Application Thread] PaidOrderDAOImpl - paidOrders are loaded from database
[INFO ] 2020-04-22 11:10:40.774 [JavaFX Application Thread] PaidOrderDAOImpl - Returned highest orderNumber 817 from database
[INFO ] 2020-04-22 11:10:55.623 [JavaFX Application Thread] BeverageDAOImpl - beverages are loaded from database
[INFO ] 2020-04-22 11:10:55.702 [JavaFX Application Thread] WaiterDAOImpl - Waiters are loaded from database
[INFO ] 2020-04-22 11:10:55.727 [JavaFX Application Thread] PaidOrderDAOImpl - paidOrders are loaded from database
[INFO ] 2020-04-22 11:10:55.733 [JavaFX Application Thread] PaidOrderDAOImpl - Returned highest orderNumber 817 from database
[INFO ] 2020-04-22 11:11:02.731 [JavaFX Application Thread] PaidOrderDAOImpl - paidOrders are loaded from database
[INFO ] 2020-04-22 11:11:02.770 [JavaFX Application Thread] PaidOrderDAOImpl - Retrieved waiter sales dates from DB
[INFO ] 2020-04-22 11:17:56.904 [JavaFX Application Thread] BeverageDAOImpl - beverages are loaded from database
[INFO ] 2020-04-22 11:17:56.923 [JavaFX Application Thread] WaiterDAOImpl - Waiters are loaded from database
[INFO ] 2020-04-22 11:17:56.954 [JavaFX Application Thread] PaidOrderDAOImpl - paidOrders are loaded from database
[INFO ] 2020-04-22 11:17:56.973 [JavaFX Application Thread] PaidOrderDAOImpl - Returned highest orderNumber 817 from database
[INFO ] 2020-04-22 11:18:04.634 [JavaFX Application Thread] PaidOrderDAOImpl - paidOrders are loaded from database
[INFO ] 2020-04-22 11:18:04.681 [JavaFX Application Thread] PaidOrderDAOImpl - Retrieved waiter sales dates from DB
[INFO ] 2020-04-22 11:18:15.298 [JavaFX Application Thread] PaidOrderDAOImpl - Inserted orderLine from orderNumber 818 into database
[INFO ] 2020-04-22 11:18:15.308 [JavaFX Application Thread] PaidOrderDAOImpl - paidOrders are loaded from database
[INFO ] 2020-04-22 11:18:17.802 [JavaFX Application Thread] PaidOrderDAOImpl - paidOrders are loaded from database
[INFO ] 2020-04-22 11:18:17.812 [JavaFX Application Thread] PaidOrderDAOImpl - Retrieved waiter sales dates from DB
[INFO ] 2020-04-22 11:18:20.800 [JavaFX Application Thread] PaidOrderDAOImpl - paidOrders are loaded from database
[INFO ] 2020-04-22 11:24:20.690 [JavaFX Application Thread] BeverageDAOImpl - beverages are loaded from database
[INFO ] 2020-04-22 11:24:20.707 [JavaFX Application Thread] WaiterDAOImpl - Waiters are loaded from database
[INFO ] 2020-04-22 11:24:20.731 [JavaFX Application Thread] PaidOrderDAOImpl - paidOrders are loaded from database
[INFO ] 2020-04-22 11:24:20.746 [JavaFX Application Thread] PaidOrderDAOImpl - Returned highest orderNumber 818 from database
[INFO ] 2020-04-22 11:24:26.935 [JavaFX Application Thread] PaidOrderDAOImpl - paidOrders are loaded from database
[INFO ] 2020-04-22 11:24:26.979 [JavaFX Application Thread] PaidOrderDAOImpl - Retrieved waiter sales dates from DB
[INFO ] 2020-04-22 11:24:33.120 [JavaFX Application Thread] PaidOrderDAOImpl - paidOrders are loaded from database
[INFO ] 2020-04-22 11:29:13.622 [JavaFX Application Thread] BeverageDAOImpl - beverages are loaded from database
[INFO ] 2020-04-22 11:29:13.643 [JavaFX Application Thread] WaiterDAOImpl - Waiters are loaded from database
[INFO ] 2020-04-22 11:29:13.679 [JavaFX Application Thread] PaidOrderDAOImpl - paidOrders are loaded from database
[INFO ] 2020-04-22 11:29:13.695 [JavaFX Application Thread] PaidOrderDAOImpl - Returned highest orderNumber 818 from database
[INFO ] 2020-04-22 11:29:27.996 [JavaFX Application Thread] PaidOrderDAOImpl - paidOrders are loaded from database
[INFO ] 2020-04-22 11:29:28.014 [JavaFX Application Thread] PaidOrderDAOImpl - Retrieved waiter sales dates from DB
[INFO ] 2020-04-22 11:29:33.790 [JavaFX Application Thread] PaidOrderDAOImpl - paidOrders are loaded from database
[INFO ] 2020-04-22 11:29:35.006 [JavaFX Application Thread] PaidOrderDAOImpl - paidOrders are loaded from database
[INFO ] 2020-04-22 11:33:16.493 [JavaFX Application Thread] BeverageDAOImpl - beverages are loaded from database
[INFO ] 2020-04-22 11:33:16.514 [JavaFX Application Thread] WaiterDAOImpl - Waiters are loaded from database
[INFO ] 2020-04-22 11:33:16.543 [JavaFX Application Thread] PaidOrderDAOImpl - paidOrders are loaded from database
[INFO ] 2020-04-22 11:33:16.601 [JavaFX Application Thread] PaidOrderDAOImpl - Returned highest orderNumber 818 from database
[INFO ] 2020-04-22 11:34:04.371 [JavaFX Application Thread] PaidOrderDAOImpl - paidOrders are loaded from database
[INFO ] 2020-04-22 11:34:04.419 [JavaFX Application Thread] PaidOrderDAOImpl - Retrieved waiter sales dates from DB
[INFO ] 2020-04-22 11:34:10.480 [JavaFX Application Thread] PaidOrderDAOImpl - paidOrders are loaded from database
[INFO ] 2020-04-22 11:34:11.494 [JavaFX Application Thread] PaidOrderDAOImpl - paidOrders are loaded from database
[INFO ] 2020-04-22 11:34:31.292 [JavaFX Application Thread] PaidOrderDAOImpl - paidOrders are loaded from database
[INFO ] 2020-04-22 11:34:39.374 [JavaFX Application Thread] PaidOrderDAOImpl - paidOrders are loaded from database
[INFO ] 2020-04-22 11:34:55.453 [JavaFX Application Thread] PaidOrderDAOImpl - paidOrders are loaded from database
[INFO ] 2020-04-22 11:35:13.385 [JavaFX Application Thread] PaidOrderDAOImpl - paidOrders are loaded from database
[INFO ] 2020-04-22 11:35:15.215 [JavaFX Application Thread] PaidOrderDAOImpl - paidOrders are loaded from database
[INFO ] 2020-04-22 11:36:51.394 [JavaFX Application Thread] BeverageDAOImpl - beverages are loaded from database
[INFO ] 2020-04-22 11:36:51.414 [JavaFX Application Thread] WaiterDAOImpl - Waiters are loaded from database
[INFO ] 2020-04-22 11:36:51.440 [JavaFX Application Thread] PaidOrderDAOImpl - paidOrders are loaded from database
[INFO ] 2020-04-22 11:36:51.447 [JavaFX Application Thread] PaidOrderDAOImpl - Returned highest orderNumber 818 from database
[INFO ] 2020-04-22 11:36:57.662 [JavaFX Application Thread] PaidOrderDAOImpl - paidOrders are loaded from database
[INFO ] 2020-04-22 11:36:57.710 [JavaFX Application Thread] PaidOrderDAOImpl - Retrieved waiter sales dates from DB
[INFO ] 2020-04-22 11:37:00.083 [JavaFX Application Thread] PaidOrderDAOImpl - paidOrders are loaded from database
[INFO ] 2020-04-22 11:37:17.983 [JavaFX Application Thread] PaidOrderDAOImpl - paidOrders are loaded from database
[INFO ] 2020-04-22 11:37:18.755 [JavaFX Application Thread] PaidOrderDAOImpl - paidOrders are loaded from database
[INFO ] 2020-04-22 11:37:31.349 [JavaFX Application Thread] PaidOrderDAOImpl - paidOrders are loaded from database
[INFO ] 2020-04-22 11:41:40.190 [JavaFX Application Thread] BeverageDAOImpl - beverages are loaded from database
[INFO ] 2020-04-22 11:41:40.215 [JavaFX Application Thread] WaiterDAOImpl - Waiters are loaded from database
[INFO ] 2020-04-22 11:41:40.284 [JavaFX Application Thread] PaidOrderDAOImpl - paidOrders are loaded from database
[INFO ] 2020-04-22 11:41:40.294 [JavaFX Application Thread] PaidOrderDAOImpl - Returned highest orderNumber 818 from database
[INFO ] 2020-04-22 11:41:48.162 [JavaFX Application Thread] PaidOrderDAOImpl - paidOrders are loaded from database
[INFO ] 2020-04-22 11:41:48.213 [JavaFX Application Thread] PaidOrderDAOImpl - Retrieved waiter sales dates from DB
[INFO ] 2020-04-22 11:41:50.909 [JavaFX Application Thread] PaidOrderDAOImpl - paidOrders are loaded from database
[INFO ] 2020-04-22 11:42:06.565 [JavaFX Application Thread] PaidOrderDAOImpl - paidOrders are loaded from database
[INFO ] 2020-04-22 11:42:07.527 [JavaFX Application Thread] PaidOrderDAOImpl - paidOrders are loaded from database
[INFO ] 2020-04-22 11:42:14.725 [JavaFX Application Thread] PaidOrderDAOImpl - paidOrders are loaded from database
[INFO ] 2020-04-22 11:42:23.591 [JavaFX Application Thread] PaidOrderDAOImpl - paidOrders are loaded from database
[INFO ] 2020-04-22 11:42:23.622 [JavaFX Application Thread] PaidOrderDAOImpl - Retrieved waiter sales dates from DB
[INFO ] 2020-04-22 11:42:27.430 [JavaFX Application Thread] PaidOrderDAOImpl - paidOrders are loaded from database
[INFO ] 2020-04-22 11:42:28.300 [JavaFX Application Thread] PaidOrderDAOImpl - paidOrders are loaded from database
[INFO ] 2020-04-22 11:42:42.600 [JavaFX Application Thread] PaidOrderDAOImpl - paidOrders are loaded from database
[INFO ] 2020-04-22 11:42:42.609 [JavaFX Application Thread] PaidOrderDAOImpl - Retrieved waiter sales dates from DB
[INFO ] 2020-04-22 11:42:44.110 [JavaFX Application Thread] PaidOrderDAOImpl - paidOrders are loaded from database
[INFO ] 2020-04-22 11:43:01.854 [JavaFX Application Thread] PaidOrderDAOImpl - paidOrders are loaded from database
[INFO ] 2020-04-22 11:43:02.759 [JavaFX Application Thread] PaidOrderDAOImpl - paidOrders are loaded from database
[INFO ] 2020-04-22 11:48:42.896 [JavaFX Application Thread] BeverageDAOImpl - beverages are loaded from database
[INFO ] 2020-04-22 11:48:42.927 [JavaFX Application Thread] WaiterDAOImpl - Waiters are loaded from database
[INFO ] 2020-04-22 11:48:42.975 [JavaFX Application Thread] PaidOrderDAOImpl - paidOrders are loaded from database
[INFO ] 2020-04-22 11:48:42.988 [JavaFX Application Thread] PaidOrderDAOImpl - Returned highest orderNumber 818 from database
[INFO ] 2020-04-22 11:49:30.797 [JavaFX Application Thread] PaidOrderDAOImpl - Inserted orderLine from orderNumber 823 into database
[INFO ] 2020-04-22 11:49:30.809 [JavaFX Application Thread] PaidOrderDAOImpl - Inserted orderLine from orderNumber 823 into database
[INFO ] 2020-04-22 11:49:30.823 [JavaFX Application Thread] PaidOrderDAOImpl - paidOrders are loaded from database
[INFO ] 2020-04-22 11:49:33.128 [JavaFX Application Thread] PaidOrderDAOImpl - paidOrders are loaded from database
[INFO ] 2020-04-22 11:49:33.142 [JavaFX Application Thread] PaidOrderDAOImpl - Retrieved waiter sales dates from DB
[INFO ] 2020-04-22 11:49:37.219 [JavaFX Application Thread] PaidOrderDAOImpl - paidOrders are loaded from database
[INFO ] 2020-04-22 13:57:17.985 [JavaFX Application Thread] BeverageDAOImpl - beverages are loaded from database
[INFO ] 2020-04-22 13:57:18.167 [JavaFX Application Thread] WaiterDAOImpl - Waiters are loaded from database
[INFO ] 2020-04-22 13:57:18.230 [JavaFX Application Thread] PaidOrderDAOImpl - paidOrders are loaded from database
[INFO ] 2020-04-22 13:57:18.252 [JavaFX Application Thread] PaidOrderDAOImpl - Returned highest orderNumber 823 from database
[INFO ] 2020-04-22 13:57:27.087 [JavaFX Application Thread] PaidOrderDAOImpl - paidOrders are loaded from database
[INFO ] 2020-04-22 13:57:27.144 [JavaFX Application Thread] PaidOrderDAOImpl - Retrieved waiter sales dates from DB
[INFO ] 2020-04-22 13:57:31.457 [JavaFX Application Thread] PaidOrderDAOImpl - paidOrders are loaded from database
[INFO ] 2020-04-22 14:00:21.932 [JavaFX Application Thread] BeverageDAOImpl - beverages are loaded from database
[INFO ] 2020-04-22 14:00:21.946 [JavaFX Application Thread] WaiterDAOImpl - Waiters are loaded from database
[INFO ] 2020-04-22 14:00:21.976 [JavaFX Application Thread] PaidOrderDAOImpl - paidOrders are loaded from database
[INFO ] 2020-04-22 14:00:21.984 [JavaFX Application Thread] PaidOrderDAOImpl - Returned highest orderNumber 823 from database
[INFO ] 2020-04-22 14:00:27.986 [JavaFX Application Thread] PaidOrderDAOImpl - paidOrders are loaded from database
[INFO ] 2020-04-22 14:00:28.034 [JavaFX Application Thread] PaidOrderDAOImpl - Retrieved waiter sales dates from DB
[INFO ] 2020-04-22 14:02:48.642 [JavaFX Application Thread] BeverageDAOImpl - beverages are loaded from database
[INFO ] 2020-04-22 14:02:48.658 [JavaFX Application Thread] WaiterDAOImpl - Waiters are loaded from database
[INFO ] 2020-04-22 14:02:48.689 [JavaFX Application Thread] PaidOrderDAOImpl - paidOrders are loaded from database
[INFO ] 2020-04-22 14:02:48.700 [JavaFX Application Thread] PaidOrderDAOImpl - Returned highest orderNumber 823 from database
[INFO ] 2020-04-22 14:02:57.253 [JavaFX Application Thread] PaidOrderDAOImpl - paidOrders are loaded from database
[INFO ] 2020-04-22 14:02:57.301 [JavaFX Application Thread] PaidOrderDAOImpl - Retrieved waiter sales dates from DB
[INFO ] 2020-04-22 14:06:10.711 [JavaFX Application Thread] BeverageDAOImpl - beverages are loaded from database
[INFO ] 2020-04-22 14:06:10.728 [JavaFX Application Thread] WaiterDAOImpl - Waiters are loaded from database
[INFO ] 2020-04-22 14:06:10.753 [JavaFX Application Thread] PaidOrderDAOImpl - paidOrders are loaded from database
[INFO ] 2020-04-22 14:06:10.760 [JavaFX Application Thread] PaidOrderDAOImpl - Returned highest orderNumber 823 from database
[INFO ] 2020-04-22 14:06:15.681 [JavaFX Application Thread] PaidOrderDAOImpl - paidOrders are loaded from database
[INFO ] 2020-04-22 14:06:15.723 [JavaFX Application Thread] PaidOrderDAOImpl - Retrieved waiter sales dates from DB
[INFO ] 2020-04-22 14:06:20.583 [JavaFX Application Thread] PaidOrderDAOImpl - paidOrders are loaded from database
[INFO ] 2020-04-22 14:06:23.571 [JavaFX Application Thread] PaidOrderDAOImpl - paidOrders are loaded from database
[INFO ] 2020-04-22 14:06:28.884 [JavaFX Application Thread] PaidOrderDAOImpl - Inserted orderLine from orderNumber 824 into database
[INFO ] 2020-04-22 14:06:28.892 [JavaFX Application Thread] PaidOrderDAOImpl - paidOrders are loaded from database
[INFO ] 2020-04-22 14:06:31.116 [JavaFX Application Thread] PaidOrderDAOImpl - paidOrders are loaded from database
[INFO ] 2020-04-22 14:06:31.126 [JavaFX Application Thread] PaidOrderDAOImpl - Retrieved waiter sales dates from DB
[INFO ] 2020-04-22 14:10:24.030 [JavaFX Application Thread] BeverageDAOImpl - beverages are loaded from database
[INFO ] 2020-04-22 14:10:24.047 [JavaFX Application Thread] WaiterDAOImpl - Waiters are loaded from database
[INFO ] 2020-04-22 14:10:24.070 [JavaFX Application Thread] PaidOrderDAOImpl - paidOrders are loaded from database
[INFO ] 2020-04-22 14:10:24.075 [JavaFX Application Thread] PaidOrderDAOImpl - Returned highest orderNumber 824 from database
[INFO ] 2020-04-22 14:10:30.361 [JavaFX Application Thread] PaidOrderDAOImpl - paidOrders are loaded from database
[INFO ] 2020-04-22 14:10:30.415 [JavaFX Application Thread] PaidOrderDAOImpl - Retrieved waiter sales dates from DB
[INFO ] 2020-04-22 14:10:35.634 [JavaFX Application Thread] PaidOrderDAOImpl - paidOrders are loaded from database
[INFO ] 2020-04-22 14:11:28.713 [JavaFX Application Thread] BeverageDAOImpl - beverages are loaded from database
[INFO ] 2020-04-22 14:11:28.729 [JavaFX Application Thread] WaiterDAOImpl - Waiters are loaded from database
[INFO ] 2020-04-22 14:11:28.752 [JavaFX Application Thread] PaidOrderDAOImpl - paidOrders are loaded from database
[INFO ] 2020-04-22 14:11:28.757 [JavaFX Application Thread] PaidOrderDAOImpl - Returned highest orderNumber 824 from database
[INFO ] 2020-04-22 14:11:34.766 [JavaFX Application Thread] PaidOrderDAOImpl - paidOrders are loaded from database
[INFO ] 2020-04-22 14:11:34.821 [JavaFX Application Thread] PaidOrderDAOImpl - Retrieved waiter sales dates from DB
[INFO ] 2020-04-22 14:11:39.570 [JavaFX Application Thread] PaidOrderDAOImpl - paidOrders are loaded from database
[INFO ] 2020-04-22 14:11:41.729 [JavaFX Application Thread] PaidOrderDAOImpl - paidOrders are loaded from database
[INFO ] 2020-04-22 14:17:41.761 [JavaFX Application Thread] BeverageDAOImpl - beverages are loaded from database
[INFO ] 2020-04-22 14:17:41.787 [JavaFX Application Thread] WaiterDAOImpl - Waiters are loaded from database
[INFO ] 2020-04-22 14:17:41.814 [JavaFX Application Thread] PaidOrderDAOImpl - paidOrders are loaded from database
[INFO ] 2020-04-22 14:17:41.829 [JavaFX Application Thread] PaidOrderDAOImpl - Returned highest orderNumber 824 from database
[INFO ] 2020-04-22 14:17:49.052 [JavaFX Application Thread] PaidOrderDAOImpl - paidOrders are loaded from database
[INFO ] 2020-04-22 14:17:49.101 [JavaFX Application Thread] PaidOrderDAOImpl - Retrieved waiter sales dates from DB
[INFO ] 2020-04-22 14:17:53.210 [JavaFX Application Thread] PaidOrderDAOImpl - paidOrders are loaded from database
[INFO ] 2020-04-22 14:19:26.667 [JavaFX Application Thread] BeverageDAOImpl - beverages are loaded from database
[INFO ] 2020-04-22 14:19:26.686 [JavaFX Application Thread] WaiterDAOImpl - Waiters are loaded from database
[INFO ] 2020-04-22 14:19:26.718 [JavaFX Application Thread] PaidOrderDAOImpl - paidOrders are loaded from database
[INFO ] 2020-04-22 14:19:26.740 [JavaFX Application Thread] PaidOrderDAOImpl - Returned highest orderNumber 824 from database
[INFO ] 2020-04-22 14:19:35.561 [JavaFX Application Thread] PaidOrderDAOImpl - paidOrders are loaded from database
[INFO ] 2020-04-22 14:19:35.602 [JavaFX Application Thread] PaidOrderDAOImpl - Retrieved waiter sales dates from DB
[INFO ] 2020-04-22 14:19:39.828 [JavaFX Application Thread] PaidOrderDAOImpl - paidOrders are loaded from database
[INFO ] 2020-04-22 14:19:41.627 [JavaFX Application Thread] PaidOrderDAOImpl - paidOrders are loaded from database
[INFO ] 2020-04-22 14:19:44.327 [JavaFX Application Thread] PaidOrderDAOImpl - paidOrders are loaded from database
[INFO ] 2020-04-22 14:19:58.271 [JavaFX Application Thread] PaidOrderDAOImpl - Inserted orderLine from orderNumber 825 into database
[INFO ] 2020-04-22 14:19:58.284 [JavaFX Application Thread] PaidOrderDAOImpl - paidOrders are loaded from database
[INFO ] 2020-04-22 14:20:00.339 [JavaFX Application Thread] PaidOrderDAOImpl - paidOrders are loaded from database
[INFO ] 2020-04-22 14:20:00.347 [JavaFX Application Thread] PaidOrderDAOImpl - Retrieved waiter sales dates from DB
[INFO ] 2020-04-22 14:20:04.219 [JavaFX Application Thread] PaidOrderDAOImpl - paidOrders are loaded from database
[INFO ] 2020-04-22 14:21:02.190 [JavaFX Application Thread] BeverageDAOImpl - beverages are loaded from database
[INFO ] 2020-04-22 14:21:02.215 [JavaFX Application Thread] WaiterDAOImpl - Waiters are loaded from database
[INFO ] 2020-04-22 14:21:02.249 [JavaFX Application Thread] PaidOrderDAOImpl - paidOrders are loaded from database
[INFO ] 2020-04-22 14:21:02.264 [JavaFX Application Thread] PaidOrderDAOImpl - Returned highest orderNumber 825 from database
[INFO ] 2020-04-22 14:21:11.364 [JavaFX Application Thread] PaidOrderDAOImpl - paidOrders are loaded from database
[INFO ] 2020-04-22 14:21:11.378 [JavaFX Application Thread] PaidOrderDAOImpl - Retrieved waiter sales dates from DB
[INFO ] 2020-04-22 14:21:15.196 [JavaFX Application Thread] PaidOrderDAOImpl - paidOrders are loaded from database
[INFO ] 2020-04-22 14:21:19.317 [JavaFX Application Thread] PaidOrderDAOImpl - paidOrders are loaded from database
[INFO ] 2020-04-22 14:21:20.601 [JavaFX Application Thread] PaidOrderDAOImpl - paidOrders are loaded from database
[INFO ] 2020-04-22 14:21:50.709 [JavaFX Application Thread] BeverageDAOImpl - beverages are loaded from database
[INFO ] 2020-04-22 14:21:50.726 [JavaFX Application Thread] WaiterDAOImpl - Waiters are loaded from database
[INFO ] 2020-04-22 14:21:50.753 [JavaFX Application Thread] PaidOrderDAOImpl - paidOrders are loaded from database
[INFO ] 2020-04-22 14:21:50.760 [JavaFX Application Thread] PaidOrderDAOImpl - Returned highest orderNumber 825 from database
[INFO ] 2020-04-22 14:21:56.962 [JavaFX Application Thread] PaidOrderDAOImpl - paidOrders are loaded from database
[INFO ] 2020-04-22 14:21:57.008 [JavaFX Application Thread] PaidOrderDAOImpl - Retrieved waiter sales dates from DB
[INFO ] 2020-04-22 14:22:00.505 [JavaFX Application Thread] PaidOrderDAOImpl - paidOrders are loaded from database
[INFO ] 2020-04-22 14:22:02.644 [JavaFX Application Thread] PaidOrderDAOImpl - paidOrders are loaded from database
[INFO ] 2020-04-22 14:22:56.703 [JavaFX Application Thread] BeverageDAOImpl - beverages are loaded from database
[INFO ] 2020-04-22 14:22:56.736 [JavaFX Application Thread] WaiterDAOImpl - Waiters are loaded from database
[INFO ] 2020-04-22 14:22:56.772 [JavaFX Application Thread] PaidOrderDAOImpl - paidOrders are loaded from database
[INFO ] 2020-04-22 14:22:56.780 [JavaFX Application Thread] PaidOrderDAOImpl - Returned highest orderNumber 825 from database
[INFO ] 2020-04-22 14:23:02.540 [JavaFX Application Thread] PaidOrderDAOImpl - paidOrders are loaded from database
[INFO ] 2020-04-22 14:23:02.588 [JavaFX Application Thread] PaidOrderDAOImpl - Retrieved waiter sales dates from DB
[INFO ] 2020-04-22 14:23:05.795 [JavaFX Application Thread] PaidOrderDAOImpl - paidOrders are loaded from database
[INFO ] 2020-04-22 14:23:07.664 [JavaFX Application Thread] PaidOrderDAOImpl - paidOrders are loaded from database
[INFO ] 2020-04-22 14:23:08.948 [JavaFX Application Thread] PaidOrderDAOImpl - paidOrders are loaded from database
[INFO ] 2020-04-22 14:23:11.325 [JavaFX Application Thread] PaidOrderDAOImpl - paidOrders are loaded from database
[INFO ] 2020-04-22 14:23:14.166 [JavaFX Application Thread] PaidOrderDAOImpl - paidOrders are loaded from database
[INFO ] 2020-04-22 14:23:21.026 [JavaFX Application Thread] PaidOrderDAOImpl - Inserted orderLine from orderNumber 826 into database
[INFO ] 2020-04-22 14:23:21.033 [JavaFX Application Thread] PaidOrderDAOImpl - paidOrders are loaded from database
[INFO ] 2020-04-22 14:23:23.481 [JavaFX Application Thread] PaidOrderDAOImpl - paidOrders are loaded from database
[INFO ] 2020-04-22 14:23:23.490 [JavaFX Application Thread] PaidOrderDAOImpl - Retrieved waiter sales dates from DB
[INFO ] 2020-04-22 14:23:27.070 [JavaFX Application Thread] PaidOrderDAOImpl - paidOrders are loaded from database
[INFO ] 2020-04-22 14:25:42.135 [JavaFX Application Thread] BeverageDAOImpl - beverages are loaded from database
[INFO ] 2020-04-22 14:25:42.150 [JavaFX Application Thread] WaiterDAOImpl - Waiters are loaded from database
[INFO ] 2020-04-22 14:25:42.174 [JavaFX Application Thread] PaidOrderDAOImpl - paidOrders are loaded from database
[INFO ] 2020-04-22 14:25:42.183 [JavaFX Application Thread] PaidOrderDAOImpl - Returned highest orderNumber 826 from database
[INFO ] 2020-04-22 14:25:47.884 [JavaFX Application Thread] PaidOrderDAOImpl - paidOrders are loaded from database
[INFO ] 2020-04-22 14:25:47.942 [JavaFX Application Thread] PaidOrderDAOImpl - Retrieved waiter sales dates from DB
[INFO ] 2020-04-22 14:25:52.923 [JavaFX Application Thread] PaidOrderDAOImpl - paidOrders are loaded from database
[INFO ] 2020-04-22 14:25:54.992 [JavaFX Application Thread] PaidOrderDAOImpl - paidOrders are loaded from database
[INFO ] 2020-04-22 14:26:03.248 [JavaFX Application Thread] PaidOrderDAOImpl - Inserted orderLine from orderNumber 827 into database
[INFO ] 2020-04-22 14:26:03.260 [JavaFX Application Thread] PaidOrderDAOImpl - paidOrders are loaded from database
[INFO ] 2020-04-22 14:26:05.325 [JavaFX Application Thread] PaidOrderDAOImpl - paidOrders are loaded from database
[INFO ] 2020-04-22 14:26:05.335 [JavaFX Application Thread] PaidOrderDAOImpl - Retrieved waiter sales dates from DB
[INFO ] 2020-04-22 14:26:09.668 [JavaFX Application Thread] PaidOrderDAOImpl - paidOrders are loaded from database
[INFO ] 2020-04-22 14:29:42.703 [JavaFX Application Thread] BeverageDAOImpl - beverages are loaded from database
[INFO ] 2020-04-22 14:29:42.719 [JavaFX Application Thread] WaiterDAOImpl - Waiters are loaded from database
[INFO ] 2020-04-22 14:29:42.744 [JavaFX Application Thread] PaidOrderDAOImpl - paidOrders are loaded from database
[INFO ] 2020-04-22 14:29:42.751 [JavaFX Application Thread] PaidOrderDAOImpl - Returned highest orderNumber 827 from database
[INFO ] 2020-04-22 14:29:52.696 [JavaFX Application Thread] PaidOrderDAOImpl - paidOrders are loaded from database
[INFO ] 2020-04-22 14:29:52.743 [JavaFX Application Thread] PaidOrderDAOImpl - Retrieved waiter sales dates from DB
[INFO ] 2020-04-22 14:29:59.097 [JavaFX Application Thread] PaidOrderDAOImpl - paidOrders are loaded from database
[INFO ] 2020-04-22 14:30:43.844 [JavaFX Application Thread] BeverageDAOImpl - beverages are loaded from database
[INFO ] 2020-04-22 14:30:43.858 [JavaFX Application Thread] WaiterDAOImpl - Waiters are loaded from database
[INFO ] 2020-04-22 14:30:43.885 [JavaFX Application Thread] PaidOrderDAOImpl - paidOrders are loaded from database
[INFO ] 2020-04-22 14:30:43.892 [JavaFX Application Thread] PaidOrderDAOImpl - Returned highest orderNumber 827 from database
[INFO ] 2020-04-22 14:30:51.197 [JavaFX Application Thread] PaidOrderDAOImpl - paidOrders are loaded from database
[INFO ] 2020-04-22 14:30:51.246 [JavaFX Application Thread] PaidOrderDAOImpl - Retrieved waiter sales dates from DB
[INFO ] 2020-04-22 14:30:57.620 [JavaFX Application Thread] PaidOrderDAOImpl - paidOrders are loaded from database
[INFO ] 2020-04-22 16:52:53.316 [JavaFX Application Thread] BeverageDAOImpl - beverages are loaded from database
[INFO ] 2020-04-22 16:52:53.338 [JavaFX Application Thread] WaiterDAOImpl - Waiters are loaded from database
[INFO ] 2020-04-22 16:52:53.367 [JavaFX Application Thread] PaidOrderDAOImpl - paidOrders are loaded from database
[INFO ] 2020-04-22 16:52:53.377 [JavaFX Application Thread] PaidOrderDAOImpl - Returned highest orderNumber 827 from database
[INFO ] 2020-04-22 16:52:59.494 [JavaFX Application Thread] PaidOrderDAOImpl - paidOrders are loaded from database
[INFO ] 2020-04-22 16:52:59.564 [JavaFX Application Thread] PaidOrderDAOImpl - Retrieved waiter sales dates from DB
[INFO ] 2020-04-22 16:53:10.203 [JavaFX Application Thread] PaidOrderDAOImpl - paidOrders are loaded from database
[INFO ] 2020-04-22 16:53:11.744 [JavaFX Application Thread] PaidOrderDAOImpl - paidOrders are loaded from database
[INFO ] 2020-04-22 16:54:24.474 [JavaFX Application Thread] BeverageDAOImpl - beverages are loaded from database
[INFO ] 2020-04-22 16:54:24.492 [JavaFX Application Thread] WaiterDAOImpl - Waiters are loaded from database
[INFO ] 2020-04-22 16:54:24.534 [JavaFX Application Thread] PaidOrderDAOImpl - paidOrders are loaded from database
[INFO ] 2020-04-22 16:54:24.544 [JavaFX Application Thread] PaidOrderDAOImpl - Returned highest orderNumber 827 from database
[INFO ] 2020-04-22 16:54:32.910 [JavaFX Application Thread] PaidOrderDAOImpl - Retrieved waiter sales dates from DB
[INFO ] 2020-04-22 16:54:46.019 [JavaFX Application Thread] PaidOrderDAOImpl - Inserted orderLine from orderNumber 828 into database
[INFO ] 2020-04-22 16:54:46.032 [JavaFX Application Thread] PaidOrderDAOImpl - paidOrders are loaded from database
[INFO ] 2020-04-22 16:54:48.509 [JavaFX Application Thread] PaidOrderDAOImpl - Retrieved waiter sales dates from DB
[INFO ] 2020-04-22 16:54:53.531 [JavaFX Application Thread] PaidOrderDAOImpl - Retrieved waiter sales dates from DB
[INFO ] 2020-04-22 16:54:55.895 [JavaFX Application Thread] PaidOrderDAOImpl - Retrieved waiter sales dates from DB
[INFO ] 2020-04-22 16:54:58.179 [JavaFX Application Thread] PaidOrderDAOImpl - Retrieved waiter sales dates from DB
[INFO ] 2020-04-22 16:55:01.083 [JavaFX Application Thread] PaidOrderDAOImpl - Retrieved waiter sales dates from DB
[INFO ] 2020-04-22 16:55:06.757 [JavaFX Application Thread] PaidOrderDAOImpl - Retrieved waiter sales dates from DB
[INFO ] 2020-04-22 16:55:16.498 [JavaFX Application Thread] PaidOrderDAOImpl - Retrieved waiter sales dates from DB
[INFO ] 2020-04-22 16:55:32.289 [JavaFX Application Thread] BeverageDAOImpl - beverages are loaded from database
[INFO ] 2020-04-22 16:55:32.378 [JavaFX Application Thread] WaiterDAOImpl - Waiters are loaded from database
[INFO ] 2020-04-22 16:55:32.407 [JavaFX Application Thread] PaidOrderDAOImpl - paidOrders are loaded from database
[INFO ] 2020-04-22 16:55:32.414 [JavaFX Application Thread] PaidOrderDAOImpl - Returned highest orderNumber 828 from database
[INFO ] 2020-04-22 16:55:41.053 [JavaFX Application Thread] PaidOrderDAOImpl - paidOrders are loaded from database
[INFO ] 2020-04-22 16:55:41.095 [JavaFX Application Thread] PaidOrderDAOImpl - Retrieved waiter sales dates from DB
[INFO ] 2020-04-22 16:55:44.660 [JavaFX Application Thread] PaidOrderDAOImpl - paidOrders are loaded from database
[INFO ] 2020-04-22 16:55:44.674 [JavaFX Application Thread] PaidOrderDAOImpl - Retrieved waiter sales dates from DB
[INFO ] 2020-04-22 16:55:46.398 [JavaFX Application Thread] PaidOrderDAOImpl - paidOrders are loaded from database
[INFO ] 2020-04-22 16:55:46.410 [JavaFX Application Thread] PaidOrderDAOImpl - Retrieved waiter sales dates from DB
[INFO ] 2020-04-22 16:55:48.241 [JavaFX Application Thread] PaidOrderDAOImpl - paidOrders are loaded from database
[INFO ] 2020-04-22 16:55:48.250 [JavaFX Application Thread] PaidOrderDAOImpl - Retrieved waiter sales dates from DB
[INFO ] 2020-04-22 16:55:52.013 [JavaFX Application Thread] PaidOrderDAOImpl - paidOrders are loaded from database
[INFO ] 2020-04-22 16:55:54.169 [JavaFX Application Thread] PaidOrderDAOImpl - paidOrders are loaded from database
[INFO ] 2020-04-22 16:55:54.177 [JavaFX Application Thread] PaidOrderDAOImpl - Retrieved waiter sales dates from DB
[INFO ] 2020-04-22 20:54:43.257 [JavaFX Application Thread] BeverageDAOImpl - beverages are loaded from database
[INFO ] 2020-04-22 20:54:43.282 [JavaFX Application Thread] WaiterDAOImpl - Waiters are loaded from database
[INFO ] 2020-04-22 20:54:43.314 [JavaFX Application Thread] PaidOrderDAOImpl - paidOrders are loaded from database
[INFO ] 2020-04-22 20:54:43.324 [JavaFX Application Thread] PaidOrderDAOImpl - Returned highest orderNumber 828 from database
[INFO ] 2020-04-22 20:54:52.591 [JavaFX Application Thread] PaidOrderDAOImpl - paidOrders are loaded from database
[INFO ] 2020-04-22 20:54:52.636 [JavaFX Application Thread] PaidOrderDAOImpl - Retrieved waiter sales dates from DB
[INFO ] 2020-04-22 20:56:10.648 [JavaFX Application Thread] BeverageDAOImpl - beverages are loaded from database
[INFO ] 2020-04-22 20:56:10.665 [JavaFX Application Thread] WaiterDAOImpl - Waiters are loaded from database
[INFO ] 2020-04-22 20:56:10.693 [JavaFX Application Thread] PaidOrderDAOImpl - paidOrders are loaded from database
[INFO ] 2020-04-22 20:56:10.706 [JavaFX Application Thread] PaidOrderDAOImpl - Returned highest orderNumber 828 from database
[INFO ] 2020-04-22 20:56:24.638 [JavaFX Application Thread] PaidOrderDAOImpl - paidOrders are loaded from database
[INFO ] 2020-04-22 20:56:24.685 [JavaFX Application Thread] PaidOrderDAOImpl - Retrieved waiter sales dates from DB
[INFO ] 2020-04-22 21:00:30.365 [JavaFX Application Thread] BeverageDAOImpl - beverages are loaded from database
[INFO ] 2020-04-22 21:00:30.397 [JavaFX Application Thread] WaiterDAOImpl - Waiters are loaded from database
[INFO ] 2020-04-22 21:00:30.435 [JavaFX Application Thread] PaidOrderDAOImpl - paidOrders are loaded from database
[INFO ] 2020-04-22 21:00:30.450 [JavaFX Application Thread] PaidOrderDAOImpl - Returned highest orderNumber 828 from database
[INFO ] 2020-04-22 21:00:46.340 [JavaFX Application Thread] PaidOrderDAOImpl - paidOrders are loaded from database
[INFO ] 2020-04-22 21:00:46.353 [JavaFX Application Thread] PaidOrderDAOImpl - Retrieved waiter sales dates from DB
[INFO ] 2020-04-22 21:34:35.808 [JavaFX Application Thread] BeverageDAOImpl - beverages are loaded from database
[INFO ] 2020-04-22 21:34:35.829 [JavaFX Application Thread] WaiterDAOImpl - Waiters are loaded from database
[INFO ] 2020-04-22 21:34:35.862 [JavaFX Application Thread] PaidOrderDAOImpl - paidOrders are loaded from database
[INFO ] 2020-04-22 21:34:35.876 [JavaFX Application Thread] PaidOrderDAOImpl - Returned highest orderNumber 828 from database
[INFO ] 2020-04-22 21:34:44.740 [JavaFX Application Thread] PaidOrderDAOImpl - paidOrders are loaded from database
[INFO ] 2020-04-22 21:34:44.793 [JavaFX Application Thread] PaidOrderDAOImpl - Retrieved waiter sales dates from DB
[INFO ] 2020-04-22 21:34:51.242 [JavaFX Application Thread] PaidOrderDAOImpl - paidOrders are loaded from database
[INFO ] 2020-04-22 21:35:49.478 [JavaFX Application Thread] BeverageDAOImpl - beverages are loaded from database
[INFO ] 2020-04-22 21:35:49.495 [JavaFX Application Thread] WaiterDAOImpl - Waiters are loaded from database
[INFO ] 2020-04-22 21:35:49.524 [JavaFX Application Thread] PaidOrderDAOImpl - paidOrders are loaded from database
[INFO ] 2020-04-22 21:35:49.532 [JavaFX Application Thread] PaidOrderDAOImpl - Returned highest orderNumber 828 from database
[INFO ] 2020-04-22 21:36:11.970 [JavaFX Application Thread] PaidOrderDAOImpl - paidOrders are loaded from database
[INFO ] 2020-04-22 21:36:11.998 [JavaFX Application Thread] PaidOrderDAOImpl - Retrieved waiter sales dates from DB
[INFO ] 2020-04-22 21:37:26.034 [JavaFX Application Thread] BeverageDAOImpl - beverages are loaded from database
[INFO ] 2020-04-22 21:37:26.131 [JavaFX Application Thread] WaiterDAOImpl - Waiters are loaded from database
[INFO ] 2020-04-22 21:37:26.179 [JavaFX Application Thread] PaidOrderDAOImpl - paidOrders are loaded from database
[INFO ] 2020-04-22 21:37:26.188 [JavaFX Application Thread] PaidOrderDAOImpl - Returned highest orderNumber 828 from database
[INFO ] 2020-04-22 21:37:37.499 [JavaFX Application Thread] PaidOrderDAOImpl - paidOrders are loaded from database
[INFO ] 2020-04-22 21:37:37.536 [JavaFX Application Thread] PaidOrderDAOImpl - Retrieved waiter sales dates from DB
[INFO ] 2020-04-22 21:38:40.383 [JavaFX Application Thread] BeverageDAOImpl - beverages are loaded from database
[INFO ] 2020-04-22 21:38:40.403 [JavaFX Application Thread] WaiterDAOImpl - Waiters are loaded from database
[INFO ] 2020-04-22 21:38:40.432 [JavaFX Application Thread] PaidOrderDAOImpl - paidOrders are loaded from database
[INFO ] 2020-04-22 21:38:40.440 [JavaFX Application Thread] PaidOrderDAOImpl - Returned highest orderNumber 828 from database
[INFO ] 2020-04-22 21:38:54.802 [JavaFX Application Thread] PaidOrderDAOImpl - paidOrders are loaded from database
[INFO ] 2020-04-22 21:38:54.849 [JavaFX Application Thread] PaidOrderDAOImpl - Retrieved waiter sales dates from DB
[INFO ] 2020-04-22 21:49:35.887 [JavaFX Application Thread] BeverageDAOImpl - beverages are loaded from database
[INFO ] 2020-04-22 21:49:35.918 [JavaFX Application Thread] WaiterDAOImpl - Waiters are loaded from database
[INFO ] 2020-04-22 21:49:35.952 [JavaFX Application Thread] PaidOrderDAOImpl - paidOrders are loaded from database
[INFO ] 2020-04-22 21:49:35.986 [JavaFX Application Thread] PaidOrderDAOImpl - Returned highest orderNumber 828 from database
[INFO ] 2020-04-22 21:49:55.454 [JavaFX Application Thread] PaidOrderDAOImpl - paidOrders are loaded from database
[INFO ] 2020-04-22 21:49:55.473 [JavaFX Application Thread] PaidOrderDAOImpl - Retrieved waiter sales dates from DB
[INFO ] 2020-04-22 21:50:05.525 [JavaFX Application Thread] PaidOrderDAOImpl - paidOrders are loaded from database
[INFO ] 2020-04-22 21:51:33.006 [JavaFX Application Thread] BeverageDAOImpl - beverages are loaded from database
[INFO ] 2020-04-22 21:51:33.024 [JavaFX Application Thread] WaiterDAOImpl - Waiters are loaded from database
[INFO ] 2020-04-22 21:51:33.050 [JavaFX Application Thread] PaidOrderDAOImpl - paidOrders are loaded from database
[INFO ] 2020-04-22 21:51:33.057 [JavaFX Application Thread] PaidOrderDAOImpl - Returned highest orderNumber 828 from database
[INFO ] 2020-04-22 21:53:04.069 [JavaFX Application Thread] BeverageDAOImpl - beverages are loaded from database
[INFO ] 2020-04-22 21:53:04.095 [JavaFX Application Thread] WaiterDAOImpl - Waiters are loaded from database
[INFO ] 2020-04-22 21:53:04.129 [JavaFX Application Thread] PaidOrderDAOImpl - paidOrders are loaded from database
[INFO ] 2020-04-22 21:53:04.143 [JavaFX Application Thread] PaidOrderDAOImpl - Returned highest orderNumber 828 from database
[INFO ] 2020-04-22 21:54:11.641 [JavaFX Application Thread] BeverageDAOImpl - beverages are loaded from database
[INFO ] 2020-04-22 21:54:11.661 [JavaFX Application Thread] WaiterDAOImpl - Waiters are loaded from database
[INFO ] 2020-04-22 21:54:11.690 [JavaFX Application Thread] PaidOrderDAOImpl - paidOrders are loaded from database
[INFO ] 2020-04-22 21:54:11.698 [JavaFX Application Thread] PaidOrderDAOImpl - Returned highest orderNumber 828 from database
[INFO ] 2020-04-22 21:54:47.101 [JavaFX Application Thread] PaidOrderDAOImpl - paidOrders are loaded from database
[INFO ] 2020-04-22 21:54:47.118 [JavaFX Application Thread] PaidOrderDAOImpl - Retrieved waiter sales dates from DB
[INFO ] 2020-04-22 22:10:26.851 [JavaFX Application Thread] BeverageDAOImpl - beverages are loaded from database
[INFO ] 2020-04-22 22:10:26.870 [JavaFX Application Thread] WaiterDAOImpl - Waiters are loaded from database
[INFO ] 2020-04-22 22:10:26.898 [JavaFX Application Thread] PaidOrderDAOImpl - paidOrders are loaded from database
[INFO ] 2020-04-22 22:10:26.903 [JavaFX Application Thread] PaidOrderDAOImpl - Returned highest orderNumber 828 from database
[INFO ] 2020-04-22 22:12:18.357 [JavaFX Application Thread] BeverageDAOImpl - beverages are loaded from database
[INFO ] 2020-04-22 22:12:18.397 [JavaFX Application Thread] WaiterDAOImpl - Waiters are loaded from database
[INFO ] 2020-04-22 22:12:18.457 [JavaFX Application Thread] PaidOrderDAOImpl - paidOrders are loaded from database
[INFO ] 2020-04-22 22:12:18.475 [JavaFX Application Thread] PaidOrderDAOImpl - Returned highest orderNumber 828 from database
[INFO ] 2020-04-22 22:12:58.328 [JavaFX Application Thread] BeverageDAOImpl - beverages are loaded from database
[INFO ] 2020-04-22 22:12:58.349 [JavaFX Application Thread] WaiterDAOImpl - Waiters are loaded from database
[INFO ] 2020-04-22 22:12:58.382 [JavaFX Application Thread] PaidOrderDAOImpl - paidOrders are loaded from database
[INFO ] 2020-04-22 22:12:58.398 [JavaFX Application Thread] PaidOrderDAOImpl - Returned highest orderNumber 828 from database
[INFO ] 2020-04-22 22:15:38.902 [JavaFX Application Thread] BeverageDAOImpl - beverages are loaded from database
[INFO ] 2020-04-22 22:15:38.920 [JavaFX Application Thread] WaiterDAOImpl - Waiters are loaded from database
[INFO ] 2020-04-22 22:15:38.971 [JavaFX Application Thread] PaidOrderDAOImpl - paidOrders are loaded from database
[INFO ] 2020-04-22 22:15:38.981 [JavaFX Application Thread] PaidOrderDAOImpl - Returned highest orderNumber 828 from database
[INFO ] 2020-04-22 22:16:11.185 [JavaFX Application Thread] BeverageDAOImpl - beverages are loaded from database
[INFO ] 2020-04-22 22:16:11.202 [JavaFX Application Thread] WaiterDAOImpl - Waiters are loaded from database
[INFO ] 2020-04-22 22:16:11.229 [JavaFX Application Thread] PaidOrderDAOImpl - paidOrders are loaded from database
[INFO ] 2020-04-22 22:16:11.236 [JavaFX Application Thread] PaidOrderDAOImpl - Returned highest orderNumber 828 from database
[INFO ] 2020-04-22 22:19:46.818 [JavaFX Application Thread] BeverageDAOImpl - beverages are loaded from database
[INFO ] 2020-04-22 22:19:46.862 [JavaFX Application Thread] WaiterDAOImpl - Waiters are loaded from database
[INFO ] 2020-04-22 22:19:46.911 [JavaFX Application Thread] PaidOrderDAOImpl - paidOrders are loaded from database
[INFO ] 2020-04-22 22:19:46.919 [JavaFX Application Thread] PaidOrderDAOImpl - Returned highest orderNumber 828 from database
[INFO ] 2020-04-22 22:20:33.752 [JavaFX Application Thread] BeverageDAOImpl - beverages are loaded from database
[INFO ] 2020-04-22 22:20:33.827 [JavaFX Application Thread] WaiterDAOImpl - Waiters are loaded from database
[INFO ] 2020-04-22 22:20:33.860 [JavaFX Application Thread] PaidOrderDAOImpl - paidOrders are loaded from database
[INFO ] 2020-04-22 22:20:33.866 [JavaFX Application Thread] PaidOrderDAOImpl - Returned highest orderNumber 828 from database
[INFO ] 2020-04-22 22:22:24.913 [JavaFX Application Thread] BeverageDAOImpl - beverages are loaded from database
[INFO ] 2020-04-22 22:22:24.931 [JavaFX Application Thread] WaiterDAOImpl - Waiters are loaded from database
[INFO ] 2020-04-22 22:22:24.997 [JavaFX Application Thread] PaidOrderDAOImpl - paidOrders are loaded from database
[INFO ] 2020-04-22 22:22:25.003 [JavaFX Application Thread] PaidOrderDAOImpl - Returned highest orderNumber 828 from database
[INFO ] 2020-04-22 23:12:17.445 [JavaFX Application Thread] BeverageDAOImpl - beverages are loaded from database
[INFO ] 2020-04-22 23:12:17.471 [JavaFX Application Thread] WaiterDAOImpl - Waiters are loaded from database
[INFO ] 2020-04-22 23:12:17.502 [JavaFX Application Thread] PaidOrderDAOImpl - paidOrders are loaded from database
[INFO ] 2020-04-22 23:12:17.517 [JavaFX Application Thread] PaidOrderDAOImpl - Returned highest orderNumber 828 from database
[INFO ] 2020-04-22 23:12:34.196 [JavaFX Application Thread] PaidOrderDAOImpl - paidOrders are loaded from database
[INFO ] 2020-04-22 23:12:34.241 [JavaFX Application Thread] PaidOrderDAOImpl - Retrieved waiter sales dates from DB
[INFO ] 2020-04-22 23:12:39.293 [JavaFX Application Thread] PaidOrderDAOImpl - paidOrders are loaded from database
[INFO ] 2020-04-22 23:12:41.565 [JavaFX Application Thread] PaidOrderDAOImpl - paidOrders are loaded from database
[INFO ] 2020-04-22 23:12:43.681 [JavaFX Application Thread] PaidOrderDAOImpl - paidOrders are loaded from database
[INFO ] 2020-04-22 23:12:52.391 [JavaFX Application Thread] PaidOrderDAOImpl - paidOrders are loaded from database
[INFO ] 2020-04-22 23:18:33.610 [JavaFX Application Thread] BeverageDAOImpl - beverages are loaded from database
[INFO ] 2020-04-22 23:18:33.632 [JavaFX Application Thread] WaiterDAOImpl - Waiters are loaded from database
[INFO ] 2020-04-22 23:18:33.683 [JavaFX Application Thread] PaidOrderDAOImpl - paidOrders are loaded from database
[INFO ] 2020-04-22 23:18:33.696 [JavaFX Application Thread] PaidOrderDAOImpl - Returned highest orderNumber 828 from database
[INFO ] 2020-04-22 23:18:41.884 [JavaFX Application Thread] PaidOrderDAOImpl - paidOrders are loaded from database
[INFO ] 2020-04-22 23:18:41.926 [JavaFX Application Thread] PaidOrderDAOImpl - Retrieved waiter sales dates from DB
[INFO ] 2020-04-22 23:18:52.550 [JavaFX Application Thread] PaidOrderDAOImpl - paidOrders are loaded from database
[INFO ] 2020-04-22 23:18:58.898 [JavaFX Application Thread] PaidOrderDAOImpl - paidOrders are loaded from database
[INFO ] 2020-04-22 23:19:26.735 [JavaFX Application Thread] PaidOrderDAOImpl - paidOrders are loaded from database
[INFO ] 2020-04-22 23:19:28.343 [JavaFX Application Thread] PaidOrderDAOImpl - paidOrders are loaded from database
[INFO ] 2020-04-22 23:19:40.758 [JavaFX Application Thread] PaidOrderDAOImpl - paidOrders are loaded from database
[INFO ] 2020-04-22 23:19:43.250 [JavaFX Application Thread] PaidOrderDAOImpl - paidOrders are loaded from database
[INFO ] 2020-04-22 23:22:05.430 [JavaFX Application Thread] BeverageDAOImpl - beverages are loaded from database
[INFO ] 2020-04-22 23:22:05.450 [JavaFX Application Thread] WaiterDAOImpl - Waiters are loaded from database
[INFO ] 2020-04-22 23:22:05.473 [JavaFX Application Thread] PaidOrderDAOImpl - paidOrders are loaded from database
[INFO ] 2020-04-22 23:22:05.480 [JavaFX Application Thread] PaidOrderDAOImpl - Returned highest orderNumber 828 from database
[INFO ] 2020-04-22 23:22:19.781 [JavaFX Application Thread] PaidOrderDAOImpl - Inserted orderLine from orderNumber 829 into database
[INFO ] 2020-04-22 23:22:19.793 [JavaFX Application Thread] PaidOrderDAOImpl - paidOrders are loaded from database
[INFO ] 2020-04-22 23:22:29.670 [JavaFX Application Thread] PaidOrderDAOImpl - paidOrders are loaded from database
[INFO ] 2020-04-22 23:22:29.687 [JavaFX Application Thread] PaidOrderDAOImpl - Retrieved waiter sales dates from DB
[INFO ] 2020-04-22 23:22:33.208 [JavaFX Application Thread] PaidOrderDAOImpl - paidOrders are loaded from database
