[INFO ] 2020-04-28 19:15:17.742 [JavaFX Application Thread] BeverageDAOImpl - beverages are loaded from database
[INFO ] 2020-04-28 19:15:17.769 [JavaFX Application Thread] WaiterDAOImpl - Waiters are loaded from database
[INFO ] 2020-04-28 19:15:17.783 [JavaFX Application Thread] PaidOrderDAOImpl - Returned highest orderNumber 819 from database
[INFO ] 2020-04-28 19:51:56.993 [JavaFX Application Thread] BeverageDAOImpl - beverages are loaded from database
[INFO ] 2020-04-28 19:51:57.016 [JavaFX Application Thread] WaiterDAOImpl - Waiters are loaded from database
[INFO ] 2020-04-28 19:51:57.029 [JavaFX Application Thread] PaidOrderDAOImpl - Returned highest orderNumber 819 from database
[INFO ] 2020-04-28 19:52:33.405 [JavaFX Application Thread] PaidOrderDAOImpl - Inserted orderLine from orderNumber 819 into database
[INFO ] 2020-04-28 19:52:33.418 [JavaFX Application Thread] PaidOrderDAOImpl - Inserted orderLine from orderNumber 819 into database
[INFO ] 2020-04-28 19:52:56.012 [JavaFX Application Thread] PaidOrderDAOImpl - paidOrders are loaded from database
[INFO ] 2020-04-28 19:52:56.034 [JavaFX Application Thread] PaidOrderDAOImpl - Retrieved waiter sales dates from DB
[INFO ] 2020-04-28 19:52:56.049 [JavaFX Application Thread] PaidOrderDAOImpl - paidOrders are loaded from database
[INFO ] 2020-04-28 19:53:00.807 [JavaFX Application Thread] PaidOrderDAOImpl - paidOrders are loaded from database
[INFO ] 2020-04-28 19:55:13.598 [JavaFX Application Thread] BeverageDAOImpl - beverages are loaded from database
[INFO ] 2020-04-28 19:55:13.620 [JavaFX Application Thread] WaiterDAOImpl - Waiters are loaded from database
[INFO ] 2020-04-28 19:55:13.635 [JavaFX Application Thread] PaidOrderDAOImpl - Returned highest orderNumber 819 from database
[INFO ] 2020-04-28 19:55:51.190 [JavaFX Application Thread] PaidOrderDAOImpl - Inserted orderLine from orderNumber 821 into database
[INFO ] 2020-04-28 19:56:20.383 [JavaFX Application Thread] BeverageDAOImpl - beverages are loaded from database
[INFO ] 2020-04-28 19:56:20.403 [JavaFX Application Thread] WaiterDAOImpl - Waiters are loaded from database
[INFO ] 2020-04-28 19:56:20.414 [JavaFX Application Thread] PaidOrderDAOImpl - Returned highest orderNumber 821 from database
[INFO ] 2020-04-28 22:23:57.773 [JavaFX Application Thread] BeverageDAOImpl - beverages are loaded from database
[INFO ] 2020-04-28 22:23:57.793 [JavaFX Application Thread] WaiterDAOImpl - Waiters are loaded from database
[INFO ] 2020-04-28 22:23:57.801 [JavaFX Application Thread] PaidOrderDAOImpl - Returned highest orderNumber 821 from database
[INFO ] 2020-04-28 22:24:08.080 [JavaFX Application Thread] PaidOrderDAOImpl - paidOrders are loaded from database
[INFO ] 2020-04-28 22:24:08.130 [JavaFX Application Thread] PaidOrderDAOImpl - Retrieved waiter sales dates from DB
[INFO ] 2020-04-28 22:24:08.145 [JavaFX Application Thread] PaidOrderDAOImpl - paidOrders are loaded from database
[INFO ] 2020-04-28 22:24:17.582 [JavaFX Application Thread] PaidOrderDAOImpl - paidOrders are loaded from database
[INFO ] 2020-04-28 22:24:20.481 [JavaFX Application Thread] PaidOrderDAOImpl - paidOrders are loaded from database
[INFO ] 2020-04-28 22:24:23.506 [JavaFX Application Thread] PaidOrderDAOImpl - paidOrders are loaded from database
[INFO ] 2020-04-28 22:31:42.557 [JavaFX Application Thread] BeverageDAOImpl - beverages are loaded from database
[INFO ] 2020-04-28 22:31:42.582 [JavaFX Application Thread] WaiterDAOImpl - Waiters are loaded from database
[INFO ] 2020-04-28 22:31:42.592 [JavaFX Application Thread] PaidOrderDAOImpl - Returned highest orderNumber 821 from database
[INFO ] 2020-04-28 22:31:56.906 [JavaFX Application Thread] PaidOrderDAOImpl - paidOrders are loaded from database
[INFO ] 2020-04-28 22:31:56.954 [JavaFX Application Thread] PaidOrderDAOImpl - Retrieved waiter sales dates from DB
[INFO ] 2020-04-28 22:31:56.971 [JavaFX Application Thread] PaidOrderDAOImpl - paidOrders are loaded from database
[INFO ] 2020-04-28 22:35:27.077 [JavaFX Application Thread] BeverageDAOImpl - beverages are loaded from database
[INFO ] 2020-04-28 22:35:27.092 [JavaFX Application Thread] WaiterDAOImpl - Waiters are loaded from database
[INFO ] 2020-04-28 22:35:27.101 [JavaFX Application Thread] PaidOrderDAOImpl - Returned highest orderNumber 821 from database
[INFO ] 2020-04-28 22:35:33.701 [JavaFX Application Thread] PaidOrderDAOImpl - paidOrders are loaded from database
[INFO ] 2020-04-28 22:35:33.739 [JavaFX Application Thread] PaidOrderDAOImpl - Retrieved waiter sales dates from DB
[INFO ] 2020-04-28 22:35:33.751 [JavaFX Application Thread] PaidOrderDAOImpl - paidOrders are loaded from database
[INFO ] 2020-04-28 22:35:50.718 [JavaFX Application Thread] BeverageDAOImpl - beverages are loaded from database
[INFO ] 2020-04-28 22:35:50.731 [JavaFX Application Thread] WaiterDAOImpl - Waiters are loaded from database
[INFO ] 2020-04-28 22:35:50.739 [JavaFX Application Thread] PaidOrderDAOImpl - Returned highest orderNumber 821 from database
[INFO ] 2020-04-28 22:35:56.579 [JavaFX Application Thread] PaidOrderDAOImpl - paidOrders are loaded from database
[INFO ] 2020-04-28 22:35:56.618 [JavaFX Application Thread] PaidOrderDAOImpl - Retrieved waiter sales dates from DB
[INFO ] 2020-04-28 22:35:56.632 [JavaFX Application Thread] PaidOrderDAOImpl - paidOrders are loaded from database
[INFO ] 2020-04-28 22:36:01.830 [JavaFX Application Thread] PaidOrderDAOImpl - paidOrders are loaded from database
[INFO ] 2020-04-28 22:46:34.556 [JavaFX Application Thread] BeverageDAOImpl - beverages are loaded from database
[INFO ] 2020-04-28 22:46:34.574 [JavaFX Application Thread] WaiterDAOImpl - Waiters are loaded from database
[INFO ] 2020-04-28 22:46:34.583 [JavaFX Application Thread] PaidOrderDAOImpl - Returned highest orderNumber 821 from database
[INFO ] 2020-04-28 22:46:41.413 [JavaFX Application Thread] PaidOrderDAOImpl - paidOrders are loaded from database
[INFO ] 2020-04-28 22:46:41.452 [JavaFX Application Thread] PaidOrderDAOImpl - Retrieved waiter sales dates from DB
[INFO ] 2020-04-28 22:46:41.466 [JavaFX Application Thread] PaidOrderDAOImpl - paidOrders are loaded from database
[INFO ] 2020-04-28 22:46:46.474 [JavaFX Application Thread] PaidOrderDAOImpl - paidOrders are loaded from database
[INFO ] 2020-04-28 22:46:50.072 [JavaFX Application Thread] PaidOrderDAOImpl - paidOrders are loaded from database
[INFO ] 2020-04-28 22:47:00.114 [JavaFX Application Thread] PaidOrderDAOImpl - Inserted orderLine from orderNumber 822 into database
[INFO ] 2020-04-28 22:47:00.124 [JavaFX Application Thread] PaidOrderDAOImpl - Inserted orderLine from orderNumber 822 into database
[INFO ] 2020-04-28 22:47:02.386 [JavaFX Application Thread] PaidOrderDAOImpl - paidOrders are loaded from database
[INFO ] 2020-04-28 22:47:02.394 [JavaFX Application Thread] PaidOrderDAOImpl - Retrieved waiter sales dates from DB
[INFO ] 2020-04-28 22:47:02.402 [JavaFX Application Thread] PaidOrderDAOImpl - paidOrders are loaded from database
[INFO ] 2020-04-28 22:47:06.176 [JavaFX Application Thread] PaidOrderDAOImpl - paidOrders are loaded from database
[INFO ] 2020-04-28 23:16:35.520 [JavaFX Application Thread] BeverageDAOImpl - beverages are loaded from database
[INFO ] 2020-04-28 23:16:35.536 [JavaFX Application Thread] WaiterDAOImpl - Waiters are loaded from database
[INFO ] 2020-04-28 23:16:35.547 [JavaFX Application Thread] PaidOrderDAOImpl - Returned highest orderNumber 822 from database
[INFO ] 2020-04-28 23:16:59.500 [JavaFX Application Thread] PaidOrderDAOImpl - paidOrders are loaded from database
[INFO ] 2020-04-28 23:16:59.514 [JavaFX Application Thread] PaidOrderDAOImpl - Retrieved waiter sales dates from DB
[INFO ] 2020-04-28 23:16:59.530 [JavaFX Application Thread] PaidOrderDAOImpl - paidOrders are loaded from database
[INFO ] 2020-04-28 23:17:12.008 [JavaFX Application Thread] PaidOrderDAOImpl - paidOrders are loaded from database
[INFO ] 2020-04-28 23:17:19.560 [JavaFX Application Thread] PaidOrderDAOImpl - Inserted orderLine from orderNumber 823 into database
[INFO ] 2020-04-28 23:17:22.689 [JavaFX Application Thread] PaidOrderDAOImpl - paidOrders are loaded from database
[INFO ] 2020-04-28 23:17:22.698 [JavaFX Application Thread] PaidOrderDAOImpl - Retrieved waiter sales dates from DB
[INFO ] 2020-04-28 23:17:22.708 [JavaFX Application Thread] PaidOrderDAOImpl - paidOrders are loaded from database
[INFO ] 2020-04-28 23:17:29.640 [JavaFX Application Thread] PaidOrderDAOImpl - paidOrders are loaded from database
[INFO ] 2020-04-28 23:17:34.683 [JavaFX Application Thread] PaidOrderDAOImpl - paidOrders are loaded from database
[INFO ] 2020-04-28 23:17:34.691 [JavaFX Application Thread] PaidOrderDAOImpl - Retrieved waiter sales dates from DB
[INFO ] 2020-04-28 23:17:34.699 [JavaFX Application Thread] PaidOrderDAOImpl - paidOrders are loaded from database
[INFO ] 2020-04-28 23:17:36.065 [JavaFX Application Thread] PaidOrderDAOImpl - paidOrders are loaded from database
[INFO ] 2020-04-28 23:18:59.956 [JavaFX Application Thread] BeverageDAOImpl - beverages are loaded from database
[INFO ] 2020-04-28 23:18:59.977 [JavaFX Application Thread] WaiterDAOImpl - Waiters are loaded from database
[INFO ] 2020-04-28 23:18:59.987 [JavaFX Application Thread] PaidOrderDAOImpl - Returned highest orderNumber 823 from database
[INFO ] 2020-04-28 23:19:07.565 [JavaFX Application Thread] PaidOrderDAOImpl - paidOrders are loaded from database
[INFO ] 2020-04-28 23:19:07.609 [JavaFX Application Thread] PaidOrderDAOImpl - Retrieved waiter sales dates from DB
[INFO ] 2020-04-28 23:19:07.625 [JavaFX Application Thread] PaidOrderDAOImpl - paidOrders are loaded from database
[INFO ] 2020-04-28 23:19:09.754 [JavaFX Application Thread] PaidOrderDAOImpl - paidOrders are loaded from database
[INFO ] 2020-04-28 23:19:29.431 [JavaFX Application Thread] PaidOrderDAOImpl - paidOrders are loaded from database
[INFO ] 2020-04-28 23:19:30.334 [JavaFX Application Thread] PaidOrderDAOImpl - paidOrders are loaded from database
[INFO ] 2020-04-28 23:19:32.127 [JavaFX Application Thread] PaidOrderDAOImpl - paidOrders are loaded from database
[INFO ] 2020-04-28 23:20:43.849 [JavaFX Application Thread] PaidOrderDAOImpl - paidOrders are loaded from database
[INFO ] 2020-04-28 23:20:53.295 [JavaFX Application Thread] PaidOrderDAOImpl - paidOrders are loaded from database
[INFO ] 2020-04-28 23:20:53.305 [JavaFX Application Thread] PaidOrderDAOImpl - Retrieved waiter sales dates from DB
[INFO ] 2020-04-28 23:20:53.315 [JavaFX Application Thread] PaidOrderDAOImpl - paidOrders are loaded from database
[INFO ] 2020-04-28 23:20:56.726 [JavaFX Application Thread] PaidOrderDAOImpl - paidOrders are loaded from database
[INFO ] 2020-04-28 23:20:57.437 [JavaFX Application Thread] PaidOrderDAOImpl - paidOrders are loaded from database
[INFO ] 2020-04-28 23:21:11.806 [JavaFX Application Thread] BeverageDAOImpl - beverages are loaded from database
[INFO ] 2020-04-28 23:21:11.821 [JavaFX Application Thread] WaiterDAOImpl - Waiters are loaded from database
[INFO ] 2020-04-28 23:21:11.829 [JavaFX Application Thread] PaidOrderDAOImpl - Returned highest orderNumber 823 from database
[INFO ] 2020-04-28 23:21:23.951 [JavaFX Application Thread] PaidOrderDAOImpl - paidOrders are loaded from database
[INFO ] 2020-04-28 23:21:23.999 [JavaFX Application Thread] PaidOrderDAOImpl - Retrieved waiter sales dates from DB
[INFO ] 2020-04-28 23:21:24.013 [JavaFX Application Thread] PaidOrderDAOImpl - paidOrders are loaded from database
[INFO ] 2020-04-28 23:21:29.086 [JavaFX Application Thread] PaidOrderDAOImpl - paidOrders are loaded from database
[INFO ] 2020-04-28 23:21:29.679 [JavaFX Application Thread] PaidOrderDAOImpl - paidOrders are loaded from database
[INFO ] 2020-04-28 23:23:24.138 [JavaFX Application Thread] BeverageDAOImpl - beverages are loaded from database
[INFO ] 2020-04-28 23:23:24.170 [JavaFX Application Thread] WaiterDAOImpl - Waiters are loaded from database
[INFO ] 2020-04-28 23:23:24.180 [JavaFX Application Thread] PaidOrderDAOImpl - Returned highest orderNumber 823 from database
[INFO ] 2020-04-28 23:23:29.937 [JavaFX Application Thread] PaidOrderDAOImpl - paidOrders are loaded from database
[INFO ] 2020-04-28 23:23:29.995 [JavaFX Application Thread] PaidOrderDAOImpl - Retrieved waiter sales dates from DB
[INFO ] 2020-04-28 23:23:30.013 [JavaFX Application Thread] PaidOrderDAOImpl - paidOrders are loaded from database
[INFO ] 2020-04-28 23:23:32.907 [JavaFX Application Thread] PaidOrderDAOImpl - paidOrders are loaded from database
[INFO ] 2020-04-28 23:23:38.326 [JavaFX Application Thread] PaidOrderDAOImpl - paidOrders are loaded from database
[INFO ] 2020-04-28 23:23:51.562 [JavaFX Application Thread] PaidOrderDAOImpl - paidOrders are loaded from database
[INFO ] 2020-04-28 23:23:53.012 [JavaFX Application Thread] PaidOrderDAOImpl - paidOrders are loaded from database
[INFO ] 2020-04-28 23:23:58.301 [JavaFX Application Thread] PaidOrderDAOImpl - paidOrders are loaded from database
[INFO ] 2020-04-28 23:24:02.567 [JavaFX Application Thread] PaidOrderDAOImpl - paidOrders are loaded from database
[INFO ] 2020-04-28 23:24:16.640 [JavaFX Application Thread] PaidOrderDAOImpl - paidOrders are loaded from database
[INFO ] 2020-04-28 23:24:17.477 [JavaFX Application Thread] PaidOrderDAOImpl - paidOrders are loaded from database
[INFO ] 2020-04-28 23:24:20.484 [JavaFX Application Thread] PaidOrderDAOImpl - paidOrders are loaded from database
[INFO ] 2020-04-28 23:26:58.334 [JavaFX Application Thread] BeverageDAOImpl - beverages are loaded from database
[INFO ] 2020-04-28 23:26:58.350 [JavaFX Application Thread] WaiterDAOImpl - Waiters are loaded from database
[INFO ] 2020-04-28 23:26:58.361 [JavaFX Application Thread] PaidOrderDAOImpl - Returned highest orderNumber 823 from database
[INFO ] 2020-04-28 23:27:06.967 [JavaFX Application Thread] PaidOrderDAOImpl - paidOrders are loaded from database
[INFO ] 2020-04-28 23:27:07.020 [JavaFX Application Thread] PaidOrderDAOImpl - Retrieved waiter sales dates from DB
[INFO ] 2020-04-28 23:27:07.035 [JavaFX Application Thread] PaidOrderDAOImpl - paidOrders are loaded from database
[INFO ] 2020-04-28 23:27:09.240 [JavaFX Application Thread] PaidOrderDAOImpl - paidOrders are loaded from database
[INFO ] 2020-04-28 23:27:12.876 [JavaFX Application Thread] PaidOrderDAOImpl - paidOrders are loaded from database
[INFO ] 2020-04-28 23:27:13.634 [JavaFX Application Thread] PaidOrderDAOImpl - paidOrders are loaded from database
[INFO ] 2020-04-28 23:27:14.751 [JavaFX Application Thread] PaidOrderDAOImpl - paidOrders are loaded from database
[INFO ] 2020-04-28 23:27:22.681 [JavaFX Application Thread] PaidOrderDAOImpl - paidOrders are loaded from database
[INFO ] 2020-04-28 23:27:26.105 [JavaFX Application Thread] PaidOrderDAOImpl - paidOrders are loaded from database
[INFO ] 2020-04-28 23:27:28.534 [JavaFX Application Thread] PaidOrderDAOImpl - paidOrders are loaded from database
[INFO ] 2020-04-28 23:30:55.003 [JavaFX Application Thread] BeverageDAOImpl - beverages are loaded from database
[INFO ] 2020-04-28 23:30:55.016 [JavaFX Application Thread] WaiterDAOImpl - Waiters are loaded from database
[INFO ] 2020-04-28 23:30:55.024 [JavaFX Application Thread] PaidOrderDAOImpl - Returned highest orderNumber 823 from database
[INFO ] 2020-04-28 23:31:02.092 [JavaFX Application Thread] PaidOrderDAOImpl - paidOrders are loaded from database
[INFO ] 2020-04-28 23:31:02.139 [JavaFX Application Thread] PaidOrderDAOImpl - Retrieved waiter sales dates from DB
[INFO ] 2020-04-28 23:31:02.153 [JavaFX Application Thread] PaidOrderDAOImpl - paidOrders are loaded from database
[INFO ] 2020-04-28 23:31:05.246 [JavaFX Application Thread] PaidOrderDAOImpl - paidOrders are loaded from database
[INFO ] 2020-04-28 23:31:13.822 [JavaFX Application Thread] PaidOrderDAOImpl - paidOrders are loaded from database
[INFO ] 2020-04-28 23:31:14.570 [JavaFX Application Thread] PaidOrderDAOImpl - paidOrders are loaded from database
[INFO ] 2020-04-28 23:31:18.135 [JavaFX Application Thread] PaidOrderDAOImpl - paidOrders are loaded from database
[INFO ] 2020-04-28 23:31:27.475 [JavaFX Application Thread] PaidOrderDAOImpl - paidOrders are loaded from database
[INFO ] 2020-04-28 23:31:28.137 [JavaFX Application Thread] PaidOrderDAOImpl - paidOrders are loaded from database
[INFO ] 2020-04-28 23:31:30.454 [JavaFX Application Thread] PaidOrderDAOImpl - paidOrders are loaded from database
[INFO ] 2020-04-28 23:31:40.701 [JavaFX Application Thread] PaidOrderDAOImpl - paidOrders are loaded from database
[INFO ] 2020-04-28 23:31:43.566 [JavaFX Application Thread] PaidOrderDAOImpl - paidOrders are loaded from database
[INFO ] 2020-04-28 23:31:54.418 [JavaFX Application Thread] PaidOrderDAOImpl - paidOrders are loaded from database
[INFO ] 2020-04-28 23:31:55.209 [JavaFX Application Thread] PaidOrderDAOImpl - paidOrders are loaded from database
