[INFO ] 2020-03-08 20:37:20.821 [main] Cafe - Cafe started
[INFO ] 2020-03-08 20:37:20.843 [main] Cafe - Cafe started
[INFO ] 2020-03-08 20:37:20.847 [main] Cafe - Wout Peters logged in
[INFO ] 2020-03-08 20:37:20.848 [main] Cafe - Set table 1 as active table
[INFO ] 2020-03-08 20:37:20.850 [main] Cafe - Assigned  table 1 to Wout Peters
[DEBUG] 2020-03-08 20:37:20.851 [main] Cafe - orderNumber count increased to: 1
[DEBUG] 2020-03-08 20:37:20.852 [main] Cafe - ID count increased to: 1
[INFO ] 2020-03-08 20:37:20.878 [main] Cafe - New order made: Order: 1, date: 2020-02-05, waiterID: 1, orderItems: [ID: 1, beverage: Cola, quantity: 10], tableID: 1
[INFO ] 2020-03-08 20:37:20.881 [main] Cafe - Table table 1 paid orderNumber 1
[INFO ] 2020-03-08 20:37:20.882 [main] Cafe - Cleared table table 1
[INFO ] 2020-03-08 20:37:20.882 [main] Cafe - Set table 2 as active table
[INFO ] 2020-03-08 20:37:20.882 [main] Cafe - Assigned  table 2 to Wout Peters
[DEBUG] 2020-03-08 20:37:20.883 [main] Cafe - orderNumber count increased to: 2
[DEBUG] 2020-03-08 20:37:20.883 [main] Cafe - ID count increased to: 2
[INFO ] 2020-03-08 20:37:20.883 [main] Cafe - New order made: Order: 2, date: 2020-02-05, waiterID: 1, orderItems: [ID: 2, beverage: Leffe, quantity: 30], tableID: 2
[DEBUG] 2020-03-08 20:37:20.884 [main] Cafe - ID count increased to: 3
[INFO ] 2020-03-08 20:37:20.886 [main] Cafe - orderNumber: 2 -  added orderline ID: 3, beverage: Cola, quantity: 20
[INFO ] 2020-03-08 20:37:20.886 [main] Cafe - Table table 2 paid orderNumber 2
[INFO ] 2020-03-08 20:37:20.887 [main] Cafe - Cleared table table 2
[INFO ] 2020-03-08 20:37:20.887 [main] Cafe - Wout Peters logged out
[INFO ] 2020-03-08 20:37:20.887 [main] Cafe - Patrick Desmet logged in
[INFO ] 2020-03-08 20:37:20.887 [main] Cafe - Set table 1 as active table
[INFO ] 2020-03-08 20:37:20.907 [main] Cafe - Assigned  table 1 to Patrick Desmet
[DEBUG] 2020-03-08 20:37:20.909 [main] Cafe - orderNumber count increased to: 3
[DEBUG] 2020-03-08 20:37:20.910 [main] Cafe - ID count increased to: 4
[INFO ] 2020-03-08 20:37:20.910 [main] Cafe - New order made: Order: 3, date: 2020-03-08, waiterID: 4, orderItems: [ID: 4, beverage: Cola, quantity: 10], tableID: 1
[DEBUG] 2020-03-08 20:37:20.911 [main] Cafe - ID count increased to: 5
[INFO ] 2020-03-08 20:37:20.912 [main] Cafe - orderNumber: 3 -  added orderline ID: 5, beverage: Leffe, quantity: 10
[INFO ] 2020-03-08 20:37:20.913 [main] Cafe - Table table 1 paid orderNumber 3
[INFO ] 2020-03-08 20:37:20.915 [main] Cafe - Cleared table table 1
[INFO ] 2020-03-08 20:37:20.915 [main] Cafe - Patrick Desmet logged out
[INFO ] 2020-03-08 20:37:20.916 [main] Cafe - Wout Peters logged in
[INFO ] 2020-03-08 20:37:20.924 [main] Cafe - Wout Peters retrieved his sales data
[INFO ] 2020-03-08 20:37:20.924 [main] Cafe - Wout Peters logged out
[INFO ] 2020-03-08 20:37:20.927 [main] Cafe - Cafe started
[INFO ] 2020-03-08 20:37:20.930 [main] Cafe - Wout Peters logged in
[INFO ] 2020-03-08 20:37:20.931 [main] Cafe - Set table 1 as active table
[INFO ] 2020-03-08 20:37:20.932 [main] Cafe - Assigned  table 1 to Wout Peters
[DEBUG] 2020-03-08 20:37:20.932 [main] Cafe - orderNumber count increased to: 1
[DEBUG] 2020-03-08 20:37:20.933 [main] Cafe - ID count increased to: 1
[INFO ] 2020-03-08 20:37:20.933 [main] Cafe - New order made: Order: 1, date: 2020-03-08, waiterID: 1, orderItems: [ID: 1, beverage: Cola, quantity: 10], tableID: 1
[DEBUG] 2020-03-08 20:37:20.933 [main] Cafe - ID count increased to: 2
[INFO ] 2020-03-08 20:37:20.934 [main] Cafe - orderNumber: 1 -  added orderline ID: 2, beverage: Leffe, quantity: 10
[INFO ] 2020-03-08 20:37:20.934 [main] Cafe - Table table 1 paid orderNumber 1
[INFO ] 2020-03-08 20:37:20.934 [main] Cafe - Cleared table table 1
[INFO ] 2020-03-08 20:37:20.934 [main] Cafe - Set table 2 as active table
[INFO ] 2020-03-08 20:37:20.935 [main] Cafe - Assigned  table 2 to Wout Peters
[DEBUG] 2020-03-08 20:37:20.935 [main] Cafe - orderNumber count increased to: 2
[DEBUG] 2020-03-08 20:37:20.935 [main] Cafe - ID count increased to: 3
[INFO ] 2020-03-08 20:37:20.935 [main] Cafe - New order made: Order: 2, date: 2020-03-08, waiterID: 1, orderItems: [ID: 3, beverage: Leffe, quantity: 30], tableID: 2
[DEBUG] 2020-03-08 20:37:20.936 [main] Cafe - ID count increased to: 4
[INFO ] 2020-03-08 20:37:20.936 [main] Cafe - orderNumber: 2 -  added orderline ID: 4, beverage: Cola, quantity: 20
[INFO ] 2020-03-08 20:37:20.936 [main] Cafe - Table table 2 paid orderNumber 2
[INFO ] 2020-03-08 20:37:20.936 [main] Cafe - Cleared table table 2
[INFO ] 2020-03-08 20:37:20.937 [main] Cafe - Wout Peters logged out
[INFO ] 2020-03-08 20:37:20.937 [main] Cafe - Patrick Desmet logged in
[INFO ] 2020-03-08 20:37:20.937 [main] Cafe - Set table 1 as active table
[INFO ] 2020-03-08 20:37:20.937 [main] Cafe - Assigned  table 1 to Patrick Desmet
[DEBUG] 2020-03-08 20:37:20.938 [main] Cafe - orderNumber count increased to: 3
[DEBUG] 2020-03-08 20:37:20.938 [main] Cafe - ID count increased to: 5
[INFO ] 2020-03-08 20:37:20.938 [main] Cafe - New order made: Order: 3, date: 2020-03-08, waiterID: 4, orderItems: [ID: 5, beverage: Cola, quantity: 10], tableID: 1
[DEBUG] 2020-03-08 20:37:20.938 [main] Cafe - ID count increased to: 6
[INFO ] 2020-03-08 20:37:20.939 [main] Cafe - orderNumber: 3 -  added orderline ID: 6, beverage: Leffe, quantity: 10
[INFO ] 2020-03-08 20:37:20.939 [main] Cafe - Table table 1 paid orderNumber 3
[INFO ] 2020-03-08 20:37:20.939 [main] Cafe - Cleared table table 1
[INFO ] 2020-03-08 20:37:20.940 [main] Cafe - Patrick Desmet logged out
[INFO ] 2020-03-08 20:37:20.940 [main] Cafe - Wout Peters logged in
[INFO ] 2020-03-08 20:37:20.941 [main] Cafe - Wout Peters retrieved his sales data
[INFO ] 2020-03-08 20:37:20.942 [main] Cafe - Wout Peters logged out
[INFO ] 2020-03-08 20:37:20.942 [main] Cafe - Patrick Desmet logged in
[INFO ] 2020-03-08 20:37:20.943 [main] Cafe - Patrick Desmet retrieved his sales data
[INFO ] 2020-03-08 20:37:20.950 [main] Cafe - Cafe started
[INFO ] 2020-03-08 20:37:20.950 [main] Cafe - Wout Peters logged in
[INFO ] 2020-03-08 20:37:20.951 [main] Cafe - Set table 1 as active table
[INFO ] 2020-03-08 20:37:20.951 [main] Cafe - Assigned  table 1 to Wout Peters
[DEBUG] 2020-03-08 20:37:20.952 [main] Cafe - orderNumber count increased to: 1
[DEBUG] 2020-03-08 20:37:20.953 [main] Cafe - ID count increased to: 1
[INFO ] 2020-03-08 20:37:20.953 [main] Cafe - New order made: Order: 1, date: 2020-03-08, waiterID: 1, orderItems: [ID: 1, beverage: Cola, quantity: 2], tableID: 1
[DEBUG] 2020-03-08 20:37:20.953 [main] Cafe - ID count increased to: 2
[INFO ] 2020-03-08 20:37:20.954 [main] Cafe - orderNumber: 1 -  added orderline ID: 2, beverage: Leffe, quantity: 2
[DEBUG] 2020-03-08 20:37:20.954 [main] Cafe - ID count increased to: 3
[INFO ] 2020-03-08 20:37:20.954 [main] Cafe - orderNumber: 1 -  added orderline ID: 3, beverage: Duvel, quantity: 2
[DEBUG] 2020-03-08 20:37:20.956 [main] Cafe - ID count increased to: 4
[INFO ] 2020-03-08 20:37:20.956 [main] Cafe - orderNumber: 1 -  added orderline ID: 4, beverage: Fanta, quantity: 2
[INFO ] 2020-03-08 20:37:20.956 [main] Cafe - Table table 1 paid orderNumber 1
[INFO ] 2020-03-08 20:37:20.957 [main] Cafe - Cleared table table 1
[INFO ] 2020-03-08 20:37:20.957 [main] Cafe - Wout Peters logged out
[INFO ] 2020-03-08 20:37:20.957 [main] Cafe - Patrick Desmet logged in
[INFO ] 2020-03-08 20:37:20.958 [main] Cafe - Set table 10 as active table
[INFO ] 2020-03-08 20:37:20.958 [main] Cafe - Assigned  table 10 to Patrick Desmet
[DEBUG] 2020-03-08 20:37:20.958 [main] Cafe - orderNumber count increased to: 2
[DEBUG] 2020-03-08 20:37:20.959 [main] Cafe - ID count increased to: 5
[INFO ] 2020-03-08 20:37:20.960 [main] Cafe - New order made: Order: 2, date: 2020-03-08, waiterID: 4, orderItems: [ID: 5, beverage: Cola, quantity: 20], tableID: 10
[DEBUG] 2020-03-08 20:37:20.960 [main] Cafe - ID count increased to: 6
[INFO ] 2020-03-08 20:37:20.960 [main] Cafe - orderNumber: 2 -  added orderline ID: 6, beverage: Leffe, quantity: 30
[DEBUG] 2020-03-08 20:37:20.961 [main] Cafe - ID count increased to: 7
[INFO ] 2020-03-08 20:37:20.961 [main] Cafe - orderNumber: 2 -  added orderline ID: 7, beverage: Duvel, quantity: 40
[INFO ] 2020-03-08 20:37:20.962 [main] Cafe - Patrick Desmet logged out
[INFO ] 2020-03-08 20:37:20.963 [main] Cafe - Wout Peters logged in
[INFO ] 2020-03-08 20:37:20.963 [main] Cafe - Set table 1 as active table
[INFO ] 2020-03-08 20:37:20.963 [main] Cafe - Assigned  table 1 to Wout Peters
[DEBUG] 2020-03-08 20:37:20.963 [main] Cafe - orderNumber count increased to: 3
[DEBUG] 2020-03-08 20:37:20.963 [main] Cafe - ID count increased to: 8
[INFO ] 2020-03-08 20:37:20.964 [main] Cafe - New order made: Order: 3, date: 2020-03-08, waiterID: 1, orderItems: [ID: 8, beverage: Cola, quantity: 2], tableID: 1
[DEBUG] 2020-03-08 20:37:20.964 [main] Cafe - ID count increased to: 9
[INFO ] 2020-03-08 20:37:20.964 [main] Cafe - orderNumber: 3 -  added orderline ID: 9, beverage: Leffe, quantity: 2
[INFO ] 2020-03-08 20:37:20.964 [main] Cafe - Wout Peters logged out
[INFO ] 2020-03-08 20:37:20.964 [main] Cafe - Patrick Desmet logged in
[INFO ] 2020-03-08 20:37:20.965 [main] Cafe - Set table 10 as active table
[INFO ] 2020-03-08 20:37:20.965 [main] Cafe - Table table 10 paid orderNumber 2
[INFO ] 2020-03-08 20:37:20.965 [main] Cafe - Cleared table table 10
[INFO ] 2020-03-08 20:37:20.968 [main] Cafe - Cafe started
[INFO ] 2020-03-08 20:37:20.969 [main] Cafe - Wout Peters logged in
[ERROR] 2020-03-08 20:37:20.970 [main] Cafe - Pay failed, no active table
[INFO ] 2020-03-08 20:37:20.970 [main] Cafe - Set table 1 as active table
[INFO ] 2020-03-08 20:37:20.972 [main] Cafe - Assigned  table 1 to Wout Peters
[DEBUG] 2020-03-08 20:37:20.972 [main] Cafe - orderNumber count increased to: 1
[DEBUG] 2020-03-08 20:37:20.972 [main] Cafe - ID count increased to: 1
[INFO ] 2020-03-08 20:37:20.973 [main] Cafe - New order made: Order: 1, date: 2020-03-08, waiterID: 1, orderItems: [ID: 1, beverage: Cola, quantity: 5], tableID: 1
[DEBUG] 2020-03-08 20:37:20.974 [main] Cafe - ID count increased to: 2
[INFO ] 2020-03-08 20:37:20.975 [main] Cafe - orderNumber: 1 -  added orderline ID: 2, beverage: Leffe, quantity: 2
[DEBUG] 2020-03-08 20:37:20.976 [main] Cafe - ID count increased to: 3
[INFO ] 2020-03-08 20:37:20.984 [main] Cafe - orderNumber: 1 -  added orderline ID: 3, beverage: Duvel, quantity: 10
[INFO ] 2020-03-08 20:37:20.985 [main] Cafe - Table table 1 paid orderNumber 1
[INFO ] 2020-03-08 20:37:20.985 [main] Cafe - Cleared table table 1
[INFO ] 2020-03-08 20:37:20.986 [main] Cafe - Wout Peters logged out
[INFO ] 2020-03-08 20:37:20.987 [main] Cafe - Patrick Desmet logged in
[INFO ] 2020-03-08 20:37:20.988 [main] Cafe - Set table 10 as active table
[INFO ] 2020-03-08 20:37:20.989 [main] Cafe - Assigned  table 10 to Patrick Desmet
[DEBUG] 2020-03-08 20:37:20.989 [main] Cafe - orderNumber count increased to: 2
[DEBUG] 2020-03-08 20:37:20.989 [main] Cafe - ID count increased to: 4
[INFO ] 2020-03-08 20:37:20.989 [main] Cafe - New order made: Order: 2, date: 2020-03-08, waiterID: 4, orderItems: [ID: 4, beverage: Cola, quantity: 1], tableID: 10
[DEBUG] 2020-03-08 20:37:20.990 [main] Cafe - ID count increased to: 5
[INFO ] 2020-03-08 20:37:20.990 [main] Cafe - orderNumber: 2 -  added orderline ID: 5, beverage: Leffe, quantity: 3
[DEBUG] 2020-03-08 20:37:20.991 [main] Cafe - ID count increased to: 6
[INFO ] 2020-03-08 20:37:20.991 [main] Cafe - orderNumber: 2 -  added orderline ID: 6, beverage: Duvel, quantity: 5
[DEBUG] 2020-03-08 20:37:20.991 [main] Cafe - ID count increased to: 7
[INFO ] 2020-03-08 20:37:20.991 [main] Cafe - orderNumber: 2 -  added orderline ID: 7, beverage: Fanta, quantity: 4
[INFO ] 2020-03-08 20:37:20.991 [main] Cafe - Table table 10 paid orderNumber 2
[INFO ] 2020-03-08 20:37:20.992 [main] Cafe - Cleared table table 10
[INFO ] 2020-03-08 20:37:20.995 [main] Cafe - Cafe started
[INFO ] 2020-03-08 20:37:20.996 [main] Cafe - Wout Peters logged in
[INFO ] 2020-03-08 20:37:20.998 [main] Cafe - Wout Peters logged out
[ERROR] 2020-03-08 20:37:21.002 [main] Cafe - Login failed, username incorrect: Wouter Peters password: password
[ERROR] 2020-03-08 20:37:21.003 [main] Cafe - Login failed, username incorrect: Wouters Peter password: password
[ERROR] 2020-03-08 20:37:21.003 [main] Cafe - Login failed, username incorrect: Wout Peeters password: password
[ERROR] 2020-03-08 20:37:21.004 [main] Cafe - Login failed, wrong password: username: Wout Peters password: passwoord
[INFO ] 2020-03-08 20:37:21.004 [main] Cafe - Patrick Desmet logged in
[INFO ] 2020-03-08 20:37:21.004 [main] Cafe - Patrick Desmet logged out
[ERROR] 2020-03-08 20:37:21.004 [main] Cafe - Login failed, username incorrect: Patrick Desmeet password: password
[INFO ] 2020-03-08 20:37:21.006 [main] Cafe - Cafe started
[INFO ] 2020-03-08 20:37:21.010 [main] Cafe - Cafe started
[INFO ] 2020-03-08 20:37:21.012 [main] Cafe - Wout Peters logged in
[INFO ] 2020-03-08 20:37:21.013 [main] Cafe - Set table 1 as active table
[INFO ] 2020-03-08 20:37:21.013 [main] Cafe - Assigned  table 1 to Wout Peters
[DEBUG] 2020-03-08 20:37:21.014 [main] Cafe - orderNumber count increased to: 1
[DEBUG] 2020-03-08 20:37:21.014 [main] Cafe - ID count increased to: 1
[INFO ] 2020-03-08 20:37:21.015 [main] Cafe - New order made: Order: 1, date: 2020-03-08, waiterID: 1, orderItems: [ID: 1, beverage: Cola, quantity: 5], tableID: 1
[DEBUG] 2020-03-08 20:37:21.016 [main] Cafe - ID count increased to: 2
[INFO ] 2020-03-08 20:37:21.016 [main] Cafe - orderNumber: 1 -  added orderline ID: 2, beverage: Leffe, quantity: 2
[INFO ] 2020-03-08 20:37:21.017 [main] Cafe - Set table 2 as active table
[INFO ] 2020-03-08 20:37:21.018 [main] Cafe - Assigned  table 2 to Wout Peters
[DEBUG] 2020-03-08 20:37:21.018 [main] Cafe - orderNumber count increased to: 2
[DEBUG] 2020-03-08 20:37:21.018 [main] Cafe - ID count increased to: 3
[INFO ] 2020-03-08 20:37:21.019 [main] Cafe - New order made: Order: 2, date: 2020-03-08, waiterID: 1, orderItems: [ID: 3, beverage: Leffe, quantity: 2], tableID: 2
[INFO ] 2020-03-08 20:37:21.021 [main] Cafe - orderNumber: 2 - updated orderline with ID: 3, beverage: Leffe, quantity: 4
[INFO ] 2020-03-08 20:37:21.022 [main] Cafe - orderNumber: 2 - updated orderline with ID: 3, beverage: Leffe, quantity: 9
[INFO ] 2020-03-08 20:37:21.022 [main] Cafe - Wout Peters logged out
[INFO ] 2020-03-08 20:37:21.023 [main] Cafe - Patrick Desmet logged in
[ERROR] 2020-03-08 20:37:21.023 [main] Cafe - table 2 does not belong to: Patrick Desmet
[INFO ] 2020-03-08 20:37:21.023 [main] Cafe - Set table 3 as active table
[INFO ] 2020-03-08 20:37:21.024 [main] Cafe - Assigned  table 3 to Patrick Desmet
[DEBUG] 2020-03-08 20:37:21.025 [main] Cafe - orderNumber count increased to: 3
[DEBUG] 2020-03-08 20:37:21.025 [main] Cafe - ID count increased to: 4
[INFO ] 2020-03-08 20:37:21.025 [main] Cafe - New order made: Order: 3, date: 2020-03-08, waiterID: 4, orderItems: [ID: 4, beverage: Leffe, quantity: 3], tableID: 3
[DEBUG] 2020-03-08 20:37:21.026 [main] Cafe - ID count increased to: 5
[INFO ] 2020-03-08 20:37:21.026 [main] Cafe - orderNumber: 3 -  added orderline ID: 5, beverage: Cola, quantity: 2
[INFO ] 2020-03-08 20:37:21.026 [main] Cafe - Patrick Desmet logged out
[INFO ] 2020-03-08 20:37:21.029 [main] Cafe - Wout Peters logged in
[INFO ] 2020-03-08 20:37:21.029 [main] Cafe - Set table 1 as active table
[INFO ] 2020-03-08 20:37:21.030 [main] Cafe - orderNumber: 1 - updated orderline with ID: 2, beverage: Leffe, quantity: 4
[INFO ] 2020-03-08 20:37:21.035 [main] Cafe - Cafe started
[INFO ] 2020-03-08 20:37:21.036 [main] Cafe - Wout Peters logged in
[ERROR] 2020-03-08 20:37:21.036 [main] Cafe - Remove of orderline failed, no active table
[INFO ] 2020-03-08 20:37:21.037 [main] Cafe - Set table 1 as active table
[INFO ] 2020-03-08 20:37:21.037 [main] Cafe - Assigned  table 1 to Wout Peters
[DEBUG] 2020-03-08 20:37:21.037 [main] Cafe - orderNumber count increased to: 1
[DEBUG] 2020-03-08 20:37:21.037 [main] Cafe - ID count increased to: 1
[INFO ] 2020-03-08 20:37:21.037 [main] Cafe - New order made: Order: 1, date: 2020-03-08, waiterID: 1, orderItems: [ID: 1, beverage: Cola, quantity: 2], tableID: 1
[DEBUG] 2020-03-08 20:37:21.038 [main] Cafe - ID count increased to: 2
[INFO ] 2020-03-08 20:37:21.038 [main] Cafe - orderNumber: 1 -  added orderline ID: 2, beverage: Leffe, quantity: 2
[DEBUG] 2020-03-08 20:37:21.039 [main] Cafe - ID count increased to: 3
[INFO ] 2020-03-08 20:37:21.043 [main] Cafe - orderNumber: 1 -  added orderline ID: 3, beverage: Duvel, quantity: 2
[DEBUG] 2020-03-08 20:37:21.044 [main] Cafe - ID count increased to: 4
[INFO ] 2020-03-08 20:37:21.044 [main] Cafe - orderNumber: 1 -  added orderline ID: 4, beverage: Fanta, quantity: 2
[INFO ] 2020-03-08 20:37:21.044 [main] Cafe - Removed orderline ID: 1, beverage: Cola, quantity: 2
[INFO ] 2020-03-08 20:37:21.057 [main] Cafe - Cafe started
[INFO ] 2020-03-08 20:37:21.058 [main] Cafe - Wout Peters logged in
[INFO ] 2020-03-08 20:37:21.059 [main] Cafe - Wout Peters logged out
[INFO ] 2020-03-08 20:37:21.059 [main] Cafe - Patrick Desmet logged in
[INFO ] 2020-03-08 20:37:21.063 [main] Cafe - Cafe started
[INFO ] 2020-03-08 20:37:21.063 [main] Cafe - Wout Peters logged in
[INFO ] 2020-03-08 20:37:21.063 [main] Cafe - Set table 1 as active table
[INFO ] 2020-03-08 20:37:21.064 [main] Cafe - Assigned  table 1 to Wout Peters
[DEBUG] 2020-03-08 20:37:21.064 [main] Cafe - orderNumber count increased to: 1
[DEBUG] 2020-03-08 20:37:21.064 [main] Cafe - ID count increased to: 1
[INFO ] 2020-03-08 20:37:21.064 [main] Cafe - New order made: Order: 1, date: 2020-03-08, waiterID: 1, orderItems: [ID: 1, beverage: Cola, quantity: 10], tableID: 1
[DEBUG] 2020-03-08 20:37:21.064 [main] Cafe - ID count increased to: 2
[INFO ] 2020-03-08 20:37:21.064 [main] Cafe - orderNumber: 1 -  added orderline ID: 2, beverage: Leffe, quantity: 10
[INFO ] 2020-03-08 20:37:21.065 [main] Cafe - Table table 1 paid orderNumber 1
[INFO ] 2020-03-08 20:37:21.065 [main] Cafe - Cleared table table 1
[INFO ] 2020-03-08 20:37:21.065 [main] Cafe - Set table 2 as active table
[INFO ] 2020-03-08 20:37:21.065 [main] Cafe - Assigned  table 2 to Wout Peters
[DEBUG] 2020-03-08 20:37:21.065 [main] Cafe - orderNumber count increased to: 2
[DEBUG] 2020-03-08 20:37:21.065 [main] Cafe - ID count increased to: 3
[INFO ] 2020-03-08 20:37:21.069 [main] Cafe - New order made: Order: 2, date: 2020-03-08, waiterID: 1, orderItems: [ID: 3, beverage: Leffe, quantity: 30], tableID: 2
[DEBUG] 2020-03-08 20:37:21.070 [main] Cafe - ID count increased to: 4
[INFO ] 2020-03-08 20:37:21.070 [main] Cafe - orderNumber: 2 -  added orderline ID: 4, beverage: Cola, quantity: 20
[INFO ] 2020-03-08 20:37:21.070 [main] Cafe - Table table 2 paid orderNumber 2
[INFO ] 2020-03-08 20:37:21.070 [main] Cafe - Cleared table table 2
[INFO ] 2020-03-08 20:37:21.081 [main] Cafe - Cafe started
[INFO ] 2020-03-08 20:37:21.081 [main] Cafe - Set table 1 as active table
[INFO ] 2020-03-08 20:37:21.082 [main] Cafe - Set table 9 as active table
[INFO ] 2020-03-08 20:37:21.084 [main] Cafe - Cafe started
[INFO ] 2020-03-08 20:37:21.084 [main] Cafe - Wout Peters logged in
[INFO ] 2020-03-08 20:37:21.085 [main] Cafe - Set table 1 as active table
[INFO ] 2020-03-08 20:37:21.085 [main] Cafe - Assigned  table 1 to Wout Peters
[DEBUG] 2020-03-08 20:37:21.085 [main] Cafe - orderNumber count increased to: 1
[DEBUG] 2020-03-08 20:37:21.085 [main] Cafe - ID count increased to: 1
[INFO ] 2020-03-08 20:37:21.085 [main] Cafe - New order made: Order: 1, date: 2020-02-05, waiterID: 1, orderItems: [ID: 1, beverage: Cola, quantity: 20], tableID: 1
[INFO ] 2020-03-08 20:37:21.085 [main] Cafe - Table table 1 paid orderNumber 1
[INFO ] 2020-03-08 20:37:21.086 [main] Cafe - Cleared table table 1
[INFO ] 2020-03-08 20:37:21.086 [main] Cafe - Set table 2 as active table
[INFO ] 2020-03-08 20:37:21.086 [main] Cafe - Assigned  table 2 to Wout Peters
[DEBUG] 2020-03-08 20:37:21.086 [main] Cafe - orderNumber count increased to: 2
[DEBUG] 2020-03-08 20:37:21.086 [main] Cafe - ID count increased to: 2
[INFO ] 2020-03-08 20:37:21.086 [main] Cafe - New order made: Order: 2, date: 2020-02-05, waiterID: 1, orderItems: [ID: 2, beverage: Leffe, quantity: 30], tableID: 2
[DEBUG] 2020-03-08 20:37:21.087 [main] Cafe - ID count increased to: 3
[INFO ] 2020-03-08 20:37:21.087 [main] Cafe - orderNumber: 2 -  added orderline ID: 3, beverage: Cola, quantity: 20
[INFO ] 2020-03-08 20:37:21.087 [main] Cafe - Table table 2 paid orderNumber 2
[INFO ] 2020-03-08 20:37:21.087 [main] Cafe - Cleared table table 2
[INFO ] 2020-03-08 20:37:21.087 [main] Cafe - Set table 1 as active table
[INFO ] 2020-03-08 20:37:21.087 [main] Cafe - Assigned  table 1 to Wout Peters
[DEBUG] 2020-03-08 20:37:21.087 [main] Cafe - orderNumber count increased to: 3
[DEBUG] 2020-03-08 20:37:21.087 [main] Cafe - ID count increased to: 4
[INFO ] 2020-03-08 20:37:21.087 [main] Cafe - New order made: Order: 3, date: 2020-03-08, waiterID: 1, orderItems: [ID: 4, beverage: Cola, quantity: 10], tableID: 1
[DEBUG] 2020-03-08 20:37:21.087 [main] Cafe - ID count increased to: 5
[INFO ] 2020-03-08 20:37:21.088 [main] Cafe - orderNumber: 3 -  added orderline ID: 5, beverage: Leffe, quantity: 10
[INFO ] 2020-03-08 20:37:21.088 [main] Cafe - Table table 1 paid orderNumber 3
[INFO ] 2020-03-08 20:37:21.088 [main] Cafe - Cleared table table 1
[INFO ] 2020-03-08 20:37:21.088 [main] Cafe - Wout Peters logged out
[INFO ] 2020-03-08 20:37:21.089 [main] Cafe - Wout Peters logged in
[INFO ] 2020-03-08 20:37:21.096 [main] Cafe - Wout Peters retrieved his sales data
[INFO ] 2020-03-08 20:37:21.612 [main] Cafe - Wout Peters created a waiter sales PDF report for 2020-02-05
[INFO ] 2020-03-08 20:37:21.615 [main] Cafe - Cafe started
[INFO ] 2020-03-08 20:37:21.617 [main] Cafe - Wout Peters logged in
[INFO ] 2020-03-08 20:37:21.617 [main] Cafe - Set table 1 as active table
[INFO ] 2020-03-08 20:37:21.617 [main] Cafe - Assigned  table 1 to Wout Peters
[DEBUG] 2020-03-08 20:37:21.617 [main] Cafe - orderNumber count increased to: 1
[DEBUG] 2020-03-08 20:37:21.617 [main] Cafe - ID count increased to: 1
[INFO ] 2020-03-08 20:37:21.618 [main] Cafe - New order made: Order: 1, date: 2020-03-08, waiterID: 1, orderItems: [ID: 1, beverage: Cola, quantity: 10], tableID: 1
[DEBUG] 2020-03-08 20:37:21.618 [main] Cafe - ID count increased to: 2
[INFO ] 2020-03-08 20:37:21.618 [main] Cafe - orderNumber: 1 -  added orderline ID: 2, beverage: Leffe, quantity: 10
[INFO ] 2020-03-08 20:37:21.618 [main] Cafe - Table table 1 paid orderNumber 1
[INFO ] 2020-03-08 20:37:21.618 [main] Cafe - Cleared table table 1
[INFO ] 2020-03-08 20:37:21.618 [main] Cafe - Set table 2 as active table
[INFO ] 2020-03-08 20:37:21.618 [main] Cafe - Assigned  table 2 to Wout Peters
[DEBUG] 2020-03-08 20:37:21.618 [main] Cafe - orderNumber count increased to: 2
[DEBUG] 2020-03-08 20:37:21.618 [main] Cafe - ID count increased to: 3
[INFO ] 2020-03-08 20:37:21.618 [main] Cafe - New order made: Order: 2, date: 2020-03-08, waiterID: 1, orderItems: [ID: 3, beverage: Leffe, quantity: 30], tableID: 2
[DEBUG] 2020-03-08 20:37:21.618 [main] Cafe - ID count increased to: 4
[INFO ] 2020-03-08 20:37:21.619 [main] Cafe - orderNumber: 2 -  added orderline ID: 4, beverage: Cola, quantity: 20
[INFO ] 2020-03-08 20:37:21.619 [main] Cafe - Table table 2 paid orderNumber 2
[INFO ] 2020-03-08 20:37:21.619 [main] Cafe - Cleared table table 2
[INFO ] 2020-03-08 20:37:21.619 [main] Cafe - Wout Peters logged out
[INFO ] 2020-03-08 20:37:21.619 [main] Cafe - Patrick Desmet logged in
[INFO ] 2020-03-08 20:37:21.619 [main] Cafe - Set table 1 as active table
[INFO ] 2020-03-08 20:37:21.619 [main] Cafe - Assigned  table 1 to Patrick Desmet
[DEBUG] 2020-03-08 20:37:21.619 [main] Cafe - orderNumber count increased to: 3
[DEBUG] 2020-03-08 20:37:21.619 [main] Cafe - ID count increased to: 5
[INFO ] 2020-03-08 20:37:21.619 [main] Cafe - New order made: Order: 3, date: 2020-03-08, waiterID: 4, orderItems: [ID: 5, beverage: Cola, quantity: 10], tableID: 1
[DEBUG] 2020-03-08 20:37:21.619 [main] Cafe - ID count increased to: 6
[INFO ] 2020-03-08 20:37:21.619 [main] Cafe - orderNumber: 3 -  added orderline ID: 6, beverage: Leffe, quantity: 10
[INFO ] 2020-03-08 20:37:21.620 [main] Cafe - Table table 1 paid orderNumber 3
[INFO ] 2020-03-08 20:37:21.620 [main] Cafe - Cleared table table 1
[INFO ] 2020-03-08 20:37:21.620 [main] Cafe - Set table 2 as active table
[INFO ] 2020-03-08 20:37:21.620 [main] Cafe - Assigned  table 2 to Patrick Desmet
[DEBUG] 2020-03-08 20:37:21.620 [main] Cafe - orderNumber count increased to: 4
[DEBUG] 2020-03-08 20:37:21.620 [main] Cafe - ID count increased to: 7
[INFO ] 2020-03-08 20:37:21.620 [main] Cafe - New order made: Order: 4, date: 2020-03-08, waiterID: 4, orderItems: [ID: 7, beverage: Leffe, quantity: 10], tableID: 2
[DEBUG] 2020-03-08 20:37:21.620 [main] Cafe - ID count increased to: 8
[INFO ] 2020-03-08 20:37:21.620 [main] Cafe - orderNumber: 4 -  added orderline ID: 8, beverage: Cola, quantity: 10
[INFO ] 2020-03-08 20:37:21.621 [main] Cafe - Table table 2 paid orderNumber 4
[INFO ] 2020-03-08 20:37:21.621 [main] Cafe - Cleared table table 2
[INFO ] 2020-03-08 20:37:21.621 [main] Cafe - Patrick Desmet logged out
[INFO ] 2020-03-08 20:37:21.621 [main] Cafe - Ilse Vandenbroeck logged in
[INFO ] 2020-03-08 20:37:21.621 [main] Cafe - Set table 5 as active table
[INFO ] 2020-03-08 20:37:21.622 [main] Cafe - Assigned  table 5 to Ilse Vandenbroeck
[DEBUG] 2020-03-08 20:37:21.624 [main] Cafe - orderNumber count increased to: 5
[DEBUG] 2020-03-08 20:37:21.624 [main] Cafe - ID count increased to: 9
[INFO ] 2020-03-08 20:37:21.624 [main] Cafe - New order made: Order: 5, date: 2020-03-08, waiterID: 3, orderItems: [ID: 9, beverage: Cola, quantity: 100], tableID: 5
[DEBUG] 2020-03-08 20:37:21.624 [main] Cafe - ID count increased to: 10
[INFO ] 2020-03-08 20:37:21.624 [main] Cafe - orderNumber: 5 -  added orderline ID: 10, beverage: Leffe, quantity: 10
[INFO ] 2020-03-08 20:37:21.624 [main] Cafe - Table table 5 paid orderNumber 5
[INFO ] 2020-03-08 20:37:21.625 [main] Cafe - Cleared table table 5
[INFO ] 2020-03-08 20:37:22.689 [main] Cafe - Ilse Vandenbroeck created top waiter pie chart
[INFO ] 2020-03-08 20:37:22.691 [main] Cafe - Cafe started
[INFO ] 2020-03-08 20:37:22.692 [main] Cafe - Wout Peters logged in
[INFO ] 2020-03-08 20:37:22.694 [main] Cafe - Set table 1 as active table
[INFO ] 2020-03-08 20:37:22.695 [main] Cafe - Assigned  table 1 to Wout Peters
[DEBUG] 2020-03-08 20:37:22.697 [main] Cafe - orderNumber count increased to: 1
[DEBUG] 2020-03-08 20:37:22.698 [main] Cafe - ID count increased to: 1
[INFO ] 2020-03-08 20:37:22.698 [main] Cafe - New order made: Order: 1, date: 2020-02-05, waiterID: 1, orderItems: [ID: 1, beverage: Cola, quantity: 10], tableID: 1
[INFO ] 2020-03-08 20:37:22.698 [main] Cafe - Table table 1 paid orderNumber 1
[INFO ] 2020-03-08 20:37:22.698 [main] Cafe - Cleared table table 1
[INFO ] 2020-03-08 20:37:22.699 [main] Cafe - Set table 2 as active table
[INFO ] 2020-03-08 20:37:22.699 [main] Cafe - Assigned  table 2 to Wout Peters
[DEBUG] 2020-03-08 20:37:22.699 [main] Cafe - orderNumber count increased to: 2
[DEBUG] 2020-03-08 20:37:22.699 [main] Cafe - ID count increased to: 2
[INFO ] 2020-03-08 20:37:22.699 [main] Cafe - New order made: Order: 2, date: 2020-02-05, waiterID: 1, orderItems: [ID: 2, beverage: Leffe, quantity: 30], tableID: 2
[DEBUG] 2020-03-08 20:37:22.700 [main] Cafe - ID count increased to: 3
[INFO ] 2020-03-08 20:37:22.701 [main] Cafe - orderNumber: 2 -  added orderline ID: 3, beverage: Cola, quantity: 20
[INFO ] 2020-03-08 20:37:22.701 [main] Cafe - Table table 2 paid orderNumber 2
[INFO ] 2020-03-08 20:37:22.701 [main] Cafe - Cleared table table 2
[INFO ] 2020-03-08 20:37:22.701 [main] Cafe - Wout Peters logged out
[INFO ] 2020-03-08 20:37:22.702 [main] Cafe - Patrick Desmet logged in
[INFO ] 2020-03-08 20:37:22.702 [main] Cafe - Set table 1 as active table
[INFO ] 2020-03-08 20:37:22.702 [main] Cafe - Assigned  table 1 to Patrick Desmet
[DEBUG] 2020-03-08 20:37:22.702 [main] Cafe - orderNumber count increased to: 3
[DEBUG] 2020-03-08 20:37:22.702 [main] Cafe - ID count increased to: 4
[INFO ] 2020-03-08 20:37:22.703 [main] Cafe - New order made: Order: 3, date: 2020-03-08, waiterID: 4, orderItems: [ID: 4, beverage: Cola, quantity: 10], tableID: 1
[DEBUG] 2020-03-08 20:37:22.703 [main] Cafe - ID count increased to: 5
[INFO ] 2020-03-08 20:37:22.703 [main] Cafe - orderNumber: 3 -  added orderline ID: 5, beverage: Leffe, quantity: 10
[INFO ] 2020-03-08 20:37:22.704 [main] Cafe - Table table 1 paid orderNumber 3
[INFO ] 2020-03-08 20:37:22.704 [main] Cafe - Cleared table table 1
[INFO ] 2020-03-08 20:37:22.704 [main] Cafe - Patrick Desmet logged out
[INFO ] 2020-03-08 20:37:22.704 [main] Cafe - Wout Peters logged in
[INFO ] 2020-03-08 20:37:22.704 [main] Cafe - Wout Peters retrieved his sales data
[INFO ] 2020-03-08 20:37:22.715 [main] Cafe - Wout Peters created a waiter sales PDF report
[INFO ] 2020-03-08 20:37:22.719 [main] Cafe - Cafe started
[INFO ] 2020-03-08 20:37:22.722 [main] Cafe - Cafe started
[INFO ] 2020-03-08 20:37:22.723 [main] Cafe - Wout Peters logged in
[INFO ] 2020-03-08 20:37:22.723 [main] Cafe - Set table 1 as active table
[INFO ] 2020-03-08 20:37:22.723 [main] Cafe - Assigned  table 1 to Wout Peters
[DEBUG] 2020-03-08 20:37:22.723 [main] Cafe - orderNumber count increased to: 1
[DEBUG] 2020-03-08 20:37:22.723 [main] Cafe - ID count increased to: 1
[INFO ] 2020-03-08 20:37:22.724 [main] Cafe - New order made: Order: 1, date: 2020-03-08, waiterID: 1, orderItems: [ID: 1, beverage: Cola, quantity: 10], tableID: 1
[INFO ] 2020-03-08 20:37:22.724 [main] Cafe - orderNumber: 1 - updated orderline with ID: 1, beverage: Cola, quantity: 20
[DEBUG] 2020-03-08 20:37:22.724 [main] Cafe - ID count increased to: 2
[INFO ] 2020-03-08 20:37:22.724 [main] Cafe - orderNumber: 1 -  added orderline ID: 2, beverage: Leffe, quantity: 10
[INFO ] 2020-03-08 20:37:22.727 [main] Cafe - Cafe started
[INFO ] 2020-03-08 20:37:22.728 [main] Cafe - Wout Peters logged in
[INFO ] 2020-03-08 20:37:22.728 [main] Cafe - Set table 1 as active table
[INFO ] 2020-03-08 20:37:22.728 [main] Cafe - Assigned  table 1 to Wout Peters
[DEBUG] 2020-03-08 20:37:22.728 [main] Cafe - orderNumber count increased to: 1
[DEBUG] 2020-03-08 20:37:22.728 [main] Cafe - ID count increased to: 1
[INFO ] 2020-03-08 20:37:22.729 [main] Cafe - New order made: Order: 1, date: 2020-03-08, waiterID: 1, orderItems: [ID: 1, beverage: Cola, quantity: 10], tableID: 1
[DEBUG] 2020-03-08 20:37:22.730 [main] Cafe - ID count increased to: 2
[INFO ] 2020-03-08 20:37:22.730 [main] Cafe - orderNumber: 1 -  added orderline ID: 2, beverage: Leffe, quantity: 10
[INFO ] 2020-03-08 20:37:22.730 [main] Cafe - Table table 1 paid orderNumber 1
[INFO ] 2020-03-08 20:37:22.730 [main] Cafe - Cleared table table 1
[INFO ] 2020-03-08 20:37:22.730 [main] Cafe - Set table 2 as active table
[INFO ] 2020-03-08 20:37:22.730 [main] Cafe - Assigned  table 2 to Wout Peters
[DEBUG] 2020-03-08 20:37:22.730 [main] Cafe - orderNumber count increased to: 2
[DEBUG] 2020-03-08 20:37:22.731 [main] Cafe - ID count increased to: 3
[INFO ] 2020-03-08 20:37:22.731 [main] Cafe - New order made: Order: 2, date: 2020-03-08, waiterID: 1, orderItems: [ID: 3, beverage: Leffe, quantity: 30], tableID: 2
[DEBUG] 2020-03-08 20:37:22.731 [main] Cafe - ID count increased to: 4
[INFO ] 2020-03-08 20:37:22.731 [main] Cafe - orderNumber: 2 -  added orderline ID: 4, beverage: Cola, quantity: 20
[INFO ] 2020-03-08 20:37:22.731 [main] Cafe - Table table 2 paid orderNumber 2
[INFO ] 2020-03-08 20:37:22.731 [main] Cafe - Cleared table table 2
[INFO ] 2020-03-08 20:37:22.731 [main] Cafe - Wout Peters logged out
[INFO ] 2020-03-08 20:37:22.732 [main] Cafe - Patrick Desmet logged in
[INFO ] 2020-03-08 20:37:22.732 [main] Cafe - Set table 1 as active table
[INFO ] 2020-03-08 20:37:22.732 [main] Cafe - Assigned  table 1 to Patrick Desmet
[DEBUG] 2020-03-08 20:37:22.732 [main] Cafe - orderNumber count increased to: 3
[DEBUG] 2020-03-08 20:37:22.732 [main] Cafe - ID count increased to: 5
[INFO ] 2020-03-08 20:37:22.732 [main] Cafe - New order made: Order: 3, date: 2020-03-08, waiterID: 4, orderItems: [ID: 5, beverage: Cola, quantity: 10], tableID: 1
[DEBUG] 2020-03-08 20:37:22.732 [main] Cafe - ID count increased to: 6
[INFO ] 2020-03-08 20:37:22.735 [main] Cafe - orderNumber: 3 -  added orderline ID: 6, beverage: Leffe, quantity: 10
[INFO ] 2020-03-08 20:37:22.736 [main] Cafe - Table table 1 paid orderNumber 3
[INFO ] 2020-03-08 20:37:22.753 [main] Cafe - Cleared table table 1
[INFO ] 2020-03-08 20:37:22.754 [main] Cafe - Set table 2 as active table
[INFO ] 2020-03-08 20:37:22.755 [main] Cafe - Assigned  table 2 to Patrick Desmet
[DEBUG] 2020-03-08 20:37:22.756 [main] Cafe - orderNumber count increased to: 4
[DEBUG] 2020-03-08 20:37:22.757 [main] Cafe - ID count increased to: 7
[INFO ] 2020-03-08 20:37:22.758 [main] Cafe - New order made: Order: 4, date: 2020-03-08, waiterID: 4, orderItems: [ID: 7, beverage: Leffe, quantity: 10], tableID: 2
[DEBUG] 2020-03-08 20:37:22.758 [main] Cafe - ID count increased to: 8
[INFO ] 2020-03-08 20:37:22.758 [main] Cafe - orderNumber: 4 -  added orderline ID: 8, beverage: Cola, quantity: 10
[INFO ] 2020-03-08 20:37:22.758 [main] Cafe - Table table 2 paid orderNumber 4
[INFO ] 2020-03-08 20:37:22.758 [main] Cafe - Cleared table table 2
[INFO ] 2020-03-08 20:37:22.758 [main] Cafe - Patrick Desmet logged out
[INFO ] 2020-03-08 20:37:22.758 [main] Cafe - Ilse Vandenbroeck logged in
[INFO ] 2020-03-08 20:37:22.758 [main] Cafe - Set table 5 as active table
[INFO ] 2020-03-08 20:37:22.758 [main] Cafe - Assigned  table 5 to Ilse Vandenbroeck
[DEBUG] 2020-03-08 20:37:22.758 [main] Cafe - orderNumber count increased to: 5
[DEBUG] 2020-03-08 20:37:22.759 [main] Cafe - ID count increased to: 9
[INFO ] 2020-03-08 20:37:22.759 [main] Cafe - New order made: Order: 5, date: 2020-03-08, waiterID: 3, orderItems: [ID: 9, beverage: Cola, quantity: 100], tableID: 5
[DEBUG] 2020-03-08 20:37:22.759 [main] Cafe - ID count increased to: 10
[INFO ] 2020-03-08 20:37:22.759 [main] Cafe - orderNumber: 5 -  added orderline ID: 10, beverage: Leffe, quantity: 10
[INFO ] 2020-03-08 20:37:22.759 [main] Cafe - Table table 5 paid orderNumber 5
[INFO ] 2020-03-08 20:37:22.759 [main] Cafe - Cleared table table 5
[INFO ] 2020-03-08 20:37:22.762 [main] Cafe - Cafe started
[INFO ] 2020-03-08 20:37:22.762 [main] Cafe - Wout Peters logged in
[INFO ] 2020-03-08 20:37:22.762 [main] Cafe - Wout Peters logged out
[INFO ] 2020-03-08 20:37:22.763 [main] Cafe - Cafe started
[INFO ] 2020-03-08 20:37:22.764 [main] Cafe - Wout Peters logged in
[INFO ] 2020-03-08 20:37:22.764 [main] Cafe - Wout Peters logged out
[INFO ] 2020-03-08 20:37:22.764 [main] Cafe - Patrick Desmet logged in
[INFO ] 2020-03-08 20:37:22.768 [main] Cafe - Cafe started
[INFO ] 2020-03-08 20:37:22.768 [main] Cafe - Wout Peters logged in
[INFO ] 2020-03-08 20:37:22.768 [main] Cafe - Set table 1 as active table
[INFO ] 2020-03-08 20:37:22.769 [main] Cafe - Cafe started
[INFO ] 2020-03-08 20:37:22.770 [main] Cafe - Wout Peters logged in
[INFO ] 2020-03-08 20:37:22.770 [main] Cafe - Set table 1 as active table
[INFO ] 2020-03-08 20:37:22.770 [main] Cafe - Assigned  table 1 to Wout Peters
[DEBUG] 2020-03-08 20:37:22.770 [main] Cafe - orderNumber count increased to: 1
[DEBUG] 2020-03-08 20:37:22.770 [main] Cafe - ID count increased to: 1
[INFO ] 2020-03-08 20:37:22.770 [main] Cafe - New order made: Order: 1, date: 2020-03-08, waiterID: 1, orderItems: [ID: 1, beverage: Cola, quantity: 5], tableID: 1
[DEBUG] 2020-03-08 20:37:22.770 [main] Cafe - ID count increased to: 2
[INFO ] 2020-03-08 20:37:22.770 [main] Cafe - orderNumber: 1 -  added orderline ID: 2, beverage: Leffe, quantity: 5
[INFO ] 2020-03-08 20:37:22.772 [main] Cafe - Cafe started
[INFO ] 2020-03-08 20:37:22.772 [main] Cafe - Wout Peters logged in
[INFO ] 2020-03-08 20:37:22.772 [main] Cafe - Set table 1 as active table
[INFO ] 2020-03-08 20:37:22.773 [main] Cafe - Cafe started
[INFO ] 2020-03-08 20:37:22.774 [main] Cafe - Wout Peters logged in
[INFO ] 2020-03-08 20:37:22.774 [main] Cafe - Set table 1 as active table
[INFO ] 2020-03-08 20:37:22.774 [main] Cafe - Cafe started
[INFO ] 2020-03-08 20:37:22.778 [main] Cafe - Cafe started
[INFO ] 2020-03-08 20:37:22.778 [main] Cafe - Wout Peters logged in
[INFO ] 2020-03-08 20:37:22.779 [main] Cafe - Set table 1 as active table
[INFO ] 2020-03-08 20:37:22.779 [main] Cafe - Assigned  table 1 to Wout Peters
[DEBUG] 2020-03-08 20:37:22.779 [main] Cafe - orderNumber count increased to: 1
[DEBUG] 2020-03-08 20:37:22.779 [main] Cafe - ID count increased to: 1
[INFO ] 2020-03-08 20:37:22.779 [main] Cafe - New order made: Order: 1, date: 2020-03-08, waiterID: 1, orderItems: [ID: 1, beverage: Cola, quantity: 5], tableID: 1
[DEBUG] 2020-03-08 20:37:22.779 [main] Cafe - ID count increased to: 2
[INFO ] 2020-03-08 20:37:22.779 [main] Cafe - orderNumber: 1 -  added orderline ID: 2, beverage: Leffe, quantity: 5
[INFO ] 2020-03-08 20:37:22.782 [main] Cafe - Cafe started
[INFO ] 2020-03-08 20:37:22.787 [main] Cafe - Cafe started
[INFO ] 2020-03-08 20:37:22.787 [main] Cafe - Wout Peters logged in
[INFO ] 2020-03-08 20:37:22.787 [main] Cafe - Set table 1 as active table
[INFO ] 2020-03-08 20:37:22.787 [main] Cafe - Assigned  table 1 to Wout Peters
[DEBUG] 2020-03-08 20:37:22.787 [main] Cafe - orderNumber count increased to: 1
[DEBUG] 2020-03-08 20:37:22.787 [main] Cafe - ID count increased to: 1
[INFO ] 2020-03-08 20:37:22.787 [main] Cafe - New order made: Order: 1, date: 2020-03-08, waiterID: 1, orderItems: [ID: 1, beverage: Cola, quantity: 5], tableID: 1
[INFO ] 2020-03-08 20:37:22.788 [main] Cafe - Cafe started
