[INFO ] 2020-04-10 20:41:23.159 [main] BeverageDAOImpl - beverages are loaded from database
[INFO ] 2020-04-10 20:41:23.229 [main] WaiterDAOImpl - Waiters are loaded from database
[INFO ] 2020-04-10 20:41:23.338 [main] PaidOrderDAOImpl - paidOrders are loaded from database
[INFO ] 2020-04-10 20:41:23.354 [main] PaidOrderDAOImpl - Returned highest orderNumber 71 from database
[INFO ] 2020-04-10 20:41:23.374 [main] PaidOrderDAOImpl - paidOrders are loaded from database
[INFO ] 2020-04-10 20:41:23.395 [main] BeverageDAOImpl - beverages are loaded from database
[INFO ] 2020-04-10 20:41:23.406 [main] WaiterDAOImpl - Waiters are loaded from database
[INFO ] 2020-04-10 20:41:23.423 [main] PaidOrderDAOImpl - paidOrders are loaded from database
[INFO ] 2020-04-10 20:41:23.432 [main] PaidOrderDAOImpl - Returned highest orderNumber 71 from database
[INFO ] 2020-04-10 20:41:23.459 [main] PaidOrderDAOImpl - paidOrders are loaded from database
[INFO ] 2020-04-10 20:41:23.475 [main] PaidOrderDAOImpl - Returned highest orderNumber 71 from database
[INFO ] 2020-04-10 20:41:23.608 [main] PaidOrderDAOImpl - Inserted orderLine from orderNumber 72 into database
[INFO ] 2020-04-10 20:41:23.627 [main] PaidOrderDAOImpl - paidOrders are loaded from database
[INFO ] 2020-04-10 20:41:23.670 [main] PaidOrderDAOImpl - Inserted orderLine from orderNumber 73 into database
[INFO ] 2020-04-10 20:41:23.706 [main] PaidOrderDAOImpl - Inserted orderLine from orderNumber 73 into database
[INFO ] 2020-04-10 20:41:23.752 [main] PaidOrderDAOImpl - paidOrders are loaded from database
[INFO ] 2020-04-10 20:41:23.811 [main] PaidOrderDAOImpl - Inserted orderLine from orderNumber 74 into database
[INFO ] 2020-04-10 20:41:23.841 [main] PaidOrderDAOImpl - Inserted orderLine from orderNumber 74 into database
[INFO ] 2020-04-10 20:41:23.852 [main] PaidOrderDAOImpl - paidOrders are loaded from database
[INFO ] 2020-04-10 20:41:23.874 [main] PaidOrderDAOImpl - Deleted orderNumber(s) equal or higher than 72 from database
[INFO ] 2020-04-10 20:41:23.888 [main] BeverageDAOImpl - beverages are loaded from database
[INFO ] 2020-04-10 20:41:23.892 [main] WaiterDAOImpl - Waiters are loaded from database
[INFO ] 2020-04-10 20:41:23.900 [main] PaidOrderDAOImpl - paidOrders are loaded from database
[INFO ] 2020-04-10 20:41:23.912 [main] PaidOrderDAOImpl - Returned highest orderNumber 71 from database
[INFO ] 2020-04-10 20:41:23.926 [main] PaidOrderDAOImpl - paidOrders are loaded from database
[INFO ] 2020-04-10 20:41:23.932 [main] PaidOrderDAOImpl - Returned highest orderNumber 71 from database
[INFO ] 2020-04-10 20:41:23.949 [main] PaidOrderDAOImpl - Inserted orderLine from orderNumber 72 into database
[INFO ] 2020-04-10 20:41:23.966 [main] PaidOrderDAOImpl - Inserted orderLine from orderNumber 72 into database
[INFO ] 2020-04-10 20:41:23.977 [main] PaidOrderDAOImpl - paidOrders are loaded from database
[INFO ] 2020-04-10 20:41:23.991 [main] PaidOrderDAOImpl - Inserted orderLine from orderNumber 73 into database
[INFO ] 2020-04-10 20:41:24.001 [main] PaidOrderDAOImpl - Inserted orderLine from orderNumber 73 into database
[INFO ] 2020-04-10 20:41:24.013 [main] PaidOrderDAOImpl - paidOrders are loaded from database
[INFO ] 2020-04-10 20:41:24.041 [main] PaidOrderDAOImpl - Inserted orderLine from orderNumber 74 into database
[INFO ] 2020-04-10 20:41:24.058 [main] PaidOrderDAOImpl - Inserted orderLine from orderNumber 74 into database
[INFO ] 2020-04-10 20:41:24.067 [main] PaidOrderDAOImpl - paidOrders are loaded from database
[INFO ] 2020-04-10 20:41:24.090 [main] PaidOrderDAOImpl - Deleted orderNumber(s) equal or higher than 72 from database
[INFO ] 2020-04-10 20:41:24.114 [main] BeverageDAOImpl - beverages are loaded from database
[INFO ] 2020-04-10 20:41:24.126 [main] WaiterDAOImpl - Waiters are loaded from database
[INFO ] 2020-04-10 20:41:24.136 [main] PaidOrderDAOImpl - paidOrders are loaded from database
[INFO ] 2020-04-10 20:41:24.142 [main] PaidOrderDAOImpl - Returned highest orderNumber 71 from database
[INFO ] 2020-04-10 20:41:24.157 [main] PaidOrderDAOImpl - paidOrders are loaded from database
[INFO ] 2020-04-10 20:41:24.170 [main] PaidOrderDAOImpl - Returned highest orderNumber 71 from database
[INFO ] 2020-04-10 20:41:24.183 [main] PaidOrderDAOImpl - Inserted orderLine from orderNumber 72 into database
[INFO ] 2020-04-10 20:41:24.197 [main] PaidOrderDAOImpl - Inserted orderLine from orderNumber 72 into database
[INFO ] 2020-04-10 20:41:24.215 [main] PaidOrderDAOImpl - Inserted orderLine from orderNumber 72 into database
[INFO ] 2020-04-10 20:41:24.230 [main] PaidOrderDAOImpl - Inserted orderLine from orderNumber 72 into database
[INFO ] 2020-04-10 20:41:24.237 [main] PaidOrderDAOImpl - paidOrders are loaded from database
[INFO ] 2020-04-10 20:41:24.249 [main] PaidOrderDAOImpl - Inserted orderLine from orderNumber 73 into database
[INFO ] 2020-04-10 20:41:24.275 [main] PaidOrderDAOImpl - Inserted orderLine from orderNumber 73 into database
[INFO ] 2020-04-10 20:41:24.302 [main] PaidOrderDAOImpl - Inserted orderLine from orderNumber 73 into database
[INFO ] 2020-04-10 20:41:24.309 [main] PaidOrderDAOImpl - paidOrders are loaded from database
[INFO ] 2020-04-10 20:41:24.321 [main] PaidOrderDAOImpl - Deleted orderNumber(s) equal or higher than 72 from database
[INFO ] 2020-04-10 20:41:24.356 [main] BeverageDAOImpl - beverages are loaded from database
[INFO ] 2020-04-10 20:41:24.376 [main] WaiterDAOImpl - Waiters are loaded from database
[INFO ] 2020-04-10 20:41:24.383 [main] PaidOrderDAOImpl - paidOrders are loaded from database
[INFO ] 2020-04-10 20:41:24.391 [main] PaidOrderDAOImpl - Returned highest orderNumber 71 from database
[INFO ] 2020-04-10 20:41:24.402 [main] PaidOrderDAOImpl - paidOrders are loaded from database
[INFO ] 2020-04-10 20:41:24.408 [main] PaidOrderDAOImpl - Returned highest orderNumber 71 from database
[INFO ] 2020-04-10 20:41:24.426 [main] PaidOrderDAOImpl - Inserted orderLine from orderNumber 72 into database
[INFO ] 2020-04-10 20:41:24.435 [main] PaidOrderDAOImpl - Inserted orderLine from orderNumber 72 into database
[INFO ] 2020-04-10 20:41:24.449 [main] PaidOrderDAOImpl - Inserted orderLine from orderNumber 72 into database
[INFO ] 2020-04-10 20:41:24.455 [main] PaidOrderDAOImpl - paidOrders are loaded from database
[INFO ] 2020-04-10 20:41:24.493 [main] PaidOrderDAOImpl - Inserted orderLine from orderNumber 73 into database
[INFO ] 2020-04-10 20:41:24.509 [main] PaidOrderDAOImpl - Inserted orderLine from orderNumber 73 into database
[INFO ] 2020-04-10 20:41:24.528 [main] PaidOrderDAOImpl - Inserted orderLine from orderNumber 73 into database
[INFO ] 2020-04-10 20:41:24.545 [main] PaidOrderDAOImpl - Inserted orderLine from orderNumber 73 into database
[INFO ] 2020-04-10 20:41:24.552 [main] PaidOrderDAOImpl - paidOrders are loaded from database
[INFO ] 2020-04-10 20:41:24.564 [main] PaidOrderDAOImpl - Deleted orderNumber(s) equal or higher than 72 from database
[INFO ] 2020-04-10 20:41:24.577 [main] BeverageDAOImpl - beverages are loaded from database
[INFO ] 2020-04-10 20:41:24.583 [main] WaiterDAOImpl - Waiters are loaded from database
[INFO ] 2020-04-10 20:41:24.589 [main] PaidOrderDAOImpl - paidOrders are loaded from database
[INFO ] 2020-04-10 20:41:24.594 [main] PaidOrderDAOImpl - Returned highest orderNumber 71 from database
[INFO ] 2020-04-10 20:41:24.603 [main] PaidOrderDAOImpl - paidOrders are loaded from database
[INFO ] 2020-04-10 20:41:24.623 [main] BeverageDAOImpl - beverages are loaded from database
[INFO ] 2020-04-10 20:41:24.627 [main] WaiterDAOImpl - Waiters are loaded from database
[INFO ] 2020-04-10 20:41:24.634 [main] PaidOrderDAOImpl - paidOrders are loaded from database
[INFO ] 2020-04-10 20:41:24.638 [main] PaidOrderDAOImpl - Returned highest orderNumber 71 from database
[INFO ] 2020-04-10 20:41:24.655 [main] PaidOrderDAOImpl - paidOrders are loaded from database
[INFO ] 2020-04-10 20:41:24.687 [main] BeverageDAOImpl - beverages are loaded from database
[INFO ] 2020-04-10 20:41:24.692 [main] WaiterDAOImpl - Waiters are loaded from database
[INFO ] 2020-04-10 20:41:24.704 [main] PaidOrderDAOImpl - paidOrders are loaded from database
[INFO ] 2020-04-10 20:41:24.739 [main] PaidOrderDAOImpl - Returned highest orderNumber 71 from database
[INFO ] 2020-04-10 20:41:24.746 [main] PaidOrderDAOImpl - paidOrders are loaded from database
[INFO ] 2020-04-10 20:41:24.769 [main] BeverageDAOImpl - beverages are loaded from database
[INFO ] 2020-04-10 20:41:24.774 [main] WaiterDAOImpl - Waiters are loaded from database
[INFO ] 2020-04-10 20:41:24.782 [main] PaidOrderDAOImpl - paidOrders are loaded from database
[INFO ] 2020-04-10 20:41:24.790 [main] PaidOrderDAOImpl - Returned highest orderNumber 71 from database
[INFO ] 2020-04-10 20:41:24.796 [main] PaidOrderDAOImpl - paidOrders are loaded from database
[INFO ] 2020-04-10 20:41:24.816 [main] BeverageDAOImpl - beverages are loaded from database
[INFO ] 2020-04-10 20:41:24.820 [main] WaiterDAOImpl - Waiters are loaded from database
[INFO ] 2020-04-10 20:41:24.825 [main] PaidOrderDAOImpl - paidOrders are loaded from database
[INFO ] 2020-04-10 20:41:24.831 [main] PaidOrderDAOImpl - Returned highest orderNumber 71 from database
[INFO ] 2020-04-10 20:41:24.837 [main] PaidOrderDAOImpl - paidOrders are loaded from database
[INFO ] 2020-04-10 20:41:24.858 [main] BeverageDAOImpl - beverages are loaded from database
[INFO ] 2020-04-10 20:41:24.863 [main] WaiterDAOImpl - Waiters are loaded from database
[INFO ] 2020-04-10 20:41:24.870 [main] PaidOrderDAOImpl - paidOrders are loaded from database
[INFO ] 2020-04-10 20:41:24.878 [main] PaidOrderDAOImpl - Returned highest orderNumber 71 from database
[INFO ] 2020-04-10 20:41:24.885 [main] PaidOrderDAOImpl - paidOrders are loaded from database
[INFO ] 2020-04-10 20:41:24.889 [main] PaidOrderDAOImpl - Returned highest orderNumber 71 from database
[INFO ] 2020-04-10 20:41:24.903 [main] PaidOrderDAOImpl - Inserted orderLine from orderNumber 72 into database
[INFO ] 2020-04-10 20:41:24.914 [main] PaidOrderDAOImpl - Inserted orderLine from orderNumber 72 into database
[INFO ] 2020-04-10 20:41:24.929 [main] PaidOrderDAOImpl - paidOrders are loaded from database
[INFO ] 2020-04-10 20:41:24.940 [main] PaidOrderDAOImpl - Inserted orderLine from orderNumber 73 into database
[INFO ] 2020-04-10 20:41:24.952 [main] PaidOrderDAOImpl - Inserted orderLine from orderNumber 73 into database
[INFO ] 2020-04-10 20:41:24.965 [main] PaidOrderDAOImpl - paidOrders are loaded from database
[INFO ] 2020-04-10 20:41:24.995 [main] PaidOrderDAOImpl - Deleted orderNumber(s) equal or higher than 72 from database
[INFO ] 2020-04-10 20:41:25.007 [main] BeverageDAOImpl - beverages are loaded from database
[INFO ] 2020-04-10 20:41:25.012 [main] WaiterDAOImpl - Waiters are loaded from database
[INFO ] 2020-04-10 20:41:25.017 [main] PaidOrderDAOImpl - paidOrders are loaded from database
[INFO ] 2020-04-10 20:41:25.021 [main] PaidOrderDAOImpl - Returned highest orderNumber 71 from database
[INFO ] 2020-04-10 20:41:25.027 [main] PaidOrderDAOImpl - paidOrders are loaded from database
[INFO ] 2020-04-10 20:41:25.039 [main] BeverageDAOImpl - beverages are loaded from database
[INFO ] 2020-04-10 20:41:25.047 [main] WaiterDAOImpl - Waiters are loaded from database
[INFO ] 2020-04-10 20:41:25.052 [main] PaidOrderDAOImpl - paidOrders are loaded from database
[INFO ] 2020-04-10 20:41:25.056 [main] PaidOrderDAOImpl - Returned highest orderNumber 71 from database
[INFO ] 2020-04-10 20:41:25.062 [main] PaidOrderDAOImpl - paidOrders are loaded from database
[INFO ] 2020-04-10 20:41:25.066 [main] PaidOrderDAOImpl - Returned highest orderNumber 71 from database
[INFO ] 2020-04-10 20:41:25.075 [main] PaidOrderDAOImpl - Inserted orderLine from orderNumber 72 into database
[INFO ] 2020-04-10 20:41:25.081 [main] PaidOrderDAOImpl - paidOrders are loaded from database
[INFO ] 2020-04-10 20:41:25.091 [main] PaidOrderDAOImpl - Inserted orderLine from orderNumber 73 into database
[INFO ] 2020-04-10 20:41:25.102 [main] PaidOrderDAOImpl - Inserted orderLine from orderNumber 73 into database
[INFO ] 2020-04-10 20:41:25.109 [main] PaidOrderDAOImpl - paidOrders are loaded from database
[INFO ] 2020-04-10 20:41:25.124 [main] PaidOrderDAOImpl - Inserted orderLine from orderNumber 74 into database
[INFO ] 2020-04-10 20:41:25.131 [main] PaidOrderDAOImpl - paidOrders are loaded from database
[INFO ] 2020-04-10 20:41:25.145 [main] PaidOrderDAOImpl - Inserted orderLine from orderNumber 75 into database
[INFO ] 2020-04-10 20:41:25.155 [main] PaidOrderDAOImpl - Inserted orderLine from orderNumber 75 into database
[INFO ] 2020-04-10 20:41:25.161 [main] PaidOrderDAOImpl - paidOrders are loaded from database
[INFO ] 2020-04-10 20:41:25.894 [main] PaidOrderDAOImpl - Deleted orderNumber(s) equal or higher than 72 from database
[INFO ] 2020-04-10 20:41:25.902 [main] BeverageDAOImpl - beverages are loaded from database
[INFO ] 2020-04-10 20:41:25.906 [main] WaiterDAOImpl - Waiters are loaded from database
[INFO ] 2020-04-10 20:41:25.912 [main] PaidOrderDAOImpl - paidOrders are loaded from database
[INFO ] 2020-04-10 20:41:25.916 [main] PaidOrderDAOImpl - Returned highest orderNumber 71 from database
[INFO ] 2020-04-10 20:41:25.921 [main] PaidOrderDAOImpl - paidOrders are loaded from database
[INFO ] 2020-04-10 20:41:25.930 [main] PaidOrderDAOImpl - Returned highest orderNumber 71 from database
[INFO ] 2020-04-10 20:41:25.943 [main] PaidOrderDAOImpl - Inserted orderLine from orderNumber 72 into database
[INFO ] 2020-04-10 20:41:25.961 [main] PaidOrderDAOImpl - Inserted orderLine from orderNumber 72 into database
[INFO ] 2020-04-10 20:41:25.969 [main] PaidOrderDAOImpl - paidOrders are loaded from database
[INFO ] 2020-04-10 20:41:25.992 [main] PaidOrderDAOImpl - Inserted orderLine from orderNumber 73 into database
[INFO ] 2020-04-10 20:41:26.004 [main] PaidOrderDAOImpl - Inserted orderLine from orderNumber 73 into database
[INFO ] 2020-04-10 20:41:26.013 [main] PaidOrderDAOImpl - paidOrders are loaded from database
[INFO ] 2020-04-10 20:41:26.040 [main] PaidOrderDAOImpl - Inserted orderLine from orderNumber 74 into database
[INFO ] 2020-04-10 20:41:26.052 [main] PaidOrderDAOImpl - Inserted orderLine from orderNumber 74 into database
[INFO ] 2020-04-10 20:41:26.060 [main] PaidOrderDAOImpl - paidOrders are loaded from database
[INFO ] 2020-04-10 20:41:26.071 [main] PaidOrderDAOImpl - Inserted orderLine from orderNumber 75 into database
[INFO ] 2020-04-10 20:41:26.082 [main] PaidOrderDAOImpl - Inserted orderLine from orderNumber 75 into database
[INFO ] 2020-04-10 20:41:26.089 [main] PaidOrderDAOImpl - paidOrders are loaded from database
[INFO ] 2020-04-10 20:41:26.101 [main] PaidOrderDAOImpl - Inserted orderLine from orderNumber 76 into database
[INFO ] 2020-04-10 20:41:26.110 [main] PaidOrderDAOImpl - Inserted orderLine from orderNumber 76 into database
[INFO ] 2020-04-10 20:41:26.117 [main] PaidOrderDAOImpl - paidOrders are loaded from database
[INFO ] 2020-04-10 20:41:27.079 [main] PaidOrderDAOImpl - Deleted orderNumber(s) equal or higher than 72 from database
[INFO ] 2020-04-10 20:41:27.091 [main] BeverageDAOImpl - beverages are loaded from database
[INFO ] 2020-04-10 20:41:27.097 [main] WaiterDAOImpl - Waiters are loaded from database
[INFO ] 2020-04-10 20:41:27.102 [main] PaidOrderDAOImpl - paidOrders are loaded from database
[INFO ] 2020-04-10 20:41:27.106 [main] PaidOrderDAOImpl - Returned highest orderNumber 71 from database
[INFO ] 2020-04-10 20:41:27.112 [main] PaidOrderDAOImpl - paidOrders are loaded from database
[INFO ] 2020-04-10 20:41:27.124 [main] PaidOrderDAOImpl - Returned highest orderNumber 71 from database
[INFO ] 2020-04-10 20:41:27.133 [main] PaidOrderDAOImpl - Inserted orderLine from orderNumber 72 into database
[INFO ] 2020-04-10 20:41:27.138 [main] PaidOrderDAOImpl - paidOrders are loaded from database
[INFO ] 2020-04-10 20:41:27.153 [main] PaidOrderDAOImpl - Inserted orderLine from orderNumber 73 into database
[INFO ] 2020-04-10 20:41:27.172 [main] PaidOrderDAOImpl - Inserted orderLine from orderNumber 73 into database
[INFO ] 2020-04-10 20:41:27.181 [main] PaidOrderDAOImpl - paidOrders are loaded from database
[INFO ] 2020-04-10 20:41:27.323 [main] PaidOrderDAOImpl - Deleted orderNumber(s) equal or higher than 72 from database
[INFO ] 2020-04-10 20:41:27.359 [main] BeverageDAOImpl - beverages are loaded from database
[INFO ] 2020-04-10 20:41:27.372 [main] WaiterDAOImpl - Waiters are loaded from database
[INFO ] 2020-04-10 20:41:27.379 [main] PaidOrderDAOImpl - paidOrders are loaded from database
[INFO ] 2020-04-10 20:41:27.382 [main] PaidOrderDAOImpl - Returned highest orderNumber 71 from database
[INFO ] 2020-04-10 20:41:27.388 [main] PaidOrderDAOImpl - paidOrders are loaded from database
[INFO ] 2020-04-10 20:41:27.401 [main] BeverageDAOImpl - beverages are loaded from database
[INFO ] 2020-04-10 20:41:27.407 [main] WaiterDAOImpl - Waiters are loaded from database
[INFO ] 2020-04-10 20:41:27.414 [main] PaidOrderDAOImpl - paidOrders are loaded from database
[INFO ] 2020-04-10 20:41:27.423 [main] PaidOrderDAOImpl - Returned highest orderNumber 71 from database
[INFO ] 2020-04-10 20:41:27.454 [main] PaidOrderDAOImpl - paidOrders are loaded from database
[INFO ] 2020-04-10 20:41:27.472 [main] BeverageDAOImpl - beverages are loaded from database
[INFO ] 2020-04-10 20:41:27.483 [main] WaiterDAOImpl - Waiters are loaded from database
[INFO ] 2020-04-10 20:41:27.488 [main] PaidOrderDAOImpl - paidOrders are loaded from database
[INFO ] 2020-04-10 20:41:27.494 [main] PaidOrderDAOImpl - Returned highest orderNumber 71 from database
[INFO ] 2020-04-10 20:41:27.501 [main] PaidOrderDAOImpl - paidOrders are loaded from database
[INFO ] 2020-04-10 20:41:27.506 [main] PaidOrderDAOImpl - Returned highest orderNumber 71 from database
[INFO ] 2020-04-10 20:41:27.520 [main] PaidOrderDAOImpl - Inserted orderLine from orderNumber 72 into database
[INFO ] 2020-04-10 20:41:27.538 [main] PaidOrderDAOImpl - Inserted orderLine from orderNumber 72 into database
[INFO ] 2020-04-10 20:41:27.552 [main] PaidOrderDAOImpl - paidOrders are loaded from database
[INFO ] 2020-04-10 20:41:27.563 [main] PaidOrderDAOImpl - Inserted orderLine from orderNumber 73 into database
[INFO ] 2020-04-10 20:41:27.571 [main] PaidOrderDAOImpl - Inserted orderLine from orderNumber 73 into database
[INFO ] 2020-04-10 20:41:27.576 [main] PaidOrderDAOImpl - paidOrders are loaded from database
[INFO ] 2020-04-10 20:41:27.589 [main] PaidOrderDAOImpl - Inserted orderLine from orderNumber 74 into database
[INFO ] 2020-04-10 20:41:27.599 [main] PaidOrderDAOImpl - Inserted orderLine from orderNumber 74 into database
[INFO ] 2020-04-10 20:41:27.606 [main] PaidOrderDAOImpl - paidOrders are loaded from database
[INFO ] 2020-04-10 20:41:27.615 [main] PaidOrderDAOImpl - Inserted orderLine from orderNumber 75 into database
[INFO ] 2020-04-10 20:41:27.624 [main] PaidOrderDAOImpl - Inserted orderLine from orderNumber 75 into database
[INFO ] 2020-04-10 20:41:27.630 [main] PaidOrderDAOImpl - paidOrders are loaded from database
[INFO ] 2020-04-10 20:41:27.642 [main] PaidOrderDAOImpl - Inserted orderLine from orderNumber 76 into database
[INFO ] 2020-04-10 20:41:27.652 [main] PaidOrderDAOImpl - Inserted orderLine from orderNumber 76 into database
[INFO ] 2020-04-10 20:41:27.659 [main] PaidOrderDAOImpl - paidOrders are loaded from database
[INFO ] 2020-04-10 20:41:27.675 [main] PaidOrderDAOImpl - Deleted orderNumber(s) equal or higher than 72 from database
[INFO ] 2020-04-10 20:41:27.682 [main] BeverageDAOImpl - beverages are loaded from database
[INFO ] 2020-04-10 20:41:27.687 [main] WaiterDAOImpl - Waiters are loaded from database
[INFO ] 2020-04-10 20:41:27.692 [main] PaidOrderDAOImpl - paidOrders are loaded from database
[INFO ] 2020-04-10 20:41:27.699 [main] PaidOrderDAOImpl - Returned highest orderNumber 71 from database
[INFO ] 2020-04-10 20:41:27.704 [main] PaidOrderDAOImpl - paidOrders are loaded from database
[INFO ] 2020-04-10 20:41:27.717 [main] BeverageDAOImpl - beverages are loaded from database
[INFO ] 2020-04-10 20:41:27.721 [main] WaiterDAOImpl - Waiters are loaded from database
[INFO ] 2020-04-10 20:41:27.747 [main] PaidOrderDAOImpl - paidOrders are loaded from database
[INFO ] 2020-04-10 20:41:27.768 [main] PaidOrderDAOImpl - Returned highest orderNumber 71 from database
[INFO ] 2020-04-10 20:41:27.774 [main] PaidOrderDAOImpl - paidOrders are loaded from database
[INFO ] 2020-04-10 20:41:29.511 [main] BeverageDAOImpl - beverages are loaded from database
[INFO ] 2020-04-10 20:41:29.554 [main] BeverageDAOImpl - beverages are loaded from database
[INFO ] 2020-04-10 20:41:29.558 [main] WaiterDAOImpl - Waiters are loaded from database
[INFO ] 2020-04-10 20:41:29.563 [main] PaidOrderDAOImpl - paidOrders are loaded from database
[INFO ] 2020-04-10 20:41:29.566 [main] PaidOrderDAOImpl - Returned highest orderNumber 71 from database
[INFO ] 2020-04-10 20:41:29.597 [main] PaidOrderDAOImpl - paidOrders are loaded from database
[INFO ] 2020-04-10 20:41:29.616 [main] PaidOrderDAOImpl - paidOrders are loaded from database
[INFO ] 2020-04-10 20:41:29.620 [main] PaidOrderDAOImpl - Returned highest orderNumber 71 from database
[INFO ] 2020-04-10 20:41:29.637 [main] PaidOrderDAOImpl - Inserted orderLine from orderNumber 1000 into database
[INFO ] 2020-04-10 20:41:29.665 [main] PaidOrderDAOImpl - Inserted orderLine from orderNumber 1000 into database
[INFO ] 2020-04-10 20:41:29.683 [main] PaidOrderDAOImpl - paidOrders are loaded from database
[INFO ] 2020-04-10 20:41:29.691 [main] PaidOrderDAOImpl - Deleted orderNumber(s) equal or higher than 72 from database
[INFO ] 2020-04-10 20:41:29.726 [main] BeverageDAOImpl - beverages are loaded from database
[INFO ] 2020-04-10 20:41:29.733 [main] WaiterDAOImpl - Waiters are loaded from database
[INFO ] 2020-04-10 20:41:29.738 [main] PaidOrderDAOImpl - paidOrders are loaded from database
[INFO ] 2020-04-10 20:41:29.742 [main] PaidOrderDAOImpl - Returned highest orderNumber 71 from database
[INFO ] 2020-04-10 20:41:29.747 [main] PaidOrderDAOImpl - paidOrders are loaded from database
[INFO ] 2020-04-10 20:41:29.763 [main] PaidOrderDAOImpl - paidOrders are loaded from database
[INFO ] 2020-04-10 20:41:29.779 [main] BeverageDAOImpl - beverages are loaded from database
[INFO ] 2020-04-10 20:41:29.786 [main] WaiterDAOImpl - Waiters are loaded from database
[INFO ] 2020-04-10 20:41:29.795 [main] PaidOrderDAOImpl - paidOrders are loaded from database
[INFO ] 2020-04-10 20:41:29.802 [main] PaidOrderDAOImpl - Returned highest orderNumber 71 from database
[INFO ] 2020-04-10 20:41:29.814 [main] PaidOrderDAOImpl - paidOrders are loaded from database
[INFO ] 2020-04-10 20:41:29.819 [main] PaidOrderDAOImpl - paidOrders are loaded from database
[INFO ] 2020-04-10 20:41:29.836 [main] PaidOrderDAOImpl - Returned highest orderNumber 71 from database
[INFO ] 2020-04-10 20:41:29.847 [main] WaiterDAOImpl - Waiters are loaded from database
[INFO ] 2020-04-10 20:41:29.860 [main] BeverageDAOImpl - beverages are loaded from database
[INFO ] 2020-04-10 20:41:29.864 [main] WaiterDAOImpl - Waiters are loaded from database
[INFO ] 2020-04-10 20:41:29.869 [main] PaidOrderDAOImpl - paidOrders are loaded from database
[INFO ] 2020-04-10 20:41:29.874 [main] PaidOrderDAOImpl - Returned highest orderNumber 71 from database
[INFO ] 2020-04-10 20:41:29.881 [main] PaidOrderDAOImpl - paidOrders are loaded from database
[INFO ] 2020-04-10 20:41:29.890 [main] BeverageDAOImpl - beverages are loaded from database
[INFO ] 2020-04-10 20:41:29.895 [main] WaiterDAOImpl - Waiters are loaded from database
[INFO ] 2020-04-10 20:41:29.901 [main] PaidOrderDAOImpl - paidOrders are loaded from database
[INFO ] 2020-04-10 20:41:29.905 [main] PaidOrderDAOImpl - Returned highest orderNumber 71 from database
[INFO ] 2020-04-10 20:41:29.913 [main] PaidOrderDAOImpl - paidOrders are loaded from database
[INFO ] 2020-04-10 20:41:29.926 [main] BeverageDAOImpl - beverages are loaded from database
[INFO ] 2020-04-10 20:41:29.938 [main] WaiterDAOImpl - Waiters are loaded from database
[INFO ] 2020-04-10 20:41:29.945 [main] PaidOrderDAOImpl - paidOrders are loaded from database
[INFO ] 2020-04-10 20:41:29.950 [main] PaidOrderDAOImpl - Returned highest orderNumber 71 from database
[INFO ] 2020-04-10 20:41:29.965 [main] PaidOrderDAOImpl - paidOrders are loaded from database
[INFO ] 2020-04-10 20:41:29.980 [main] BeverageDAOImpl - beverages are loaded from database
[INFO ] 2020-04-10 20:41:29.987 [main] WaiterDAOImpl - Waiters are loaded from database
[INFO ] 2020-04-10 20:41:30.000 [main] PaidOrderDAOImpl - paidOrders are loaded from database
[INFO ] 2020-04-10 20:41:30.007 [main] PaidOrderDAOImpl - Returned highest orderNumber 71 from database
[INFO ] 2020-04-10 20:41:30.012 [main] PaidOrderDAOImpl - paidOrders are loaded from database
[INFO ] 2020-04-10 20:41:30.033 [main] BeverageDAOImpl - beverages are loaded from database
[INFO ] 2020-04-10 20:41:30.037 [main] WaiterDAOImpl - Waiters are loaded from database
[INFO ] 2020-04-10 20:41:30.044 [main] PaidOrderDAOImpl - paidOrders are loaded from database
[INFO ] 2020-04-10 20:41:30.049 [main] PaidOrderDAOImpl - Returned highest orderNumber 71 from database
[INFO ] 2020-04-10 20:41:30.065 [main] PaidOrderDAOImpl - paidOrders are loaded from database
[INFO ] 2020-04-10 20:41:30.085 [main] BeverageDAOImpl - beverages are loaded from database
[INFO ] 2020-04-10 20:41:30.094 [main] WaiterDAOImpl - Waiters are loaded from database
[INFO ] 2020-04-10 20:41:30.100 [main] PaidOrderDAOImpl - paidOrders are loaded from database
[INFO ] 2020-04-10 20:41:30.105 [main] PaidOrderDAOImpl - Returned highest orderNumber 71 from database
[INFO ] 2020-04-10 20:41:30.111 [main] PaidOrderDAOImpl - paidOrders are loaded from database
[INFO ] 2020-04-10 20:41:30.115 [main] PaidOrderDAOImpl - Returned highest orderNumber 71 from database
[INFO ] 2020-04-10 20:41:30.122 [main] BeverageDAOImpl - beverages are loaded from database
[INFO ] 2020-04-10 20:41:30.126 [main] WaiterDAOImpl - Waiters are loaded from database
[INFO ] 2020-04-10 20:41:30.130 [main] PaidOrderDAOImpl - paidOrders are loaded from database
[INFO ] 2020-04-10 20:41:30.135 [main] PaidOrderDAOImpl - Returned highest orderNumber 71 from database
[INFO ] 2020-04-10 20:41:30.139 [main] PaidOrderDAOImpl - paidOrders are loaded from database
[INFO ] 2020-04-10 20:41:30.146 [main] BeverageDAOImpl - beverages are loaded from database
[INFO ] 2020-04-10 20:41:30.150 [main] WaiterDAOImpl - Waiters are loaded from database
[INFO ] 2020-04-10 20:41:30.154 [main] PaidOrderDAOImpl - paidOrders are loaded from database
[INFO ] 2020-04-10 20:41:30.158 [main] PaidOrderDAOImpl - Returned highest orderNumber 71 from database
[INFO ] 2020-04-10 20:41:30.163 [main] PaidOrderDAOImpl - paidOrders are loaded from database
[INFO ] 2020-04-10 20:41:30.174 [main] BeverageDAOImpl - beverages are loaded from database
[INFO ] 2020-04-10 20:41:30.182 [main] WaiterDAOImpl - Waiters are loaded from database
[INFO ] 2020-04-10 20:41:30.186 [main] PaidOrderDAOImpl - paidOrders are loaded from database
[INFO ] 2020-04-10 20:41:30.190 [main] PaidOrderDAOImpl - Returned highest orderNumber 71 from database
[INFO ] 2020-04-10 20:41:30.195 [main] PaidOrderDAOImpl - paidOrders are loaded from database
