[INFO ] 2020-04-15 23:25:25.879 [main] BeverageDAOImpl - beverages are loaded from database
[INFO ] 2020-04-15 23:25:25.967 [main] WaiterDAOImpl - Waiters are loaded from database
[INFO ] 2020-04-15 23:25:26.020 [main] PaidOrderDAOImpl - paidOrders are loaded from database
[INFO ] 2020-04-15 23:25:26.027 [main] PaidOrderDAOImpl - Returned highest orderNumber 71 from database
[INFO ] 2020-04-15 23:25:26.044 [main] BeverageDAOImpl - beverages are loaded from database
[INFO ] 2020-04-15 23:25:26.051 [main] WaiterDAOImpl - Waiters are loaded from database
[INFO ] 2020-04-15 23:25:26.064 [main] PaidOrderDAOImpl - paidOrders are loaded from database
[INFO ] 2020-04-15 23:25:26.071 [main] PaidOrderDAOImpl - Returned highest orderNumber 71 from database
[INFO ] 2020-04-15 23:25:26.078 [main] PaidOrderDAOImpl - Returned highest orderNumber 71 from database
[INFO ] 2020-04-15 23:25:26.149 [main] PaidOrderDAOImpl - Inserted orderLine from orderNumber 72 into database
[INFO ] 2020-04-15 23:25:26.185 [main] PaidOrderDAOImpl - paidOrders are loaded from database
[INFO ] 2020-04-15 23:25:26.203 [main] PaidOrderDAOImpl - Inserted orderLine from orderNumber 73 into database
[INFO ] 2020-04-15 23:25:26.216 [main] PaidOrderDAOImpl - Inserted orderLine from orderNumber 73 into database
[INFO ] 2020-04-15 23:25:26.228 [main] PaidOrderDAOImpl - paidOrders are loaded from database
[INFO ] 2020-04-15 23:25:26.268 [main] PaidOrderDAOImpl - Inserted orderLine from orderNumber 74 into database
[INFO ] 2020-04-15 23:25:26.283 [main] PaidOrderDAOImpl - Inserted orderLine from orderNumber 74 into database
[INFO ] 2020-04-15 23:25:26.290 [main] PaidOrderDAOImpl - paidOrders are loaded from database
[INFO ] 2020-04-15 23:25:26.310 [main] PaidOrderDAOImpl - Deleted orderNumber(s) equal or higher than 72 from database
[INFO ] 2020-04-15 23:25:26.320 [main] BeverageDAOImpl - beverages are loaded from database
[INFO ] 2020-04-15 23:25:26.327 [main] WaiterDAOImpl - Waiters are loaded from database
[INFO ] 2020-04-15 23:25:26.339 [main] PaidOrderDAOImpl - paidOrders are loaded from database
[INFO ] 2020-04-15 23:25:26.345 [main] PaidOrderDAOImpl - Returned highest orderNumber 71 from database
[INFO ] 2020-04-15 23:25:26.351 [main] PaidOrderDAOImpl - Returned highest orderNumber 71 from database
[INFO ] 2020-04-15 23:25:26.379 [main] PaidOrderDAOImpl - Inserted orderLine from orderNumber 72 into database
[INFO ] 2020-04-15 23:25:26.396 [main] PaidOrderDAOImpl - Inserted orderLine from orderNumber 72 into database
[INFO ] 2020-04-15 23:25:26.404 [main] PaidOrderDAOImpl - paidOrders are loaded from database
[INFO ] 2020-04-15 23:25:26.413 [main] PaidOrderDAOImpl - Inserted orderLine from orderNumber 73 into database
[INFO ] 2020-04-15 23:25:26.420 [main] PaidOrderDAOImpl - Inserted orderLine from orderNumber 73 into database
[INFO ] 2020-04-15 23:25:26.425 [main] PaidOrderDAOImpl - paidOrders are loaded from database
[INFO ] 2020-04-15 23:25:26.441 [main] PaidOrderDAOImpl - Inserted orderLine from orderNumber 74 into database
[INFO ] 2020-04-15 23:25:26.450 [main] PaidOrderDAOImpl - Inserted orderLine from orderNumber 74 into database
[INFO ] 2020-04-15 23:25:26.458 [main] PaidOrderDAOImpl - paidOrders are loaded from database
[INFO ] 2020-04-15 23:25:26.469 [main] PaidOrderDAOImpl - Deleted orderNumber(s) equal or higher than 72 from database
[INFO ] 2020-04-15 23:25:26.475 [main] BeverageDAOImpl - beverages are loaded from database
[INFO ] 2020-04-15 23:25:26.479 [main] WaiterDAOImpl - Waiters are loaded from database
[INFO ] 2020-04-15 23:25:26.484 [main] PaidOrderDAOImpl - paidOrders are loaded from database
[INFO ] 2020-04-15 23:25:26.489 [main] PaidOrderDAOImpl - Returned highest orderNumber 71 from database
[INFO ] 2020-04-15 23:25:26.493 [main] PaidOrderDAOImpl - Returned highest orderNumber 71 from database
[INFO ] 2020-04-15 23:25:26.508 [main] PaidOrderDAOImpl - Inserted orderLine from orderNumber 72 into database
[INFO ] 2020-04-15 23:25:26.517 [main] PaidOrderDAOImpl - Inserted orderLine from orderNumber 72 into database
[INFO ] 2020-04-15 23:25:26.527 [main] PaidOrderDAOImpl - Inserted orderLine from orderNumber 72 into database
[INFO ] 2020-04-15 23:25:26.539 [main] PaidOrderDAOImpl - Inserted orderLine from orderNumber 72 into database
[INFO ] 2020-04-15 23:25:26.545 [main] PaidOrderDAOImpl - paidOrders are loaded from database
[INFO ] 2020-04-15 23:25:26.561 [main] PaidOrderDAOImpl - Inserted orderLine from orderNumber 73 into database
[INFO ] 2020-04-15 23:25:26.570 [main] PaidOrderDAOImpl - Inserted orderLine from orderNumber 73 into database
[INFO ] 2020-04-15 23:25:26.580 [main] PaidOrderDAOImpl - Inserted orderLine from orderNumber 73 into database
[INFO ] 2020-04-15 23:25:26.586 [main] PaidOrderDAOImpl - paidOrders are loaded from database
[INFO ] 2020-04-15 23:25:26.595 [main] PaidOrderDAOImpl - Deleted orderNumber(s) equal or higher than 72 from database
[INFO ] 2020-04-15 23:25:26.602 [main] BeverageDAOImpl - beverages are loaded from database
[INFO ] 2020-04-15 23:25:26.607 [main] WaiterDAOImpl - Waiters are loaded from database
[INFO ] 2020-04-15 23:25:26.612 [main] PaidOrderDAOImpl - paidOrders are loaded from database
[INFO ] 2020-04-15 23:25:26.616 [main] PaidOrderDAOImpl - Returned highest orderNumber 71 from database
[INFO ] 2020-04-15 23:25:26.620 [main] PaidOrderDAOImpl - Returned highest orderNumber 71 from database
[INFO ] 2020-04-15 23:25:26.632 [main] PaidOrderDAOImpl - Inserted orderLine from orderNumber 72 into database
[INFO ] 2020-04-15 23:25:26.643 [main] PaidOrderDAOImpl - Inserted orderLine from orderNumber 72 into database
[INFO ] 2020-04-15 23:25:26.651 [main] PaidOrderDAOImpl - Inserted orderLine from orderNumber 72 into database
[INFO ] 2020-04-15 23:25:26.658 [main] PaidOrderDAOImpl - paidOrders are loaded from database
[INFO ] 2020-04-15 23:25:26.670 [main] PaidOrderDAOImpl - Inserted orderLine from orderNumber 73 into database
[INFO ] 2020-04-15 23:25:26.679 [main] PaidOrderDAOImpl - Inserted orderLine from orderNumber 73 into database
[INFO ] 2020-04-15 23:25:26.689 [main] PaidOrderDAOImpl - Inserted orderLine from orderNumber 73 into database
[INFO ] 2020-04-15 23:25:26.697 [main] PaidOrderDAOImpl - Inserted orderLine from orderNumber 73 into database
[INFO ] 2020-04-15 23:25:26.702 [main] PaidOrderDAOImpl - paidOrders are loaded from database
[INFO ] 2020-04-15 23:25:26.709 [main] PaidOrderDAOImpl - Deleted orderNumber(s) equal or higher than 72 from database
[INFO ] 2020-04-15 23:25:26.716 [main] BeverageDAOImpl - beverages are loaded from database
[INFO ] 2020-04-15 23:25:26.721 [main] WaiterDAOImpl - Waiters are loaded from database
[INFO ] 2020-04-15 23:25:26.726 [main] PaidOrderDAOImpl - paidOrders are loaded from database
[INFO ] 2020-04-15 23:25:26.729 [main] PaidOrderDAOImpl - Returned highest orderNumber 71 from database
[INFO ] 2020-04-15 23:25:26.740 [main] BeverageDAOImpl - beverages are loaded from database
[INFO ] 2020-04-15 23:25:26.743 [main] WaiterDAOImpl - Waiters are loaded from database
[INFO ] 2020-04-15 23:25:26.747 [main] PaidOrderDAOImpl - paidOrders are loaded from database
[INFO ] 2020-04-15 23:25:26.752 [main] PaidOrderDAOImpl - Returned highest orderNumber 71 from database
[INFO ] 2020-04-15 23:25:26.760 [main] BeverageDAOImpl - beverages are loaded from database
[INFO ] 2020-04-15 23:25:26.771 [main] WaiterDAOImpl - Waiters are loaded from database
[INFO ] 2020-04-15 23:25:26.775 [main] PaidOrderDAOImpl - paidOrders are loaded from database
[INFO ] 2020-04-15 23:25:26.779 [main] PaidOrderDAOImpl - Returned highest orderNumber 71 from database
[INFO ] 2020-04-15 23:25:26.794 [main] BeverageDAOImpl - beverages are loaded from database
[INFO ] 2020-04-15 23:25:26.798 [main] WaiterDAOImpl - Waiters are loaded from database
[INFO ] 2020-04-15 23:25:26.803 [main] PaidOrderDAOImpl - paidOrders are loaded from database
[INFO ] 2020-04-15 23:25:26.807 [main] PaidOrderDAOImpl - Returned highest orderNumber 71 from database
[INFO ] 2020-04-15 23:25:26.815 [main] BeverageDAOImpl - beverages are loaded from database
[INFO ] 2020-04-15 23:25:26.819 [main] WaiterDAOImpl - Waiters are loaded from database
[INFO ] 2020-04-15 23:25:26.825 [main] PaidOrderDAOImpl - paidOrders are loaded from database
[INFO ] 2020-04-15 23:25:26.829 [main] PaidOrderDAOImpl - Returned highest orderNumber 71 from database
[INFO ] 2020-04-15 23:25:26.837 [main] BeverageDAOImpl - beverages are loaded from database
[INFO ] 2020-04-15 23:25:26.843 [main] WaiterDAOImpl - Waiters are loaded from database
[INFO ] 2020-04-15 23:25:26.848 [main] PaidOrderDAOImpl - paidOrders are loaded from database
[INFO ] 2020-04-15 23:25:26.854 [main] PaidOrderDAOImpl - Returned highest orderNumber 71 from database
[INFO ] 2020-04-15 23:25:26.859 [main] PaidOrderDAOImpl - Returned highest orderNumber 71 from database
[INFO ] 2020-04-15 23:25:26.870 [main] PaidOrderDAOImpl - Inserted orderLine from orderNumber 72 into database
[INFO ] 2020-04-15 23:25:26.880 [main] PaidOrderDAOImpl - Inserted orderLine from orderNumber 72 into database
[INFO ] 2020-04-15 23:25:26.887 [main] PaidOrderDAOImpl - paidOrders are loaded from database
[INFO ] 2020-04-15 23:25:26.900 [main] PaidOrderDAOImpl - Inserted orderLine from orderNumber 73 into database
[INFO ] 2020-04-15 23:25:26.910 [main] PaidOrderDAOImpl - Inserted orderLine from orderNumber 73 into database
[INFO ] 2020-04-15 23:25:26.915 [main] PaidOrderDAOImpl - paidOrders are loaded from database
[INFO ] 2020-04-15 23:25:26.935 [main] PaidOrderDAOImpl - Deleted orderNumber(s) equal or higher than 72 from database
[INFO ] 2020-04-15 23:25:26.947 [main] BeverageDAOImpl - beverages are loaded from database
[INFO ] 2020-04-15 23:25:26.951 [main] WaiterDAOImpl - Waiters are loaded from database
[INFO ] 2020-04-15 23:25:26.957 [main] PaidOrderDAOImpl - paidOrders are loaded from database
[INFO ] 2020-04-15 23:25:26.962 [main] PaidOrderDAOImpl - Returned highest orderNumber 71 from database
[INFO ] 2020-04-15 23:25:26.972 [main] BeverageDAOImpl - beverages are loaded from database
[INFO ] 2020-04-15 23:25:26.976 [main] WaiterDAOImpl - Waiters are loaded from database
[INFO ] 2020-04-15 23:25:26.981 [main] PaidOrderDAOImpl - paidOrders are loaded from database
[INFO ] 2020-04-15 23:25:26.987 [main] PaidOrderDAOImpl - Returned highest orderNumber 71 from database
[INFO ] 2020-04-15 23:25:26.991 [main] PaidOrderDAOImpl - Returned highest orderNumber 71 from database
[INFO ] 2020-04-15 23:25:27.003 [main] PaidOrderDAOImpl - Inserted orderLine from orderNumber 72 into database
[INFO ] 2020-04-15 23:25:27.009 [main] PaidOrderDAOImpl - paidOrders are loaded from database
[INFO ] 2020-04-15 23:25:27.019 [main] PaidOrderDAOImpl - Inserted orderLine from orderNumber 73 into database
[INFO ] 2020-04-15 23:25:27.030 [main] PaidOrderDAOImpl - Inserted orderLine from orderNumber 73 into database
[INFO ] 2020-04-15 23:25:27.035 [main] PaidOrderDAOImpl - paidOrders are loaded from database
[INFO ] 2020-04-15 23:25:27.046 [main] PaidOrderDAOImpl - Inserted orderLine from orderNumber 74 into database
[INFO ] 2020-04-15 23:25:27.052 [main] PaidOrderDAOImpl - paidOrders are loaded from database
[INFO ] 2020-04-15 23:25:27.062 [main] PaidOrderDAOImpl - Inserted orderLine from orderNumber 75 into database
[INFO ] 2020-04-15 23:25:27.071 [main] PaidOrderDAOImpl - Inserted orderLine from orderNumber 75 into database
[INFO ] 2020-04-15 23:25:27.076 [main] PaidOrderDAOImpl - paidOrders are loaded from database
[INFO ] 2020-04-15 23:25:27.452 [main] PaidOrderDAOImpl - Deleted orderNumber(s) equal or higher than 72 from database
[INFO ] 2020-04-15 23:25:27.457 [main] BeverageDAOImpl - beverages are loaded from database
[INFO ] 2020-04-15 23:25:27.461 [main] WaiterDAOImpl - Waiters are loaded from database
[INFO ] 2020-04-15 23:25:27.466 [main] PaidOrderDAOImpl - paidOrders are loaded from database
[INFO ] 2020-04-15 23:25:27.470 [main] PaidOrderDAOImpl - Returned highest orderNumber 71 from database
[INFO ] 2020-04-15 23:25:27.476 [main] PaidOrderDAOImpl - Returned highest orderNumber 71 from database
[INFO ] 2020-04-15 23:25:27.487 [main] PaidOrderDAOImpl - Inserted orderLine from orderNumber 72 into database
[INFO ] 2020-04-15 23:25:27.497 [main] PaidOrderDAOImpl - Inserted orderLine from orderNumber 72 into database
[INFO ] 2020-04-15 23:25:27.503 [main] PaidOrderDAOImpl - paidOrders are loaded from database
[INFO ] 2020-04-15 23:25:27.534 [main] PaidOrderDAOImpl - Inserted orderLine from orderNumber 73 into database
[INFO ] 2020-04-15 23:25:27.546 [main] PaidOrderDAOImpl - Inserted orderLine from orderNumber 73 into database
[INFO ] 2020-04-15 23:25:27.552 [main] PaidOrderDAOImpl - paidOrders are loaded from database
[INFO ] 2020-04-15 23:25:27.562 [main] PaidOrderDAOImpl - Inserted orderLine from orderNumber 74 into database
[INFO ] 2020-04-15 23:25:27.574 [main] PaidOrderDAOImpl - Inserted orderLine from orderNumber 74 into database
[INFO ] 2020-04-15 23:25:27.580 [main] PaidOrderDAOImpl - paidOrders are loaded from database
[INFO ] 2020-04-15 23:25:27.592 [main] PaidOrderDAOImpl - Inserted orderLine from orderNumber 75 into database
[INFO ] 2020-04-15 23:25:27.600 [main] PaidOrderDAOImpl - Inserted orderLine from orderNumber 75 into database
[INFO ] 2020-04-15 23:25:27.604 [main] PaidOrderDAOImpl - paidOrders are loaded from database
[INFO ] 2020-04-15 23:25:27.612 [main] PaidOrderDAOImpl - Inserted orderLine from orderNumber 76 into database
[INFO ] 2020-04-15 23:25:27.621 [main] PaidOrderDAOImpl - Inserted orderLine from orderNumber 76 into database
[INFO ] 2020-04-15 23:25:27.624 [main] PaidOrderDAOImpl - paidOrders are loaded from database
[INFO ] 2020-04-15 23:25:28.377 [main] PaidOrderDAOImpl - Deleted orderNumber(s) equal or higher than 72 from database
[INFO ] 2020-04-15 23:25:28.384 [main] BeverageDAOImpl - beverages are loaded from database
[INFO ] 2020-04-15 23:25:28.387 [main] WaiterDAOImpl - Waiters are loaded from database
[INFO ] 2020-04-15 23:25:28.391 [main] PaidOrderDAOImpl - paidOrders are loaded from database
[INFO ] 2020-04-15 23:25:28.395 [main] PaidOrderDAOImpl - Returned highest orderNumber 71 from database
[INFO ] 2020-04-15 23:25:28.398 [main] PaidOrderDAOImpl - Returned highest orderNumber 71 from database
[INFO ] 2020-04-15 23:25:28.410 [main] PaidOrderDAOImpl - Inserted orderLine from orderNumber 72 into database
[INFO ] 2020-04-15 23:25:28.414 [main] PaidOrderDAOImpl - paidOrders are loaded from database
[INFO ] 2020-04-15 23:25:28.423 [main] PaidOrderDAOImpl - Inserted orderLine from orderNumber 73 into database
[INFO ] 2020-04-15 23:25:28.430 [main] PaidOrderDAOImpl - Inserted orderLine from orderNumber 73 into database
[INFO ] 2020-04-15 23:25:28.435 [main] PaidOrderDAOImpl - paidOrders are loaded from database
[INFO ] 2020-04-15 23:25:28.448 [main] PaidOrderDAOImpl - Deleted orderNumber(s) equal or higher than 72 from database
[INFO ] 2020-04-15 23:25:28.459 [main] BeverageDAOImpl - beverages are loaded from database
[INFO ] 2020-04-15 23:25:28.462 [main] WaiterDAOImpl - Waiters are loaded from database
[INFO ] 2020-04-15 23:25:28.466 [main] PaidOrderDAOImpl - paidOrders are loaded from database
[INFO ] 2020-04-15 23:25:28.470 [main] PaidOrderDAOImpl - Returned highest orderNumber 71 from database
[INFO ] 2020-04-15 23:25:28.478 [main] BeverageDAOImpl - beverages are loaded from database
[INFO ] 2020-04-15 23:25:28.482 [main] WaiterDAOImpl - Waiters are loaded from database
[INFO ] 2020-04-15 23:25:28.486 [main] PaidOrderDAOImpl - paidOrders are loaded from database
[INFO ] 2020-04-15 23:25:28.492 [main] PaidOrderDAOImpl - Returned highest orderNumber 71 from database
[INFO ] 2020-04-15 23:25:28.503 [main] BeverageDAOImpl - beverages are loaded from database
[INFO ] 2020-04-15 23:25:28.508 [main] WaiterDAOImpl - Waiters are loaded from database
[INFO ] 2020-04-15 23:25:28.513 [main] PaidOrderDAOImpl - paidOrders are loaded from database
[INFO ] 2020-04-15 23:25:28.516 [main] PaidOrderDAOImpl - Returned highest orderNumber 71 from database
[INFO ] 2020-04-15 23:25:28.522 [main] PaidOrderDAOImpl - Returned highest orderNumber 71 from database
[INFO ] 2020-04-15 23:25:28.536 [main] PaidOrderDAOImpl - Inserted orderLine from orderNumber 72 into database
[INFO ] 2020-04-15 23:25:28.577 [main] PaidOrderDAOImpl - Inserted orderLine from orderNumber 72 into database
[INFO ] 2020-04-15 23:25:28.587 [main] PaidOrderDAOImpl - paidOrders are loaded from database
[INFO ] 2020-04-15 23:25:28.601 [main] PaidOrderDAOImpl - Inserted orderLine from orderNumber 73 into database
[INFO ] 2020-04-15 23:25:28.614 [main] PaidOrderDAOImpl - Inserted orderLine from orderNumber 73 into database
[INFO ] 2020-04-15 23:25:28.619 [main] PaidOrderDAOImpl - paidOrders are loaded from database
[INFO ] 2020-04-15 23:25:28.629 [main] PaidOrderDAOImpl - Inserted orderLine from orderNumber 74 into database
[INFO ] 2020-04-15 23:25:28.636 [main] PaidOrderDAOImpl - Inserted orderLine from orderNumber 74 into database
[INFO ] 2020-04-15 23:25:28.640 [main] PaidOrderDAOImpl - paidOrders are loaded from database
[INFO ] 2020-04-15 23:25:28.651 [main] PaidOrderDAOImpl - Inserted orderLine from orderNumber 75 into database
[INFO ] 2020-04-15 23:25:28.661 [main] PaidOrderDAOImpl - Inserted orderLine from orderNumber 75 into database
[INFO ] 2020-04-15 23:25:28.665 [main] PaidOrderDAOImpl - paidOrders are loaded from database
[INFO ] 2020-04-15 23:25:28.673 [main] PaidOrderDAOImpl - Inserted orderLine from orderNumber 76 into database
[INFO ] 2020-04-15 23:25:28.681 [main] PaidOrderDAOImpl - Inserted orderLine from orderNumber 76 into database
[INFO ] 2020-04-15 23:25:28.685 [main] PaidOrderDAOImpl - paidOrders are loaded from database
[INFO ] 2020-04-15 23:25:28.697 [main] PaidOrderDAOImpl - Deleted orderNumber(s) equal or higher than 72 from database
[INFO ] 2020-04-15 23:25:28.706 [main] BeverageDAOImpl - beverages are loaded from database
[INFO ] 2020-04-15 23:25:28.710 [main] WaiterDAOImpl - Waiters are loaded from database
[INFO ] 2020-04-15 23:25:28.714 [main] PaidOrderDAOImpl - paidOrders are loaded from database
[INFO ] 2020-04-15 23:25:28.718 [main] PaidOrderDAOImpl - Returned highest orderNumber 71 from database
[INFO ] 2020-04-15 23:25:28.729 [main] BeverageDAOImpl - beverages are loaded from database
[INFO ] 2020-04-15 23:25:28.733 [main] WaiterDAOImpl - Waiters are loaded from database
[INFO ] 2020-04-15 23:25:28.738 [main] PaidOrderDAOImpl - paidOrders are loaded from database
[INFO ] 2020-04-15 23:25:28.742 [main] PaidOrderDAOImpl - Returned highest orderNumber 71 from database
[INFO ] 2020-04-15 23:25:29.404 [main] BeverageDAOImpl - beverages are loaded from database
[INFO ] 2020-04-15 23:25:29.419 [main] BeverageDAOImpl - beverages are loaded from database
[INFO ] 2020-04-15 23:25:29.422 [main] WaiterDAOImpl - Waiters are loaded from database
[INFO ] 2020-04-15 23:25:29.430 [main] PaidOrderDAOImpl - paidOrders are loaded from database
[INFO ] 2020-04-15 23:25:29.437 [main] PaidOrderDAOImpl - Returned highest orderNumber 71 from database
[INFO ] 2020-04-15 23:25:29.441 [main] PaidOrderDAOImpl - paidOrders are loaded from database
[INFO ] 2020-04-15 23:25:29.444 [main] PaidOrderDAOImpl - Returned highest orderNumber 71 from database
[INFO ] 2020-04-15 23:25:29.457 [main] PaidOrderDAOImpl - Inserted orderLine from orderNumber 1000 into database
[INFO ] 2020-04-15 23:25:29.468 [main] PaidOrderDAOImpl - Inserted orderLine from orderNumber 1000 into database
[INFO ] 2020-04-15 23:25:29.472 [main] PaidOrderDAOImpl - paidOrders are loaded from database
[INFO ] 2020-04-15 23:25:29.481 [main] PaidOrderDAOImpl - Deleted orderNumber(s) equal or higher than 72 from database
[INFO ] 2020-04-15 23:25:29.488 [main] BeverageDAOImpl - beverages are loaded from database
[INFO ] 2020-04-15 23:25:29.491 [main] WaiterDAOImpl - Waiters are loaded from database
[INFO ] 2020-04-15 23:25:29.496 [main] PaidOrderDAOImpl - paidOrders are loaded from database
[INFO ] 2020-04-15 23:25:29.499 [main] PaidOrderDAOImpl - Returned highest orderNumber 71 from database
[INFO ] 2020-04-15 23:25:29.504 [main] PaidOrderDAOImpl - paidOrders are loaded from database
[INFO ] 2020-04-15 23:25:29.510 [main] BeverageDAOImpl - beverages are loaded from database
[INFO ] 2020-04-15 23:25:29.514 [main] WaiterDAOImpl - Waiters are loaded from database
[INFO ] 2020-04-15 23:25:29.519 [main] PaidOrderDAOImpl - paidOrders are loaded from database
[INFO ] 2020-04-15 23:25:29.533 [main] PaidOrderDAOImpl - Returned highest orderNumber 71 from database
[INFO ] 2020-04-15 23:25:29.546 [main] PaidOrderDAOImpl - paidOrders are loaded from database
[INFO ] 2020-04-15 23:25:29.556 [main] PaidOrderDAOImpl - Returned highest orderNumber 71 from database
[INFO ] 2020-04-15 23:25:29.575 [main] WaiterDAOImpl - Waiters are loaded from database
[INFO ] 2020-04-15 23:25:29.628 [main] BeverageDAOImpl - beverages are loaded from database
[INFO ] 2020-04-15 23:25:29.659 [main] WaiterDAOImpl - Waiters are loaded from database
[INFO ] 2020-04-15 23:25:29.664 [main] PaidOrderDAOImpl - paidOrders are loaded from database
[INFO ] 2020-04-15 23:25:29.675 [main] PaidOrderDAOImpl - Returned highest orderNumber 71 from database
[INFO ] 2020-04-15 23:25:29.711 [main] BeverageDAOImpl - beverages are loaded from database
[INFO ] 2020-04-15 23:25:29.719 [main] WaiterDAOImpl - Waiters are loaded from database
[INFO ] 2020-04-15 23:25:29.724 [main] PaidOrderDAOImpl - paidOrders are loaded from database
[INFO ] 2020-04-15 23:25:29.728 [main] PaidOrderDAOImpl - Returned highest orderNumber 71 from database
[INFO ] 2020-04-15 23:25:29.737 [main] BeverageDAOImpl - beverages are loaded from database
[INFO ] 2020-04-15 23:25:29.741 [main] WaiterDAOImpl - Waiters are loaded from database
[INFO ] 2020-04-15 23:25:29.745 [main] PaidOrderDAOImpl - paidOrders are loaded from database
[INFO ] 2020-04-15 23:25:29.750 [main] PaidOrderDAOImpl - Returned highest orderNumber 71 from database
[INFO ] 2020-04-15 23:25:29.762 [main] BeverageDAOImpl - beverages are loaded from database
[INFO ] 2020-04-15 23:25:29.766 [main] WaiterDAOImpl - Waiters are loaded from database
[INFO ] 2020-04-15 23:25:29.771 [main] PaidOrderDAOImpl - paidOrders are loaded from database
[INFO ] 2020-04-15 23:25:29.777 [main] PaidOrderDAOImpl - Returned highest orderNumber 71 from database
[INFO ] 2020-04-15 23:25:29.787 [main] BeverageDAOImpl - beverages are loaded from database
[INFO ] 2020-04-15 23:25:29.791 [main] WaiterDAOImpl - Waiters are loaded from database
[INFO ] 2020-04-15 23:25:29.797 [main] PaidOrderDAOImpl - paidOrders are loaded from database
[INFO ] 2020-04-15 23:25:29.802 [main] PaidOrderDAOImpl - Returned highest orderNumber 71 from database
[INFO ] 2020-04-15 23:25:29.810 [main] BeverageDAOImpl - beverages are loaded from database
[INFO ] 2020-04-15 23:25:29.814 [main] WaiterDAOImpl - Waiters are loaded from database
[INFO ] 2020-04-15 23:25:29.820 [main] PaidOrderDAOImpl - paidOrders are loaded from database
[INFO ] 2020-04-15 23:25:29.824 [main] PaidOrderDAOImpl - Returned highest orderNumber 71 from database
[INFO ] 2020-04-15 23:25:29.829 [main] PaidOrderDAOImpl - Returned highest orderNumber 71 from database
[INFO ] 2020-04-15 23:25:29.839 [main] BeverageDAOImpl - beverages are loaded from database
[INFO ] 2020-04-15 23:25:29.845 [main] WaiterDAOImpl - Waiters are loaded from database
[INFO ] 2020-04-15 23:25:29.850 [main] PaidOrderDAOImpl - paidOrders are loaded from database
[INFO ] 2020-04-15 23:25:29.854 [main] PaidOrderDAOImpl - Returned highest orderNumber 71 from database
[INFO ] 2020-04-15 23:25:29.865 [main] BeverageDAOImpl - beverages are loaded from database
[INFO ] 2020-04-15 23:25:29.871 [main] WaiterDAOImpl - Waiters are loaded from database
[INFO ] 2020-04-15 23:25:29.876 [main] PaidOrderDAOImpl - paidOrders are loaded from database
[INFO ] 2020-04-15 23:25:29.880 [main] PaidOrderDAOImpl - Returned highest orderNumber 71 from database
[INFO ] 2020-04-15 23:25:29.891 [main] BeverageDAOImpl - beverages are loaded from database
[INFO ] 2020-04-15 23:25:29.895 [main] WaiterDAOImpl - Waiters are loaded from database
[INFO ] 2020-04-15 23:25:29.900 [main] PaidOrderDAOImpl - paidOrders are loaded from database
[INFO ] 2020-04-15 23:25:29.904 [main] PaidOrderDAOImpl - Returned highest orderNumber 71 from database
[INFO ] 2020-04-15 23:50:40.534 [main] BeverageDAOImpl - beverages are loaded from database
[INFO ] 2020-04-15 23:50:40.558 [main] WaiterDAOImpl - Waiters are loaded from database
[INFO ] 2020-04-15 23:50:40.588 [main] PaidOrderDAOImpl - paidOrders are loaded from database
[INFO ] 2020-04-15 23:50:40.601 [main] PaidOrderDAOImpl - Returned highest orderNumber 71 from database
[INFO ] 2020-04-15 23:50:40.613 [main] BeverageDAOImpl - beverages are loaded from database
[INFO ] 2020-04-15 23:50:40.624 [main] WaiterDAOImpl - Waiters are loaded from database
[INFO ] 2020-04-15 23:50:40.636 [main] PaidOrderDAOImpl - paidOrders are loaded from database
[INFO ] 2020-04-15 23:50:40.643 [main] PaidOrderDAOImpl - Returned highest orderNumber 71 from database
[INFO ] 2020-04-15 23:50:40.666 [main] PaidOrderDAOImpl - Returned highest orderNumber 71 from database
[INFO ] 2020-04-15 23:50:40.773 [main] PaidOrderDAOImpl - Inserted orderLine from orderNumber 72 into database
[INFO ] 2020-04-15 23:50:40.795 [main] PaidOrderDAOImpl - paidOrders are loaded from database
[INFO ] 2020-04-15 23:50:40.809 [main] PaidOrderDAOImpl - Inserted orderLine from orderNumber 73 into database
[INFO ] 2020-04-15 23:50:40.819 [main] PaidOrderDAOImpl - Inserted orderLine from orderNumber 73 into database
[INFO ] 2020-04-15 23:50:40.829 [main] PaidOrderDAOImpl - paidOrders are loaded from database
[INFO ] 2020-04-15 23:50:40.861 [main] PaidOrderDAOImpl - Inserted orderLine from orderNumber 74 into database
[INFO ] 2020-04-15 23:50:40.875 [main] PaidOrderDAOImpl - Inserted orderLine from orderNumber 74 into database
[INFO ] 2020-04-15 23:50:40.895 [main] PaidOrderDAOImpl - paidOrders are loaded from database
[INFO ] 2020-04-15 23:50:40.913 [main] PaidOrderDAOImpl - Deleted orderNumber(s) equal or higher than 72 from database
[INFO ] 2020-04-15 23:50:40.925 [main] BeverageDAOImpl - beverages are loaded from database
[INFO ] 2020-04-15 23:50:40.932 [main] WaiterDAOImpl - Waiters are loaded from database
[INFO ] 2020-04-15 23:50:40.941 [main] PaidOrderDAOImpl - paidOrders are loaded from database
[INFO ] 2020-04-15 23:50:40.947 [main] PaidOrderDAOImpl - Returned highest orderNumber 71 from database
[INFO ] 2020-04-15 23:50:40.955 [main] PaidOrderDAOImpl - Returned highest orderNumber 71 from database
[INFO ] 2020-04-15 23:50:40.969 [main] PaidOrderDAOImpl - Inserted orderLine from orderNumber 72 into database
[INFO ] 2020-04-15 23:50:40.981 [main] PaidOrderDAOImpl - Inserted orderLine from orderNumber 72 into database
[INFO ] 2020-04-15 23:50:40.988 [main] PaidOrderDAOImpl - paidOrders are loaded from database
[INFO ] 2020-04-15 23:50:40.996 [main] PaidOrderDAOImpl - Inserted orderLine from orderNumber 73 into database
[INFO ] 2020-04-15 23:50:41.003 [main] PaidOrderDAOImpl - Inserted orderLine from orderNumber 73 into database
[INFO ] 2020-04-15 23:50:41.009 [main] PaidOrderDAOImpl - paidOrders are loaded from database
[INFO ] 2020-04-15 23:50:41.021 [main] PaidOrderDAOImpl - Inserted orderLine from orderNumber 74 into database
[INFO ] 2020-04-15 23:50:41.030 [main] PaidOrderDAOImpl - Inserted orderLine from orderNumber 74 into database
[INFO ] 2020-04-15 23:50:41.036 [main] PaidOrderDAOImpl - paidOrders are loaded from database
[INFO ] 2020-04-15 23:50:41.045 [main] PaidOrderDAOImpl - Deleted orderNumber(s) equal or higher than 72 from database
[INFO ] 2020-04-15 23:50:41.052 [main] BeverageDAOImpl - beverages are loaded from database
[INFO ] 2020-04-15 23:50:41.057 [main] WaiterDAOImpl - Waiters are loaded from database
[INFO ] 2020-04-15 23:50:41.063 [main] PaidOrderDAOImpl - paidOrders are loaded from database
[INFO ] 2020-04-15 23:50:41.067 [main] PaidOrderDAOImpl - Returned highest orderNumber 71 from database
[INFO ] 2020-04-15 23:50:41.073 [main] PaidOrderDAOImpl - Returned highest orderNumber 71 from database
[INFO ] 2020-04-15 23:50:41.086 [main] PaidOrderDAOImpl - Inserted orderLine from orderNumber 72 into database
[INFO ] 2020-04-15 23:50:41.099 [main] PaidOrderDAOImpl - Inserted orderLine from orderNumber 72 into database
[INFO ] 2020-04-15 23:50:41.112 [main] PaidOrderDAOImpl - Inserted orderLine from orderNumber 72 into database
[INFO ] 2020-04-15 23:50:41.121 [main] PaidOrderDAOImpl - Inserted orderLine from orderNumber 72 into database
[INFO ] 2020-04-15 23:50:41.130 [main] PaidOrderDAOImpl - paidOrders are loaded from database
[INFO ] 2020-04-15 23:50:41.150 [main] PaidOrderDAOImpl - Inserted orderLine from orderNumber 73 into database
[INFO ] 2020-04-15 23:50:41.163 [main] PaidOrderDAOImpl - Inserted orderLine from orderNumber 73 into database
[INFO ] 2020-04-15 23:50:41.177 [main] PaidOrderDAOImpl - Inserted orderLine from orderNumber 73 into database
[INFO ] 2020-04-15 23:50:41.183 [main] PaidOrderDAOImpl - paidOrders are loaded from database
[INFO ] 2020-04-15 23:50:41.212 [main] PaidOrderDAOImpl - Deleted orderNumber(s) equal or higher than 72 from database
[INFO ] 2020-04-15 23:50:41.226 [main] BeverageDAOImpl - beverages are loaded from database
[INFO ] 2020-04-15 23:50:41.236 [main] WaiterDAOImpl - Waiters are loaded from database
[INFO ] 2020-04-15 23:50:41.245 [main] PaidOrderDAOImpl - paidOrders are loaded from database
[INFO ] 2020-04-15 23:50:41.250 [main] PaidOrderDAOImpl - Returned highest orderNumber 71 from database
[INFO ] 2020-04-15 23:50:41.256 [main] PaidOrderDAOImpl - Returned highest orderNumber 71 from database
[INFO ] 2020-04-15 23:50:41.275 [main] PaidOrderDAOImpl - Inserted orderLine from orderNumber 72 into database
[INFO ] 2020-04-15 23:50:41.285 [main] PaidOrderDAOImpl - Inserted orderLine from orderNumber 72 into database
[INFO ] 2020-04-15 23:50:41.296 [main] PaidOrderDAOImpl - Inserted orderLine from orderNumber 72 into database
[INFO ] 2020-04-15 23:50:41.302 [main] PaidOrderDAOImpl - paidOrders are loaded from database
[INFO ] 2020-04-15 23:50:41.334 [main] PaidOrderDAOImpl - Inserted orderLine from orderNumber 73 into database
[INFO ] 2020-04-15 23:50:41.347 [main] PaidOrderDAOImpl - Inserted orderLine from orderNumber 73 into database
[INFO ] 2020-04-15 23:50:41.357 [main] PaidOrderDAOImpl - Inserted orderLine from orderNumber 73 into database
[INFO ] 2020-04-15 23:50:41.366 [main] PaidOrderDAOImpl - Inserted orderLine from orderNumber 73 into database
[INFO ] 2020-04-15 23:50:41.371 [main] PaidOrderDAOImpl - paidOrders are loaded from database
[INFO ] 2020-04-15 23:50:41.379 [main] PaidOrderDAOImpl - Deleted orderNumber(s) equal or higher than 72 from database
[INFO ] 2020-04-15 23:50:41.388 [main] BeverageDAOImpl - beverages are loaded from database
[INFO ] 2020-04-15 23:50:41.394 [main] WaiterDAOImpl - Waiters are loaded from database
[INFO ] 2020-04-15 23:50:41.399 [main] PaidOrderDAOImpl - paidOrders are loaded from database
[INFO ] 2020-04-15 23:50:41.412 [main] PaidOrderDAOImpl - Returned highest orderNumber 71 from database
[INFO ] 2020-04-15 23:50:41.426 [main] BeverageDAOImpl - beverages are loaded from database
[INFO ] 2020-04-15 23:50:41.431 [main] WaiterDAOImpl - Waiters are loaded from database
[INFO ] 2020-04-15 23:50:41.436 [main] PaidOrderDAOImpl - paidOrders are loaded from database
[INFO ] 2020-04-15 23:50:41.441 [main] PaidOrderDAOImpl - Returned highest orderNumber 71 from database
[INFO ] 2020-04-15 23:50:41.448 [main] BeverageDAOImpl - beverages are loaded from database
[INFO ] 2020-04-15 23:50:41.452 [main] WaiterDAOImpl - Waiters are loaded from database
[INFO ] 2020-04-15 23:50:41.458 [main] PaidOrderDAOImpl - paidOrders are loaded from database
[INFO ] 2020-04-15 23:50:41.462 [main] PaidOrderDAOImpl - Returned highest orderNumber 71 from database
[INFO ] 2020-04-15 23:50:41.488 [main] BeverageDAOImpl - beverages are loaded from database
[INFO ] 2020-04-15 23:50:41.493 [main] WaiterDAOImpl - Waiters are loaded from database
[INFO ] 2020-04-15 23:50:41.500 [main] PaidOrderDAOImpl - paidOrders are loaded from database
[INFO ] 2020-04-15 23:50:41.505 [main] PaidOrderDAOImpl - Returned highest orderNumber 71 from database
[INFO ] 2020-04-15 23:50:41.512 [main] BeverageDAOImpl - beverages are loaded from database
[INFO ] 2020-04-15 23:50:41.517 [main] WaiterDAOImpl - Waiters are loaded from database
[INFO ] 2020-04-15 23:50:41.531 [main] PaidOrderDAOImpl - paidOrders are loaded from database
[INFO ] 2020-04-15 23:50:41.535 [main] PaidOrderDAOImpl - Returned highest orderNumber 71 from database
[INFO ] 2020-04-15 23:50:41.543 [main] BeverageDAOImpl - beverages are loaded from database
[INFO ] 2020-04-15 23:50:41.547 [main] WaiterDAOImpl - Waiters are loaded from database
[INFO ] 2020-04-15 23:50:41.553 [main] PaidOrderDAOImpl - paidOrders are loaded from database
[INFO ] 2020-04-15 23:50:41.557 [main] PaidOrderDAOImpl - Returned highest orderNumber 71 from database
[INFO ] 2020-04-15 23:50:41.562 [main] PaidOrderDAOImpl - Returned highest orderNumber 71 from database
[INFO ] 2020-04-15 23:50:41.577 [main] PaidOrderDAOImpl - Inserted orderLine from orderNumber 72 into database
[INFO ] 2020-04-15 23:50:41.587 [main] PaidOrderDAOImpl - Inserted orderLine from orderNumber 72 into database
[INFO ] 2020-04-15 23:50:41.592 [main] PaidOrderDAOImpl - paidOrders are loaded from database
[INFO ] 2020-04-15 23:50:41.602 [main] PaidOrderDAOImpl - Inserted orderLine from orderNumber 73 into database
[INFO ] 2020-04-15 23:50:41.610 [main] PaidOrderDAOImpl - Inserted orderLine from orderNumber 73 into database
[INFO ] 2020-04-15 23:50:41.615 [main] PaidOrderDAOImpl - paidOrders are loaded from database
[INFO ] 2020-04-15 23:50:41.633 [main] PaidOrderDAOImpl - Deleted orderNumber(s) equal or higher than 72 from database
[INFO ] 2020-04-15 23:50:41.640 [main] BeverageDAOImpl - beverages are loaded from database
[INFO ] 2020-04-15 23:50:41.644 [main] WaiterDAOImpl - Waiters are loaded from database
[INFO ] 2020-04-15 23:50:41.649 [main] PaidOrderDAOImpl - paidOrders are loaded from database
[INFO ] 2020-04-15 23:50:41.661 [main] PaidOrderDAOImpl - Returned highest orderNumber 71 from database
[INFO ] 2020-04-15 23:50:41.673 [main] BeverageDAOImpl - beverages are loaded from database
[INFO ] 2020-04-15 23:50:41.677 [main] WaiterDAOImpl - Waiters are loaded from database
[INFO ] 2020-04-15 23:50:41.682 [main] PaidOrderDAOImpl - paidOrders are loaded from database
[INFO ] 2020-04-15 23:50:41.689 [main] PaidOrderDAOImpl - Returned highest orderNumber 71 from database
[INFO ] 2020-04-15 23:50:41.695 [main] PaidOrderDAOImpl - Returned highest orderNumber 71 from database
[INFO ] 2020-04-15 23:50:41.710 [main] PaidOrderDAOImpl - Inserted orderLine from orderNumber 72 into database
[INFO ] 2020-04-15 23:50:41.715 [main] PaidOrderDAOImpl - paidOrders are loaded from database
[INFO ] 2020-04-15 23:50:41.730 [main] PaidOrderDAOImpl - Inserted orderLine from orderNumber 73 into database
[INFO ] 2020-04-15 23:50:41.738 [main] PaidOrderDAOImpl - Inserted orderLine from orderNumber 73 into database
[INFO ] 2020-04-15 23:50:41.743 [main] PaidOrderDAOImpl - paidOrders are loaded from database
[INFO ] 2020-04-15 23:50:41.756 [main] PaidOrderDAOImpl - Inserted orderLine from orderNumber 74 into database
[INFO ] 2020-04-15 23:50:41.761 [main] PaidOrderDAOImpl - paidOrders are loaded from database
[INFO ] 2020-04-15 23:50:41.770 [main] PaidOrderDAOImpl - Inserted orderLine from orderNumber 75 into database
[INFO ] 2020-04-15 23:50:41.783 [main] PaidOrderDAOImpl - Inserted orderLine from orderNumber 75 into database
[INFO ] 2020-04-15 23:50:41.790 [main] PaidOrderDAOImpl - paidOrders are loaded from database
[INFO ] 2020-04-15 23:50:42.150 [main] PaidOrderDAOImpl - Deleted orderNumber(s) equal or higher than 72 from database
[INFO ] 2020-04-15 23:50:42.156 [main] BeverageDAOImpl - beverages are loaded from database
[INFO ] 2020-04-15 23:50:42.161 [main] WaiterDAOImpl - Waiters are loaded from database
[INFO ] 2020-04-15 23:50:42.171 [main] PaidOrderDAOImpl - paidOrders are loaded from database
[INFO ] 2020-04-15 23:50:42.176 [main] PaidOrderDAOImpl - Returned highest orderNumber 71 from database
[INFO ] 2020-04-15 23:50:42.182 [main] PaidOrderDAOImpl - Returned highest orderNumber 71 from database
[INFO ] 2020-04-15 23:50:42.209 [main] PaidOrderDAOImpl - Inserted orderLine from orderNumber 72 into database
[INFO ] 2020-04-15 23:50:42.221 [main] PaidOrderDAOImpl - Inserted orderLine from orderNumber 72 into database
[INFO ] 2020-04-15 23:50:42.227 [main] PaidOrderDAOImpl - paidOrders are loaded from database
[INFO ] 2020-04-15 23:50:42.249 [main] PaidOrderDAOImpl - Inserted orderLine from orderNumber 73 into database
[INFO ] 2020-04-15 23:50:42.263 [main] PaidOrderDAOImpl - Inserted orderLine from orderNumber 73 into database
[INFO ] 2020-04-15 23:50:42.271 [main] PaidOrderDAOImpl - paidOrders are loaded from database
[INFO ] 2020-04-15 23:50:42.283 [main] PaidOrderDAOImpl - Inserted orderLine from orderNumber 74 into database
[INFO ] 2020-04-15 23:50:42.299 [main] PaidOrderDAOImpl - Inserted orderLine from orderNumber 74 into database
[INFO ] 2020-04-15 23:50:42.304 [main] PaidOrderDAOImpl - paidOrders are loaded from database
[INFO ] 2020-04-15 23:50:42.313 [main] PaidOrderDAOImpl - Inserted orderLine from orderNumber 75 into database
[INFO ] 2020-04-15 23:50:42.329 [main] PaidOrderDAOImpl - Inserted orderLine from orderNumber 75 into database
[INFO ] 2020-04-15 23:50:42.334 [main] PaidOrderDAOImpl - paidOrders are loaded from database
[INFO ] 2020-04-15 23:50:42.351 [main] PaidOrderDAOImpl - Inserted orderLine from orderNumber 76 into database
[INFO ] 2020-04-15 23:50:42.358 [main] PaidOrderDAOImpl - Inserted orderLine from orderNumber 76 into database
[INFO ] 2020-04-15 23:50:42.362 [main] PaidOrderDAOImpl - paidOrders are loaded from database
[INFO ] 2020-04-15 23:50:43.312 [main] PaidOrderDAOImpl - Deleted orderNumber(s) equal or higher than 72 from database
[INFO ] 2020-04-15 23:50:43.321 [main] BeverageDAOImpl - beverages are loaded from database
[INFO ] 2020-04-15 23:50:43.326 [main] WaiterDAOImpl - Waiters are loaded from database
[INFO ] 2020-04-15 23:50:43.331 [main] PaidOrderDAOImpl - paidOrders are loaded from database
[INFO ] 2020-04-15 23:50:43.336 [main] PaidOrderDAOImpl - Returned highest orderNumber 71 from database
[INFO ] 2020-04-15 23:50:43.340 [main] PaidOrderDAOImpl - Returned highest orderNumber 71 from database
[INFO ] 2020-04-15 23:50:43.349 [main] PaidOrderDAOImpl - Inserted orderLine from orderNumber 72 into database
[INFO ] 2020-04-15 23:50:43.355 [main] PaidOrderDAOImpl - paidOrders are loaded from database
[INFO ] 2020-04-15 23:50:43.366 [main] PaidOrderDAOImpl - Inserted orderLine from orderNumber 73 into database
[INFO ] 2020-04-15 23:50:43.378 [main] PaidOrderDAOImpl - Inserted orderLine from orderNumber 73 into database
[INFO ] 2020-04-15 23:50:43.391 [main] PaidOrderDAOImpl - paidOrders are loaded from database
[INFO ] 2020-04-15 23:50:43.408 [main] PaidOrderDAOImpl - Deleted orderNumber(s) equal or higher than 72 from database
[INFO ] 2020-04-15 23:50:43.420 [main] BeverageDAOImpl - beverages are loaded from database
[INFO ] 2020-04-15 23:50:43.424 [main] WaiterDAOImpl - Waiters are loaded from database
[INFO ] 2020-04-15 23:50:43.429 [main] PaidOrderDAOImpl - paidOrders are loaded from database
[INFO ] 2020-04-15 23:50:43.433 [main] PaidOrderDAOImpl - Returned highest orderNumber 71 from database
[INFO ] 2020-04-15 23:50:43.440 [main] BeverageDAOImpl - beverages are loaded from database
[INFO ] 2020-04-15 23:50:43.444 [main] WaiterDAOImpl - Waiters are loaded from database
[INFO ] 2020-04-15 23:50:43.448 [main] PaidOrderDAOImpl - paidOrders are loaded from database
[INFO ] 2020-04-15 23:50:43.455 [main] PaidOrderDAOImpl - Returned highest orderNumber 71 from database
[INFO ] 2020-04-15 23:50:43.469 [main] BeverageDAOImpl - beverages are loaded from database
[INFO ] 2020-04-15 23:50:43.474 [main] WaiterDAOImpl - Waiters are loaded from database
[INFO ] 2020-04-15 23:50:43.494 [main] PaidOrderDAOImpl - paidOrders are loaded from database
[INFO ] 2020-04-15 23:50:43.498 [main] PaidOrderDAOImpl - Returned highest orderNumber 71 from database
[INFO ] 2020-04-15 23:50:43.509 [main] PaidOrderDAOImpl - Returned highest orderNumber 71 from database
[INFO ] 2020-04-15 23:50:43.525 [main] PaidOrderDAOImpl - Inserted orderLine from orderNumber 72 into database
[INFO ] 2020-04-15 23:50:43.537 [main] PaidOrderDAOImpl - Inserted orderLine from orderNumber 72 into database
[INFO ] 2020-04-15 23:50:43.542 [main] PaidOrderDAOImpl - paidOrders are loaded from database
[INFO ] 2020-04-15 23:50:43.553 [main] PaidOrderDAOImpl - Inserted orderLine from orderNumber 73 into database
[INFO ] 2020-04-15 23:50:43.560 [main] PaidOrderDAOImpl - Inserted orderLine from orderNumber 73 into database
[INFO ] 2020-04-15 23:50:43.565 [main] PaidOrderDAOImpl - paidOrders are loaded from database
[INFO ] 2020-04-15 23:50:43.575 [main] PaidOrderDAOImpl - Inserted orderLine from orderNumber 74 into database
[INFO ] 2020-04-15 23:50:43.588 [main] PaidOrderDAOImpl - Inserted orderLine from orderNumber 74 into database
[INFO ] 2020-04-15 23:50:43.593 [main] PaidOrderDAOImpl - paidOrders are loaded from database
[INFO ] 2020-04-15 23:50:43.604 [main] PaidOrderDAOImpl - Inserted orderLine from orderNumber 75 into database
[INFO ] 2020-04-15 23:50:43.612 [main] PaidOrderDAOImpl - Inserted orderLine from orderNumber 75 into database
[INFO ] 2020-04-15 23:50:43.618 [main] PaidOrderDAOImpl - paidOrders are loaded from database
[INFO ] 2020-04-15 23:50:43.628 [main] PaidOrderDAOImpl - Inserted orderLine from orderNumber 76 into database
[INFO ] 2020-04-15 23:50:43.638 [main] PaidOrderDAOImpl - Inserted orderLine from orderNumber 76 into database
[INFO ] 2020-04-15 23:50:43.642 [main] PaidOrderDAOImpl - paidOrders are loaded from database
[INFO ] 2020-04-15 23:50:43.653 [main] PaidOrderDAOImpl - Deleted orderNumber(s) equal or higher than 72 from database
[INFO ] 2020-04-15 23:50:43.659 [main] BeverageDAOImpl - beverages are loaded from database
[INFO ] 2020-04-15 23:50:43.663 [main] WaiterDAOImpl - Waiters are loaded from database
[INFO ] 2020-04-15 23:50:43.668 [main] PaidOrderDAOImpl - paidOrders are loaded from database
[INFO ] 2020-04-15 23:50:43.672 [main] PaidOrderDAOImpl - Returned highest orderNumber 71 from database
[INFO ] 2020-04-15 23:50:43.681 [main] BeverageDAOImpl - beverages are loaded from database
[INFO ] 2020-04-15 23:50:43.685 [main] WaiterDAOImpl - Waiters are loaded from database
[INFO ] 2020-04-15 23:50:43.689 [main] PaidOrderDAOImpl - paidOrders are loaded from database
[INFO ] 2020-04-15 23:50:43.691 [main] PaidOrderDAOImpl - Returned highest orderNumber 71 from database
[INFO ] 2020-04-15 23:50:44.283 [main] BeverageDAOImpl - beverages are loaded from database
[INFO ] 2020-04-15 23:50:44.295 [main] BeverageDAOImpl - beverages are loaded from database
[INFO ] 2020-04-15 23:50:44.299 [main] WaiterDAOImpl - Waiters are loaded from database
[INFO ] 2020-04-15 23:50:44.303 [main] PaidOrderDAOImpl - paidOrders are loaded from database
[INFO ] 2020-04-15 23:50:44.306 [main] PaidOrderDAOImpl - Returned highest orderNumber 71 from database
[INFO ] 2020-04-15 23:50:44.309 [main] PaidOrderDAOImpl - paidOrders are loaded from database
[INFO ] 2020-04-15 23:50:44.313 [main] PaidOrderDAOImpl - Returned highest orderNumber 71 from database
[INFO ] 2020-04-15 23:50:44.322 [main] PaidOrderDAOImpl - Inserted orderLine from orderNumber 1000 into database
[INFO ] 2020-04-15 23:50:44.329 [main] PaidOrderDAOImpl - Inserted orderLine from orderNumber 1000 into database
[INFO ] 2020-04-15 23:50:44.333 [main] PaidOrderDAOImpl - paidOrders are loaded from database
[INFO ] 2020-04-15 23:50:44.342 [main] PaidOrderDAOImpl - Deleted orderNumber(s) equal or higher than 72 from database
[INFO ] 2020-04-15 23:50:44.350 [main] BeverageDAOImpl - beverages are loaded from database
[INFO ] 2020-04-15 23:50:44.355 [main] WaiterDAOImpl - Waiters are loaded from database
[INFO ] 2020-04-15 23:50:44.359 [main] PaidOrderDAOImpl - paidOrders are loaded from database
[INFO ] 2020-04-15 23:50:44.362 [main] PaidOrderDAOImpl - Returned highest orderNumber 71 from database
[INFO ] 2020-04-15 23:50:44.366 [main] PaidOrderDAOImpl - paidOrders are loaded from database
[INFO ] 2020-04-15 23:50:44.372 [main] BeverageDAOImpl - beverages are loaded from database
[INFO ] 2020-04-15 23:50:44.376 [main] WaiterDAOImpl - Waiters are loaded from database
[INFO ] 2020-04-15 23:50:44.380 [main] PaidOrderDAOImpl - paidOrders are loaded from database
[INFO ] 2020-04-15 23:50:44.385 [main] PaidOrderDAOImpl - Returned highest orderNumber 71 from database
[INFO ] 2020-04-15 23:50:44.391 [main] PaidOrderDAOImpl - paidOrders are loaded from database
[INFO ] 2020-04-15 23:50:44.399 [main] PaidOrderDAOImpl - Returned highest orderNumber 71 from database
[INFO ] 2020-04-15 23:50:44.404 [main] WaiterDAOImpl - Waiters are loaded from database
[INFO ] 2020-04-15 23:50:44.415 [main] BeverageDAOImpl - beverages are loaded from database
[INFO ] 2020-04-15 23:50:44.421 [main] WaiterDAOImpl - Waiters are loaded from database
[INFO ] 2020-04-15 23:50:44.425 [main] PaidOrderDAOImpl - paidOrders are loaded from database
[INFO ] 2020-04-15 23:50:44.428 [main] PaidOrderDAOImpl - Returned highest orderNumber 71 from database
[INFO ] 2020-04-15 23:50:44.435 [main] BeverageDAOImpl - beverages are loaded from database
[INFO ] 2020-04-15 23:50:44.438 [main] WaiterDAOImpl - Waiters are loaded from database
[INFO ] 2020-04-15 23:50:44.443 [main] PaidOrderDAOImpl - paidOrders are loaded from database
[INFO ] 2020-04-15 23:50:44.450 [main] PaidOrderDAOImpl - Returned highest orderNumber 71 from database
[INFO ] 2020-04-15 23:50:44.458 [main] BeverageDAOImpl - beverages are loaded from database
[INFO ] 2020-04-15 23:50:44.468 [main] WaiterDAOImpl - Waiters are loaded from database
[INFO ] 2020-04-15 23:50:44.472 [main] PaidOrderDAOImpl - paidOrders are loaded from database
[INFO ] 2020-04-15 23:50:44.480 [main] PaidOrderDAOImpl - Returned highest orderNumber 71 from database
[INFO ] 2020-04-15 23:50:44.489 [main] BeverageDAOImpl - beverages are loaded from database
[INFO ] 2020-04-15 23:50:44.493 [main] WaiterDAOImpl - Waiters are loaded from database
[INFO ] 2020-04-15 23:50:44.498 [main] PaidOrderDAOImpl - paidOrders are loaded from database
[INFO ] 2020-04-15 23:50:44.503 [main] PaidOrderDAOImpl - Returned highest orderNumber 71 from database
[INFO ] 2020-04-15 23:50:44.509 [main] BeverageDAOImpl - beverages are loaded from database
[INFO ] 2020-04-15 23:50:44.512 [main] WaiterDAOImpl - Waiters are loaded from database
[INFO ] 2020-04-15 23:50:44.518 [main] PaidOrderDAOImpl - paidOrders are loaded from database
[INFO ] 2020-04-15 23:50:44.522 [main] PaidOrderDAOImpl - Returned highest orderNumber 71 from database
[INFO ] 2020-04-15 23:50:44.535 [main] BeverageDAOImpl - beverages are loaded from database
[INFO ] 2020-04-15 23:50:44.540 [main] WaiterDAOImpl - Waiters are loaded from database
[INFO ] 2020-04-15 23:50:44.544 [main] PaidOrderDAOImpl - paidOrders are loaded from database
[INFO ] 2020-04-15 23:50:44.549 [main] PaidOrderDAOImpl - Returned highest orderNumber 71 from database
[INFO ] 2020-04-15 23:50:44.553 [main] PaidOrderDAOImpl - Returned highest orderNumber 71 from database
[INFO ] 2020-04-15 23:50:44.561 [main] BeverageDAOImpl - beverages are loaded from database
[INFO ] 2020-04-15 23:50:44.566 [main] WaiterDAOImpl - Waiters are loaded from database
[INFO ] 2020-04-15 23:50:44.571 [main] PaidOrderDAOImpl - paidOrders are loaded from database
[INFO ] 2020-04-15 23:50:44.574 [main] PaidOrderDAOImpl - Returned highest orderNumber 71 from database
[INFO ] 2020-04-15 23:50:44.586 [main] BeverageDAOImpl - beverages are loaded from database
[INFO ] 2020-04-15 23:50:44.591 [main] WaiterDAOImpl - Waiters are loaded from database
[INFO ] 2020-04-15 23:50:44.596 [main] PaidOrderDAOImpl - paidOrders are loaded from database
[INFO ] 2020-04-15 23:50:44.601 [main] PaidOrderDAOImpl - Returned highest orderNumber 71 from database
[INFO ] 2020-04-15 23:50:44.607 [main] BeverageDAOImpl - beverages are loaded from database
[INFO ] 2020-04-15 23:50:44.610 [main] WaiterDAOImpl - Waiters are loaded from database
[INFO ] 2020-04-15 23:50:44.613 [main] PaidOrderDAOImpl - paidOrders are loaded from database
[INFO ] 2020-04-15 23:50:44.617 [main] PaidOrderDAOImpl - Returned highest orderNumber 71 from database
