[INFO ] 2020-04-24 23:38:15.031 [main] BeverageDAOImpl - beverages are loaded from database
[INFO ] 2020-04-24 23:38:15.112 [main] WaiterDAOImpl - Waiters are loaded from database
[INFO ] 2020-04-24 23:38:15.136 [main] PaidOrderDAOImpl - Returned highest orderNumber 832 from database
[INFO ] 2020-04-24 23:38:15.174 [main] BeverageDAOImpl - beverages are loaded from database
[INFO ] 2020-04-24 23:38:15.182 [main] WaiterDAOImpl - Waiters are loaded from database
[INFO ] 2020-04-24 23:38:15.188 [main] PaidOrderDAOImpl - Returned highest orderNumber 832 from database
[INFO ] 2020-04-24 23:38:15.202 [main] PaidOrderDAOImpl - Returned highest orderNumber 832 from database
[INFO ] 2020-04-24 23:38:15.269 [main] PaidOrderDAOImpl - Inserted orderLine from orderNumber 833 into database
[INFO ] 2020-04-24 23:38:15.281 [main] PaidOrderDAOImpl - Inserted orderLine from orderNumber 834 into database
[INFO ] 2020-04-24 23:38:15.291 [main] PaidOrderDAOImpl - Inserted orderLine from orderNumber 834 into database
[INFO ] 2020-04-24 23:38:15.325 [main] PaidOrderDAOImpl - Inserted orderLine from orderNumber 835 into database
[INFO ] 2020-04-24 23:38:15.337 [main] PaidOrderDAOImpl - Inserted orderLine from orderNumber 835 into database
[INFO ] 2020-04-24 23:38:15.364 [main] PaidOrderDAOImpl - paidOrders are loaded from database
[INFO ] 2020-04-24 23:38:15.383 [main] PaidOrderDAOImpl - Deleted orderNumber(s) equal or higher than 833 from database
[INFO ] 2020-04-24 23:38:15.393 [main] BeverageDAOImpl - beverages are loaded from database
[INFO ] 2020-04-24 23:38:15.408 [main] WaiterDAOImpl - Waiters are loaded from database
[INFO ] 2020-04-24 23:38:15.416 [main] PaidOrderDAOImpl - Returned highest orderNumber 832 from database
[INFO ] 2020-04-24 23:38:15.421 [main] PaidOrderDAOImpl - Returned highest orderNumber 832 from database
[INFO ] 2020-04-24 23:38:15.433 [main] PaidOrderDAOImpl - Inserted orderLine from orderNumber 833 into database
[INFO ] 2020-04-24 23:38:15.444 [main] PaidOrderDAOImpl - Inserted orderLine from orderNumber 833 into database
[INFO ] 2020-04-24 23:38:15.460 [main] PaidOrderDAOImpl - Inserted orderLine from orderNumber 834 into database
[INFO ] 2020-04-24 23:38:15.478 [main] PaidOrderDAOImpl - Inserted orderLine from orderNumber 834 into database
[INFO ] 2020-04-24 23:38:15.511 [main] PaidOrderDAOImpl - Inserted orderLine from orderNumber 835 into database
[INFO ] 2020-04-24 23:38:15.535 [main] PaidOrderDAOImpl - Inserted orderLine from orderNumber 835 into database
[INFO ] 2020-04-24 23:38:15.550 [main] PaidOrderDAOImpl - paidOrders are loaded from database
[INFO ] 2020-04-24 23:38:15.568 [main] PaidOrderDAOImpl - paidOrders are loaded from database
[INFO ] 2020-04-24 23:38:15.576 [main] PaidOrderDAOImpl - Deleted orderNumber(s) equal or higher than 833 from database
[INFO ] 2020-04-24 23:38:15.585 [main] BeverageDAOImpl - beverages are loaded from database
[INFO ] 2020-04-24 23:38:15.590 [main] WaiterDAOImpl - Waiters are loaded from database
[INFO ] 2020-04-24 23:38:15.594 [main] PaidOrderDAOImpl - Returned highest orderNumber 832 from database
[INFO ] 2020-04-24 23:38:15.599 [main] PaidOrderDAOImpl - Returned highest orderNumber 832 from database
[INFO ] 2020-04-24 23:38:15.615 [main] PaidOrderDAOImpl - paidOrders are loaded from database
[INFO ] 2020-04-24 23:38:15.631 [main] PaidOrderDAOImpl - Inserted orderLine from orderNumber 833 into database
[INFO ] 2020-04-24 23:38:15.641 [main] PaidOrderDAOImpl - Inserted orderLine from orderNumber 833 into database
[INFO ] 2020-04-24 23:38:15.651 [main] PaidOrderDAOImpl - Inserted orderLine from orderNumber 833 into database
[INFO ] 2020-04-24 23:38:15.661 [main] PaidOrderDAOImpl - Inserted orderLine from orderNumber 833 into database
[INFO ] 2020-04-24 23:38:15.683 [main] PaidOrderDAOImpl - Inserted orderLine from orderNumber 834 into database
[INFO ] 2020-04-24 23:38:15.693 [main] PaidOrderDAOImpl - Inserted orderLine from orderNumber 834 into database
[INFO ] 2020-04-24 23:38:15.703 [main] PaidOrderDAOImpl - Inserted orderLine from orderNumber 834 into database
[INFO ] 2020-04-24 23:38:15.714 [main] PaidOrderDAOImpl - paidOrders are loaded from database
[INFO ] 2020-04-24 23:38:15.727 [main] PaidOrderDAOImpl - Deleted orderNumber(s) equal or higher than 833 from database
[INFO ] 2020-04-24 23:38:15.736 [main] BeverageDAOImpl - beverages are loaded from database
[INFO ] 2020-04-24 23:38:15.741 [main] WaiterDAOImpl - Waiters are loaded from database
[INFO ] 2020-04-24 23:38:15.746 [main] PaidOrderDAOImpl - Returned highest orderNumber 832 from database
[INFO ] 2020-04-24 23:38:15.752 [main] PaidOrderDAOImpl - Returned highest orderNumber 832 from database
[INFO ] 2020-04-24 23:38:15.764 [main] PaidOrderDAOImpl - paidOrders are loaded from database
[INFO ] 2020-04-24 23:38:15.780 [main] PaidOrderDAOImpl - Inserted orderLine from orderNumber 833 into database
[INFO ] 2020-04-24 23:38:15.792 [main] PaidOrderDAOImpl - Inserted orderLine from orderNumber 833 into database
[INFO ] 2020-04-24 23:38:15.801 [main] PaidOrderDAOImpl - Inserted orderLine from orderNumber 833 into database
[INFO ] 2020-04-24 23:38:15.809 [main] PaidOrderDAOImpl - paidOrders are loaded from database
[INFO ] 2020-04-24 23:38:15.825 [main] PaidOrderDAOImpl - Inserted orderLine from orderNumber 834 into database
[INFO ] 2020-04-24 23:38:15.837 [main] PaidOrderDAOImpl - Inserted orderLine from orderNumber 834 into database
[INFO ] 2020-04-24 23:38:15.847 [main] PaidOrderDAOImpl - Inserted orderLine from orderNumber 834 into database
[INFO ] 2020-04-24 23:38:15.855 [main] PaidOrderDAOImpl - Inserted orderLine from orderNumber 834 into database
[INFO ] 2020-04-24 23:38:15.864 [main] PaidOrderDAOImpl - paidOrders are loaded from database
[INFO ] 2020-04-24 23:38:15.872 [main] PaidOrderDAOImpl - Deleted orderNumber(s) equal or higher than 833 from database
[INFO ] 2020-04-24 23:38:15.881 [main] BeverageDAOImpl - beverages are loaded from database
[INFO ] 2020-04-24 23:38:15.886 [main] WaiterDAOImpl - Waiters are loaded from database
[INFO ] 2020-04-24 23:38:15.891 [main] PaidOrderDAOImpl - Returned highest orderNumber 832 from database
[INFO ] 2020-04-24 23:38:15.903 [main] BeverageDAOImpl - beverages are loaded from database
[INFO ] 2020-04-24 23:38:15.907 [main] WaiterDAOImpl - Waiters are loaded from database
[INFO ] 2020-04-24 23:38:15.911 [main] PaidOrderDAOImpl - Returned highest orderNumber 832 from database
[INFO ] 2020-04-24 23:38:15.918 [main] BeverageDAOImpl - beverages are loaded from database
[INFO ] 2020-04-24 23:38:15.922 [main] WaiterDAOImpl - Waiters are loaded from database
[INFO ] 2020-04-24 23:38:15.928 [main] PaidOrderDAOImpl - Returned highest orderNumber 832 from database
[INFO ] 2020-04-24 23:38:15.941 [main] BeverageDAOImpl - beverages are loaded from database
[INFO ] 2020-04-24 23:38:15.946 [main] WaiterDAOImpl - Waiters are loaded from database
[INFO ] 2020-04-24 23:38:15.950 [main] PaidOrderDAOImpl - Returned highest orderNumber 832 from database
[INFO ] 2020-04-24 23:38:15.959 [main] BeverageDAOImpl - beverages are loaded from database
[INFO ] 2020-04-24 23:38:15.964 [main] WaiterDAOImpl - Waiters are loaded from database
[INFO ] 2020-04-24 23:38:15.968 [main] PaidOrderDAOImpl - Returned highest orderNumber 832 from database
[INFO ] 2020-04-24 23:38:15.977 [main] BeverageDAOImpl - beverages are loaded from database
[INFO ] 2020-04-24 23:38:15.981 [main] WaiterDAOImpl - Waiters are loaded from database
[INFO ] 2020-04-24 23:38:15.992 [main] PaidOrderDAOImpl - Returned highest orderNumber 832 from database
[INFO ] 2020-04-24 23:38:15.997 [main] PaidOrderDAOImpl - Returned highest orderNumber 832 from database
[INFO ] 2020-04-24 23:38:16.010 [main] PaidOrderDAOImpl - Inserted orderLine from orderNumber 833 into database
[INFO ] 2020-04-24 23:38:16.019 [main] PaidOrderDAOImpl - Inserted orderLine from orderNumber 833 into database
[INFO ] 2020-04-24 23:38:16.028 [main] PaidOrderDAOImpl - Inserted orderLine from orderNumber 834 into database
[INFO ] 2020-04-24 23:38:16.041 [main] PaidOrderDAOImpl - Inserted orderLine from orderNumber 834 into database
[INFO ] 2020-04-24 23:38:16.048 [main] PaidOrderDAOImpl - paidOrders are loaded from database
[INFO ] 2020-04-24 23:38:16.081 [main] PaidOrderDAOImpl - paidOrders are loaded from database
[INFO ] 2020-04-24 23:38:16.092 [main] PaidOrderDAOImpl - Deleted orderNumber(s) equal or higher than 833 from database
[INFO ] 2020-04-24 23:38:16.113 [main] BeverageDAOImpl - beverages are loaded from database
[INFO ] 2020-04-24 23:38:16.136 [main] WaiterDAOImpl - Waiters are loaded from database
[INFO ] 2020-04-24 23:38:16.145 [main] PaidOrderDAOImpl - Returned highest orderNumber 832 from database
[INFO ] 2020-04-24 23:38:16.156 [main] BeverageDAOImpl - beverages are loaded from database
[INFO ] 2020-04-24 23:38:16.165 [main] WaiterDAOImpl - Waiters are loaded from database
[INFO ] 2020-04-24 23:38:16.172 [main] PaidOrderDAOImpl - Returned highest orderNumber 832 from database
[INFO ] 2020-04-24 23:38:16.177 [main] PaidOrderDAOImpl - Returned highest orderNumber 832 from database
[INFO ] 2020-04-24 23:38:16.192 [main] PaidOrderDAOImpl - Inserted orderLine from orderNumber 833 into database
[INFO ] 2020-04-24 23:38:16.207 [main] PaidOrderDAOImpl - Inserted orderLine from orderNumber 834 into database
[INFO ] 2020-04-24 23:38:16.219 [main] PaidOrderDAOImpl - Inserted orderLine from orderNumber 834 into database
[INFO ] 2020-04-24 23:38:16.230 [main] PaidOrderDAOImpl - Inserted orderLine from orderNumber 835 into database
[INFO ] 2020-04-24 23:38:16.240 [main] PaidOrderDAOImpl - Inserted orderLine from orderNumber 836 into database
[INFO ] 2020-04-24 23:38:16.249 [main] PaidOrderDAOImpl - Inserted orderLine from orderNumber 836 into database
[INFO ] 2020-04-24 23:38:16.277 [main] PaidOrderDAOImpl - paidOrders are loaded from database
[INFO ] 2020-04-24 23:38:16.747 [main] PaidOrderDAOImpl - Deleted orderNumber(s) equal or higher than 833 from database
[INFO ] 2020-04-24 23:38:16.754 [main] BeverageDAOImpl - beverages are loaded from database
[INFO ] 2020-04-24 23:38:16.758 [main] WaiterDAOImpl - Waiters are loaded from database
[INFO ] 2020-04-24 23:38:16.762 [main] PaidOrderDAOImpl - Returned highest orderNumber 832 from database
[INFO ] 2020-04-24 23:38:16.767 [main] PaidOrderDAOImpl - Returned highest orderNumber 832 from database
[INFO ] 2020-04-24 23:38:16.775 [main] PaidOrderDAOImpl - paidOrders are loaded from database
[INFO ] 2020-04-24 23:38:16.791 [main] PaidOrderDAOImpl - paidOrders are loaded from database
[INFO ] 2020-04-24 23:38:17.629 [main] PaidOrderDAOImpl - Deleted orderNumber(s) equal or higher than 833 from database
[INFO ] 2020-04-24 23:38:17.636 [main] BeverageDAOImpl - beverages are loaded from database
[INFO ] 2020-04-24 23:38:17.640 [main] WaiterDAOImpl - Waiters are loaded from database
[INFO ] 2020-04-24 23:38:17.645 [main] PaidOrderDAOImpl - Returned highest orderNumber 832 from database
[INFO ] 2020-04-24 23:38:17.655 [main] BeverageDAOImpl - beverages are loaded from database
[INFO ] 2020-04-24 23:38:17.659 [main] WaiterDAOImpl - Waiters are loaded from database
[INFO ] 2020-04-24 23:38:17.664 [main] PaidOrderDAOImpl - Returned highest orderNumber 832 from database
[INFO ] 2020-04-24 23:38:17.668 [main] PaidOrderDAOImpl - Returned highest orderNumber 832 from database
[INFO ] 2020-04-24 23:38:17.679 [main] PaidOrderDAOImpl - Inserted orderLine from orderNumber 833 into database
[INFO ] 2020-04-24 23:38:17.695 [main] PaidOrderDAOImpl - Inserted orderLine from orderNumber 834 into database
[INFO ] 2020-04-24 23:38:17.704 [main] PaidOrderDAOImpl - Inserted orderLine from orderNumber 834 into database
[INFO ] 2020-04-24 23:38:17.713 [main] PaidOrderDAOImpl - paidOrders are loaded from database
[INFO ] 2020-04-24 23:38:17.729 [main] PaidOrderDAOImpl - Deleted orderNumber(s) equal or higher than 833 from database
[INFO ] 2020-04-24 23:38:17.735 [main] BeverageDAOImpl - beverages are loaded from database
[INFO ] 2020-04-24 23:38:17.739 [main] WaiterDAOImpl - Waiters are loaded from database
[INFO ] 2020-04-24 23:38:17.744 [main] PaidOrderDAOImpl - Returned highest orderNumber 832 from database
[INFO ] 2020-04-24 23:38:17.750 [main] BeverageDAOImpl - beverages are loaded from database
[INFO ] 2020-04-24 23:38:17.754 [main] WaiterDAOImpl - Waiters are loaded from database
[INFO ] 2020-04-24 23:38:17.758 [main] PaidOrderDAOImpl - Returned highest orderNumber 832 from database
[INFO ] 2020-04-24 23:38:17.765 [main] BeverageDAOImpl - beverages are loaded from database
[INFO ] 2020-04-24 23:38:17.768 [main] WaiterDAOImpl - Waiters are loaded from database
[INFO ] 2020-04-24 23:38:17.772 [main] PaidOrderDAOImpl - Returned highest orderNumber 832 from database
[INFO ] 2020-04-24 23:38:17.777 [main] PaidOrderDAOImpl - Returned highest orderNumber 832 from database
[INFO ] 2020-04-24 23:38:17.789 [main] PaidOrderDAOImpl - Inserted orderLine from orderNumber 833 into database
[INFO ] 2020-04-24 23:38:17.800 [main] PaidOrderDAOImpl - Inserted orderLine from orderNumber 833 into database
[INFO ] 2020-04-24 23:38:17.810 [main] PaidOrderDAOImpl - Inserted orderLine from orderNumber 834 into database
[INFO ] 2020-04-24 23:38:17.837 [main] PaidOrderDAOImpl - Inserted orderLine from orderNumber 834 into database
[INFO ] 2020-04-24 23:38:17.862 [main] PaidOrderDAOImpl - Inserted orderLine from orderNumber 835 into database
[INFO ] 2020-04-24 23:38:17.871 [main] PaidOrderDAOImpl - Inserted orderLine from orderNumber 835 into database
[INFO ] 2020-04-24 23:38:17.879 [main] PaidOrderDAOImpl - Inserted orderLine from orderNumber 836 into database
[INFO ] 2020-04-24 23:38:17.888 [main] PaidOrderDAOImpl - Inserted orderLine from orderNumber 836 into database
[INFO ] 2020-04-24 23:38:17.907 [main] PaidOrderDAOImpl - Inserted orderLine from orderNumber 837 into database
[INFO ] 2020-04-24 23:38:17.922 [main] PaidOrderDAOImpl - Inserted orderLine from orderNumber 837 into database
[INFO ] 2020-04-24 23:38:17.929 [main] PaidOrderDAOImpl - paidOrders are loaded from database
[INFO ] 2020-04-24 23:38:17.938 [main] PaidOrderDAOImpl - paidOrders are loaded from database
[INFO ] 2020-04-24 23:38:17.946 [main] PaidOrderDAOImpl - paidOrders are loaded from database
[INFO ] 2020-04-24 23:38:17.954 [main] PaidOrderDAOImpl - paidOrders are loaded from database
[INFO ] 2020-04-24 23:38:17.963 [main] PaidOrderDAOImpl - Deleted orderNumber(s) equal or higher than 833 from database
[INFO ] 2020-04-24 23:38:17.969 [main] BeverageDAOImpl - beverages are loaded from database
[INFO ] 2020-04-24 23:38:17.973 [main] WaiterDAOImpl - Waiters are loaded from database
[INFO ] 2020-04-24 23:38:17.977 [main] PaidOrderDAOImpl - Returned highest orderNumber 832 from database
[INFO ] 2020-04-24 23:38:17.984 [main] BeverageDAOImpl - beverages are loaded from database
[INFO ] 2020-04-24 23:38:17.988 [main] WaiterDAOImpl - Waiters are loaded from database
[INFO ] 2020-04-24 23:38:17.992 [main] PaidOrderDAOImpl - Returned highest orderNumber 832 from database
[INFO ] 2020-04-24 23:38:19.047 [main] BeverageDAOImpl - beverages are loaded from database
[INFO ] 2020-04-24 23:38:19.074 [main] BeverageDAOImpl - beverages are loaded from database
[INFO ] 2020-04-24 23:38:19.086 [main] WaiterDAOImpl - Waiters are loaded from database
[INFO ] 2020-04-24 23:38:19.092 [main] PaidOrderDAOImpl - Returned highest orderNumber 832 from database
[INFO ] 2020-04-24 23:38:19.102 [main] PaidOrderDAOImpl - paidOrders are loaded from database
[INFO ] 2020-04-24 23:38:19.129 [main] PaidOrderDAOImpl - Retrieved waiter sales dates from DB
[INFO ] 2020-04-24 23:38:19.142 [main] BeverageDAOImpl - beverages are loaded from database
[INFO ] 2020-04-24 23:38:19.149 [main] WaiterDAOImpl - Waiters are loaded from database
[INFO ] 2020-04-24 23:38:19.160 [main] PaidOrderDAOImpl - Returned highest orderNumber 832 from database
[INFO ] 2020-04-24 23:38:19.168 [main] PaidOrderDAOImpl - paidOrders are loaded from database
[INFO ] 2020-04-24 23:38:19.173 [main] PaidOrderDAOImpl - Returned highest orderNumber 832 from database
[INFO ] 2020-04-24 23:38:19.187 [main] PaidOrderDAOImpl - Inserted orderLine from orderNumber 1000 into database
[INFO ] 2020-04-24 23:38:19.243 [main] PaidOrderDAOImpl - Inserted orderLine from orderNumber 1000 into database
[INFO ] 2020-04-24 23:38:19.256 [main] PaidOrderDAOImpl - paidOrders are loaded from database
[INFO ] 2020-04-24 23:38:19.277 [main] PaidOrderDAOImpl - Deleted orderNumber(s) equal or higher than 833 from database
[INFO ] 2020-04-24 23:38:19.293 [main] BeverageDAOImpl - beverages are loaded from database
[INFO ] 2020-04-24 23:38:19.415 [main] WaiterDAOImpl - Waiters are loaded from database
[INFO ] 2020-04-24 23:38:19.426 [main] PaidOrderDAOImpl - Returned highest orderNumber 832 from database
[INFO ] 2020-04-24 23:38:19.451 [main] PaidOrderDAOImpl - paidOrders are loaded from database
[INFO ] 2020-04-24 23:38:19.474 [main] BeverageDAOImpl - beverages are loaded from database
[INFO ] 2020-04-24 23:38:19.479 [main] WaiterDAOImpl - Waiters are loaded from database
[INFO ] 2020-04-24 23:38:19.482 [main] PaidOrderDAOImpl - Returned highest orderNumber 832 from database
[INFO ] 2020-04-24 23:38:19.492 [main] PaidOrderDAOImpl - paidOrders are loaded from database
[INFO ] 2020-04-24 23:38:19.510 [main] PaidOrderDAOImpl - Returned highest orderNumber 832 from database
[INFO ] 2020-04-24 23:38:19.516 [main] WaiterDAOImpl - Waiters are loaded from database
[INFO ] 2020-04-24 23:38:19.529 [main] BeverageDAOImpl - beverages are loaded from database
[INFO ] 2020-04-24 23:38:19.534 [main] WaiterDAOImpl - Waiters are loaded from database
[INFO ] 2020-04-24 23:38:19.538 [main] PaidOrderDAOImpl - Returned highest orderNumber 832 from database
[INFO ] 2020-04-24 23:38:19.549 [main] BeverageDAOImpl - beverages are loaded from database
[INFO ] 2020-04-24 23:38:19.553 [main] WaiterDAOImpl - Waiters are loaded from database
[INFO ] 2020-04-24 23:38:19.579 [main] PaidOrderDAOImpl - Returned highest orderNumber 832 from database
[INFO ] 2020-04-24 23:38:19.588 [main] BeverageDAOImpl - beverages are loaded from database
[INFO ] 2020-04-24 23:38:19.593 [main] WaiterDAOImpl - Waiters are loaded from database
[INFO ] 2020-04-24 23:38:19.598 [main] PaidOrderDAOImpl - Returned highest orderNumber 832 from database
[INFO ] 2020-04-24 23:38:19.622 [main] BeverageDAOImpl - beverages are loaded from database
[INFO ] 2020-04-24 23:38:19.663 [main] WaiterDAOImpl - Waiters are loaded from database
[INFO ] 2020-04-24 23:38:19.668 [main] PaidOrderDAOImpl - Returned highest orderNumber 832 from database
[INFO ] 2020-04-24 23:38:19.677 [main] BeverageDAOImpl - beverages are loaded from database
[INFO ] 2020-04-24 23:38:19.683 [main] WaiterDAOImpl - Waiters are loaded from database
[INFO ] 2020-04-24 23:38:19.691 [main] PaidOrderDAOImpl - Returned highest orderNumber 832 from database
[INFO ] 2020-04-24 23:38:19.709 [main] BeverageDAOImpl - beverages are loaded from database
[INFO ] 2020-04-24 23:38:19.731 [main] WaiterDAOImpl - Waiters are loaded from database
[INFO ] 2020-04-24 23:38:19.736 [main] PaidOrderDAOImpl - Returned highest orderNumber 832 from database
[INFO ] 2020-04-24 23:38:19.740 [main] PaidOrderDAOImpl - Returned highest orderNumber 832 from database
[INFO ] 2020-04-24 23:38:19.764 [main] BeverageDAOImpl - beverages are loaded from database
[INFO ] 2020-04-24 23:38:19.768 [main] WaiterDAOImpl - Waiters are loaded from database
[INFO ] 2020-04-24 23:38:19.772 [main] PaidOrderDAOImpl - Returned highest orderNumber 832 from database
[INFO ] 2020-04-24 23:38:19.782 [main] BeverageDAOImpl - beverages are loaded from database
[INFO ] 2020-04-24 23:38:19.786 [main] WaiterDAOImpl - Waiters are loaded from database
[INFO ] 2020-04-24 23:38:19.792 [main] PaidOrderDAOImpl - Returned highest orderNumber 832 from database
[INFO ] 2020-04-24 23:38:19.804 [main] BeverageDAOImpl - beverages are loaded from database
[INFO ] 2020-04-24 23:38:19.812 [main] WaiterDAOImpl - Waiters are loaded from database
[INFO ] 2020-04-24 23:38:19.817 [main] PaidOrderDAOImpl - Returned highest orderNumber 832 from database
