[INFO ] 2020-04-06 16:43:27.734 [main] BeverageDAOImpl - beverages are loaded from database
[INFO ] 2020-04-06 16:43:27.774 [main] WaiterDAOImpl - Waiters are loaded from database
[INFO ] 2020-04-06 16:43:27.811 [main] PaidOrderDAOImpl - paidOrders are loaded from database
[INFO ] 2020-04-06 16:43:27.827 [main] PaidOrderDAOImpl - paidOrders are loaded from database
[INFO ] 2020-04-06 16:43:54.432 [main] BeverageDAOImpl - beverages are loaded from database
[INFO ] 2020-04-06 16:43:54.473 [main] WaiterDAOImpl - Waiters are loaded from database
[INFO ] 2020-04-06 16:43:54.505 [main] PaidOrderDAOImpl - paidOrders are loaded from database
[INFO ] 2020-04-06 16:43:54.523 [main] PaidOrderDAOImpl - paidOrders are loaded from database
[INFO ] 2020-04-06 16:44:42.049 [main] BeverageDAOImpl - beverages are loaded from database
[INFO ] 2020-04-06 16:44:42.102 [main] WaiterDAOImpl - Waiters are loaded from database
[INFO ] 2020-04-06 16:44:42.140 [main] PaidOrderDAOImpl - paidOrders are loaded from database
[INFO ] 2020-04-06 16:44:42.159 [main] PaidOrderDAOImpl - paidOrders are loaded from database
[INFO ] 2020-04-06 16:45:45.492 [main] BeverageDAOImpl - beverages are loaded from database
[INFO ] 2020-04-06 16:45:45.511 [main] WaiterDAOImpl - Waiters are loaded from database
[INFO ] 2020-04-06 16:45:45.554 [main] PaidOrderDAOImpl - paidOrders are loaded from database
[INFO ] 2020-04-06 16:45:45.583 [main] PaidOrderDAOImpl - paidOrders are loaded from database
[INFO ] 2020-04-06 16:45:45.598 [main] PaidOrderDAOImpl - Returned highest orderNumber 71 from database
[INFO ] 2020-04-06 16:45:45.608 [main] PaidOrderDAOImpl - Returned highest ID 87 from database
[INFO ] 2020-04-06 16:46:08.389 [main] BeverageDAOImpl - beverages are loaded from database
[INFO ] 2020-04-06 16:46:08.409 [main] WaiterDAOImpl - Waiters are loaded from database
[INFO ] 2020-04-06 16:46:08.447 [main] PaidOrderDAOImpl - paidOrders are loaded from database
[INFO ] 2020-04-06 16:46:08.468 [main] BeverageDAOImpl - beverages are loaded from database
[INFO ] 2020-04-06 16:46:08.496 [main] WaiterDAOImpl - Waiters are loaded from database
[INFO ] 2020-04-06 16:46:08.511 [main] PaidOrderDAOImpl - paidOrders are loaded from database
[INFO ] 2020-04-06 16:46:08.562 [main] BeverageDAOImpl - beverages are loaded from database
[INFO ] 2020-04-06 16:46:08.568 [main] WaiterDAOImpl - Waiters are loaded from database
[INFO ] 2020-04-06 16:46:08.578 [main] PaidOrderDAOImpl - paidOrders are loaded from database
[INFO ] 2020-04-06 16:46:08.592 [main] BeverageDAOImpl - beverages are loaded from database
[INFO ] 2020-04-06 16:46:08.598 [main] WaiterDAOImpl - Waiters are loaded from database
[INFO ] 2020-04-06 16:46:08.614 [main] PaidOrderDAOImpl - paidOrders are loaded from database
[INFO ] 2020-04-06 16:46:08.640 [main] BeverageDAOImpl - beverages are loaded from database
[INFO ] 2020-04-06 16:46:08.651 [main] WaiterDAOImpl - Waiters are loaded from database
[INFO ] 2020-04-06 16:46:08.664 [main] PaidOrderDAOImpl - paidOrders are loaded from database
[INFO ] 2020-04-06 16:46:08.684 [main] BeverageDAOImpl - beverages are loaded from database
[INFO ] 2020-04-06 16:46:08.689 [main] WaiterDAOImpl - Waiters are loaded from database
[INFO ] 2020-04-06 16:46:08.697 [main] PaidOrderDAOImpl - paidOrders are loaded from database
[INFO ] 2020-04-06 16:46:08.731 [main] BeverageDAOImpl - beverages are loaded from database
[INFO ] 2020-04-06 16:46:08.742 [main] WaiterDAOImpl - Waiters are loaded from database
[INFO ] 2020-04-06 16:46:08.750 [main] PaidOrderDAOImpl - paidOrders are loaded from database
[INFO ] 2020-04-06 16:46:08.764 [main] BeverageDAOImpl - beverages are loaded from database
[INFO ] 2020-04-06 16:46:08.769 [main] WaiterDAOImpl - Waiters are loaded from database
[INFO ] 2020-04-06 16:46:08.778 [main] PaidOrderDAOImpl - paidOrders are loaded from database
[INFO ] 2020-04-06 16:46:08.795 [main] BeverageDAOImpl - beverages are loaded from database
[INFO ] 2020-04-06 16:46:08.800 [main] WaiterDAOImpl - Waiters are loaded from database
[INFO ] 2020-04-06 16:46:08.808 [main] PaidOrderDAOImpl - paidOrders are loaded from database
[INFO ] 2020-04-06 16:46:08.817 [main] BeverageDAOImpl - beverages are loaded from database
[INFO ] 2020-04-06 16:46:08.823 [main] WaiterDAOImpl - Waiters are loaded from database
[INFO ] 2020-04-06 16:46:08.829 [main] PaidOrderDAOImpl - paidOrders are loaded from database
[INFO ] 2020-04-06 16:46:08.839 [main] BeverageDAOImpl - beverages are loaded from database
[INFO ] 2020-04-06 16:46:08.849 [main] WaiterDAOImpl - Waiters are loaded from database
[INFO ] 2020-04-06 16:46:08.855 [main] PaidOrderDAOImpl - paidOrders are loaded from database
[INFO ] 2020-04-06 16:46:08.869 [main] BeverageDAOImpl - beverages are loaded from database
[INFO ] 2020-04-06 16:46:08.873 [main] WaiterDAOImpl - Waiters are loaded from database
[INFO ] 2020-04-06 16:46:08.878 [main] PaidOrderDAOImpl - paidOrders are loaded from database
[INFO ] 2020-04-06 16:46:08.886 [main] BeverageDAOImpl - beverages are loaded from database
[INFO ] 2020-04-06 16:46:08.892 [main] WaiterDAOImpl - Waiters are loaded from database
[INFO ] 2020-04-06 16:46:08.899 [main] PaidOrderDAOImpl - paidOrders are loaded from database
[INFO ] 2020-04-06 16:46:09.214 [main] BeverageDAOImpl - beverages are loaded from database
[INFO ] 2020-04-06 16:46:09.218 [main] WaiterDAOImpl - Waiters are loaded from database
[INFO ] 2020-04-06 16:46:09.226 [main] PaidOrderDAOImpl - paidOrders are loaded from database
[INFO ] 2020-04-06 16:46:10.026 [main] BeverageDAOImpl - beverages are loaded from database
[INFO ] 2020-04-06 16:46:10.030 [main] WaiterDAOImpl - Waiters are loaded from database
[INFO ] 2020-04-06 16:46:10.034 [main] PaidOrderDAOImpl - paidOrders are loaded from database
[INFO ] 2020-04-06 16:46:10.048 [main] BeverageDAOImpl - beverages are loaded from database
[INFO ] 2020-04-06 16:46:10.059 [main] WaiterDAOImpl - Waiters are loaded from database
[INFO ] 2020-04-06 16:46:10.064 [main] PaidOrderDAOImpl - paidOrders are loaded from database
[INFO ] 2020-04-06 16:46:10.071 [main] BeverageDAOImpl - beverages are loaded from database
[INFO ] 2020-04-06 16:46:10.076 [main] WaiterDAOImpl - Waiters are loaded from database
[INFO ] 2020-04-06 16:46:10.082 [main] PaidOrderDAOImpl - paidOrders are loaded from database
[INFO ] 2020-04-06 16:46:10.089 [main] BeverageDAOImpl - beverages are loaded from database
[INFO ] 2020-04-06 16:46:10.093 [main] WaiterDAOImpl - Waiters are loaded from database
[INFO ] 2020-04-06 16:46:10.099 [main] PaidOrderDAOImpl - paidOrders are loaded from database
[INFO ] 2020-04-06 16:46:10.114 [main] BeverageDAOImpl - beverages are loaded from database
[INFO ] 2020-04-06 16:46:10.117 [main] WaiterDAOImpl - Waiters are loaded from database
[INFO ] 2020-04-06 16:46:10.127 [main] PaidOrderDAOImpl - paidOrders are loaded from database
[INFO ] 2020-04-06 16:46:10.134 [main] BeverageDAOImpl - beverages are loaded from database
[INFO ] 2020-04-06 16:46:10.141 [main] WaiterDAOImpl - Waiters are loaded from database
[INFO ] 2020-04-06 16:46:10.146 [main] PaidOrderDAOImpl - paidOrders are loaded from database
[INFO ] 2020-04-06 16:46:10.914 [main] BeverageDAOImpl - beverages are loaded from database
[INFO ] 2020-04-06 16:46:10.928 [main] BeverageDAOImpl - beverages are loaded from database
[INFO ] 2020-04-06 16:46:10.931 [main] WaiterDAOImpl - Waiters are loaded from database
[INFO ] 2020-04-06 16:46:10.938 [main] PaidOrderDAOImpl - paidOrders are loaded from database
[INFO ] 2020-04-06 16:46:10.941 [main] PaidOrderDAOImpl - paidOrders are loaded from database
[INFO ] 2020-04-06 16:46:10.946 [main] PaidOrderDAOImpl - Returned highest orderNumber 71 from database
[INFO ] 2020-04-06 16:46:10.951 [main] PaidOrderDAOImpl - Returned highest ID 87 from database
[INFO ] 2020-04-06 16:46:10.961 [main] BeverageDAOImpl - beverages are loaded from database
[INFO ] 2020-04-06 16:46:10.973 [main] WaiterDAOImpl - Waiters are loaded from database
[INFO ] 2020-04-06 16:46:10.978 [main] PaidOrderDAOImpl - paidOrders are loaded from database
[INFO ] 2020-04-06 16:46:10.983 [main] PaidOrderDAOImpl - paidOrders are loaded from database
[INFO ] 2020-04-06 16:46:11.029 [main] BeverageDAOImpl - beverages are loaded from database
[INFO ] 2020-04-06 16:46:11.033 [main] WaiterDAOImpl - Waiters are loaded from database
[INFO ] 2020-04-06 16:46:11.041 [main] PaidOrderDAOImpl - paidOrders are loaded from database
[INFO ] 2020-04-06 16:46:11.046 [main] PaidOrderDAOImpl - paidOrders are loaded from database
[INFO ] 2020-04-06 16:46:11.055 [main] WaiterDAOImpl - Waiters are loaded from database
[INFO ] 2020-04-06 16:46:11.065 [main] BeverageDAOImpl - beverages are loaded from database
[INFO ] 2020-04-06 16:46:11.070 [main] WaiterDAOImpl - Waiters are loaded from database
[INFO ] 2020-04-06 16:46:11.076 [main] PaidOrderDAOImpl - paidOrders are loaded from database
[INFO ] 2020-04-06 16:46:11.085 [main] BeverageDAOImpl - beverages are loaded from database
[INFO ] 2020-04-06 16:46:11.090 [main] WaiterDAOImpl - Waiters are loaded from database
[INFO ] 2020-04-06 16:46:11.096 [main] PaidOrderDAOImpl - paidOrders are loaded from database
[INFO ] 2020-04-06 16:46:11.114 [main] BeverageDAOImpl - beverages are loaded from database
[INFO ] 2020-04-06 16:46:11.122 [main] WaiterDAOImpl - Waiters are loaded from database
[INFO ] 2020-04-06 16:46:11.127 [main] PaidOrderDAOImpl - paidOrders are loaded from database
[INFO ] 2020-04-06 16:46:11.140 [main] BeverageDAOImpl - beverages are loaded from database
[INFO ] 2020-04-06 16:46:11.145 [main] WaiterDAOImpl - Waiters are loaded from database
[INFO ] 2020-04-06 16:46:11.151 [main] PaidOrderDAOImpl - paidOrders are loaded from database
[INFO ] 2020-04-06 16:46:11.159 [main] BeverageDAOImpl - beverages are loaded from database
[INFO ] 2020-04-06 16:46:11.163 [main] WaiterDAOImpl - Waiters are loaded from database
[INFO ] 2020-04-06 16:46:11.168 [main] PaidOrderDAOImpl - paidOrders are loaded from database
[INFO ] 2020-04-06 16:46:11.177 [main] BeverageDAOImpl - beverages are loaded from database
[INFO ] 2020-04-06 16:46:11.189 [main] WaiterDAOImpl - Waiters are loaded from database
[INFO ] 2020-04-06 16:46:11.195 [main] PaidOrderDAOImpl - paidOrders are loaded from database
[INFO ] 2020-04-06 16:46:11.207 [main] BeverageDAOImpl - beverages are loaded from database
[INFO ] 2020-04-06 16:46:11.239 [main] WaiterDAOImpl - Waiters are loaded from database
[INFO ] 2020-04-06 16:46:11.244 [main] PaidOrderDAOImpl - paidOrders are loaded from database
[INFO ] 2020-04-06 16:46:11.260 [main] BeverageDAOImpl - beverages are loaded from database
[INFO ] 2020-04-06 16:46:11.270 [main] WaiterDAOImpl - Waiters are loaded from database
[INFO ] 2020-04-06 16:46:11.276 [main] PaidOrderDAOImpl - paidOrders are loaded from database
[INFO ] 2020-04-06 16:46:11.296 [main] BeverageDAOImpl - beverages are loaded from database
[INFO ] 2020-04-06 16:46:11.325 [main] WaiterDAOImpl - Waiters are loaded from database
[INFO ] 2020-04-06 16:46:11.333 [main] PaidOrderDAOImpl - paidOrders are loaded from database
[INFO ] 2020-04-06 16:47:26.110 [main] BeverageDAOImpl - beverages are loaded from database
[INFO ] 2020-04-06 16:47:26.127 [main] WaiterDAOImpl - Waiters are loaded from database
[INFO ] 2020-04-06 16:47:26.161 [main] PaidOrderDAOImpl - paidOrders are loaded from database
[INFO ] 2020-04-06 16:47:26.175 [main] PaidOrderDAOImpl - paidOrders are loaded from database
[INFO ] 2020-04-06 16:49:47.829 [main] BeverageDAOImpl - beverages are loaded from database
[INFO ] 2020-04-06 16:49:47.848 [main] WaiterDAOImpl - Waiters are loaded from database
[INFO ] 2020-04-06 16:49:47.878 [main] PaidOrderDAOImpl - paidOrders are loaded from database
[INFO ] 2020-04-06 16:49:47.891 [main] PaidOrderDAOImpl - paidOrders are loaded from database
[INFO ] 2020-04-06 16:51:01.838 [main] BeverageDAOImpl - beverages are loaded from database
[INFO ] 2020-04-06 16:51:01.855 [main] WaiterDAOImpl - Waiters are loaded from database
[INFO ] 2020-04-06 16:51:01.886 [main] PaidOrderDAOImpl - paidOrders are loaded from database
[INFO ] 2020-04-06 16:51:01.903 [main] PaidOrderDAOImpl - paidOrders are loaded from database
[INFO ] 2020-04-06 16:51:56.398 [main] BeverageDAOImpl - beverages are loaded from database
[INFO ] 2020-04-06 16:51:56.417 [main] WaiterDAOImpl - Waiters are loaded from database
[INFO ] 2020-04-06 16:51:56.451 [main] PaidOrderDAOImpl - paidOrders are loaded from database
[INFO ] 2020-04-06 16:51:56.481 [main] PaidOrderDAOImpl - paidOrders are loaded from database
[INFO ] 2020-04-06 17:54:09.891 [main] BeverageDAOImpl - beverages are loaded from database
[INFO ] 2020-04-06 17:54:09.921 [main] WaiterDAOImpl - Waiters are loaded from database
[INFO ] 2020-04-06 17:54:09.991 [main] PaidOrderDAOImpl - paidOrders are loaded from database
[INFO ] 2020-04-06 17:54:10.017 [main] PaidOrderDAOImpl - paidOrders are loaded from database
[INFO ] 2020-04-06 17:54:52.989 [main] BeverageDAOImpl - beverages are loaded from database
[INFO ] 2020-04-06 17:54:53.040 [main] WaiterDAOImpl - Waiters are loaded from database
[INFO ] 2020-04-06 17:54:53.096 [main] PaidOrderDAOImpl - paidOrders are loaded from database
[INFO ] 2020-04-06 17:54:53.113 [main] PaidOrderDAOImpl - paidOrders are loaded from database
[INFO ] 2020-04-06 17:56:45.923 [main] BeverageDAOImpl - beverages are loaded from database
[INFO ] 2020-04-06 17:56:45.984 [main] WaiterDAOImpl - Waiters are loaded from database
[INFO ] 2020-04-06 17:56:46.051 [main] PaidOrderDAOImpl - paidOrders are loaded from database
[INFO ] 2020-04-06 17:56:46.130 [main] PaidOrderDAOImpl - paidOrders are loaded from database
[INFO ] 2020-04-06 17:57:03.920 [main] BeverageDAOImpl - beverages are loaded from database
[INFO ] 2020-04-06 17:57:03.967 [main] WaiterDAOImpl - Waiters are loaded from database
[INFO ] 2020-04-06 17:57:04.017 [main] PaidOrderDAOImpl - paidOrders are loaded from database
[INFO ] 2020-04-06 17:57:04.033 [main] PaidOrderDAOImpl - paidOrders are loaded from database
[INFO ] 2020-04-06 17:57:25.239 [main] BeverageDAOImpl - beverages are loaded from database
[INFO ] 2020-04-06 17:57:25.256 [main] WaiterDAOImpl - Waiters are loaded from database
[INFO ] 2020-04-06 17:57:25.290 [main] PaidOrderDAOImpl - paidOrders are loaded from database
[INFO ] 2020-04-06 17:57:25.307 [main] PaidOrderDAOImpl - paidOrders are loaded from database
[INFO ] 2020-04-06 17:57:47.844 [main] BeverageDAOImpl - beverages are loaded from database
[INFO ] 2020-04-06 17:57:47.869 [main] WaiterDAOImpl - Waiters are loaded from database
[INFO ] 2020-04-06 17:57:47.913 [main] PaidOrderDAOImpl - paidOrders are loaded from database
[INFO ] 2020-04-06 17:57:47.943 [main] PaidOrderDAOImpl - paidOrders are loaded from database
[INFO ] 2020-04-06 17:58:29.297 [main] BeverageDAOImpl - beverages are loaded from database
[INFO ] 2020-04-06 17:58:29.315 [main] WaiterDAOImpl - Waiters are loaded from database
[INFO ] 2020-04-06 17:58:29.353 [main] PaidOrderDAOImpl - paidOrders are loaded from database
[INFO ] 2020-04-06 17:58:29.367 [main] PaidOrderDAOImpl - paidOrders are loaded from database
[INFO ] 2020-04-06 17:59:12.322 [main] BeverageDAOImpl - beverages are loaded from database
[INFO ] 2020-04-06 17:59:12.357 [main] WaiterDAOImpl - Waiters are loaded from database
[INFO ] 2020-04-06 17:59:12.403 [main] PaidOrderDAOImpl - paidOrders are loaded from database
[INFO ] 2020-04-06 17:59:12.425 [main] PaidOrderDAOImpl - paidOrders are loaded from database
[INFO ] 2020-04-06 18:03:34.407 [main] BeverageDAOImpl - beverages are loaded from database
[INFO ] 2020-04-06 18:03:34.462 [main] WaiterDAOImpl - Waiters are loaded from database
[INFO ] 2020-04-06 18:03:34.495 [main] PaidOrderDAOImpl - paidOrders are loaded from database
[INFO ] 2020-04-06 18:03:34.522 [main] PaidOrderDAOImpl - paidOrders are loaded from database
[INFO ] 2020-04-06 18:04:02.544 [main] BeverageDAOImpl - beverages are loaded from database
[INFO ] 2020-04-06 18:04:02.561 [main] WaiterDAOImpl - Waiters are loaded from database
[INFO ] 2020-04-06 18:04:02.594 [main] PaidOrderDAOImpl - paidOrders are loaded from database
[INFO ] 2020-04-06 18:04:02.608 [main] PaidOrderDAOImpl - paidOrders are loaded from database
[INFO ] 2020-04-06 18:24:43.261 [main] BeverageDAOImpl - beverages are loaded from database
[INFO ] 2020-04-06 18:24:43.279 [main] WaiterDAOImpl - Waiters are loaded from database
[INFO ] 2020-04-06 18:24:43.313 [main] PaidOrderDAOImpl - paidOrders are loaded from database
[INFO ] 2020-04-06 18:24:43.327 [main] PaidOrderDAOImpl - paidOrders are loaded from database
[INFO ] 2020-04-06 18:24:53.045 [main] BeverageDAOImpl - beverages are loaded from database
[INFO ] 2020-04-06 18:24:53.099 [main] WaiterDAOImpl - Waiters are loaded from database
[INFO ] 2020-04-06 18:24:53.136 [main] PaidOrderDAOImpl - paidOrders are loaded from database
[INFO ] 2020-04-06 18:24:53.152 [main] PaidOrderDAOImpl - paidOrders are loaded from database
[INFO ] 2020-04-06 18:25:25.314 [main] BeverageDAOImpl - beverages are loaded from database
[INFO ] 2020-04-06 18:25:25.332 [main] WaiterDAOImpl - Waiters are loaded from database
[INFO ] 2020-04-06 18:25:25.447 [main] PaidOrderDAOImpl - paidOrders are loaded from database
[INFO ] 2020-04-06 18:25:25.465 [main] PaidOrderDAOImpl - paidOrders are loaded from database
[INFO ] 2020-04-06 18:25:50.100 [main] BeverageDAOImpl - beverages are loaded from database
[INFO ] 2020-04-06 18:25:50.189 [main] WaiterDAOImpl - Waiters are loaded from database
[INFO ] 2020-04-06 18:25:50.221 [main] PaidOrderDAOImpl - paidOrders are loaded from database
[INFO ] 2020-04-06 18:25:50.236 [main] PaidOrderDAOImpl - paidOrders are loaded from database
[INFO ] 2020-04-06 18:26:30.116 [main] BeverageDAOImpl - beverages are loaded from database
[INFO ] 2020-04-06 18:26:30.137 [main] WaiterDAOImpl - Waiters are loaded from database
[INFO ] 2020-04-06 18:26:30.172 [main] PaidOrderDAOImpl - paidOrders are loaded from database
[INFO ] 2020-04-06 18:26:30.202 [main] PaidOrderDAOImpl - paidOrders are loaded from database
[INFO ] 2020-04-06 18:27:06.177 [main] BeverageDAOImpl - beverages are loaded from database
[INFO ] 2020-04-06 18:27:06.197 [main] WaiterDAOImpl - Waiters are loaded from database
[INFO ] 2020-04-06 18:27:06.230 [main] PaidOrderDAOImpl - paidOrders are loaded from database
[INFO ] 2020-04-06 18:27:06.244 [main] PaidOrderDAOImpl - paidOrders are loaded from database
[INFO ] 2020-04-06 18:27:29.850 [main] BeverageDAOImpl - beverages are loaded from database
[INFO ] 2020-04-06 18:27:29.875 [main] WaiterDAOImpl - Waiters are loaded from database
[INFO ] 2020-04-06 18:27:29.918 [main] PaidOrderDAOImpl - paidOrders are loaded from database
[INFO ] 2020-04-06 18:27:29.934 [main] PaidOrderDAOImpl - paidOrders are loaded from database
[INFO ] 2020-04-06 18:27:56.823 [main] BeverageDAOImpl - beverages are loaded from database
[INFO ] 2020-04-06 18:27:56.841 [main] WaiterDAOImpl - Waiters are loaded from database
[INFO ] 2020-04-06 18:27:56.877 [main] PaidOrderDAOImpl - paidOrders are loaded from database
[INFO ] 2020-04-06 18:27:56.890 [main] PaidOrderDAOImpl - paidOrders are loaded from database
[INFO ] 2020-04-06 18:28:15.844 [main] BeverageDAOImpl - beverages are loaded from database
[INFO ] 2020-04-06 18:28:15.901 [main] WaiterDAOImpl - Waiters are loaded from database
[INFO ] 2020-04-06 18:28:16.006 [main] PaidOrderDAOImpl - paidOrders are loaded from database
[INFO ] 2020-04-06 18:28:16.040 [main] PaidOrderDAOImpl - paidOrders are loaded from database
[INFO ] 2020-04-06 18:28:25.985 [main] BeverageDAOImpl - beverages are loaded from database
[INFO ] 2020-04-06 18:28:26.003 [main] WaiterDAOImpl - Waiters are loaded from database
[INFO ] 2020-04-06 18:28:26.038 [main] PaidOrderDAOImpl - paidOrders are loaded from database
[INFO ] 2020-04-06 18:28:26.069 [main] PaidOrderDAOImpl - paidOrders are loaded from database
[INFO ] 2020-04-06 18:28:45.919 [main] BeverageDAOImpl - beverages are loaded from database
[INFO ] 2020-04-06 18:28:45.958 [main] WaiterDAOImpl - Waiters are loaded from database
[INFO ] 2020-04-06 18:28:46.009 [main] PaidOrderDAOImpl - paidOrders are loaded from database
[INFO ] 2020-04-06 18:28:46.027 [main] PaidOrderDAOImpl - paidOrders are loaded from database
[INFO ] 2020-04-06 18:29:07.380 [main] BeverageDAOImpl - beverages are loaded from database
[INFO ] 2020-04-06 18:29:07.417 [main] WaiterDAOImpl - Waiters are loaded from database
[INFO ] 2020-04-06 18:29:07.483 [main] PaidOrderDAOImpl - paidOrders are loaded from database
[INFO ] 2020-04-06 18:29:07.498 [main] PaidOrderDAOImpl - paidOrders are loaded from database
[INFO ] 2020-04-06 18:29:15.451 [main] BeverageDAOImpl - beverages are loaded from database
[INFO ] 2020-04-06 18:29:15.468 [main] WaiterDAOImpl - Waiters are loaded from database
[INFO ] 2020-04-06 18:29:15.519 [main] PaidOrderDAOImpl - paidOrders are loaded from database
[INFO ] 2020-04-06 18:29:15.535 [main] PaidOrderDAOImpl - paidOrders are loaded from database
[INFO ] 2020-04-06 18:29:49.278 [main] BeverageDAOImpl - beverages are loaded from database
[INFO ] 2020-04-06 18:29:49.301 [main] WaiterDAOImpl - Waiters are loaded from database
[INFO ] 2020-04-06 18:29:49.336 [main] PaidOrderDAOImpl - paidOrders are loaded from database
[INFO ] 2020-04-06 18:29:49.350 [main] PaidOrderDAOImpl - paidOrders are loaded from database
[INFO ] 2020-04-06 18:30:20.893 [main] BeverageDAOImpl - beverages are loaded from database
[INFO ] 2020-04-06 18:30:20.922 [main] WaiterDAOImpl - Waiters are loaded from database
[INFO ] 2020-04-06 18:30:20.954 [main] PaidOrderDAOImpl - paidOrders are loaded from database
[INFO ] 2020-04-06 18:30:20.977 [main] PaidOrderDAOImpl - paidOrders are loaded from database
[INFO ] 2020-04-06 18:30:31.433 [main] BeverageDAOImpl - beverages are loaded from database
[INFO ] 2020-04-06 18:30:31.461 [main] WaiterDAOImpl - Waiters are loaded from database
[INFO ] 2020-04-06 18:30:31.522 [main] PaidOrderDAOImpl - paidOrders are loaded from database
[INFO ] 2020-04-06 18:30:31.538 [main] PaidOrderDAOImpl - paidOrders are loaded from database
[INFO ] 2020-04-06 18:30:57.880 [main] BeverageDAOImpl - beverages are loaded from database
[INFO ] 2020-04-06 18:30:57.902 [main] WaiterDAOImpl - Waiters are loaded from database
[INFO ] 2020-04-06 18:30:57.947 [main] PaidOrderDAOImpl - paidOrders are loaded from database
[INFO ] 2020-04-06 18:30:57.987 [main] PaidOrderDAOImpl - paidOrders are loaded from database
[INFO ] 2020-04-06 18:31:18.774 [main] BeverageDAOImpl - beverages are loaded from database
[INFO ] 2020-04-06 18:31:18.790 [main] WaiterDAOImpl - Waiters are loaded from database
[INFO ] 2020-04-06 18:31:18.820 [main] PaidOrderDAOImpl - paidOrders are loaded from database
[INFO ] 2020-04-06 18:31:18.836 [main] PaidOrderDAOImpl - paidOrders are loaded from database
[INFO ] 2020-04-06 18:32:54.933 [main] BeverageDAOImpl - beverages are loaded from database
[INFO ] 2020-04-06 18:32:54.986 [main] WaiterDAOImpl - Waiters are loaded from database
[INFO ] 2020-04-06 18:32:55.044 [main] PaidOrderDAOImpl - paidOrders are loaded from database
[INFO ] 2020-04-06 18:32:55.063 [main] BeverageDAOImpl - beverages are loaded from database
[INFO ] 2020-04-06 18:32:55.071 [main] WaiterDAOImpl - Waiters are loaded from database
[INFO ] 2020-04-06 18:32:55.087 [main] PaidOrderDAOImpl - paidOrders are loaded from database
[INFO ] 2020-04-06 18:32:55.160 [main] BeverageDAOImpl - beverages are loaded from database
[INFO ] 2020-04-06 18:32:55.167 [main] WaiterDAOImpl - Waiters are loaded from database
[INFO ] 2020-04-06 18:32:55.179 [main] PaidOrderDAOImpl - paidOrders are loaded from database
[INFO ] 2020-04-06 18:32:55.199 [main] BeverageDAOImpl - beverages are loaded from database
[INFO ] 2020-04-06 18:32:55.204 [main] WaiterDAOImpl - Waiters are loaded from database
[INFO ] 2020-04-06 18:32:55.215 [main] PaidOrderDAOImpl - paidOrders are loaded from database
[INFO ] 2020-04-06 18:32:55.248 [main] BeverageDAOImpl - beverages are loaded from database
[INFO ] 2020-04-06 18:32:55.266 [main] WaiterDAOImpl - Waiters are loaded from database
[INFO ] 2020-04-06 18:32:55.280 [main] PaidOrderDAOImpl - paidOrders are loaded from database
[INFO ] 2020-04-06 18:32:55.351 [main] BeverageDAOImpl - beverages are loaded from database
[INFO ] 2020-04-06 18:32:55.368 [main] WaiterDAOImpl - Waiters are loaded from database
[INFO ] 2020-04-06 18:32:55.384 [main] PaidOrderDAOImpl - paidOrders are loaded from database
[INFO ] 2020-04-06 18:32:55.440 [main] BeverageDAOImpl - beverages are loaded from database
[INFO ] 2020-04-06 18:32:55.448 [main] WaiterDAOImpl - Waiters are loaded from database
[INFO ] 2020-04-06 18:32:55.463 [main] PaidOrderDAOImpl - paidOrders are loaded from database
[INFO ] 2020-04-06 18:32:55.482 [main] BeverageDAOImpl - beverages are loaded from database
[INFO ] 2020-04-06 18:32:55.487 [main] WaiterDAOImpl - Waiters are loaded from database
[INFO ] 2020-04-06 18:32:55.496 [main] PaidOrderDAOImpl - paidOrders are loaded from database
[INFO ] 2020-04-06 18:32:55.513 [main] BeverageDAOImpl - beverages are loaded from database
[INFO ] 2020-04-06 18:32:55.518 [main] WaiterDAOImpl - Waiters are loaded from database
[INFO ] 2020-04-06 18:32:55.524 [main] PaidOrderDAOImpl - paidOrders are loaded from database
[INFO ] 2020-04-06 18:32:55.534 [main] BeverageDAOImpl - beverages are loaded from database
[INFO ] 2020-04-06 18:32:55.538 [main] WaiterDAOImpl - Waiters are loaded from database
[INFO ] 2020-04-06 18:32:55.550 [main] PaidOrderDAOImpl - paidOrders are loaded from database
[INFO ] 2020-04-06 18:32:55.559 [main] BeverageDAOImpl - beverages are loaded from database
[INFO ] 2020-04-06 18:32:55.564 [main] WaiterDAOImpl - Waiters are loaded from database
[INFO ] 2020-04-06 18:32:55.570 [main] PaidOrderDAOImpl - paidOrders are loaded from database
[INFO ] 2020-04-06 18:32:55.590 [main] BeverageDAOImpl - beverages are loaded from database
[INFO ] 2020-04-06 18:32:55.597 [main] WaiterDAOImpl - Waiters are loaded from database
[INFO ] 2020-04-06 18:32:55.603 [main] PaidOrderDAOImpl - paidOrders are loaded from database
[INFO ] 2020-04-06 18:32:55.615 [main] BeverageDAOImpl - beverages are loaded from database
[INFO ] 2020-04-06 18:32:55.620 [main] WaiterDAOImpl - Waiters are loaded from database
[INFO ] 2020-04-06 18:32:55.629 [main] PaidOrderDAOImpl - paidOrders are loaded from database
[INFO ] 2020-04-06 18:32:56.156 [main] BeverageDAOImpl - beverages are loaded from database
[INFO ] 2020-04-06 18:32:56.161 [main] WaiterDAOImpl - Waiters are loaded from database
[INFO ] 2020-04-06 18:32:56.167 [main] PaidOrderDAOImpl - paidOrders are loaded from database
[INFO ] 2020-04-06 18:32:57.097 [main] BeverageDAOImpl - beverages are loaded from database
[INFO ] 2020-04-06 18:32:57.102 [main] WaiterDAOImpl - Waiters are loaded from database
[INFO ] 2020-04-06 18:32:57.108 [main] PaidOrderDAOImpl - paidOrders are loaded from database
[INFO ] 2020-04-06 18:32:57.125 [main] BeverageDAOImpl - beverages are loaded from database
[INFO ] 2020-04-06 18:32:57.130 [main] WaiterDAOImpl - Waiters are loaded from database
[INFO ] 2020-04-06 18:32:57.136 [main] PaidOrderDAOImpl - paidOrders are loaded from database
[INFO ] 2020-04-06 18:32:57.147 [main] BeverageDAOImpl - beverages are loaded from database
[INFO ] 2020-04-06 18:32:57.154 [main] WaiterDAOImpl - Waiters are loaded from database
[INFO ] 2020-04-06 18:32:57.161 [main] PaidOrderDAOImpl - paidOrders are loaded from database
[INFO ] 2020-04-06 18:32:57.175 [main] BeverageDAOImpl - beverages are loaded from database
[INFO ] 2020-04-06 18:32:57.184 [main] WaiterDAOImpl - Waiters are loaded from database
[INFO ] 2020-04-06 18:32:57.190 [main] PaidOrderDAOImpl - paidOrders are loaded from database
[INFO ] 2020-04-06 18:32:57.204 [main] BeverageDAOImpl - beverages are loaded from database
[INFO ] 2020-04-06 18:32:57.209 [main] WaiterDAOImpl - Waiters are loaded from database
[INFO ] 2020-04-06 18:32:57.214 [main] PaidOrderDAOImpl - paidOrders are loaded from database
[INFO ] 2020-04-06 18:32:57.222 [main] BeverageDAOImpl - beverages are loaded from database
[INFO ] 2020-04-06 18:32:57.229 [main] WaiterDAOImpl - Waiters are loaded from database
[INFO ] 2020-04-06 18:32:57.235 [main] PaidOrderDAOImpl - paidOrders are loaded from database
[INFO ] 2020-04-06 18:32:58.272 [main] BeverageDAOImpl - beverages are loaded from database
[INFO ] 2020-04-06 18:32:58.286 [main] BeverageDAOImpl - beverages are loaded from database
[INFO ] 2020-04-06 18:32:58.290 [main] WaiterDAOImpl - Waiters are loaded from database
[INFO ] 2020-04-06 18:32:58.294 [main] PaidOrderDAOImpl - paidOrders are loaded from database
[INFO ] 2020-04-06 18:32:58.298 [main] PaidOrderDAOImpl - paidOrders are loaded from database
[INFO ] 2020-04-06 18:32:58.302 [main] PaidOrderDAOImpl - Returned highest orderNumber 1000 from database
[INFO ] 2020-04-06 18:32:58.308 [main] PaidOrderDAOImpl - Returned highest ID 210 from database
[INFO ] 2020-04-06 18:32:58.322 [main] BeverageDAOImpl - beverages are loaded from database
[INFO ] 2020-04-06 18:32:58.326 [main] WaiterDAOImpl - Waiters are loaded from database
[INFO ] 2020-04-06 18:32:58.331 [main] PaidOrderDAOImpl - paidOrders are loaded from database
[INFO ] 2020-04-06 18:32:58.336 [main] PaidOrderDAOImpl - paidOrders are loaded from database
[INFO ] 2020-04-06 18:32:58.379 [main] BeverageDAOImpl - beverages are loaded from database
[INFO ] 2020-04-06 18:32:58.384 [main] WaiterDAOImpl - Waiters are loaded from database
[INFO ] 2020-04-06 18:32:58.391 [main] PaidOrderDAOImpl - paidOrders are loaded from database
[INFO ] 2020-04-06 18:32:58.397 [main] PaidOrderDAOImpl - paidOrders are loaded from database
[INFO ] 2020-04-06 18:32:58.403 [main] WaiterDAOImpl - Waiters are loaded from database
[INFO ] 2020-04-06 18:32:58.412 [main] BeverageDAOImpl - beverages are loaded from database
[INFO ] 2020-04-06 18:32:58.416 [main] WaiterDAOImpl - Waiters are loaded from database
[INFO ] 2020-04-06 18:32:58.421 [main] PaidOrderDAOImpl - paidOrders are loaded from database
[INFO ] 2020-04-06 18:32:58.427 [main] BeverageDAOImpl - beverages are loaded from database
[INFO ] 2020-04-06 18:32:58.431 [main] WaiterDAOImpl - Waiters are loaded from database
[INFO ] 2020-04-06 18:32:58.437 [main] PaidOrderDAOImpl - paidOrders are loaded from database
[INFO ] 2020-04-06 18:32:58.446 [main] BeverageDAOImpl - beverages are loaded from database
[INFO ] 2020-04-06 18:32:58.449 [main] WaiterDAOImpl - Waiters are loaded from database
[INFO ] 2020-04-06 18:32:58.456 [main] PaidOrderDAOImpl - paidOrders are loaded from database
[INFO ] 2020-04-06 18:32:58.466 [main] BeverageDAOImpl - beverages are loaded from database
[INFO ] 2020-04-06 18:32:58.471 [main] WaiterDAOImpl - Waiters are loaded from database
[INFO ] 2020-04-06 18:32:58.476 [main] PaidOrderDAOImpl - paidOrders are loaded from database
[INFO ] 2020-04-06 18:32:58.488 [main] BeverageDAOImpl - beverages are loaded from database
[INFO ] 2020-04-06 18:32:58.492 [main] WaiterDAOImpl - Waiters are loaded from database
[INFO ] 2020-04-06 18:32:58.498 [main] PaidOrderDAOImpl - paidOrders are loaded from database
[INFO ] 2020-04-06 18:32:58.509 [main] BeverageDAOImpl - beverages are loaded from database
[INFO ] 2020-04-06 18:32:58.513 [main] WaiterDAOImpl - Waiters are loaded from database
[INFO ] 2020-04-06 18:32:58.525 [main] PaidOrderDAOImpl - paidOrders are loaded from database
[INFO ] 2020-04-06 18:32:58.535 [main] BeverageDAOImpl - beverages are loaded from database
[INFO ] 2020-04-06 18:32:58.541 [main] WaiterDAOImpl - Waiters are loaded from database
[INFO ] 2020-04-06 18:32:58.548 [main] PaidOrderDAOImpl - paidOrders are loaded from database
[INFO ] 2020-04-06 18:32:58.559 [main] BeverageDAOImpl - beverages are loaded from database
[INFO ] 2020-04-06 18:32:58.563 [main] WaiterDAOImpl - Waiters are loaded from database
[INFO ] 2020-04-06 18:32:58.568 [main] PaidOrderDAOImpl - paidOrders are loaded from database
[INFO ] 2020-04-06 18:32:58.578 [main] BeverageDAOImpl - beverages are loaded from database
[INFO ] 2020-04-06 18:32:58.584 [main] WaiterDAOImpl - Waiters are loaded from database
[INFO ] 2020-04-06 18:32:58.591 [main] PaidOrderDAOImpl - paidOrders are loaded from database
[INFO ] 2020-04-06 18:34:24.902 [main] BeverageDAOImpl - beverages are loaded from database
[INFO ] 2020-04-06 18:34:24.922 [main] WaiterDAOImpl - Waiters are loaded from database
[INFO ] 2020-04-06 18:34:24.957 [main] PaidOrderDAOImpl - paidOrders are loaded from database
[INFO ] 2020-04-06 18:34:24.990 [main] BeverageDAOImpl - beverages are loaded from database
[INFO ] 2020-04-06 18:34:24.999 [main] WaiterDAOImpl - Waiters are loaded from database
[INFO ] 2020-04-06 18:34:25.022 [main] PaidOrderDAOImpl - paidOrders are loaded from database
[INFO ] 2020-04-06 18:34:25.083 [main] BeverageDAOImpl - beverages are loaded from database
[INFO ] 2020-04-06 18:34:25.089 [main] WaiterDAOImpl - Waiters are loaded from database
[INFO ] 2020-04-06 18:34:25.100 [main] PaidOrderDAOImpl - paidOrders are loaded from database
[INFO ] 2020-04-06 18:34:25.115 [main] BeverageDAOImpl - beverages are loaded from database
[INFO ] 2020-04-06 18:34:25.120 [main] WaiterDAOImpl - Waiters are loaded from database
[INFO ] 2020-04-06 18:34:25.129 [main] PaidOrderDAOImpl - paidOrders are loaded from database
[INFO ] 2020-04-06 18:34:25.145 [main] BeverageDAOImpl - beverages are loaded from database
[INFO ] 2020-04-06 18:34:25.162 [main] WaiterDAOImpl - Waiters are loaded from database
[INFO ] 2020-04-06 18:34:25.173 [main] PaidOrderDAOImpl - paidOrders are loaded from database
[INFO ] 2020-04-06 18:34:25.194 [main] BeverageDAOImpl - beverages are loaded from database
[INFO ] 2020-04-06 18:34:25.206 [main] WaiterDAOImpl - Waiters are loaded from database
[INFO ] 2020-04-06 18:34:25.216 [main] PaidOrderDAOImpl - paidOrders are loaded from database
[INFO ] 2020-04-06 18:34:25.240 [main] BeverageDAOImpl - beverages are loaded from database
[INFO ] 2020-04-06 18:34:25.251 [main] WaiterDAOImpl - Waiters are loaded from database
[INFO ] 2020-04-06 18:34:25.258 [main] PaidOrderDAOImpl - paidOrders are loaded from database
[INFO ] 2020-04-06 18:34:25.268 [main] BeverageDAOImpl - beverages are loaded from database
[INFO ] 2020-04-06 18:34:25.275 [main] WaiterDAOImpl - Waiters are loaded from database
[INFO ] 2020-04-06 18:34:25.281 [main] PaidOrderDAOImpl - paidOrders are loaded from database
[INFO ] 2020-04-06 18:34:25.297 [main] BeverageDAOImpl - beverages are loaded from database
[INFO ] 2020-04-06 18:34:25.302 [main] WaiterDAOImpl - Waiters are loaded from database
[INFO ] 2020-04-06 18:34:25.308 [main] PaidOrderDAOImpl - paidOrders are loaded from database
[INFO ] 2020-04-06 18:34:25.325 [main] BeverageDAOImpl - beverages are loaded from database
[INFO ] 2020-04-06 18:34:25.329 [main] WaiterDAOImpl - Waiters are loaded from database
[INFO ] 2020-04-06 18:34:25.336 [main] PaidOrderDAOImpl - paidOrders are loaded from database
[INFO ] 2020-04-06 18:34:25.345 [main] BeverageDAOImpl - beverages are loaded from database
[INFO ] 2020-04-06 18:34:25.351 [main] WaiterDAOImpl - Waiters are loaded from database
[INFO ] 2020-04-06 18:34:25.357 [main] PaidOrderDAOImpl - paidOrders are loaded from database
[INFO ] 2020-04-06 18:34:25.371 [main] BeverageDAOImpl - beverages are loaded from database
[INFO ] 2020-04-06 18:34:25.375 [main] WaiterDAOImpl - Waiters are loaded from database
[INFO ] 2020-04-06 18:34:25.383 [main] PaidOrderDAOImpl - paidOrders are loaded from database
[INFO ] 2020-04-06 18:34:25.389 [main] BeverageDAOImpl - beverages are loaded from database
[INFO ] 2020-04-06 18:34:25.393 [main] WaiterDAOImpl - Waiters are loaded from database
[INFO ] 2020-04-06 18:34:25.397 [main] PaidOrderDAOImpl - paidOrders are loaded from database
[INFO ] 2020-04-06 18:34:25.700 [main] BeverageDAOImpl - beverages are loaded from database
[INFO ] 2020-04-06 18:34:25.705 [main] WaiterDAOImpl - Waiters are loaded from database
[INFO ] 2020-04-06 18:34:25.712 [main] PaidOrderDAOImpl - paidOrders are loaded from database
[INFO ] 2020-04-06 18:34:26.474 [main] BeverageDAOImpl - beverages are loaded from database
[INFO ] 2020-04-06 18:34:26.478 [main] WaiterDAOImpl - Waiters are loaded from database
[INFO ] 2020-04-06 18:34:26.485 [main] PaidOrderDAOImpl - paidOrders are loaded from database
[INFO ] 2020-04-06 18:34:26.507 [main] BeverageDAOImpl - beverages are loaded from database
[INFO ] 2020-04-06 18:34:26.512 [main] WaiterDAOImpl - Waiters are loaded from database
[INFO ] 2020-04-06 18:34:26.519 [main] PaidOrderDAOImpl - paidOrders are loaded from database
[INFO ] 2020-04-06 18:34:26.529 [main] BeverageDAOImpl - beverages are loaded from database
[INFO ] 2020-04-06 18:34:26.534 [main] WaiterDAOImpl - Waiters are loaded from database
[INFO ] 2020-04-06 18:34:26.540 [main] PaidOrderDAOImpl - paidOrders are loaded from database
[INFO ] 2020-04-06 18:34:26.549 [main] BeverageDAOImpl - beverages are loaded from database
[INFO ] 2020-04-06 18:34:26.555 [main] WaiterDAOImpl - Waiters are loaded from database
[INFO ] 2020-04-06 18:34:26.560 [main] PaidOrderDAOImpl - paidOrders are loaded from database
[INFO ] 2020-04-06 18:34:26.575 [main] BeverageDAOImpl - beverages are loaded from database
[INFO ] 2020-04-06 18:34:26.580 [main] WaiterDAOImpl - Waiters are loaded from database
[INFO ] 2020-04-06 18:34:26.584 [main] PaidOrderDAOImpl - paidOrders are loaded from database
[INFO ] 2020-04-06 18:34:26.590 [main] BeverageDAOImpl - beverages are loaded from database
[INFO ] 2020-04-06 18:34:26.594 [main] WaiterDAOImpl - Waiters are loaded from database
[INFO ] 2020-04-06 18:34:26.600 [main] PaidOrderDAOImpl - paidOrders are loaded from database
[INFO ] 2020-04-06 18:34:27.327 [main] BeverageDAOImpl - beverages are loaded from database
[INFO ] 2020-04-06 18:34:27.342 [main] BeverageDAOImpl - beverages are loaded from database
[INFO ] 2020-04-06 18:34:27.346 [main] WaiterDAOImpl - Waiters are loaded from database
[INFO ] 2020-04-06 18:34:27.351 [main] PaidOrderDAOImpl - paidOrders are loaded from database
[INFO ] 2020-04-06 18:34:27.355 [main] PaidOrderDAOImpl - paidOrders are loaded from database
[INFO ] 2020-04-06 18:34:27.359 [main] PaidOrderDAOImpl - Returned highest orderNumber 71 from database
[INFO ] 2020-04-06 18:34:27.363 [main] PaidOrderDAOImpl - Returned highest ID 87 from database
[INFO ] 2020-04-06 18:34:27.371 [main] BeverageDAOImpl - beverages are loaded from database
[INFO ] 2020-04-06 18:34:27.378 [main] WaiterDAOImpl - Waiters are loaded from database
[INFO ] 2020-04-06 18:34:27.383 [main] PaidOrderDAOImpl - paidOrders are loaded from database
[INFO ] 2020-04-06 18:34:27.389 [main] PaidOrderDAOImpl - paidOrders are loaded from database
[INFO ] 2020-04-06 18:34:27.425 [main] BeverageDAOImpl - beverages are loaded from database
[INFO ] 2020-04-06 18:34:27.429 [main] WaiterDAOImpl - Waiters are loaded from database
[INFO ] 2020-04-06 18:34:27.436 [main] PaidOrderDAOImpl - paidOrders are loaded from database
[INFO ] 2020-04-06 18:34:27.443 [main] PaidOrderDAOImpl - paidOrders are loaded from database
[INFO ] 2020-04-06 18:34:27.452 [main] WaiterDAOImpl - Waiters are loaded from database
[INFO ] 2020-04-06 18:34:27.461 [main] BeverageDAOImpl - beverages are loaded from database
[INFO ] 2020-04-06 18:34:27.464 [main] WaiterDAOImpl - Waiters are loaded from database
[INFO ] 2020-04-06 18:34:27.469 [main] PaidOrderDAOImpl - paidOrders are loaded from database
[INFO ] 2020-04-06 18:34:27.478 [main] BeverageDAOImpl - beverages are loaded from database
[INFO ] 2020-04-06 18:34:27.483 [main] WaiterDAOImpl - Waiters are loaded from database
[INFO ] 2020-04-06 18:34:27.488 [main] PaidOrderDAOImpl - paidOrders are loaded from database
[INFO ] 2020-04-06 18:34:27.495 [main] BeverageDAOImpl - beverages are loaded from database
[INFO ] 2020-04-06 18:34:27.500 [main] WaiterDAOImpl - Waiters are loaded from database
[INFO ] 2020-04-06 18:34:27.506 [main] PaidOrderDAOImpl - paidOrders are loaded from database
[INFO ] 2020-04-06 18:34:27.519 [main] BeverageDAOImpl - beverages are loaded from database
[INFO ] 2020-04-06 18:34:27.523 [main] WaiterDAOImpl - Waiters are loaded from database
[INFO ] 2020-04-06 18:34:27.529 [main] PaidOrderDAOImpl - paidOrders are loaded from database
[INFO ] 2020-04-06 18:34:27.541 [main] BeverageDAOImpl - beverages are loaded from database
[INFO ] 2020-04-06 18:34:27.546 [main] WaiterDAOImpl - Waiters are loaded from database
[INFO ] 2020-04-06 18:34:27.551 [main] PaidOrderDAOImpl - paidOrders are loaded from database
[INFO ] 2020-04-06 18:34:27.562 [main] BeverageDAOImpl - beverages are loaded from database
[INFO ] 2020-04-06 18:34:27.567 [main] WaiterDAOImpl - Waiters are loaded from database
[INFO ] 2020-04-06 18:34:27.572 [main] PaidOrderDAOImpl - paidOrders are loaded from database
[INFO ] 2020-04-06 18:34:27.585 [main] BeverageDAOImpl - beverages are loaded from database
[INFO ] 2020-04-06 18:34:27.599 [main] WaiterDAOImpl - Waiters are loaded from database
[INFO ] 2020-04-06 18:34:27.604 [main] PaidOrderDAOImpl - paidOrders are loaded from database
[INFO ] 2020-04-06 18:34:27.626 [main] BeverageDAOImpl - beverages are loaded from database
[INFO ] 2020-04-06 18:34:27.631 [main] WaiterDAOImpl - Waiters are loaded from database
[INFO ] 2020-04-06 18:34:27.638 [main] PaidOrderDAOImpl - paidOrders are loaded from database
[INFO ] 2020-04-06 18:34:27.647 [main] BeverageDAOImpl - beverages are loaded from database
[INFO ] 2020-04-06 18:34:27.653 [main] WaiterDAOImpl - Waiters are loaded from database
[INFO ] 2020-04-06 18:34:27.657 [main] PaidOrderDAOImpl - paidOrders are loaded from database
[INFO ] 2020-04-06 23:09:57.252 [main] BeverageDAOImpl - beverages are loaded from database
[INFO ] 2020-04-06 23:09:57.278 [main] WaiterDAOImpl - Waiters are loaded from database
[INFO ] 2020-04-06 23:09:57.321 [main] PaidOrderDAOImpl - paidOrders are loaded from database
[INFO ] 2020-04-06 23:09:57.355 [main] BeverageDAOImpl - beverages are loaded from database
[INFO ] 2020-04-06 23:09:57.360 [main] WaiterDAOImpl - Waiters are loaded from database
[INFO ] 2020-04-06 23:09:57.375 [main] PaidOrderDAOImpl - paidOrders are loaded from database
[INFO ] 2020-04-06 23:09:57.447 [main] BeverageDAOImpl - beverages are loaded from database
[INFO ] 2020-04-06 23:09:57.453 [main] WaiterDAOImpl - Waiters are loaded from database
[INFO ] 2020-04-06 23:09:57.466 [main] PaidOrderDAOImpl - paidOrders are loaded from database
[INFO ] 2020-04-06 23:09:57.486 [main] BeverageDAOImpl - beverages are loaded from database
[INFO ] 2020-04-06 23:09:57.498 [main] WaiterDAOImpl - Waiters are loaded from database
[INFO ] 2020-04-06 23:09:57.516 [main] PaidOrderDAOImpl - paidOrders are loaded from database
[INFO ] 2020-04-06 23:09:57.540 [main] BeverageDAOImpl - beverages are loaded from database
[INFO ] 2020-04-06 23:09:57.552 [main] WaiterDAOImpl - Waiters are loaded from database
[INFO ] 2020-04-06 23:09:57.563 [main] PaidOrderDAOImpl - paidOrders are loaded from database
[INFO ] 2020-04-06 23:09:57.609 [main] BeverageDAOImpl - beverages are loaded from database
[INFO ] 2020-04-06 23:09:57.622 [main] WaiterDAOImpl - Waiters are loaded from database
[INFO ] 2020-04-06 23:09:57.637 [main] PaidOrderDAOImpl - paidOrders are loaded from database
[INFO ] 2020-04-06 23:09:57.689 [main] BeverageDAOImpl - beverages are loaded from database
[INFO ] 2020-04-06 23:09:57.694 [main] WaiterDAOImpl - Waiters are loaded from database
[INFO ] 2020-04-06 23:09:57.703 [main] PaidOrderDAOImpl - paidOrders are loaded from database
[INFO ] 2020-04-06 23:09:57.719 [main] BeverageDAOImpl - beverages are loaded from database
[INFO ] 2020-04-06 23:09:57.728 [main] WaiterDAOImpl - Waiters are loaded from database
[INFO ] 2020-04-06 23:09:57.738 [main] PaidOrderDAOImpl - paidOrders are loaded from database
[INFO ] 2020-04-06 23:09:57.757 [main] BeverageDAOImpl - beverages are loaded from database
[INFO ] 2020-04-06 23:09:57.761 [main] WaiterDAOImpl - Waiters are loaded from database
[INFO ] 2020-04-06 23:09:57.771 [main] PaidOrderDAOImpl - paidOrders are loaded from database
[INFO ] 2020-04-06 23:09:57.783 [main] BeverageDAOImpl - beverages are loaded from database
[INFO ] 2020-04-06 23:09:57.788 [main] WaiterDAOImpl - Waiters are loaded from database
[INFO ] 2020-04-06 23:09:57.796 [main] PaidOrderDAOImpl - paidOrders are loaded from database
[INFO ] 2020-04-06 23:09:57.808 [main] BeverageDAOImpl - beverages are loaded from database
[INFO ] 2020-04-06 23:09:57.818 [main] WaiterDAOImpl - Waiters are loaded from database
[INFO ] 2020-04-06 23:09:57.833 [main] PaidOrderDAOImpl - paidOrders are loaded from database
[INFO ] 2020-04-06 23:09:57.855 [main] BeverageDAOImpl - beverages are loaded from database
[INFO ] 2020-04-06 23:09:57.860 [main] WaiterDAOImpl - Waiters are loaded from database
[INFO ] 2020-04-06 23:09:57.874 [main] PaidOrderDAOImpl - paidOrders are loaded from database
[INFO ] 2020-04-06 23:09:57.891 [main] BeverageDAOImpl - beverages are loaded from database
[INFO ] 2020-04-06 23:09:57.896 [main] WaiterDAOImpl - Waiters are loaded from database
[INFO ] 2020-04-06 23:09:57.903 [main] PaidOrderDAOImpl - paidOrders are loaded from database
[INFO ] 2020-04-06 23:09:58.271 [main] BeverageDAOImpl - beverages are loaded from database
[INFO ] 2020-04-06 23:09:58.276 [main] WaiterDAOImpl - Waiters are loaded from database
[INFO ] 2020-04-06 23:09:58.282 [main] PaidOrderDAOImpl - paidOrders are loaded from database
[INFO ] 2020-04-06 23:09:59.263 [main] BeverageDAOImpl - beverages are loaded from database
[INFO ] 2020-04-06 23:09:59.269 [main] WaiterDAOImpl - Waiters are loaded from database
[INFO ] 2020-04-06 23:09:59.275 [main] PaidOrderDAOImpl - paidOrders are loaded from database
[INFO ] 2020-04-06 23:09:59.292 [main] BeverageDAOImpl - beverages are loaded from database
[INFO ] 2020-04-06 23:09:59.306 [main] WaiterDAOImpl - Waiters are loaded from database
[INFO ] 2020-04-06 23:09:59.322 [main] PaidOrderDAOImpl - paidOrders are loaded from database
[INFO ] 2020-04-06 23:09:59.352 [main] BeverageDAOImpl - beverages are loaded from database
[INFO ] 2020-04-06 23:09:59.372 [main] WaiterDAOImpl - Waiters are loaded from database
[INFO ] 2020-04-06 23:09:59.382 [main] PaidOrderDAOImpl - paidOrders are loaded from database
[INFO ] 2020-04-06 23:09:59.414 [main] BeverageDAOImpl - beverages are loaded from database
[INFO ] 2020-04-06 23:09:59.419 [main] WaiterDAOImpl - Waiters are loaded from database
[INFO ] 2020-04-06 23:09:59.424 [main] PaidOrderDAOImpl - paidOrders are loaded from database
[INFO ] 2020-04-06 23:09:59.443 [main] BeverageDAOImpl - beverages are loaded from database
[INFO ] 2020-04-06 23:09:59.450 [main] WaiterDAOImpl - Waiters are loaded from database
[INFO ] 2020-04-06 23:09:59.456 [main] PaidOrderDAOImpl - paidOrders are loaded from database
[INFO ] 2020-04-06 23:09:59.464 [main] BeverageDAOImpl - beverages are loaded from database
[INFO ] 2020-04-06 23:09:59.470 [main] WaiterDAOImpl - Waiters are loaded from database
[INFO ] 2020-04-06 23:09:59.479 [main] PaidOrderDAOImpl - paidOrders are loaded from database
[INFO ] 2020-04-06 23:10:00.520 [main] BeverageDAOImpl - beverages are loaded from database
[INFO ] 2020-04-06 23:10:00.540 [main] BeverageDAOImpl - beverages are loaded from database
[INFO ] 2020-04-06 23:10:00.547 [main] WaiterDAOImpl - Waiters are loaded from database
[INFO ] 2020-04-06 23:10:00.553 [main] PaidOrderDAOImpl - paidOrders are loaded from database
[INFO ] 2020-04-06 23:10:00.558 [main] PaidOrderDAOImpl - paidOrders are loaded from database
[INFO ] 2020-04-06 23:10:00.565 [main] PaidOrderDAOImpl - Returned highest orderNumber 71 from database
[INFO ] 2020-04-06 23:10:00.572 [main] PaidOrderDAOImpl - Returned highest ID 87 from database
[INFO ] 2020-04-06 23:10:00.580 [main] BeverageDAOImpl - beverages are loaded from database
[INFO ] 2020-04-06 23:10:00.593 [main] WaiterDAOImpl - Waiters are loaded from database
[INFO ] 2020-04-06 23:10:00.599 [main] PaidOrderDAOImpl - paidOrders are loaded from database
[INFO ] 2020-04-06 23:10:00.605 [main] PaidOrderDAOImpl - paidOrders are loaded from database
[INFO ] 2020-04-06 23:10:00.655 [main] BeverageDAOImpl - beverages are loaded from database
[INFO ] 2020-04-06 23:10:00.661 [main] WaiterDAOImpl - Waiters are loaded from database
[INFO ] 2020-04-06 23:10:00.668 [main] PaidOrderDAOImpl - paidOrders are loaded from database
[INFO ] 2020-04-06 23:10:00.674 [main] PaidOrderDAOImpl - paidOrders are loaded from database
[INFO ] 2020-04-06 23:10:00.684 [main] WaiterDAOImpl - Waiters are loaded from database
[INFO ] 2020-04-06 23:10:00.694 [main] BeverageDAOImpl - beverages are loaded from database
[INFO ] 2020-04-06 23:10:00.706 [main] WaiterDAOImpl - Waiters are loaded from database
[INFO ] 2020-04-06 23:10:00.713 [main] PaidOrderDAOImpl - paidOrders are loaded from database
[INFO ] 2020-04-06 23:10:00.725 [main] BeverageDAOImpl - beverages are loaded from database
[INFO ] 2020-04-06 23:10:00.739 [main] WaiterDAOImpl - Waiters are loaded from database
[INFO ] 2020-04-06 23:10:00.749 [main] PaidOrderDAOImpl - paidOrders are loaded from database
[INFO ] 2020-04-06 23:10:00.768 [main] BeverageDAOImpl - beverages are loaded from database
[INFO ] 2020-04-06 23:10:00.772 [main] WaiterDAOImpl - Waiters are loaded from database
[INFO ] 2020-04-06 23:10:00.778 [main] PaidOrderDAOImpl - paidOrders are loaded from database
[INFO ] 2020-04-06 23:10:00.807 [main] BeverageDAOImpl - beverages are loaded from database
[INFO ] 2020-04-06 23:10:00.812 [main] WaiterDAOImpl - Waiters are loaded from database
[INFO ] 2020-04-06 23:10:00.817 [main] PaidOrderDAOImpl - paidOrders are loaded from database
[INFO ] 2020-04-06 23:10:00.824 [main] BeverageDAOImpl - beverages are loaded from database
[INFO ] 2020-04-06 23:10:00.828 [main] WaiterDAOImpl - Waiters are loaded from database
[INFO ] 2020-04-06 23:10:00.834 [main] PaidOrderDAOImpl - paidOrders are loaded from database
[INFO ] 2020-04-06 23:10:00.845 [main] BeverageDAOImpl - beverages are loaded from database
[INFO ] 2020-04-06 23:10:00.857 [main] WaiterDAOImpl - Waiters are loaded from database
[INFO ] 2020-04-06 23:10:00.864 [main] PaidOrderDAOImpl - paidOrders are loaded from database
[INFO ] 2020-04-06 23:10:00.874 [main] BeverageDAOImpl - beverages are loaded from database
[INFO ] 2020-04-06 23:10:00.881 [main] WaiterDAOImpl - Waiters are loaded from database
[INFO ] 2020-04-06 23:10:00.886 [main] PaidOrderDAOImpl - paidOrders are loaded from database
[INFO ] 2020-04-06 23:10:00.901 [main] BeverageDAOImpl - beverages are loaded from database
[INFO ] 2020-04-06 23:10:00.905 [main] WaiterDAOImpl - Waiters are loaded from database
[INFO ] 2020-04-06 23:10:00.912 [main] PaidOrderDAOImpl - paidOrders are loaded from database
[INFO ] 2020-04-06 23:10:00.929 [main] BeverageDAOImpl - beverages are loaded from database
[INFO ] 2020-04-06 23:10:00.939 [main] WaiterDAOImpl - Waiters are loaded from database
[INFO ] 2020-04-06 23:10:00.947 [main] PaidOrderDAOImpl - paidOrders are loaded from database
[INFO ] 2020-04-06 23:10:35.742 [main] BeverageDAOImpl - beverages are loaded from database
[INFO ] 2020-04-06 23:10:35.762 [main] WaiterDAOImpl - Waiters are loaded from database
[INFO ] 2020-04-06 23:10:35.799 [main] PaidOrderDAOImpl - paidOrders are loaded from database
[INFO ] 2020-04-06 23:10:35.815 [main] PaidOrderDAOImpl - paidOrders are loaded from database
[INFO ] 2020-04-06 23:12:40.202 [main] BeverageDAOImpl - beverages are loaded from database
[INFO ] 2020-04-06 23:12:40.225 [main] WaiterDAOImpl - Waiters are loaded from database
[INFO ] 2020-04-06 23:12:40.297 [main] PaidOrderDAOImpl - paidOrders are loaded from database
[INFO ] 2020-04-06 23:12:40.316 [main] PaidOrderDAOImpl - paidOrders are loaded from database
[INFO ] 2020-04-06 23:12:40.326 [main] PaidOrderDAOImpl - Returned highest orderNumber 71 from database
[INFO ] 2020-04-06 23:12:40.338 [main] PaidOrderDAOImpl - Returned highest ID 87 from database
[INFO ] 2020-04-06 23:15:40.068 [main] BeverageDAOImpl - beverages are loaded from database
[INFO ] 2020-04-06 23:15:40.100 [main] WaiterDAOImpl - Waiters are loaded from database
[INFO ] 2020-04-06 23:15:40.142 [main] PaidOrderDAOImpl - paidOrders are loaded from database
[INFO ] 2020-04-06 23:15:40.158 [main] PaidOrderDAOImpl - paidOrders are loaded from database
[INFO ] 2020-04-06 23:15:40.169 [main] PaidOrderDAOImpl - Returned highest orderNumber 71 from database
[INFO ] 2020-04-06 23:15:40.182 [main] PaidOrderDAOImpl - Returned highest ID 87 from database
[INFO ] 2020-04-06 23:16:46.532 [main] BeverageDAOImpl - beverages are loaded from database
[INFO ] 2020-04-06 23:16:46.566 [main] WaiterDAOImpl - Waiters are loaded from database
[INFO ] 2020-04-06 23:16:46.603 [main] PaidOrderDAOImpl - paidOrders are loaded from database
[INFO ] 2020-04-06 23:16:46.617 [main] PaidOrderDAOImpl - paidOrders are loaded from database
[INFO ] 2020-04-06 23:17:30.456 [main] BeverageDAOImpl - beverages are loaded from database
[INFO ] 2020-04-06 23:17:30.531 [main] WaiterDAOImpl - Waiters are loaded from database
[INFO ] 2020-04-06 23:17:30.561 [main] PaidOrderDAOImpl - paidOrders are loaded from database
[INFO ] 2020-04-06 23:17:30.577 [main] PaidOrderDAOImpl - paidOrders are loaded from database
[INFO ] 2020-04-06 23:17:39.429 [main] BeverageDAOImpl - beverages are loaded from database
[INFO ] 2020-04-06 23:17:39.461 [main] WaiterDAOImpl - Waiters are loaded from database
[INFO ] 2020-04-06 23:17:39.522 [main] PaidOrderDAOImpl - paidOrders are loaded from database
[INFO ] 2020-04-06 23:17:39.554 [main] PaidOrderDAOImpl - paidOrders are loaded from database
[INFO ] 2020-04-06 23:17:48.788 [main] BeverageDAOImpl - beverages are loaded from database
[INFO ] 2020-04-06 23:17:48.806 [main] WaiterDAOImpl - Waiters are loaded from database
[INFO ] 2020-04-06 23:17:48.839 [main] PaidOrderDAOImpl - paidOrders are loaded from database
[INFO ] 2020-04-06 23:17:48.854 [main] PaidOrderDAOImpl - paidOrders are loaded from database
[INFO ] 2020-04-06 23:18:11.866 [main] BeverageDAOImpl - beverages are loaded from database
[INFO ] 2020-04-06 23:18:11.916 [main] WaiterDAOImpl - Waiters are loaded from database
[INFO ] 2020-04-06 23:18:11.995 [main] PaidOrderDAOImpl - paidOrders are loaded from database
[INFO ] 2020-04-06 23:18:12.021 [main] BeverageDAOImpl - beverages are loaded from database
[INFO ] 2020-04-06 23:18:12.067 [main] WaiterDAOImpl - Waiters are loaded from database
[INFO ] 2020-04-06 23:18:12.082 [main] PaidOrderDAOImpl - paidOrders are loaded from database
[INFO ] 2020-04-06 23:18:12.179 [main] BeverageDAOImpl - beverages are loaded from database
[INFO ] 2020-04-06 23:18:12.197 [main] WaiterDAOImpl - Waiters are loaded from database
[INFO ] 2020-04-06 23:18:12.228 [main] PaidOrderDAOImpl - paidOrders are loaded from database
[INFO ] 2020-04-06 23:18:12.254 [main] BeverageDAOImpl - beverages are loaded from database
[INFO ] 2020-04-06 23:18:12.271 [main] WaiterDAOImpl - Waiters are loaded from database
[INFO ] 2020-04-06 23:18:12.284 [main] PaidOrderDAOImpl - paidOrders are loaded from database
[INFO ] 2020-04-06 23:18:12.303 [main] BeverageDAOImpl - beverages are loaded from database
[INFO ] 2020-04-06 23:18:12.328 [main] WaiterDAOImpl - Waiters are loaded from database
[INFO ] 2020-04-06 23:18:12.361 [main] PaidOrderDAOImpl - paidOrders are loaded from database
[INFO ] 2020-04-06 23:18:12.429 [main] BeverageDAOImpl - beverages are loaded from database
[INFO ] 2020-04-06 23:18:12.435 [main] WaiterDAOImpl - Waiters are loaded from database
[INFO ] 2020-04-06 23:18:12.444 [main] PaidOrderDAOImpl - paidOrders are loaded from database
[INFO ] 2020-04-06 23:18:12.456 [main] BeverageDAOImpl - beverages are loaded from database
[INFO ] 2020-04-06 23:18:12.460 [main] WaiterDAOImpl - Waiters are loaded from database
[INFO ] 2020-04-06 23:18:12.466 [main] PaidOrderDAOImpl - paidOrders are loaded from database
[INFO ] 2020-04-06 23:18:12.473 [main] BeverageDAOImpl - beverages are loaded from database
[INFO ] 2020-04-06 23:18:12.478 [main] WaiterDAOImpl - Waiters are loaded from database
[INFO ] 2020-04-06 23:18:12.484 [main] PaidOrderDAOImpl - paidOrders are loaded from database
[INFO ] 2020-04-06 23:18:12.499 [main] BeverageDAOImpl - beverages are loaded from database
[INFO ] 2020-04-06 23:18:12.505 [main] WaiterDAOImpl - Waiters are loaded from database
[INFO ] 2020-04-06 23:18:12.510 [main] PaidOrderDAOImpl - paidOrders are loaded from database
[INFO ] 2020-04-06 23:18:12.517 [main] BeverageDAOImpl - beverages are loaded from database
[INFO ] 2020-04-06 23:18:12.521 [main] WaiterDAOImpl - Waiters are loaded from database
[INFO ] 2020-04-06 23:18:12.530 [main] PaidOrderDAOImpl - paidOrders are loaded from database
[INFO ] 2020-04-06 23:18:12.543 [main] BeverageDAOImpl - beverages are loaded from database
[INFO ] 2020-04-06 23:18:12.550 [main] WaiterDAOImpl - Waiters are loaded from database
[INFO ] 2020-04-06 23:18:12.556 [main] PaidOrderDAOImpl - paidOrders are loaded from database
[INFO ] 2020-04-06 23:18:12.579 [main] BeverageDAOImpl - beverages are loaded from database
[INFO ] 2020-04-06 23:18:12.583 [main] WaiterDAOImpl - Waiters are loaded from database
[INFO ] 2020-04-06 23:18:12.589 [main] PaidOrderDAOImpl - paidOrders are loaded from database
[INFO ] 2020-04-06 23:18:12.596 [main] BeverageDAOImpl - beverages are loaded from database
[INFO ] 2020-04-06 23:18:12.599 [main] WaiterDAOImpl - Waiters are loaded from database
[INFO ] 2020-04-06 23:18:12.605 [main] PaidOrderDAOImpl - paidOrders are loaded from database
[INFO ] 2020-04-06 23:18:12.950 [main] BeverageDAOImpl - beverages are loaded from database
[INFO ] 2020-04-06 23:18:12.955 [main] WaiterDAOImpl - Waiters are loaded from database
[INFO ] 2020-04-06 23:18:12.961 [main] PaidOrderDAOImpl - paidOrders are loaded from database
[INFO ] 2020-04-06 23:18:13.747 [main] BeverageDAOImpl - beverages are loaded from database
[INFO ] 2020-04-06 23:18:13.753 [main] WaiterDAOImpl - Waiters are loaded from database
[INFO ] 2020-04-06 23:18:13.760 [main] PaidOrderDAOImpl - paidOrders are loaded from database
[INFO ] 2020-04-06 23:18:13.778 [main] BeverageDAOImpl - beverages are loaded from database
[INFO ] 2020-04-06 23:18:13.789 [main] WaiterDAOImpl - Waiters are loaded from database
[INFO ] 2020-04-06 23:18:13.795 [main] PaidOrderDAOImpl - paidOrders are loaded from database
[INFO ] 2020-04-06 23:18:13.806 [main] BeverageDAOImpl - beverages are loaded from database
[INFO ] 2020-04-06 23:18:13.813 [main] WaiterDAOImpl - Waiters are loaded from database
[INFO ] 2020-04-06 23:18:13.818 [main] PaidOrderDAOImpl - paidOrders are loaded from database
[INFO ] 2020-04-06 23:18:13.827 [main] BeverageDAOImpl - beverages are loaded from database
[INFO ] 2020-04-06 23:18:13.832 [main] WaiterDAOImpl - Waiters are loaded from database
[INFO ] 2020-04-06 23:18:13.838 [main] PaidOrderDAOImpl - paidOrders are loaded from database
[INFO ] 2020-04-06 23:18:13.872 [main] BeverageDAOImpl - beverages are loaded from database
[INFO ] 2020-04-06 23:18:13.884 [main] WaiterDAOImpl - Waiters are loaded from database
[INFO ] 2020-04-06 23:18:13.892 [main] PaidOrderDAOImpl - paidOrders are loaded from database
[INFO ] 2020-04-06 23:18:13.901 [main] BeverageDAOImpl - beverages are loaded from database
[INFO ] 2020-04-06 23:18:13.905 [main] WaiterDAOImpl - Waiters are loaded from database
[INFO ] 2020-04-06 23:18:13.911 [main] PaidOrderDAOImpl - paidOrders are loaded from database
[INFO ] 2020-04-06 23:18:14.683 [main] BeverageDAOImpl - beverages are loaded from database
[INFO ] 2020-04-06 23:18:14.697 [main] BeverageDAOImpl - beverages are loaded from database
[INFO ] 2020-04-06 23:18:14.701 [main] WaiterDAOImpl - Waiters are loaded from database
[INFO ] 2020-04-06 23:18:14.707 [main] PaidOrderDAOImpl - paidOrders are loaded from database
[INFO ] 2020-04-06 23:18:14.712 [main] PaidOrderDAOImpl - paidOrders are loaded from database
[INFO ] 2020-04-06 23:18:14.717 [main] PaidOrderDAOImpl - Returned highest orderNumber 1000 from database
[INFO ] 2020-04-06 23:18:14.722 [main] PaidOrderDAOImpl - Returned highest ID 226 from database
[INFO ] 2020-04-06 23:18:14.751 [main] BeverageDAOImpl - beverages are loaded from database
[INFO ] 2020-04-06 23:18:14.755 [main] WaiterDAOImpl - Waiters are loaded from database
[INFO ] 2020-04-06 23:18:14.759 [main] PaidOrderDAOImpl - paidOrders are loaded from database
[INFO ] 2020-04-06 23:18:14.764 [main] PaidOrderDAOImpl - paidOrders are loaded from database
[INFO ] 2020-04-06 23:18:14.801 [main] BeverageDAOImpl - beverages are loaded from database
[INFO ] 2020-04-06 23:18:14.806 [main] WaiterDAOImpl - Waiters are loaded from database
[INFO ] 2020-04-06 23:18:14.812 [main] PaidOrderDAOImpl - paidOrders are loaded from database
[INFO ] 2020-04-06 23:18:14.818 [main] PaidOrderDAOImpl - paidOrders are loaded from database
[INFO ] 2020-04-06 23:18:14.827 [main] WaiterDAOImpl - Waiters are loaded from database
[INFO ] 2020-04-06 23:18:14.833 [main] BeverageDAOImpl - beverages are loaded from database
[INFO ] 2020-04-06 23:18:14.837 [main] WaiterDAOImpl - Waiters are loaded from database
[INFO ] 2020-04-06 23:18:14.843 [main] PaidOrderDAOImpl - paidOrders are loaded from database
[INFO ] 2020-04-06 23:18:14.850 [main] BeverageDAOImpl - beverages are loaded from database
[INFO ] 2020-04-06 23:18:14.855 [main] WaiterDAOImpl - Waiters are loaded from database
[INFO ] 2020-04-06 23:18:14.860 [main] PaidOrderDAOImpl - paidOrders are loaded from database
[INFO ] 2020-04-06 23:18:14.866 [main] BeverageDAOImpl - beverages are loaded from database
[INFO ] 2020-04-06 23:18:14.871 [main] WaiterDAOImpl - Waiters are loaded from database
[INFO ] 2020-04-06 23:18:14.876 [main] PaidOrderDAOImpl - paidOrders are loaded from database
[INFO ] 2020-04-06 23:18:14.888 [main] BeverageDAOImpl - beverages are loaded from database
[INFO ] 2020-04-06 23:18:14.891 [main] WaiterDAOImpl - Waiters are loaded from database
[INFO ] 2020-04-06 23:18:14.896 [main] PaidOrderDAOImpl - paidOrders are loaded from database
[INFO ] 2020-04-06 23:18:14.902 [main] BeverageDAOImpl - beverages are loaded from database
[INFO ] 2020-04-06 23:18:14.906 [main] WaiterDAOImpl - Waiters are loaded from database
[INFO ] 2020-04-06 23:18:14.911 [main] PaidOrderDAOImpl - paidOrders are loaded from database
[INFO ] 2020-04-06 23:18:14.917 [main] BeverageDAOImpl - beverages are loaded from database
[INFO ] 2020-04-06 23:18:14.926 [main] WaiterDAOImpl - Waiters are loaded from database
[INFO ] 2020-04-06 23:18:14.935 [main] PaidOrderDAOImpl - paidOrders are loaded from database
[INFO ] 2020-04-06 23:18:14.945 [main] BeverageDAOImpl - beverages are loaded from database
[INFO ] 2020-04-06 23:18:14.952 [main] WaiterDAOImpl - Waiters are loaded from database
[INFO ] 2020-04-06 23:18:14.958 [main] PaidOrderDAOImpl - paidOrders are loaded from database
[INFO ] 2020-04-06 23:18:14.971 [main] BeverageDAOImpl - beverages are loaded from database
[INFO ] 2020-04-06 23:18:14.979 [main] WaiterDAOImpl - Waiters are loaded from database
[INFO ] 2020-04-06 23:18:14.984 [main] PaidOrderDAOImpl - paidOrders are loaded from database
[INFO ] 2020-04-06 23:18:14.997 [main] BeverageDAOImpl - beverages are loaded from database
[INFO ] 2020-04-06 23:18:15.001 [main] WaiterDAOImpl - Waiters are loaded from database
[INFO ] 2020-04-06 23:18:15.009 [main] PaidOrderDAOImpl - paidOrders are loaded from database
[INFO ] 2020-04-06 23:18:47.260 [main] BeverageDAOImpl - beverages are loaded from database
[INFO ] 2020-04-06 23:18:47.276 [main] WaiterDAOImpl - Waiters are loaded from database
[INFO ] 2020-04-06 23:18:47.318 [main] PaidOrderDAOImpl - paidOrders are loaded from database
[INFO ] 2020-04-06 23:18:47.343 [main] PaidOrderDAOImpl - paidOrders are loaded from database
[INFO ] 2020-04-06 23:18:47.353 [main] PaidOrderDAOImpl - Returned highest orderNumber 1000 from database
[INFO ] 2020-04-06 23:18:47.363 [main] PaidOrderDAOImpl - Returned highest ID 228 from database
[INFO ] 2020-04-06 23:18:59.164 [main] BeverageDAOImpl - beverages are loaded from database
[INFO ] 2020-04-06 23:18:59.190 [main] WaiterDAOImpl - Waiters are loaded from database
[INFO ] 2020-04-06 23:18:59.229 [main] PaidOrderDAOImpl - paidOrders are loaded from database
[INFO ] 2020-04-06 23:18:59.246 [main] PaidOrderDAOImpl - paidOrders are loaded from database
[INFO ] 2020-04-06 23:18:59.269 [main] PaidOrderDAOImpl - Returned highest orderNumber 1000 from database
[INFO ] 2020-04-06 23:18:59.279 [main] PaidOrderDAOImpl - Returned highest ID 228 from database
[INFO ] 2020-04-06 23:19:36.749 [main] BeverageDAOImpl - beverages are loaded from database
[INFO ] 2020-04-06 23:19:36.766 [main] WaiterDAOImpl - Waiters are loaded from database
[INFO ] 2020-04-06 23:19:36.800 [main] PaidOrderDAOImpl - paidOrders are loaded from database
[INFO ] 2020-04-06 23:19:36.816 [main] PaidOrderDAOImpl - paidOrders are loaded from database
[INFO ] 2020-04-06 23:19:36.828 [main] PaidOrderDAOImpl - Returned highest orderNumber 1000 from database
[INFO ] 2020-04-06 23:19:36.837 [main] PaidOrderDAOImpl - Returned highest ID 228 from database
[INFO ] 2020-04-06 23:20:23.525 [main] BeverageDAOImpl - beverages are loaded from database
[INFO ] 2020-04-06 23:20:23.593 [main] WaiterDAOImpl - Waiters are loaded from database
[INFO ] 2020-04-06 23:20:23.691 [main] PaidOrderDAOImpl - paidOrders are loaded from database
[INFO ] 2020-04-06 23:20:23.712 [main] PaidOrderDAOImpl - paidOrders are loaded from database
[INFO ] 2020-04-06 23:20:23.741 [main] PaidOrderDAOImpl - Returned highest orderNumber 1000 from database
[INFO ] 2020-04-06 23:20:23.769 [main] PaidOrderDAOImpl - Returned highest ID 228 from database
