[INFO ] 2020-04-01 22:36:22.391 [main] Cafe - Cafe started
[INFO ] 2020-04-01 22:36:22.399 [main] Cafe - Cafe started
[INFO ] 2020-04-01 22:36:22.400 [main] Cafe - Wout Peters logged in
[INFO ] 2020-04-01 22:36:22.401 [main] Cafe - Set table 1 as active table
[INFO ] 2020-04-01 22:36:22.406 [main] Cafe - Assigned  table 1 to Wout Peters
[DEBUG] 2020-04-01 22:36:22.406 [main] Cafe - orderNumber count increased to: 1
[DEBUG] 2020-04-01 22:36:22.407 [main] Cafe - ID count increased to: 1
[INFO ] 2020-04-01 22:36:22.428 [main] Cafe - New order made: Order: 1, date: 2020-02-05, waiterID: 1, orderItems: [ID: 1, beverage: Cola, quantity: 10], tableID: 1
[INFO ] 2020-04-01 22:36:22.432 [main] Cafe - Table table 1 paid orderNumber 1
[INFO ] 2020-04-01 22:36:22.433 [main] Cafe - Cleared table table 1
[INFO ] 2020-04-01 22:36:22.433 [main] Cafe - Set table 2 as active table
[INFO ] 2020-04-01 22:36:22.433 [main] Cafe - Assigned  table 2 to Wout Peters
[DEBUG] 2020-04-01 22:36:22.433 [main] Cafe - orderNumber count increased to: 2
[DEBUG] 2020-04-01 22:36:22.433 [main] Cafe - ID count increased to: 2
[INFO ] 2020-04-01 22:36:22.434 [main] Cafe - New order made: Order: 2, date: 2020-02-05, waiterID: 1, orderItems: [ID: 2, beverage: Leffe, quantity: 30], tableID: 2
[DEBUG] 2020-04-01 22:36:22.434 [main] Cafe - ID count increased to: 3
[INFO ] 2020-04-01 22:36:22.437 [main] Cafe - orderNumber: 2 -  added orderline ID: 3, beverage: Cola, quantity: 20
[INFO ] 2020-04-01 22:36:22.437 [main] Cafe - Table table 2 paid orderNumber 2
[INFO ] 2020-04-01 22:36:22.437 [main] Cafe - Cleared table table 2
[INFO ] 2020-04-01 22:36:22.438 [main] Cafe - Wout Peters logged out
[INFO ] 2020-04-01 22:36:22.438 [main] Cafe - Patrick Desmet logged in
[INFO ] 2020-04-01 22:36:22.438 [main] Cafe - Set table 1 as active table
[INFO ] 2020-04-01 22:36:22.480 [main] Cafe - Assigned  table 1 to Patrick Desmet
[DEBUG] 2020-04-01 22:36:22.480 [main] Cafe - orderNumber count increased to: 3
[DEBUG] 2020-04-01 22:36:22.480 [main] Cafe - ID count increased to: 4
[INFO ] 2020-04-01 22:36:22.480 [main] Cafe - New order made: Order: 3, date: 2020-04-01, waiterID: 4, orderItems: [ID: 4, beverage: Cola, quantity: 10], tableID: 1
[DEBUG] 2020-04-01 22:36:22.480 [main] Cafe - ID count increased to: 5
[INFO ] 2020-04-01 22:36:22.481 [main] Cafe - orderNumber: 3 -  added orderline ID: 5, beverage: Leffe, quantity: 10
[INFO ] 2020-04-01 22:36:22.481 [main] Cafe - Table table 1 paid orderNumber 3
[INFO ] 2020-04-01 22:36:22.481 [main] Cafe - Cleared table table 1
[INFO ] 2020-04-01 22:36:22.481 [main] Cafe - Patrick Desmet logged out
[INFO ] 2020-04-01 22:36:22.481 [main] Cafe - Wout Peters logged in
[INFO ] 2020-04-01 22:36:22.484 [main] Cafe - Wout Peters retrieved his sales data
[INFO ] 2020-04-01 22:36:22.485 [main] Cafe - Wout Peters logged out
[INFO ] 2020-04-01 22:36:22.486 [main] Cafe - Cafe started
[INFO ] 2020-04-01 22:36:22.486 [main] Cafe - Wout Peters logged in
[INFO ] 2020-04-01 22:36:22.487 [main] Cafe - Set table 1 as active table
[INFO ] 2020-04-01 22:36:22.487 [main] Cafe - Assigned  table 1 to Wout Peters
[DEBUG] 2020-04-01 22:36:22.487 [main] Cafe - orderNumber count increased to: 1
[DEBUG] 2020-04-01 22:36:22.487 [main] Cafe - ID count increased to: 1
[INFO ] 2020-04-01 22:36:22.487 [main] Cafe - New order made: Order: 1, date: 2020-04-01, waiterID: 1, orderItems: [ID: 1, beverage: Cola, quantity: 10], tableID: 1
[DEBUG] 2020-04-01 22:36:22.488 [main] Cafe - ID count increased to: 2
[INFO ] 2020-04-01 22:36:22.488 [main] Cafe - orderNumber: 1 -  added orderline ID: 2, beverage: Leffe, quantity: 10
[INFO ] 2020-04-01 22:36:22.488 [main] Cafe - Table table 1 paid orderNumber 1
[INFO ] 2020-04-01 22:36:22.489 [main] Cafe - Cleared table table 1
[INFO ] 2020-04-01 22:36:22.489 [main] Cafe - Set table 2 as active table
[INFO ] 2020-04-01 22:36:22.489 [main] Cafe - Assigned  table 2 to Wout Peters
[DEBUG] 2020-04-01 22:36:22.489 [main] Cafe - orderNumber count increased to: 2
[DEBUG] 2020-04-01 22:36:22.489 [main] Cafe - ID count increased to: 3
[INFO ] 2020-04-01 22:36:22.489 [main] Cafe - New order made: Order: 2, date: 2020-04-01, waiterID: 1, orderItems: [ID: 3, beverage: Leffe, quantity: 30], tableID: 2
[DEBUG] 2020-04-01 22:36:22.490 [main] Cafe - ID count increased to: 4
[INFO ] 2020-04-01 22:36:22.490 [main] Cafe - orderNumber: 2 -  added orderline ID: 4, beverage: Cola, quantity: 20
[INFO ] 2020-04-01 22:36:22.490 [main] Cafe - Table table 2 paid orderNumber 2
[INFO ] 2020-04-01 22:36:22.490 [main] Cafe - Cleared table table 2
[INFO ] 2020-04-01 22:36:22.490 [main] Cafe - Wout Peters logged out
[INFO ] 2020-04-01 22:36:22.490 [main] Cafe - Patrick Desmet logged in
[INFO ] 2020-04-01 22:36:22.491 [main] Cafe - Set table 1 as active table
[INFO ] 2020-04-01 22:36:22.491 [main] Cafe - Assigned  table 1 to Patrick Desmet
[DEBUG] 2020-04-01 22:36:22.491 [main] Cafe - orderNumber count increased to: 3
[DEBUG] 2020-04-01 22:36:22.491 [main] Cafe - ID count increased to: 5
[INFO ] 2020-04-01 22:36:22.491 [main] Cafe - New order made: Order: 3, date: 2020-04-01, waiterID: 4, orderItems: [ID: 5, beverage: Cola, quantity: 10], tableID: 1
[DEBUG] 2020-04-01 22:36:22.491 [main] Cafe - ID count increased to: 6
[INFO ] 2020-04-01 22:36:22.491 [main] Cafe - orderNumber: 3 -  added orderline ID: 6, beverage: Leffe, quantity: 10
[INFO ] 2020-04-01 22:36:22.492 [main] Cafe - Table table 1 paid orderNumber 3
[INFO ] 2020-04-01 22:36:22.492 [main] Cafe - Cleared table table 1
[INFO ] 2020-04-01 22:36:22.492 [main] Cafe - Patrick Desmet logged out
[INFO ] 2020-04-01 22:36:22.492 [main] Cafe - Wout Peters logged in
[INFO ] 2020-04-01 22:36:22.493 [main] Cafe - Wout Peters retrieved his sales data
[INFO ] 2020-04-01 22:36:22.493 [main] Cafe - Wout Peters logged out
[INFO ] 2020-04-01 22:36:22.493 [main] Cafe - Patrick Desmet logged in
[INFO ] 2020-04-01 22:36:22.494 [main] Cafe - Patrick Desmet retrieved his sales data
[INFO ] 2020-04-01 22:36:22.495 [main] Cafe - Cafe started
[INFO ] 2020-04-01 22:36:22.495 [main] Cafe - Wout Peters logged in
[INFO ] 2020-04-01 22:36:22.495 [main] Cafe - Set table 1 as active table
[INFO ] 2020-04-01 22:36:22.495 [main] Cafe - Assigned  table 1 to Wout Peters
[DEBUG] 2020-04-01 22:36:22.495 [main] Cafe - orderNumber count increased to: 1
[DEBUG] 2020-04-01 22:36:22.496 [main] Cafe - ID count increased to: 1
[INFO ] 2020-04-01 22:36:22.496 [main] Cafe - New order made: Order: 1, date: 2020-04-01, waiterID: 1, orderItems: [ID: 1, beverage: Cola, quantity: 2], tableID: 1
[DEBUG] 2020-04-01 22:36:22.496 [main] Cafe - ID count increased to: 2
[INFO ] 2020-04-01 22:36:22.496 [main] Cafe - orderNumber: 1 -  added orderline ID: 2, beverage: Leffe, quantity: 2
[DEBUG] 2020-04-01 22:36:22.496 [main] Cafe - ID count increased to: 3
[INFO ] 2020-04-01 22:36:22.496 [main] Cafe - orderNumber: 1 -  added orderline ID: 3, beverage: Duvel, quantity: 2
[DEBUG] 2020-04-01 22:36:22.497 [main] Cafe - ID count increased to: 4
[INFO ] 2020-04-01 22:36:22.497 [main] Cafe - orderNumber: 1 -  added orderline ID: 4, beverage: Fanta, quantity: 2
[INFO ] 2020-04-01 22:36:22.497 [main] Cafe - Table table 1 paid orderNumber 1
[INFO ] 2020-04-01 22:36:22.497 [main] Cafe - Cleared table table 1
[INFO ] 2020-04-01 22:36:22.497 [main] Cafe - Wout Peters logged out
[INFO ] 2020-04-01 22:36:22.497 [main] Cafe - Patrick Desmet logged in
[INFO ] 2020-04-01 22:36:22.497 [main] Cafe - Set table 10 as active table
[INFO ] 2020-04-01 22:36:22.497 [main] Cafe - Assigned  table 10 to Patrick Desmet
[DEBUG] 2020-04-01 22:36:22.498 [main] Cafe - orderNumber count increased to: 2
[DEBUG] 2020-04-01 22:36:22.498 [main] Cafe - ID count increased to: 5
[INFO ] 2020-04-01 22:36:22.498 [main] Cafe - New order made: Order: 2, date: 2020-04-01, waiterID: 4, orderItems: [ID: 5, beverage: Cola, quantity: 20], tableID: 10
[DEBUG] 2020-04-01 22:36:22.498 [main] Cafe - ID count increased to: 6
[INFO ] 2020-04-01 22:36:22.498 [main] Cafe - orderNumber: 2 -  added orderline ID: 6, beverage: Leffe, quantity: 30
[DEBUG] 2020-04-01 22:36:22.498 [main] Cafe - ID count increased to: 7
[INFO ] 2020-04-01 22:36:22.499 [main] Cafe - orderNumber: 2 -  added orderline ID: 7, beverage: Duvel, quantity: 40
[INFO ] 2020-04-01 22:36:22.499 [main] Cafe - Patrick Desmet logged out
[INFO ] 2020-04-01 22:36:22.499 [main] Cafe - Wout Peters logged in
[INFO ] 2020-04-01 22:36:22.499 [main] Cafe - Set table 1 as active table
[INFO ] 2020-04-01 22:36:22.499 [main] Cafe - Assigned  table 1 to Wout Peters
[DEBUG] 2020-04-01 22:36:22.499 [main] Cafe - orderNumber count increased to: 3
[DEBUG] 2020-04-01 22:36:22.499 [main] Cafe - ID count increased to: 8
[INFO ] 2020-04-01 22:36:22.499 [main] Cafe - New order made: Order: 3, date: 2020-04-01, waiterID: 1, orderItems: [ID: 8, beverage: Cola, quantity: 2], tableID: 1
[DEBUG] 2020-04-01 22:36:22.500 [main] Cafe - ID count increased to: 9
[INFO ] 2020-04-01 22:36:22.500 [main] Cafe - orderNumber: 3 -  added orderline ID: 9, beverage: Leffe, quantity: 2
[INFO ] 2020-04-01 22:36:22.500 [main] Cafe - Wout Peters logged out
[INFO ] 2020-04-01 22:36:22.500 [main] Cafe - Patrick Desmet logged in
[INFO ] 2020-04-01 22:36:22.500 [main] Cafe - Set table 10 as active table
[INFO ] 2020-04-01 22:36:22.500 [main] Cafe - Table table 10 paid orderNumber 2
[INFO ] 2020-04-01 22:36:22.500 [main] Cafe - Cleared table table 10
[INFO ] 2020-04-01 22:36:22.502 [main] Cafe - Cafe started
[INFO ] 2020-04-01 22:36:22.503 [main] Cafe - Wout Peters logged in
[ERROR] 2020-04-01 22:36:22.503 [main] Cafe - Pay failed, no active table
[INFO ] 2020-04-01 22:36:22.503 [main] Cafe - Set table 1 as active table
[INFO ] 2020-04-01 22:36:22.503 [main] Cafe - Assigned  table 1 to Wout Peters
[DEBUG] 2020-04-01 22:36:22.503 [main] Cafe - orderNumber count increased to: 1
[DEBUG] 2020-04-01 22:36:22.504 [main] Cafe - ID count increased to: 1
[INFO ] 2020-04-01 22:36:22.504 [main] Cafe - New order made: Order: 1, date: 2020-04-01, waiterID: 1, orderItems: [ID: 1, beverage: Cola, quantity: 5], tableID: 1
[DEBUG] 2020-04-01 22:36:22.504 [main] Cafe - ID count increased to: 2
[INFO ] 2020-04-01 22:36:22.504 [main] Cafe - orderNumber: 1 -  added orderline ID: 2, beverage: Leffe, quantity: 2
[DEBUG] 2020-04-01 22:36:22.506 [main] Cafe - ID count increased to: 3
[INFO ] 2020-04-01 22:36:22.506 [main] Cafe - orderNumber: 1 -  added orderline ID: 3, beverage: Duvel, quantity: 10
[INFO ] 2020-04-01 22:36:22.506 [main] Cafe - Table table 1 paid orderNumber 1
[INFO ] 2020-04-01 22:36:22.506 [main] Cafe - Cleared table table 1
[INFO ] 2020-04-01 22:36:22.506 [main] Cafe - Wout Peters logged out
[INFO ] 2020-04-01 22:36:22.506 [main] Cafe - Patrick Desmet logged in
[INFO ] 2020-04-01 22:36:22.507 [main] Cafe - Set table 10 as active table
[INFO ] 2020-04-01 22:36:22.507 [main] Cafe - Assigned  table 10 to Patrick Desmet
[DEBUG] 2020-04-01 22:36:22.507 [main] Cafe - orderNumber count increased to: 2
[DEBUG] 2020-04-01 22:36:22.507 [main] Cafe - ID count increased to: 4
[INFO ] 2020-04-01 22:36:22.507 [main] Cafe - New order made: Order: 2, date: 2020-04-01, waiterID: 4, orderItems: [ID: 4, beverage: Cola, quantity: 1], tableID: 10
[DEBUG] 2020-04-01 22:36:22.507 [main] Cafe - ID count increased to: 5
[INFO ] 2020-04-01 22:36:22.508 [main] Cafe - orderNumber: 2 -  added orderline ID: 5, beverage: Leffe, quantity: 3
[DEBUG] 2020-04-01 22:36:22.508 [main] Cafe - ID count increased to: 6
[INFO ] 2020-04-01 22:36:22.508 [main] Cafe - orderNumber: 2 -  added orderline ID: 6, beverage: Duvel, quantity: 5
[DEBUG] 2020-04-01 22:36:22.508 [main] Cafe - ID count increased to: 7
[INFO ] 2020-04-01 22:36:22.508 [main] Cafe - orderNumber: 2 -  added orderline ID: 7, beverage: Fanta, quantity: 4
[INFO ] 2020-04-01 22:36:22.508 [main] Cafe - Table table 10 paid orderNumber 2
[INFO ] 2020-04-01 22:36:22.508 [main] Cafe - Cleared table table 10
[INFO ] 2020-04-01 22:36:22.509 [main] Cafe - Cafe started
[INFO ] 2020-04-01 22:36:22.510 [main] Cafe - Wout Peters logged in
[INFO ] 2020-04-01 22:36:22.511 [main] Cafe - Wout Peters logged out
[ERROR] 2020-04-01 22:36:22.512 [main] Cafe - Login failed, username incorrect: Wouter Peters password: password
[ERROR] 2020-04-01 22:36:22.512 [main] Cafe - Login failed, username incorrect: Wouters Peter password: password
[ERROR] 2020-04-01 22:36:22.512 [main] Cafe - Login failed, username incorrect: Wout Peeters password: password
[ERROR] 2020-04-01 22:36:22.513 [main] Cafe - Login failed, wrong password: username: Wout Peters password: passwoord
[INFO ] 2020-04-01 22:36:22.513 [main] Cafe - Patrick Desmet logged in
[INFO ] 2020-04-01 22:36:22.513 [main] Cafe - Patrick Desmet logged out
[ERROR] 2020-04-01 22:36:22.513 [main] Cafe - Login failed, username incorrect: Patrick Desmeet password: password
[INFO ] 2020-04-01 22:36:22.515 [main] Cafe - Cafe started
[INFO ] 2020-04-01 22:36:22.517 [main] Cafe - Cafe started
[INFO ] 2020-04-01 22:36:22.517 [main] Cafe - Wout Peters logged in
[INFO ] 2020-04-01 22:36:22.517 [main] Cafe - Set table 1 as active table
[INFO ] 2020-04-01 22:36:22.518 [main] Cafe - Assigned  table 1 to Wout Peters
[DEBUG] 2020-04-01 22:36:22.518 [main] Cafe - orderNumber count increased to: 1
[DEBUG] 2020-04-01 22:36:22.518 [main] Cafe - ID count increased to: 1
[INFO ] 2020-04-01 22:36:22.518 [main] Cafe - New order made: Order: 1, date: 2020-04-01, waiterID: 1, orderItems: [ID: 1, beverage: Cola, quantity: 5], tableID: 1
[DEBUG] 2020-04-01 22:36:22.518 [main] Cafe - ID count increased to: 2
[INFO ] 2020-04-01 22:36:22.518 [main] Cafe - orderNumber: 1 -  added orderline ID: 2, beverage: Leffe, quantity: 2
[INFO ] 2020-04-01 22:36:22.519 [main] Cafe - Set table 2 as active table
[INFO ] 2020-04-01 22:36:22.519 [main] Cafe - Assigned  table 2 to Wout Peters
[DEBUG] 2020-04-01 22:36:22.519 [main] Cafe - orderNumber count increased to: 2
[DEBUG] 2020-04-01 22:36:22.519 [main] Cafe - ID count increased to: 3
[INFO ] 2020-04-01 22:36:22.519 [main] Cafe - New order made: Order: 2, date: 2020-04-01, waiterID: 1, orderItems: [ID: 3, beverage: Leffe, quantity: 2], tableID: 2
[INFO ] 2020-04-01 22:36:22.525 [main] Cafe - orderNumber: 2 - updated orderline with ID: 3 to new quantity: 4
[INFO ] 2020-04-01 22:36:22.525 [main] Cafe - orderNumber: 2 - updated orderline with ID: 3 to new quantity: 9
[INFO ] 2020-04-01 22:36:22.525 [main] Cafe - Wout Peters logged out
[INFO ] 2020-04-01 22:36:22.525 [main] Cafe - Patrick Desmet logged in
[ERROR] 2020-04-01 22:36:22.526 [main] Cafe - table 2 does not belong to: Patrick Desmet
[INFO ] 2020-04-01 22:36:22.526 [main] Cafe - Set table 3 as active table
[INFO ] 2020-04-01 22:36:22.526 [main] Cafe - Assigned  table 3 to Patrick Desmet
[DEBUG] 2020-04-01 22:36:22.526 [main] Cafe - orderNumber count increased to: 3
[DEBUG] 2020-04-01 22:36:22.526 [main] Cafe - ID count increased to: 4
[INFO ] 2020-04-01 22:36:22.526 [main] Cafe - New order made: Order: 3, date: 2020-04-01, waiterID: 4, orderItems: [ID: 4, beverage: Leffe, quantity: 3], tableID: 3
[DEBUG] 2020-04-01 22:36:22.526 [main] Cafe - ID count increased to: 5
[INFO ] 2020-04-01 22:36:22.527 [main] Cafe - orderNumber: 3 -  added orderline ID: 5, beverage: Cola, quantity: 2
[INFO ] 2020-04-01 22:36:22.527 [main] Cafe - Patrick Desmet logged out
[INFO ] 2020-04-01 22:36:22.527 [main] Cafe - Wout Peters logged in
[INFO ] 2020-04-01 22:36:22.527 [main] Cafe - Set table 1 as active table
[INFO ] 2020-04-01 22:36:22.527 [main] Cafe - orderNumber: 1 - updated orderline with ID: 2 to new quantity: 4
[INFO ] 2020-04-01 22:36:22.529 [main] Cafe - Cafe started
[INFO ] 2020-04-01 22:36:22.529 [main] Cafe - Wout Peters logged in
[ERROR] 2020-04-01 22:36:22.529 [main] Cafe - Remove of orderline failed, no active table
[INFO ] 2020-04-01 22:36:22.529 [main] Cafe - Set table 1 as active table
[INFO ] 2020-04-01 22:36:22.530 [main] Cafe - Assigned  table 1 to Wout Peters
[DEBUG] 2020-04-01 22:36:22.530 [main] Cafe - orderNumber count increased to: 1
[DEBUG] 2020-04-01 22:36:22.530 [main] Cafe - ID count increased to: 1
[INFO ] 2020-04-01 22:36:22.530 [main] Cafe - New order made: Order: 1, date: 2020-04-01, waiterID: 1, orderItems: [ID: 1, beverage: Cola, quantity: 2], tableID: 1
[DEBUG] 2020-04-01 22:36:22.530 [main] Cafe - ID count increased to: 2
[INFO ] 2020-04-01 22:36:22.530 [main] Cafe - orderNumber: 1 -  added orderline ID: 2, beverage: Leffe, quantity: 2
[DEBUG] 2020-04-01 22:36:22.530 [main] Cafe - ID count increased to: 3
[INFO ] 2020-04-01 22:36:22.531 [main] Cafe - orderNumber: 1 -  added orderline ID: 3, beverage: Duvel, quantity: 2
[DEBUG] 2020-04-01 22:36:22.531 [main] Cafe - ID count increased to: 4
[INFO ] 2020-04-01 22:36:22.531 [main] Cafe - orderNumber: 1 -  added orderline ID: 4, beverage: Fanta, quantity: 2
[INFO ] 2020-04-01 22:36:22.531 [main] Cafe - Removed orderline ID: 1, beverage: Cola, quantity: 2
[INFO ] 2020-04-01 22:36:22.532 [main] Cafe - Cafe started
[INFO ] 2020-04-01 22:36:22.533 [main] Cafe - Wout Peters logged in
[INFO ] 2020-04-01 22:36:22.534 [main] Cafe - Wout Peters logged out
[INFO ] 2020-04-01 22:36:22.534 [main] Cafe - Patrick Desmet logged in
[INFO ] 2020-04-01 22:36:22.535 [main] Cafe - Cafe started
[INFO ] 2020-04-01 22:36:22.535 [main] Cafe - Wout Peters logged in
[INFO ] 2020-04-01 22:36:22.535 [main] Cafe - Set table 1 as active table
[INFO ] 2020-04-01 22:36:22.535 [main] Cafe - Assigned  table 1 to Wout Peters
[DEBUG] 2020-04-01 22:36:22.536 [main] Cafe - orderNumber count increased to: 1
[DEBUG] 2020-04-01 22:36:22.536 [main] Cafe - ID count increased to: 1
[INFO ] 2020-04-01 22:36:22.536 [main] Cafe - New order made: Order: 1, date: 2020-04-01, waiterID: 1, orderItems: [ID: 1, beverage: Cola, quantity: 10], tableID: 1
[INFO ] 2020-04-01 22:36:22.536 [main] Cafe - orderNumber: 1 - updated orderline with ID: 1 to new quantity: 20
[DEBUG] 2020-04-01 22:36:22.536 [main] Cafe - ID count increased to: 2
[INFO ] 2020-04-01 22:36:22.536 [main] Cafe - orderNumber: 1 -  added orderline ID: 2, beverage: Leffe, quantity: 10
[INFO ] 2020-04-01 22:36:22.536 [main] Cafe - Table table 1 paid orderNumber 1
[INFO ] 2020-04-01 22:36:22.536 [main] Cafe - Cleared table table 1
[INFO ] 2020-04-01 22:36:22.536 [main] Cafe - Set table 2 as active table
[INFO ] 2020-04-01 22:36:22.540 [main] Cafe - Assigned  table 2 to Wout Peters
[DEBUG] 2020-04-01 22:36:22.540 [main] Cafe - orderNumber count increased to: 2
[DEBUG] 2020-04-01 22:36:22.540 [main] Cafe - ID count increased to: 3
[INFO ] 2020-04-01 22:36:22.540 [main] Cafe - New order made: Order: 2, date: 2020-04-01, waiterID: 1, orderItems: [ID: 3, beverage: Leffe, quantity: 30], tableID: 2
[DEBUG] 2020-04-01 22:36:22.541 [main] Cafe - ID count increased to: 4
[INFO ] 2020-04-01 22:36:22.541 [main] Cafe - orderNumber: 2 -  added orderline ID: 4, beverage: Cola, quantity: 20
[INFO ] 2020-04-01 22:36:22.541 [main] Cafe - Table table 2 paid orderNumber 2
[INFO ] 2020-04-01 22:36:22.541 [main] Cafe - Cleared table table 2
[INFO ] 2020-04-01 22:36:22.550 [main] Cafe - Cafe started
[INFO ] 2020-04-01 22:36:22.550 [main] Cafe - Set table 1 as active table
[INFO ] 2020-04-01 22:36:22.551 [main] Cafe - Set table 9 as active table
[INFO ] 2020-04-01 22:36:22.552 [main] Cafe - Cafe started
[INFO ] 2020-04-01 22:36:22.553 [main] Cafe - Wout Peters logged in
[INFO ] 2020-04-01 22:36:22.553 [main] Cafe - Set table 1 as active table
[INFO ] 2020-04-01 22:36:22.553 [main] Cafe - Assigned  table 1 to Wout Peters
[DEBUG] 2020-04-01 22:36:22.554 [main] Cafe - orderNumber count increased to: 1
[DEBUG] 2020-04-01 22:36:22.555 [main] Cafe - ID count increased to: 1
[INFO ] 2020-04-01 22:36:22.555 [main] Cafe - New order made: Order: 1, date: 2020-02-05, waiterID: 1, orderItems: [ID: 1, beverage: Cola, quantity: 20], tableID: 1
[INFO ] 2020-04-01 22:36:22.556 [main] Cafe - Table table 1 paid orderNumber 1
[INFO ] 2020-04-01 22:36:22.556 [main] Cafe - Cleared table table 1
[INFO ] 2020-04-01 22:36:22.556 [main] Cafe - Set table 2 as active table
[INFO ] 2020-04-01 22:36:22.556 [main] Cafe - Assigned  table 2 to Wout Peters
[DEBUG] 2020-04-01 22:36:22.556 [main] Cafe - orderNumber count increased to: 2
[DEBUG] 2020-04-01 22:36:22.556 [main] Cafe - ID count increased to: 2
[INFO ] 2020-04-01 22:36:22.556 [main] Cafe - New order made: Order: 2, date: 2020-02-05, waiterID: 1, orderItems: [ID: 2, beverage: Leffe, quantity: 30], tableID: 2
[DEBUG] 2020-04-01 22:36:22.556 [main] Cafe - ID count increased to: 3
[INFO ] 2020-04-01 22:36:22.557 [main] Cafe - orderNumber: 2 -  added orderline ID: 3, beverage: Cola, quantity: 20
[INFO ] 2020-04-01 22:36:22.557 [main] Cafe - Table table 2 paid orderNumber 2
[INFO ] 2020-04-01 22:36:22.557 [main] Cafe - Cleared table table 2
[INFO ] 2020-04-01 22:36:22.557 [main] Cafe - Set table 1 as active table
[INFO ] 2020-04-01 22:36:22.557 [main] Cafe - Assigned  table 1 to Wout Peters
[DEBUG] 2020-04-01 22:36:22.557 [main] Cafe - orderNumber count increased to: 3
[DEBUG] 2020-04-01 22:36:22.557 [main] Cafe - ID count increased to: 4
[INFO ] 2020-04-01 22:36:22.557 [main] Cafe - New order made: Order: 3, date: 2020-04-01, waiterID: 1, orderItems: [ID: 4, beverage: Cola, quantity: 10], tableID: 1
[DEBUG] 2020-04-01 22:36:22.557 [main] Cafe - ID count increased to: 5
[INFO ] 2020-04-01 22:36:22.557 [main] Cafe - orderNumber: 3 -  added orderline ID: 5, beverage: Leffe, quantity: 10
[INFO ] 2020-04-01 22:36:22.558 [main] Cafe - Table table 1 paid orderNumber 3
[INFO ] 2020-04-01 22:36:22.558 [main] Cafe - Cleared table table 1
[INFO ] 2020-04-01 22:36:22.558 [main] Cafe - Wout Peters logged out
[INFO ] 2020-04-01 22:36:22.558 [main] Cafe - Wout Peters logged in
[INFO ] 2020-04-01 22:36:22.560 [main] Cafe - Wout Peters retrieved his sales data
[INFO ] 2020-04-01 22:36:23.037 [main] Cafe - Wout Peters created a waiter sales PDF report for 2020-02-05
[INFO ] 2020-04-01 22:36:23.039 [main] Cafe - Cafe started
[INFO ] 2020-04-01 22:36:23.039 [main] Cafe - Wout Peters logged in
[INFO ] 2020-04-01 22:36:23.040 [main] Cafe - Set table 1 as active table
[INFO ] 2020-04-01 22:36:23.040 [main] Cafe - Assigned  table 1 to Wout Peters
[DEBUG] 2020-04-01 22:36:23.040 [main] Cafe - orderNumber count increased to: 1
[DEBUG] 2020-04-01 22:36:23.040 [main] Cafe - ID count increased to: 1
[INFO ] 2020-04-01 22:36:23.040 [main] Cafe - New order made: Order: 1, date: 2020-04-01, waiterID: 1, orderItems: [ID: 1, beverage: Cola, quantity: 10], tableID: 1
[DEBUG] 2020-04-01 22:36:23.040 [main] Cafe - ID count increased to: 2
[INFO ] 2020-04-01 22:36:23.041 [main] Cafe - orderNumber: 1 -  added orderline ID: 2, beverage: Leffe, quantity: 10
[INFO ] 2020-04-01 22:36:23.041 [main] Cafe - Table table 1 paid orderNumber 1
[INFO ] 2020-04-01 22:36:23.041 [main] Cafe - Cleared table table 1
[INFO ] 2020-04-01 22:36:23.041 [main] Cafe - Set table 2 as active table
[INFO ] 2020-04-01 22:36:23.041 [main] Cafe - Assigned  table 2 to Wout Peters
[DEBUG] 2020-04-01 22:36:23.041 [main] Cafe - orderNumber count increased to: 2
[DEBUG] 2020-04-01 22:36:23.041 [main] Cafe - ID count increased to: 3
[INFO ] 2020-04-01 22:36:23.041 [main] Cafe - New order made: Order: 2, date: 2020-04-01, waiterID: 1, orderItems: [ID: 3, beverage: Leffe, quantity: 30], tableID: 2
[DEBUG] 2020-04-01 22:36:23.041 [main] Cafe - ID count increased to: 4
[INFO ] 2020-04-01 22:36:23.041 [main] Cafe - orderNumber: 2 -  added orderline ID: 4, beverage: Cola, quantity: 20
[INFO ] 2020-04-01 22:36:23.041 [main] Cafe - Table table 2 paid orderNumber 2
[INFO ] 2020-04-01 22:36:23.042 [main] Cafe - Cleared table table 2
[INFO ] 2020-04-01 22:36:23.042 [main] Cafe - Wout Peters logged out
[INFO ] 2020-04-01 22:36:23.042 [main] Cafe - Patrick Desmet logged in
[INFO ] 2020-04-01 22:36:23.042 [main] Cafe - Set table 1 as active table
[INFO ] 2020-04-01 22:36:23.042 [main] Cafe - Assigned  table 1 to Patrick Desmet
[DEBUG] 2020-04-01 22:36:23.042 [main] Cafe - orderNumber count increased to: 3
[DEBUG] 2020-04-01 22:36:23.042 [main] Cafe - ID count increased to: 5
[INFO ] 2020-04-01 22:36:23.042 [main] Cafe - New order made: Order: 3, date: 2020-04-01, waiterID: 4, orderItems: [ID: 5, beverage: Cola, quantity: 10], tableID: 1
[DEBUG] 2020-04-01 22:36:23.042 [main] Cafe - ID count increased to: 6
[INFO ] 2020-04-01 22:36:23.042 [main] Cafe - orderNumber: 3 -  added orderline ID: 6, beverage: Leffe, quantity: 10
[INFO ] 2020-04-01 22:36:23.042 [main] Cafe - Table table 1 paid orderNumber 3
[INFO ] 2020-04-01 22:36:23.042 [main] Cafe - Cleared table table 1
[INFO ] 2020-04-01 22:36:23.043 [main] Cafe - Set table 2 as active table
[INFO ] 2020-04-01 22:36:23.043 [main] Cafe - Assigned  table 2 to Patrick Desmet
[DEBUG] 2020-04-01 22:36:23.043 [main] Cafe - orderNumber count increased to: 4
[DEBUG] 2020-04-01 22:36:23.043 [main] Cafe - ID count increased to: 7
[INFO ] 2020-04-01 22:36:23.043 [main] Cafe - New order made: Order: 4, date: 2020-04-01, waiterID: 4, orderItems: [ID: 7, beverage: Leffe, quantity: 10], tableID: 2
[DEBUG] 2020-04-01 22:36:23.043 [main] Cafe - ID count increased to: 8
[INFO ] 2020-04-01 22:36:23.043 [main] Cafe - orderNumber: 4 -  added orderline ID: 8, beverage: Cola, quantity: 10
[INFO ] 2020-04-01 22:36:23.044 [main] Cafe - Table table 2 paid orderNumber 4
[INFO ] 2020-04-01 22:36:23.044 [main] Cafe - Cleared table table 2
[INFO ] 2020-04-01 22:36:23.044 [main] Cafe - Patrick Desmet logged out
[INFO ] 2020-04-01 22:36:23.044 [main] Cafe - Ilse Vandenbroeck logged in
[INFO ] 2020-04-01 22:36:23.044 [main] Cafe - Set table 5 as active table
[INFO ] 2020-04-01 22:36:23.044 [main] Cafe - Assigned  table 5 to Ilse Vandenbroeck
[DEBUG] 2020-04-01 22:36:23.044 [main] Cafe - orderNumber count increased to: 5
[DEBUG] 2020-04-01 22:36:23.044 [main] Cafe - ID count increased to: 9
[INFO ] 2020-04-01 22:36:23.045 [main] Cafe - New order made: Order: 5, date: 2020-04-01, waiterID: 3, orderItems: [ID: 9, beverage: Cola, quantity: 100], tableID: 5
[DEBUG] 2020-04-01 22:36:23.045 [main] Cafe - ID count increased to: 10
[INFO ] 2020-04-01 22:36:23.045 [main] Cafe - orderNumber: 5 -  added orderline ID: 10, beverage: Leffe, quantity: 10
[INFO ] 2020-04-01 22:36:23.045 [main] Cafe - Table table 5 paid orderNumber 5
[INFO ] 2020-04-01 22:36:23.045 [main] Cafe - Cleared table table 5
[INFO ] 2020-04-01 22:36:23.766 [main] Cafe - Ilse Vandenbroeck created top waiter pie chart
[INFO ] 2020-04-01 22:36:23.768 [main] Cafe - Cafe started
[INFO ] 2020-04-01 22:36:23.769 [main] Cafe - Wout Peters logged in
[INFO ] 2020-04-01 22:36:23.771 [main] Cafe - Set table 1 as active table
[INFO ] 2020-04-01 22:36:23.771 [main] Cafe - Assigned  table 1 to Wout Peters
[DEBUG] 2020-04-01 22:36:23.771 [main] Cafe - orderNumber count increased to: 1
[DEBUG] 2020-04-01 22:36:23.772 [main] Cafe - ID count increased to: 1
[INFO ] 2020-04-01 22:36:23.772 [main] Cafe - New order made: Order: 1, date: 2020-02-05, waiterID: 1, orderItems: [ID: 1, beverage: Cola, quantity: 10], tableID: 1
[INFO ] 2020-04-01 22:36:23.772 [main] Cafe - Table table 1 paid orderNumber 1
[INFO ] 2020-04-01 22:36:23.773 [main] Cafe - Cleared table table 1
[INFO ] 2020-04-01 22:36:23.773 [main] Cafe - Set table 2 as active table
[INFO ] 2020-04-01 22:36:23.778 [main] Cafe - Assigned  table 2 to Wout Peters
[DEBUG] 2020-04-01 22:36:23.778 [main] Cafe - orderNumber count increased to: 2
[DEBUG] 2020-04-01 22:36:23.779 [main] Cafe - ID count increased to: 2
[INFO ] 2020-04-01 22:36:23.780 [main] Cafe - New order made: Order: 2, date: 2020-02-05, waiterID: 1, orderItems: [ID: 2, beverage: Leffe, quantity: 30], tableID: 2
[DEBUG] 2020-04-01 22:36:23.780 [main] Cafe - ID count increased to: 3
[INFO ] 2020-04-01 22:36:23.780 [main] Cafe - orderNumber: 2 -  added orderline ID: 3, beverage: Cola, quantity: 20
[INFO ] 2020-04-01 22:36:23.780 [main] Cafe - Table table 2 paid orderNumber 2
[INFO ] 2020-04-01 22:36:23.780 [main] Cafe - Cleared table table 2
[INFO ] 2020-04-01 22:36:23.780 [main] Cafe - Wout Peters logged out
[INFO ] 2020-04-01 22:36:23.781 [main] Cafe - Patrick Desmet logged in
[INFO ] 2020-04-01 22:36:23.781 [main] Cafe - Set table 1 as active table
[INFO ] 2020-04-01 22:36:23.781 [main] Cafe - Assigned  table 1 to Patrick Desmet
[DEBUG] 2020-04-01 22:36:23.781 [main] Cafe - orderNumber count increased to: 3
[DEBUG] 2020-04-01 22:36:23.781 [main] Cafe - ID count increased to: 4
[INFO ] 2020-04-01 22:36:23.782 [main] Cafe - New order made: Order: 3, date: 2020-04-01, waiterID: 4, orderItems: [ID: 4, beverage: Cola, quantity: 10], tableID: 1
[DEBUG] 2020-04-01 22:36:23.782 [main] Cafe - ID count increased to: 5
[INFO ] 2020-04-01 22:36:23.782 [main] Cafe - orderNumber: 3 -  added orderline ID: 5, beverage: Leffe, quantity: 10
[INFO ] 2020-04-01 22:36:23.782 [main] Cafe - Table table 1 paid orderNumber 3
[INFO ] 2020-04-01 22:36:23.782 [main] Cafe - Cleared table table 1
[INFO ] 2020-04-01 22:36:23.785 [main] Cafe - Patrick Desmet logged out
[INFO ] 2020-04-01 22:36:23.785 [main] Cafe - Wout Peters logged in
[INFO ] 2020-04-01 22:36:23.791 [main] Cafe - Wout Peters retrieved his sales data
[INFO ] 2020-04-01 22:36:23.801 [main] Cafe - Wout Peters created a waiter sales PDF report
[INFO ] 2020-04-01 22:36:23.806 [main] Cafe - Cafe started
[INFO ] 2020-04-01 22:36:23.817 [main] Cafe - Cafe started
[INFO ] 2020-04-01 22:36:23.818 [main] Cafe - Wout Peters logged in
[INFO ] 2020-04-01 22:36:23.818 [main] Cafe - Set table 1 as active table
[INFO ] 2020-04-01 22:36:23.827 [main] Cafe - Assigned  table 1 to Wout Peters
[DEBUG] 2020-04-01 22:36:23.829 [main] Cafe - orderNumber count increased to: 1
[DEBUG] 2020-04-01 22:36:23.829 [main] Cafe - ID count increased to: 1
[INFO ] 2020-04-01 22:36:23.830 [main] Cafe - New order made: Order: 1, date: 2020-04-01, waiterID: 1, orderItems: [ID: 1, beverage: Cola, quantity: 10], tableID: 1
[INFO ] 2020-04-01 22:36:23.830 [main] Cafe - orderNumber: 1 - updated orderline with ID: 1 to new quantity: 20
[DEBUG] 2020-04-01 22:36:23.831 [main] Cafe - ID count increased to: 2
[INFO ] 2020-04-01 22:36:23.831 [main] Cafe - orderNumber: 1 -  added orderline ID: 2, beverage: Leffe, quantity: 10
[INFO ] 2020-04-01 22:36:23.835 [main] Cafe - Cafe started
[INFO ] 2020-04-01 22:36:23.837 [main] Cafe - Wout Peters logged in
[INFO ] 2020-04-01 22:36:23.839 [main] Cafe - Set table 1 as active table
[INFO ] 2020-04-01 22:36:23.840 [main] Cafe - Assigned  table 1 to Wout Peters
[DEBUG] 2020-04-01 22:36:23.840 [main] Cafe - orderNumber count increased to: 1
[DEBUG] 2020-04-01 22:36:23.840 [main] Cafe - ID count increased to: 1
[INFO ] 2020-04-01 22:36:23.841 [main] Cafe - New order made: Order: 1, date: 2020-04-01, waiterID: 1, orderItems: [ID: 1, beverage: Cola, quantity: 10], tableID: 1
[DEBUG] 2020-04-01 22:36:23.841 [main] Cafe - ID count increased to: 2
[INFO ] 2020-04-01 22:36:23.841 [main] Cafe - orderNumber: 1 -  added orderline ID: 2, beverage: Leffe, quantity: 10
[INFO ] 2020-04-01 22:36:23.842 [main] Cafe - Table table 1 paid orderNumber 1
[INFO ] 2020-04-01 22:36:23.842 [main] Cafe - Cleared table table 1
[INFO ] 2020-04-01 22:36:23.843 [main] Cafe - Set table 2 as active table
[INFO ] 2020-04-01 22:36:23.844 [main] Cafe - Assigned  table 2 to Wout Peters
[DEBUG] 2020-04-01 22:36:23.844 [main] Cafe - orderNumber count increased to: 2
[DEBUG] 2020-04-01 22:36:23.844 [main] Cafe - ID count increased to: 3
[INFO ] 2020-04-01 22:36:23.844 [main] Cafe - New order made: Order: 2, date: 2020-04-01, waiterID: 1, orderItems: [ID: 3, beverage: Leffe, quantity: 30], tableID: 2
[DEBUG] 2020-04-01 22:36:23.845 [main] Cafe - ID count increased to: 4
[INFO ] 2020-04-01 22:36:23.845 [main] Cafe - orderNumber: 2 -  added orderline ID: 4, beverage: Cola, quantity: 20
[INFO ] 2020-04-01 22:36:23.845 [main] Cafe - Table table 2 paid orderNumber 2
[INFO ] 2020-04-01 22:36:23.845 [main] Cafe - Cleared table table 2
[INFO ] 2020-04-01 22:36:23.845 [main] Cafe - Wout Peters logged out
[INFO ] 2020-04-01 22:36:23.845 [main] Cafe - Patrick Desmet logged in
[INFO ] 2020-04-01 22:36:23.845 [main] Cafe - Set table 1 as active table
[INFO ] 2020-04-01 22:36:23.846 [main] Cafe - Assigned  table 1 to Patrick Desmet
[DEBUG] 2020-04-01 22:36:23.846 [main] Cafe - orderNumber count increased to: 3
[DEBUG] 2020-04-01 22:36:23.846 [main] Cafe - ID count increased to: 5
[INFO ] 2020-04-01 22:36:23.847 [main] Cafe - New order made: Order: 3, date: 2020-04-01, waiterID: 4, orderItems: [ID: 5, beverage: Cola, quantity: 10], tableID: 1
[DEBUG] 2020-04-01 22:36:23.851 [main] Cafe - ID count increased to: 6
[INFO ] 2020-04-01 22:36:23.856 [main] Cafe - orderNumber: 3 -  added orderline ID: 6, beverage: Leffe, quantity: 10
[INFO ] 2020-04-01 22:36:23.857 [main] Cafe - Table table 1 paid orderNumber 3
[INFO ] 2020-04-01 22:36:23.857 [main] Cafe - Cleared table table 1
[INFO ] 2020-04-01 22:36:23.857 [main] Cafe - Set table 2 as active table
[INFO ] 2020-04-01 22:36:23.862 [main] Cafe - Assigned  table 2 to Patrick Desmet
[DEBUG] 2020-04-01 22:36:23.878 [main] Cafe - orderNumber count increased to: 4
[DEBUG] 2020-04-01 22:36:23.879 [main] Cafe - ID count increased to: 7
[INFO ] 2020-04-01 22:36:23.880 [main] Cafe - New order made: Order: 4, date: 2020-04-01, waiterID: 4, orderItems: [ID: 7, beverage: Leffe, quantity: 10], tableID: 2
[DEBUG] 2020-04-01 22:36:23.880 [main] Cafe - ID count increased to: 8
[INFO ] 2020-04-01 22:36:23.880 [main] Cafe - orderNumber: 4 -  added orderline ID: 8, beverage: Cola, quantity: 10
[INFO ] 2020-04-01 22:36:23.880 [main] Cafe - Table table 2 paid orderNumber 4
[INFO ] 2020-04-01 22:36:23.880 [main] Cafe - Cleared table table 2
[INFO ] 2020-04-01 22:36:23.880 [main] Cafe - Patrick Desmet logged out
[INFO ] 2020-04-01 22:36:23.881 [main] Cafe - Ilse Vandenbroeck logged in
[INFO ] 2020-04-01 22:36:23.881 [main] Cafe - Set table 5 as active table
[INFO ] 2020-04-01 22:36:23.881 [main] Cafe - Assigned  table 5 to Ilse Vandenbroeck
[DEBUG] 2020-04-01 22:36:23.881 [main] Cafe - orderNumber count increased to: 5
[DEBUG] 2020-04-01 22:36:23.881 [main] Cafe - ID count increased to: 9
[INFO ] 2020-04-01 22:36:23.881 [main] Cafe - New order made: Order: 5, date: 2020-04-01, waiterID: 3, orderItems: [ID: 9, beverage: Cola, quantity: 100], tableID: 5
[DEBUG] 2020-04-01 22:36:23.881 [main] Cafe - ID count increased to: 10
[INFO ] 2020-04-01 22:36:23.882 [main] Cafe - orderNumber: 5 -  added orderline ID: 10, beverage: Leffe, quantity: 10
[INFO ] 2020-04-01 22:36:23.882 [main] Cafe - Table table 5 paid orderNumber 5
[INFO ] 2020-04-01 22:36:23.883 [main] Cafe - Cleared table table 5
[INFO ] 2020-04-01 22:36:23.918 [main] Cafe - Cafe started
[INFO ] 2020-04-01 22:36:23.918 [main] Cafe - Wout Peters logged in
[INFO ] 2020-04-01 22:36:23.918 [main] Cafe - Wout Peters logged out
[INFO ] 2020-04-01 22:36:23.930 [main] Cafe - Cafe started
[INFO ] 2020-04-01 22:36:23.931 [main] Cafe - Wout Peters logged in
[INFO ] 2020-04-01 22:36:23.931 [main] Cafe - Wout Peters logged out
[INFO ] 2020-04-01 22:36:23.932 [main] Cafe - Patrick Desmet logged in
[INFO ] 2020-04-01 22:36:23.937 [main] Cafe - Cafe started
[INFO ] 2020-04-01 22:36:23.937 [main] Cafe - Wout Peters logged in
[INFO ] 2020-04-01 22:36:23.938 [main] Cafe - Set table 1 as active table
[INFO ] 2020-04-01 22:36:23.940 [main] Cafe - Cafe started
[INFO ] 2020-04-01 22:36:23.940 [main] Cafe - Wout Peters logged in
[INFO ] 2020-04-01 22:36:23.940 [main] Cafe - Set table 1 as active table
[INFO ] 2020-04-01 22:36:23.941 [main] Cafe - Assigned  table 1 to Wout Peters
[DEBUG] 2020-04-01 22:36:23.941 [main] Cafe - orderNumber count increased to: 1
[DEBUG] 2020-04-01 22:36:23.941 [main] Cafe - ID count increased to: 1
[INFO ] 2020-04-01 22:36:23.941 [main] Cafe - New order made: Order: 1, date: 2020-04-01, waiterID: 1, orderItems: [ID: 1, beverage: Cola, quantity: 5], tableID: 1
[DEBUG] 2020-04-01 22:36:23.941 [main] Cafe - ID count increased to: 2
[INFO ] 2020-04-01 22:36:23.941 [main] Cafe - orderNumber: 1 -  added orderline ID: 2, beverage: Leffe, quantity: 5
[INFO ] 2020-04-01 22:36:23.942 [main] Cafe - Cafe started
[INFO ] 2020-04-01 22:36:23.943 [main] Cafe - Wout Peters logged in
[INFO ] 2020-04-01 22:36:23.943 [main] Cafe - Set table 1 as active table
[INFO ] 2020-04-01 22:36:23.944 [main] Cafe - Cafe started
[INFO ] 2020-04-01 22:36:23.944 [main] Cafe - Wout Peters logged in
[INFO ] 2020-04-01 22:36:23.944 [main] Cafe - Set table 1 as active table
[INFO ] 2020-04-01 22:36:23.946 [main] Cafe - Cafe started
[INFO ] 2020-04-01 22:36:23.950 [main] Cafe - Cafe started
[INFO ] 2020-04-01 22:36:23.950 [main] Cafe - Wout Peters logged in
[INFO ] 2020-04-01 22:36:23.951 [main] Cafe - Set table 1 as active table
[INFO ] 2020-04-01 22:36:23.951 [main] Cafe - Assigned  table 1 to Wout Peters
[DEBUG] 2020-04-01 22:36:23.951 [main] Cafe - orderNumber count increased to: 1
[DEBUG] 2020-04-01 22:36:23.951 [main] Cafe - ID count increased to: 1
[INFO ] 2020-04-01 22:36:23.951 [main] Cafe - New order made: Order: 1, date: 2020-04-01, waiterID: 1, orderItems: [ID: 1, beverage: Cola, quantity: 5], tableID: 1
[DEBUG] 2020-04-01 22:36:23.951 [main] Cafe - ID count increased to: 2
[INFO ] 2020-04-01 22:36:23.951 [main] Cafe - orderNumber: 1 -  added orderline ID: 2, beverage: Leffe, quantity: 5
[INFO ] 2020-04-01 22:36:23.955 [main] Cafe - Cafe started
[INFO ] 2020-04-01 22:36:23.958 [main] Cafe - Cafe started
[INFO ] 2020-04-01 22:36:23.958 [main] Cafe - Wout Peters logged in
[INFO ] 2020-04-01 22:36:23.958 [main] Cafe - Set table 1 as active table
[INFO ] 2020-04-01 22:36:23.958 [main] Cafe - Assigned  table 1 to Wout Peters
[DEBUG] 2020-04-01 22:36:23.958 [main] Cafe - orderNumber count increased to: 1
[DEBUG] 2020-04-01 22:36:23.958 [main] Cafe - ID count increased to: 1
[INFO ] 2020-04-01 22:36:23.959 [main] Cafe - New order made: Order: 1, date: 2020-04-01, waiterID: 1, orderItems: [ID: 1, beverage: Cola, quantity: 5], tableID: 1
[INFO ] 2020-04-01 22:36:23.960 [main] Cafe - Cafe started
