[INFO ] 2020-04-02 23:44:32.041 [main] Cafe - Cafe started
[INFO ] 2020-04-02 23:44:32.058 [main] Cafe - Cafe started
[INFO ] 2020-04-02 23:44:32.060 [main] Cafe - Wout Peters logged in
[INFO ] 2020-04-02 23:44:32.061 [main] Cafe - Set table 1 as active table
[INFO ] 2020-04-02 23:44:32.065 [main] Cafe - Assigned  table 1 to Wout Peters
[DEBUG] 2020-04-02 23:44:32.065 [main] Cafe - orderNumber count increased to: 1
[DEBUG] 2020-04-02 23:44:32.066 [main] Cafe - ID count increased to: 1
[INFO ] 2020-04-02 23:44:32.086 [main] Cafe - New order made: Order: 1, date: 2020-02-05, waiterID: 1, orderItems: [ID: 1, beverage: Cola, quantity: 10], tableID: 1
[INFO ] 2020-04-02 23:44:32.090 [main] Cafe - Table table 1 paid orderNumber 1
[INFO ] 2020-04-02 23:44:32.090 [main] Cafe - Cleared table table 1
[INFO ] 2020-04-02 23:44:32.091 [main] Cafe - Set table 2 as active table
[INFO ] 2020-04-02 23:44:32.091 [main] Cafe - Assigned  table 2 to Wout Peters
[DEBUG] 2020-04-02 23:44:32.091 [main] Cafe - orderNumber count increased to: 2
[DEBUG] 2020-04-02 23:44:32.091 [main] Cafe - ID count increased to: 2
[INFO ] 2020-04-02 23:44:32.092 [main] Cafe - New order made: Order: 2, date: 2020-02-05, waiterID: 1, orderItems: [ID: 2, beverage: Leffe, quantity: 30], tableID: 2
[DEBUG] 2020-04-02 23:44:32.092 [main] Cafe - ID count increased to: 3
[INFO ] 2020-04-02 23:44:32.095 [main] Cafe - orderNumber: 2 -  added orderline ID: 3, beverage: Cola, quantity: 20
[INFO ] 2020-04-02 23:44:32.095 [main] Cafe - Table table 2 paid orderNumber 2
[INFO ] 2020-04-02 23:44:32.096 [main] Cafe - Cleared table table 2
[INFO ] 2020-04-02 23:44:32.096 [main] Cafe - Wout Peters logged out
[INFO ] 2020-04-02 23:44:32.096 [main] Cafe - Patrick Desmet logged in
[INFO ] 2020-04-02 23:44:32.097 [main] Cafe - Set table 1 as active table
[INFO ] 2020-04-02 23:44:32.147 [main] Cafe - Assigned  table 1 to Patrick Desmet
[DEBUG] 2020-04-02 23:44:32.147 [main] Cafe - orderNumber count increased to: 3
[DEBUG] 2020-04-02 23:44:32.147 [main] Cafe - ID count increased to: 4
[INFO ] 2020-04-02 23:44:32.148 [main] Cafe - New order made: Order: 3, date: 2020-04-02, waiterID: 4, orderItems: [ID: 4, beverage: Cola, quantity: 10], tableID: 1
[DEBUG] 2020-04-02 23:44:32.148 [main] Cafe - ID count increased to: 5
[INFO ] 2020-04-02 23:44:32.149 [main] Cafe - orderNumber: 3 -  added orderline ID: 5, beverage: Leffe, quantity: 10
[INFO ] 2020-04-02 23:44:32.149 [main] Cafe - Table table 1 paid orderNumber 3
[INFO ] 2020-04-02 23:44:32.150 [main] Cafe - Cleared table table 1
[INFO ] 2020-04-02 23:44:32.150 [main] Cafe - Patrick Desmet logged out
[INFO ] 2020-04-02 23:44:32.150 [main] Cafe - Wout Peters logged in
[INFO ] 2020-04-02 23:44:32.156 [main] Cafe - Wout Peters retrieved his sales data
[INFO ] 2020-04-02 23:44:32.156 [main] Cafe - Wout Peters logged out
[INFO ] 2020-04-02 23:44:32.160 [main] Cafe - Cafe started
[INFO ] 2020-04-02 23:44:32.161 [main] Cafe - Wout Peters logged in
[INFO ] 2020-04-02 23:44:32.161 [main] Cafe - Set table 1 as active table
[INFO ] 2020-04-02 23:44:32.161 [main] Cafe - Assigned  table 1 to Wout Peters
[DEBUG] 2020-04-02 23:44:32.161 [main] Cafe - orderNumber count increased to: 1
[DEBUG] 2020-04-02 23:44:32.162 [main] Cafe - ID count increased to: 1
[INFO ] 2020-04-02 23:44:32.162 [main] Cafe - New order made: Order: 1, date: 2020-04-02, waiterID: 1, orderItems: [ID: 1, beverage: Cola, quantity: 10], tableID: 1
[DEBUG] 2020-04-02 23:44:32.162 [main] Cafe - ID count increased to: 2
[INFO ] 2020-04-02 23:44:32.162 [main] Cafe - orderNumber: 1 -  added orderline ID: 2, beverage: Leffe, quantity: 10
[INFO ] 2020-04-02 23:44:32.163 [main] Cafe - Table table 1 paid orderNumber 1
[INFO ] 2020-04-02 23:44:32.163 [main] Cafe - Cleared table table 1
[INFO ] 2020-04-02 23:44:32.163 [main] Cafe - Set table 2 as active table
[INFO ] 2020-04-02 23:44:32.163 [main] Cafe - Assigned  table 2 to Wout Peters
[DEBUG] 2020-04-02 23:44:32.163 [main] Cafe - orderNumber count increased to: 2
[DEBUG] 2020-04-02 23:44:32.163 [main] Cafe - ID count increased to: 3
[INFO ] 2020-04-02 23:44:32.163 [main] Cafe - New order made: Order: 2, date: 2020-04-02, waiterID: 1, orderItems: [ID: 3, beverage: Leffe, quantity: 30], tableID: 2
[DEBUG] 2020-04-02 23:44:32.164 [main] Cafe - ID count increased to: 4
[INFO ] 2020-04-02 23:44:32.164 [main] Cafe - orderNumber: 2 -  added orderline ID: 4, beverage: Cola, quantity: 20
[INFO ] 2020-04-02 23:44:32.164 [main] Cafe - Table table 2 paid orderNumber 2
[INFO ] 2020-04-02 23:44:32.164 [main] Cafe - Cleared table table 2
[INFO ] 2020-04-02 23:44:32.164 [main] Cafe - Wout Peters logged out
[INFO ] 2020-04-02 23:44:32.164 [main] Cafe - Patrick Desmet logged in
[INFO ] 2020-04-02 23:44:32.164 [main] Cafe - Set table 1 as active table
[INFO ] 2020-04-02 23:44:32.165 [main] Cafe - Assigned  table 1 to Patrick Desmet
[DEBUG] 2020-04-02 23:44:32.165 [main] Cafe - orderNumber count increased to: 3
[DEBUG] 2020-04-02 23:44:32.166 [main] Cafe - ID count increased to: 5
[INFO ] 2020-04-02 23:44:32.166 [main] Cafe - New order made: Order: 3, date: 2020-04-02, waiterID: 4, orderItems: [ID: 5, beverage: Cola, quantity: 10], tableID: 1
[DEBUG] 2020-04-02 23:44:32.166 [main] Cafe - ID count increased to: 6
[INFO ] 2020-04-02 23:44:32.166 [main] Cafe - orderNumber: 3 -  added orderline ID: 6, beverage: Leffe, quantity: 10
[INFO ] 2020-04-02 23:44:32.166 [main] Cafe - Table table 1 paid orderNumber 3
[INFO ] 2020-04-02 23:44:32.167 [main] Cafe - Cleared table table 1
[INFO ] 2020-04-02 23:44:32.167 [main] Cafe - Patrick Desmet logged out
[INFO ] 2020-04-02 23:44:32.167 [main] Cafe - Wout Peters logged in
[INFO ] 2020-04-02 23:44:32.168 [main] Cafe - Wout Peters retrieved his sales data
[INFO ] 2020-04-02 23:44:32.168 [main] Cafe - Wout Peters logged out
[INFO ] 2020-04-02 23:44:32.168 [main] Cafe - Patrick Desmet logged in
[INFO ] 2020-04-02 23:44:32.169 [main] Cafe - Patrick Desmet retrieved his sales data
[INFO ] 2020-04-02 23:44:32.171 [main] Cafe - Cafe started
[INFO ] 2020-04-02 23:44:32.171 [main] Cafe - Wout Peters logged in
[INFO ] 2020-04-02 23:44:32.171 [main] Cafe - Set table 1 as active table
[INFO ] 2020-04-02 23:44:32.171 [main] Cafe - Assigned  table 1 to Wout Peters
[DEBUG] 2020-04-02 23:44:32.172 [main] Cafe - orderNumber count increased to: 1
[DEBUG] 2020-04-02 23:44:32.172 [main] Cafe - ID count increased to: 1
[INFO ] 2020-04-02 23:44:32.173 [main] Cafe - New order made: Order: 1, date: 2020-04-02, waiterID: 1, orderItems: [ID: 1, beverage: Cola, quantity: 2], tableID: 1
[DEBUG] 2020-04-02 23:44:32.173 [main] Cafe - ID count increased to: 2
[INFO ] 2020-04-02 23:44:32.173 [main] Cafe - orderNumber: 1 -  added orderline ID: 2, beverage: Leffe, quantity: 2
[DEBUG] 2020-04-02 23:44:32.174 [main] Cafe - ID count increased to: 3
[INFO ] 2020-04-02 23:44:32.174 [main] Cafe - orderNumber: 1 -  added orderline ID: 3, beverage: Duvel, quantity: 2
[DEBUG] 2020-04-02 23:44:32.174 [main] Cafe - ID count increased to: 4
[INFO ] 2020-04-02 23:44:32.174 [main] Cafe - orderNumber: 1 -  added orderline ID: 4, beverage: Fanta, quantity: 2
[INFO ] 2020-04-02 23:44:32.174 [main] Cafe - Table table 1 paid orderNumber 1
[INFO ] 2020-04-02 23:44:32.174 [main] Cafe - Cleared table table 1
[INFO ] 2020-04-02 23:44:32.175 [main] Cafe - Wout Peters logged out
[INFO ] 2020-04-02 23:44:32.175 [main] Cafe - Patrick Desmet logged in
[INFO ] 2020-04-02 23:44:32.175 [main] Cafe - Set table 10 as active table
[INFO ] 2020-04-02 23:44:32.175 [main] Cafe - Assigned  table 10 to Patrick Desmet
[DEBUG] 2020-04-02 23:44:32.175 [main] Cafe - orderNumber count increased to: 2
[DEBUG] 2020-04-02 23:44:32.175 [main] Cafe - ID count increased to: 5
[INFO ] 2020-04-02 23:44:32.175 [main] Cafe - New order made: Order: 2, date: 2020-04-02, waiterID: 4, orderItems: [ID: 5, beverage: Cola, quantity: 20], tableID: 10
[DEBUG] 2020-04-02 23:44:32.175 [main] Cafe - ID count increased to: 6
[INFO ] 2020-04-02 23:44:32.176 [main] Cafe - orderNumber: 2 -  added orderline ID: 6, beverage: Leffe, quantity: 30
[DEBUG] 2020-04-02 23:44:32.176 [main] Cafe - ID count increased to: 7
[INFO ] 2020-04-02 23:44:32.176 [main] Cafe - orderNumber: 2 -  added orderline ID: 7, beverage: Duvel, quantity: 40
[INFO ] 2020-04-02 23:44:32.176 [main] Cafe - Patrick Desmet logged out
[INFO ] 2020-04-02 23:44:32.176 [main] Cafe - Wout Peters logged in
[INFO ] 2020-04-02 23:44:32.176 [main] Cafe - Set table 1 as active table
[INFO ] 2020-04-02 23:44:32.177 [main] Cafe - Assigned  table 1 to Wout Peters
[DEBUG] 2020-04-02 23:44:32.177 [main] Cafe - orderNumber count increased to: 3
[DEBUG] 2020-04-02 23:44:32.177 [main] Cafe - ID count increased to: 8
[INFO ] 2020-04-02 23:44:32.177 [main] Cafe - New order made: Order: 3, date: 2020-04-02, waiterID: 1, orderItems: [ID: 8, beverage: Cola, quantity: 2], tableID: 1
[DEBUG] 2020-04-02 23:44:32.177 [main] Cafe - ID count increased to: 9
[INFO ] 2020-04-02 23:44:32.177 [main] Cafe - orderNumber: 3 -  added orderline ID: 9, beverage: Leffe, quantity: 2
[INFO ] 2020-04-02 23:44:32.177 [main] Cafe - Wout Peters logged out
[INFO ] 2020-04-02 23:44:32.177 [main] Cafe - Patrick Desmet logged in
[INFO ] 2020-04-02 23:44:32.178 [main] Cafe - Set table 10 as active table
[INFO ] 2020-04-02 23:44:32.178 [main] Cafe - Table table 10 paid orderNumber 2
[INFO ] 2020-04-02 23:44:32.178 [main] Cafe - Cleared table table 10
[INFO ] 2020-04-02 23:44:32.181 [main] Cafe - Cafe started
[INFO ] 2020-04-02 23:44:32.181 [main] Cafe - Wout Peters logged in
[ERROR] 2020-04-02 23:44:32.182 [main] Cafe - Pay failed, no active table
[INFO ] 2020-04-02 23:44:32.182 [main] Cafe - Set table 1 as active table
[INFO ] 2020-04-02 23:44:32.182 [main] Cafe - Assigned  table 1 to Wout Peters
[DEBUG] 2020-04-02 23:44:32.182 [main] Cafe - orderNumber count increased to: 1
[DEBUG] 2020-04-02 23:44:32.182 [main] Cafe - ID count increased to: 1
[INFO ] 2020-04-02 23:44:32.182 [main] Cafe - New order made: Order: 1, date: 2020-04-02, waiterID: 1, orderItems: [ID: 1, beverage: Cola, quantity: 5], tableID: 1
[DEBUG] 2020-04-02 23:44:32.182 [main] Cafe - ID count increased to: 2
[INFO ] 2020-04-02 23:44:32.182 [main] Cafe - orderNumber: 1 -  added orderline ID: 2, beverage: Leffe, quantity: 2
[DEBUG] 2020-04-02 23:44:32.184 [main] Cafe - ID count increased to: 3
[INFO ] 2020-04-02 23:44:32.184 [main] Cafe - orderNumber: 1 -  added orderline ID: 3, beverage: Duvel, quantity: 10
[INFO ] 2020-04-02 23:44:32.184 [main] Cafe - Table table 1 paid orderNumber 1
[INFO ] 2020-04-02 23:44:32.184 [main] Cafe - Cleared table table 1
[INFO ] 2020-04-02 23:44:32.184 [main] Cafe - Wout Peters logged out
[INFO ] 2020-04-02 23:44:32.185 [main] Cafe - Patrick Desmet logged in
[INFO ] 2020-04-02 23:44:32.185 [main] Cafe - Set table 10 as active table
[INFO ] 2020-04-02 23:44:32.185 [main] Cafe - Assigned  table 10 to Patrick Desmet
[DEBUG] 2020-04-02 23:44:32.186 [main] Cafe - orderNumber count increased to: 2
[DEBUG] 2020-04-02 23:44:32.186 [main] Cafe - ID count increased to: 4
[INFO ] 2020-04-02 23:44:32.186 [main] Cafe - New order made: Order: 2, date: 2020-04-02, waiterID: 4, orderItems: [ID: 4, beverage: Cola, quantity: 1], tableID: 10
[DEBUG] 2020-04-02 23:44:32.186 [main] Cafe - ID count increased to: 5
[INFO ] 2020-04-02 23:44:32.187 [main] Cafe - orderNumber: 2 -  added orderline ID: 5, beverage: Leffe, quantity: 3
[DEBUG] 2020-04-02 23:44:32.187 [main] Cafe - ID count increased to: 6
[INFO ] 2020-04-02 23:44:32.187 [main] Cafe - orderNumber: 2 -  added orderline ID: 6, beverage: Duvel, quantity: 5
[DEBUG] 2020-04-02 23:44:32.187 [main] Cafe - ID count increased to: 7
[INFO ] 2020-04-02 23:44:32.188 [main] Cafe - orderNumber: 2 -  added orderline ID: 7, beverage: Fanta, quantity: 4
[INFO ] 2020-04-02 23:44:32.188 [main] Cafe - Table table 10 paid orderNumber 2
[INFO ] 2020-04-02 23:44:32.188 [main] Cafe - Cleared table table 10
[INFO ] 2020-04-02 23:44:32.192 [main] Cafe - Cafe started
[INFO ] 2020-04-02 23:44:32.192 [main] Cafe - Wout Peters logged in
[INFO ] 2020-04-02 23:44:32.194 [main] Cafe - Wout Peters logged out
[ERROR] 2020-04-02 23:44:32.195 [main] Cafe - Login failed, username incorrect: Wouter Peters password: password
[ERROR] 2020-04-02 23:44:32.195 [main] Cafe - Login failed, username incorrect: Wouters Peter password: password
[ERROR] 2020-04-02 23:44:32.195 [main] Cafe - Login failed, username incorrect: Wout Peeters password: password
[ERROR] 2020-04-02 23:44:32.195 [main] Cafe - Login failed, wrong password: username: Wout Peters password: passwoord
[INFO ] 2020-04-02 23:44:32.196 [main] Cafe - Patrick Desmet logged in
[INFO ] 2020-04-02 23:44:32.196 [main] Cafe - Patrick Desmet logged out
[ERROR] 2020-04-02 23:44:32.196 [main] Cafe - Login failed, username incorrect: Patrick Desmeet password: password
[INFO ] 2020-04-02 23:44:32.198 [main] Cafe - Cafe started
[INFO ] 2020-04-02 23:44:32.205 [main] Cafe - Cafe started
[INFO ] 2020-04-02 23:44:32.205 [main] Cafe - Wout Peters logged in
[INFO ] 2020-04-02 23:44:32.206 [main] Cafe - Set table 1 as active table
[INFO ] 2020-04-02 23:44:32.206 [main] Cafe - Assigned  table 1 to Wout Peters
[DEBUG] 2020-04-02 23:44:32.206 [main] Cafe - orderNumber count increased to: 1
[DEBUG] 2020-04-02 23:44:32.206 [main] Cafe - ID count increased to: 1
[INFO ] 2020-04-02 23:44:32.207 [main] Cafe - New order made: Order: 1, date: 2020-04-02, waiterID: 1, orderItems: [ID: 1, beverage: Cola, quantity: 5], tableID: 1
[DEBUG] 2020-04-02 23:44:32.207 [main] Cafe - ID count increased to: 2
[INFO ] 2020-04-02 23:44:32.207 [main] Cafe - orderNumber: 1 -  added orderline ID: 2, beverage: Leffe, quantity: 2
[INFO ] 2020-04-02 23:44:32.207 [main] Cafe - Set table 2 as active table
[INFO ] 2020-04-02 23:44:32.207 [main] Cafe - Assigned  table 2 to Wout Peters
[DEBUG] 2020-04-02 23:44:32.207 [main] Cafe - orderNumber count increased to: 2
[DEBUG] 2020-04-02 23:44:32.208 [main] Cafe - ID count increased to: 3
[INFO ] 2020-04-02 23:44:32.208 [main] Cafe - New order made: Order: 2, date: 2020-04-02, waiterID: 1, orderItems: [ID: 3, beverage: Leffe, quantity: 2], tableID: 2
[INFO ] 2020-04-02 23:44:32.216 [main] Cafe - orderNumber: 2 - updated orderline with ID: 3 to new quantity: 4
[INFO ] 2020-04-02 23:44:32.216 [main] Cafe - orderNumber: 2 - updated orderline with ID: 3 to new quantity: 9
[INFO ] 2020-04-02 23:44:32.216 [main] Cafe - Wout Peters logged out
[INFO ] 2020-04-02 23:44:32.217 [main] Cafe - Patrick Desmet logged in
[ERROR] 2020-04-02 23:44:32.217 [main] Cafe - table 2 does not belong to: Patrick Desmet
[INFO ] 2020-04-02 23:44:32.217 [main] Cafe - Set table 3 as active table
[INFO ] 2020-04-02 23:44:32.218 [main] Cafe - Assigned  table 3 to Patrick Desmet
[DEBUG] 2020-04-02 23:44:32.218 [main] Cafe - orderNumber count increased to: 3
[DEBUG] 2020-04-02 23:44:32.218 [main] Cafe - ID count increased to: 4
[INFO ] 2020-04-02 23:44:32.218 [main] Cafe - New order made: Order: 3, date: 2020-04-02, waiterID: 4, orderItems: [ID: 4, beverage: Leffe, quantity: 3], tableID: 3
[DEBUG] 2020-04-02 23:44:32.218 [main] Cafe - ID count increased to: 5
[INFO ] 2020-04-02 23:44:32.219 [main] Cafe - orderNumber: 3 -  added orderline ID: 5, beverage: Cola, quantity: 2
[INFO ] 2020-04-02 23:44:32.219 [main] Cafe - Patrick Desmet logged out
[INFO ] 2020-04-02 23:44:32.219 [main] Cafe - Wout Peters logged in
[INFO ] 2020-04-02 23:44:32.219 [main] Cafe - Set table 1 as active table
[INFO ] 2020-04-02 23:44:32.220 [main] Cafe - orderNumber: 1 - updated orderline with ID: 2 to new quantity: 4
[INFO ] 2020-04-02 23:44:32.222 [main] Cafe - Cafe started
[INFO ] 2020-04-02 23:44:32.223 [main] Cafe - Wout Peters logged in
[ERROR] 2020-04-02 23:44:32.223 [main] Cafe - Remove of orderline failed, no active table
[INFO ] 2020-04-02 23:44:32.223 [main] Cafe - Set table 1 as active table
[INFO ] 2020-04-02 23:44:32.224 [main] Cafe - Assigned  table 1 to Wout Peters
[DEBUG] 2020-04-02 23:44:32.224 [main] Cafe - orderNumber count increased to: 1
[DEBUG] 2020-04-02 23:44:32.224 [main] Cafe - ID count increased to: 1
[INFO ] 2020-04-02 23:44:32.224 [main] Cafe - New order made: Order: 1, date: 2020-04-02, waiterID: 1, orderItems: [ID: 1, beverage: Cola, quantity: 2], tableID: 1
[DEBUG] 2020-04-02 23:44:32.224 [main] Cafe - ID count increased to: 2
[INFO ] 2020-04-02 23:44:32.224 [main] Cafe - orderNumber: 1 -  added orderline ID: 2, beverage: Leffe, quantity: 2
[DEBUG] 2020-04-02 23:44:32.225 [main] Cafe - ID count increased to: 3
[INFO ] 2020-04-02 23:44:32.225 [main] Cafe - orderNumber: 1 -  added orderline ID: 3, beverage: Duvel, quantity: 2
[DEBUG] 2020-04-02 23:44:32.225 [main] Cafe - ID count increased to: 4
[INFO ] 2020-04-02 23:44:32.225 [main] Cafe - orderNumber: 1 -  added orderline ID: 4, beverage: Fanta, quantity: 2
[INFO ] 2020-04-02 23:44:32.225 [main] Cafe - Removed orderline ID: 1, beverage: Cola, quantity: 2
[INFO ] 2020-04-02 23:44:32.227 [main] Cafe - Cafe started
[INFO ] 2020-04-02 23:44:32.227 [main] Cafe - Wout Peters logged in
[INFO ] 2020-04-02 23:44:32.228 [main] Cafe - Wout Peters logged out
[INFO ] 2020-04-02 23:44:32.228 [main] Cafe - Patrick Desmet logged in
[INFO ] 2020-04-02 23:44:32.231 [main] Cafe - Cafe started
[INFO ] 2020-04-02 23:44:32.231 [main] Cafe - Wout Peters logged in
[INFO ] 2020-04-02 23:44:32.231 [main] Cafe - Set table 1 as active table
[INFO ] 2020-04-02 23:44:32.232 [main] Cafe - Assigned  table 1 to Wout Peters
[DEBUG] 2020-04-02 23:44:32.232 [main] Cafe - orderNumber count increased to: 1
[DEBUG] 2020-04-02 23:44:32.232 [main] Cafe - ID count increased to: 1
[INFO ] 2020-04-02 23:44:32.232 [main] Cafe - New order made: Order: 1, date: 2020-04-02, waiterID: 1, orderItems: [ID: 1, beverage: Cola, quantity: 10], tableID: 1
[INFO ] 2020-04-02 23:44:32.232 [main] Cafe - orderNumber: 1 - updated orderline with ID: 1 to new quantity: 20
[DEBUG] 2020-04-02 23:44:32.233 [main] Cafe - ID count increased to: 2
[INFO ] 2020-04-02 23:44:32.233 [main] Cafe - orderNumber: 1 -  added orderline ID: 2, beverage: Leffe, quantity: 10
[INFO ] 2020-04-02 23:44:32.233 [main] Cafe - Table table 1 paid orderNumber 1
[INFO ] 2020-04-02 23:44:32.233 [main] Cafe - Cleared table table 1
[INFO ] 2020-04-02 23:44:32.233 [main] Cafe - Set table 2 as active table
[INFO ] 2020-04-02 23:44:32.234 [main] Cafe - Assigned  table 2 to Wout Peters
[DEBUG] 2020-04-02 23:44:32.234 [main] Cafe - orderNumber count increased to: 2
[DEBUG] 2020-04-02 23:44:32.234 [main] Cafe - ID count increased to: 3
[INFO ] 2020-04-02 23:44:32.234 [main] Cafe - New order made: Order: 2, date: 2020-04-02, waiterID: 1, orderItems: [ID: 3, beverage: Leffe, quantity: 30], tableID: 2
[DEBUG] 2020-04-02 23:44:32.234 [main] Cafe - ID count increased to: 4
[INFO ] 2020-04-02 23:44:32.234 [main] Cafe - orderNumber: 2 -  added orderline ID: 4, beverage: Cola, quantity: 20
[INFO ] 2020-04-02 23:44:32.234 [main] Cafe - Table table 2 paid orderNumber 2
[INFO ] 2020-04-02 23:44:32.234 [main] Cafe - Cleared table table 2
[INFO ] 2020-04-02 23:44:32.245 [main] Cafe - Cafe started
[INFO ] 2020-04-02 23:44:32.245 [main] Cafe - Set table 1 as active table
[INFO ] 2020-04-02 23:44:32.246 [main] Cafe - Set table 9 as active table
[INFO ] 2020-04-02 23:44:32.247 [main] Cafe - Cafe started
[INFO ] 2020-04-02 23:44:32.248 [main] Cafe - Wout Peters logged in
[INFO ] 2020-04-02 23:44:32.248 [main] Cafe - Set table 1 as active table
[INFO ] 2020-04-02 23:44:32.249 [main] Cafe - Assigned  table 1 to Wout Peters
[DEBUG] 2020-04-02 23:44:32.249 [main] Cafe - orderNumber count increased to: 1
[DEBUG] 2020-04-02 23:44:32.249 [main] Cafe - ID count increased to: 1
[INFO ] 2020-04-02 23:44:32.250 [main] Cafe - New order made: Order: 1, date: 2020-02-05, waiterID: 1, orderItems: [ID: 1, beverage: Cola, quantity: 20], tableID: 1
[INFO ] 2020-04-02 23:44:32.250 [main] Cafe - Table table 1 paid orderNumber 1
[INFO ] 2020-04-02 23:44:32.251 [main] Cafe - Cleared table table 1
[INFO ] 2020-04-02 23:44:32.251 [main] Cafe - Set table 2 as active table
[INFO ] 2020-04-02 23:44:32.251 [main] Cafe - Assigned  table 2 to Wout Peters
[DEBUG] 2020-04-02 23:44:32.251 [main] Cafe - orderNumber count increased to: 2
[DEBUG] 2020-04-02 23:44:32.251 [main] Cafe - ID count increased to: 2
[INFO ] 2020-04-02 23:44:32.251 [main] Cafe - New order made: Order: 2, date: 2020-02-05, waiterID: 1, orderItems: [ID: 2, beverage: Leffe, quantity: 30], tableID: 2
[DEBUG] 2020-04-02 23:44:32.251 [main] Cafe - ID count increased to: 3
[INFO ] 2020-04-02 23:44:32.251 [main] Cafe - orderNumber: 2 -  added orderline ID: 3, beverage: Cola, quantity: 20
[INFO ] 2020-04-02 23:44:32.252 [main] Cafe - Table table 2 paid orderNumber 2
[INFO ] 2020-04-02 23:44:32.252 [main] Cafe - Cleared table table 2
[INFO ] 2020-04-02 23:44:32.252 [main] Cafe - Set table 1 as active table
[INFO ] 2020-04-02 23:44:32.252 [main] Cafe - Assigned  table 1 to Wout Peters
[DEBUG] 2020-04-02 23:44:32.252 [main] Cafe - orderNumber count increased to: 3
[DEBUG] 2020-04-02 23:44:32.252 [main] Cafe - ID count increased to: 4
[INFO ] 2020-04-02 23:44:32.252 [main] Cafe - New order made: Order: 3, date: 2020-04-02, waiterID: 1, orderItems: [ID: 4, beverage: Cola, quantity: 10], tableID: 1
[DEBUG] 2020-04-02 23:44:32.252 [main] Cafe - ID count increased to: 5
[INFO ] 2020-04-02 23:44:32.253 [main] Cafe - orderNumber: 3 -  added orderline ID: 5, beverage: Leffe, quantity: 10
[INFO ] 2020-04-02 23:44:32.253 [main] Cafe - Table table 1 paid orderNumber 3
[INFO ] 2020-04-02 23:44:32.253 [main] Cafe - Cleared table table 1
[INFO ] 2020-04-02 23:44:32.253 [main] Cafe - Wout Peters logged out
[INFO ] 2020-04-02 23:44:32.253 [main] Cafe - Wout Peters logged in
[INFO ] 2020-04-02 23:44:32.257 [main] Cafe - Wout Peters retrieved his sales data
[INFO ] 2020-04-02 23:44:32.744 [main] Cafe - Wout Peters created a waiter sales PDF report for 2020-02-05
[INFO ] 2020-04-02 23:44:32.748 [main] Cafe - Cafe started
[INFO ] 2020-04-02 23:44:32.749 [main] Cafe - Wout Peters logged in
[INFO ] 2020-04-02 23:44:32.749 [main] Cafe - Set table 1 as active table
[INFO ] 2020-04-02 23:44:32.750 [main] Cafe - Assigned  table 1 to Wout Peters
[DEBUG] 2020-04-02 23:44:32.750 [main] Cafe - orderNumber count increased to: 1
[DEBUG] 2020-04-02 23:44:32.750 [main] Cafe - ID count increased to: 1
[INFO ] 2020-04-02 23:44:32.750 [main] Cafe - New order made: Order: 1, date: 2020-04-02, waiterID: 1, orderItems: [ID: 1, beverage: Cola, quantity: 10], tableID: 1
[DEBUG] 2020-04-02 23:44:32.750 [main] Cafe - ID count increased to: 2
[INFO ] 2020-04-02 23:44:32.750 [main] Cafe - orderNumber: 1 -  added orderline ID: 2, beverage: Leffe, quantity: 10
[INFO ] 2020-04-02 23:44:32.751 [main] Cafe - Table table 1 paid orderNumber 1
[INFO ] 2020-04-02 23:44:32.751 [main] Cafe - Cleared table table 1
[INFO ] 2020-04-02 23:44:32.751 [main] Cafe - Set table 2 as active table
[INFO ] 2020-04-02 23:44:32.751 [main] Cafe - Assigned  table 2 to Wout Peters
[DEBUG] 2020-04-02 23:44:32.751 [main] Cafe - orderNumber count increased to: 2
[DEBUG] 2020-04-02 23:44:32.751 [main] Cafe - ID count increased to: 3
[INFO ] 2020-04-02 23:44:32.751 [main] Cafe - New order made: Order: 2, date: 2020-04-02, waiterID: 1, orderItems: [ID: 3, beverage: Leffe, quantity: 30], tableID: 2
[DEBUG] 2020-04-02 23:44:32.752 [main] Cafe - ID count increased to: 4
[INFO ] 2020-04-02 23:44:32.752 [main] Cafe - orderNumber: 2 -  added orderline ID: 4, beverage: Cola, quantity: 20
[INFO ] 2020-04-02 23:44:32.752 [main] Cafe - Table table 2 paid orderNumber 2
[INFO ] 2020-04-02 23:44:32.752 [main] Cafe - Cleared table table 2
[INFO ] 2020-04-02 23:44:32.752 [main] Cafe - Wout Peters logged out
[INFO ] 2020-04-02 23:44:32.755 [main] Cafe - Patrick Desmet logged in
[INFO ] 2020-04-02 23:44:32.755 [main] Cafe - Set table 1 as active table
[INFO ] 2020-04-02 23:44:32.755 [main] Cafe - Assigned  table 1 to Patrick Desmet
[DEBUG] 2020-04-02 23:44:32.756 [main] Cafe - orderNumber count increased to: 3
[DEBUG] 2020-04-02 23:44:32.756 [main] Cafe - ID count increased to: 5
[INFO ] 2020-04-02 23:44:32.756 [main] Cafe - New order made: Order: 3, date: 2020-04-02, waiterID: 4, orderItems: [ID: 5, beverage: Cola, quantity: 10], tableID: 1
[DEBUG] 2020-04-02 23:44:32.756 [main] Cafe - ID count increased to: 6
[INFO ] 2020-04-02 23:44:32.757 [main] Cafe - orderNumber: 3 -  added orderline ID: 6, beverage: Leffe, quantity: 10
[INFO ] 2020-04-02 23:44:32.757 [main] Cafe - Table table 1 paid orderNumber 3
[INFO ] 2020-04-02 23:44:32.757 [main] Cafe - Cleared table table 1
[INFO ] 2020-04-02 23:44:32.757 [main] Cafe - Set table 2 as active table
[INFO ] 2020-04-02 23:44:32.757 [main] Cafe - Assigned  table 2 to Patrick Desmet
[DEBUG] 2020-04-02 23:44:32.758 [main] Cafe - orderNumber count increased to: 4
[DEBUG] 2020-04-02 23:44:32.758 [main] Cafe - ID count increased to: 7
[INFO ] 2020-04-02 23:44:32.758 [main] Cafe - New order made: Order: 4, date: 2020-04-02, waiterID: 4, orderItems: [ID: 7, beverage: Leffe, quantity: 10], tableID: 2
[DEBUG] 2020-04-02 23:44:32.758 [main] Cafe - ID count increased to: 8
[INFO ] 2020-04-02 23:44:32.758 [main] Cafe - orderNumber: 4 -  added orderline ID: 8, beverage: Cola, quantity: 10
[INFO ] 2020-04-02 23:44:32.758 [main] Cafe - Table table 2 paid orderNumber 4
[INFO ] 2020-04-02 23:44:32.759 [main] Cafe - Cleared table table 2
[INFO ] 2020-04-02 23:44:32.759 [main] Cafe - Patrick Desmet logged out
[INFO ] 2020-04-02 23:44:32.759 [main] Cafe - Ilse Vandenbroeck logged in
[INFO ] 2020-04-02 23:44:32.759 [main] Cafe - Set table 5 as active table
[INFO ] 2020-04-02 23:44:32.759 [main] Cafe - Assigned  table 5 to Ilse Vandenbroeck
[DEBUG] 2020-04-02 23:44:32.760 [main] Cafe - orderNumber count increased to: 5
[DEBUG] 2020-04-02 23:44:32.760 [main] Cafe - ID count increased to: 9
[INFO ] 2020-04-02 23:44:32.760 [main] Cafe - New order made: Order: 5, date: 2020-04-02, waiterID: 3, orderItems: [ID: 9, beverage: Cola, quantity: 100], tableID: 5
[DEBUG] 2020-04-02 23:44:32.760 [main] Cafe - ID count increased to: 10
[INFO ] 2020-04-02 23:44:32.760 [main] Cafe - orderNumber: 5 -  added orderline ID: 10, beverage: Leffe, quantity: 10
[INFO ] 2020-04-02 23:44:32.760 [main] Cafe - Table table 5 paid orderNumber 5
[INFO ] 2020-04-02 23:44:32.760 [main] Cafe - Cleared table table 5
[INFO ] 2020-04-02 23:44:33.607 [main] Cafe - Ilse Vandenbroeck created top waiter pie chart
[INFO ] 2020-04-02 23:44:33.609 [main] Cafe - Cafe started
[INFO ] 2020-04-02 23:44:33.609 [main] Cafe - Wout Peters logged in
[INFO ] 2020-04-02 23:44:33.610 [main] Cafe - Set table 1 as active table
[INFO ] 2020-04-02 23:44:33.610 [main] Cafe - Assigned  table 1 to Wout Peters
[DEBUG] 2020-04-02 23:44:33.610 [main] Cafe - orderNumber count increased to: 1
[DEBUG] 2020-04-02 23:44:33.610 [main] Cafe - ID count increased to: 1
[INFO ] 2020-04-02 23:44:33.611 [main] Cafe - New order made: Order: 1, date: 2020-02-05, waiterID: 1, orderItems: [ID: 1, beverage: Cola, quantity: 10], tableID: 1
[INFO ] 2020-04-02 23:44:33.611 [main] Cafe - Table table 1 paid orderNumber 1
[INFO ] 2020-04-02 23:44:33.611 [main] Cafe - Cleared table table 1
[INFO ] 2020-04-02 23:44:33.611 [main] Cafe - Set table 2 as active table
[INFO ] 2020-04-02 23:44:33.611 [main] Cafe - Assigned  table 2 to Wout Peters
[DEBUG] 2020-04-02 23:44:33.611 [main] Cafe - orderNumber count increased to: 2
[DEBUG] 2020-04-02 23:44:33.611 [main] Cafe - ID count increased to: 2
[INFO ] 2020-04-02 23:44:33.611 [main] Cafe - New order made: Order: 2, date: 2020-02-05, waiterID: 1, orderItems: [ID: 2, beverage: Leffe, quantity: 30], tableID: 2
[DEBUG] 2020-04-02 23:44:33.611 [main] Cafe - ID count increased to: 3
[INFO ] 2020-04-02 23:44:33.611 [main] Cafe - orderNumber: 2 -  added orderline ID: 3, beverage: Cola, quantity: 20
[INFO ] 2020-04-02 23:44:33.612 [main] Cafe - Table table 2 paid orderNumber 2
[INFO ] 2020-04-02 23:44:33.612 [main] Cafe - Cleared table table 2
[INFO ] 2020-04-02 23:44:33.612 [main] Cafe - Wout Peters logged out
[INFO ] 2020-04-02 23:44:33.612 [main] Cafe - Patrick Desmet logged in
[INFO ] 2020-04-02 23:44:33.612 [main] Cafe - Set table 1 as active table
[INFO ] 2020-04-02 23:44:33.612 [main] Cafe - Assigned  table 1 to Patrick Desmet
[DEBUG] 2020-04-02 23:44:33.612 [main] Cafe - orderNumber count increased to: 3
[DEBUG] 2020-04-02 23:44:33.612 [main] Cafe - ID count increased to: 4
[INFO ] 2020-04-02 23:44:33.612 [main] Cafe - New order made: Order: 3, date: 2020-04-02, waiterID: 4, orderItems: [ID: 4, beverage: Cola, quantity: 10], tableID: 1
[DEBUG] 2020-04-02 23:44:33.612 [main] Cafe - ID count increased to: 5
[INFO ] 2020-04-02 23:44:33.613 [main] Cafe - orderNumber: 3 -  added orderline ID: 5, beverage: Leffe, quantity: 10
[INFO ] 2020-04-02 23:44:33.613 [main] Cafe - Table table 1 paid orderNumber 3
[INFO ] 2020-04-02 23:44:33.613 [main] Cafe - Cleared table table 1
[INFO ] 2020-04-02 23:44:33.613 [main] Cafe - Patrick Desmet logged out
[INFO ] 2020-04-02 23:44:33.613 [main] Cafe - Wout Peters logged in
[INFO ] 2020-04-02 23:44:33.613 [main] Cafe - Wout Peters retrieved his sales data
[INFO ] 2020-04-02 23:44:33.619 [main] Cafe - Wout Peters created a waiter sales PDF report
[INFO ] 2020-04-02 23:44:33.622 [main] Cafe - Cafe started
[INFO ] 2020-04-02 23:44:33.624 [main] Cafe - Cafe started
[INFO ] 2020-04-02 23:44:33.625 [main] Cafe - Wout Peters logged in
[INFO ] 2020-04-02 23:44:33.625 [main] Cafe - Set table 1 as active table
[INFO ] 2020-04-02 23:44:33.625 [main] Cafe - Assigned  table 1 to Wout Peters
[DEBUG] 2020-04-02 23:44:33.625 [main] Cafe - orderNumber count increased to: 1
[DEBUG] 2020-04-02 23:44:33.625 [main] Cafe - ID count increased to: 1
[INFO ] 2020-04-02 23:44:33.625 [main] Cafe - New order made: Order: 1, date: 2020-04-02, waiterID: 1, orderItems: [ID: 1, beverage: Cola, quantity: 10], tableID: 1
[INFO ] 2020-04-02 23:44:33.625 [main] Cafe - orderNumber: 1 - updated orderline with ID: 1 to new quantity: 20
[DEBUG] 2020-04-02 23:44:33.625 [main] Cafe - ID count increased to: 2
[INFO ] 2020-04-02 23:44:33.625 [main] Cafe - orderNumber: 1 -  added orderline ID: 2, beverage: Leffe, quantity: 10
[INFO ] 2020-04-02 23:44:33.628 [main] Cafe - Cafe started
[INFO ] 2020-04-02 23:44:33.629 [main] Cafe - Wout Peters logged in
[INFO ] 2020-04-02 23:44:33.629 [main] Cafe - Set table 1 as active table
[INFO ] 2020-04-02 23:44:33.629 [main] Cafe - Assigned  table 1 to Wout Peters
[DEBUG] 2020-04-02 23:44:33.629 [main] Cafe - orderNumber count increased to: 1
[DEBUG] 2020-04-02 23:44:33.630 [main] Cafe - ID count increased to: 1
[INFO ] 2020-04-02 23:44:33.630 [main] Cafe - New order made: Order: 1, date: 2020-04-02, waiterID: 1, orderItems: [ID: 1, beverage: Cola, quantity: 10], tableID: 1
[DEBUG] 2020-04-02 23:44:33.630 [main] Cafe - ID count increased to: 2
[INFO ] 2020-04-02 23:44:33.631 [main] Cafe - orderNumber: 1 -  added orderline ID: 2, beverage: Leffe, quantity: 10
[INFO ] 2020-04-02 23:44:33.631 [main] Cafe - Table table 1 paid orderNumber 1
[INFO ] 2020-04-02 23:44:33.631 [main] Cafe - Cleared table table 1
[INFO ] 2020-04-02 23:44:33.631 [main] Cafe - Set table 2 as active table
[INFO ] 2020-04-02 23:44:33.631 [main] Cafe - Assigned  table 2 to Wout Peters
[DEBUG] 2020-04-02 23:44:33.632 [main] Cafe - orderNumber count increased to: 2
[DEBUG] 2020-04-02 23:44:33.632 [main] Cafe - ID count increased to: 3
[INFO ] 2020-04-02 23:44:33.632 [main] Cafe - New order made: Order: 2, date: 2020-04-02, waiterID: 1, orderItems: [ID: 3, beverage: Leffe, quantity: 30], tableID: 2
[DEBUG] 2020-04-02 23:44:33.632 [main] Cafe - ID count increased to: 4
[INFO ] 2020-04-02 23:44:33.632 [main] Cafe - orderNumber: 2 -  added orderline ID: 4, beverage: Cola, quantity: 20
[INFO ] 2020-04-02 23:44:33.632 [main] Cafe - Table table 2 paid orderNumber 2
[INFO ] 2020-04-02 23:44:33.632 [main] Cafe - Cleared table table 2
[INFO ] 2020-04-02 23:44:33.633 [main] Cafe - Wout Peters logged out
[INFO ] 2020-04-02 23:44:33.633 [main] Cafe - Patrick Desmet logged in
[INFO ] 2020-04-02 23:44:33.633 [main] Cafe - Set table 1 as active table
[INFO ] 2020-04-02 23:44:33.633 [main] Cafe - Assigned  table 1 to Patrick Desmet
[DEBUG] 2020-04-02 23:44:33.633 [main] Cafe - orderNumber count increased to: 3
[DEBUG] 2020-04-02 23:44:33.633 [main] Cafe - ID count increased to: 5
[INFO ] 2020-04-02 23:44:33.633 [main] Cafe - New order made: Order: 3, date: 2020-04-02, waiterID: 4, orderItems: [ID: 5, beverage: Cola, quantity: 10], tableID: 1
[DEBUG] 2020-04-02 23:44:33.633 [main] Cafe - ID count increased to: 6
[INFO ] 2020-04-02 23:44:33.633 [main] Cafe - orderNumber: 3 -  added orderline ID: 6, beverage: Leffe, quantity: 10
[INFO ] 2020-04-02 23:44:33.633 [main] Cafe - Table table 1 paid orderNumber 3
[INFO ] 2020-04-02 23:44:33.633 [main] Cafe - Cleared table table 1
[INFO ] 2020-04-02 23:44:33.633 [main] Cafe - Set table 2 as active table
[INFO ] 2020-04-02 23:44:33.634 [main] Cafe - Assigned  table 2 to Patrick Desmet
[DEBUG] 2020-04-02 23:44:33.634 [main] Cafe - orderNumber count increased to: 4
[DEBUG] 2020-04-02 23:44:33.634 [main] Cafe - ID count increased to: 7
[INFO ] 2020-04-02 23:44:33.634 [main] Cafe - New order made: Order: 4, date: 2020-04-02, waiterID: 4, orderItems: [ID: 7, beverage: Leffe, quantity: 10], tableID: 2
[DEBUG] 2020-04-02 23:44:33.634 [main] Cafe - ID count increased to: 8
[INFO ] 2020-04-02 23:44:33.634 [main] Cafe - orderNumber: 4 -  added orderline ID: 8, beverage: Cola, quantity: 10
[INFO ] 2020-04-02 23:44:33.634 [main] Cafe - Table table 2 paid orderNumber 4
[INFO ] 2020-04-02 23:44:33.634 [main] Cafe - Cleared table table 2
[INFO ] 2020-04-02 23:44:33.634 [main] Cafe - Patrick Desmet logged out
[INFO ] 2020-04-02 23:44:33.634 [main] Cafe - Ilse Vandenbroeck logged in
[INFO ] 2020-04-02 23:44:33.634 [main] Cafe - Set table 5 as active table
[INFO ] 2020-04-02 23:44:33.634 [main] Cafe - Assigned  table 5 to Ilse Vandenbroeck
[DEBUG] 2020-04-02 23:44:33.634 [main] Cafe - orderNumber count increased to: 5
[DEBUG] 2020-04-02 23:44:33.634 [main] Cafe - ID count increased to: 9
[INFO ] 2020-04-02 23:44:33.635 [main] Cafe - New order made: Order: 5, date: 2020-04-02, waiterID: 3, orderItems: [ID: 9, beverage: Cola, quantity: 100], tableID: 5
[DEBUG] 2020-04-02 23:44:33.635 [main] Cafe - ID count increased to: 10
[INFO ] 2020-04-02 23:44:33.635 [main] Cafe - orderNumber: 5 -  added orderline ID: 10, beverage: Leffe, quantity: 10
[INFO ] 2020-04-02 23:44:33.635 [main] Cafe - Table table 5 paid orderNumber 5
[INFO ] 2020-04-02 23:44:33.635 [main] Cafe - Cleared table table 5
[INFO ] 2020-04-02 23:44:33.639 [main] Cafe - Cafe started
[INFO ] 2020-04-02 23:44:33.640 [main] Cafe - Wout Peters logged in
[INFO ] 2020-04-02 23:44:33.640 [main] Cafe - Wout Peters logged out
[INFO ] 2020-04-02 23:44:33.644 [main] Cafe - Cafe started
[INFO ] 2020-04-02 23:44:33.644 [main] Cafe - Wout Peters logged in
[INFO ] 2020-04-02 23:44:33.644 [main] Cafe - Wout Peters logged out
[INFO ] 2020-04-02 23:44:33.644 [main] Cafe - Patrick Desmet logged in
[INFO ] 2020-04-02 23:44:33.648 [main] Cafe - Cafe started
[INFO ] 2020-04-02 23:44:33.649 [main] Cafe - Wout Peters logged in
[INFO ] 2020-04-02 23:44:33.649 [main] Cafe - Set table 1 as active table
[INFO ] 2020-04-02 23:44:33.653 [main] Cafe - Cafe started
[INFO ] 2020-04-02 23:44:33.655 [main] Cafe - Wout Peters logged in
[INFO ] 2020-04-02 23:44:33.655 [main] Cafe - Set table 1 as active table
[INFO ] 2020-04-02 23:44:33.655 [main] Cafe - Assigned  table 1 to Wout Peters
[DEBUG] 2020-04-02 23:44:33.656 [main] Cafe - orderNumber count increased to: 1
[DEBUG] 2020-04-02 23:44:33.656 [main] Cafe - ID count increased to: 1
[INFO ] 2020-04-02 23:44:33.656 [main] Cafe - New order made: Order: 1, date: 2020-04-02, waiterID: 1, orderItems: [ID: 1, beverage: Cola, quantity: 5], tableID: 1
[DEBUG] 2020-04-02 23:44:33.656 [main] Cafe - ID count increased to: 2
[INFO ] 2020-04-02 23:44:33.656 [main] Cafe - orderNumber: 1 -  added orderline ID: 2, beverage: Leffe, quantity: 5
[INFO ] 2020-04-02 23:44:33.657 [main] Cafe - Cafe started
[INFO ] 2020-04-02 23:44:33.658 [main] Cafe - Wout Peters logged in
[INFO ] 2020-04-02 23:44:33.658 [main] Cafe - Set table 1 as active table
[INFO ] 2020-04-02 23:44:33.661 [main] Cafe - Cafe started
[INFO ] 2020-04-02 23:44:33.661 [main] Cafe - Wout Peters logged in
[INFO ] 2020-04-02 23:44:33.661 [main] Cafe - Set table 1 as active table
[INFO ] 2020-04-02 23:44:33.665 [main] Cafe - Cafe started
[INFO ] 2020-04-02 23:44:33.669 [main] Cafe - Cafe started
[INFO ] 2020-04-02 23:44:33.669 [main] Cafe - Wout Peters logged in
[INFO ] 2020-04-02 23:44:33.670 [main] Cafe - Set table 1 as active table
[INFO ] 2020-04-02 23:44:33.670 [main] Cafe - Assigned  table 1 to Wout Peters
[DEBUG] 2020-04-02 23:44:33.671 [main] Cafe - orderNumber count increased to: 1
[DEBUG] 2020-04-02 23:44:33.671 [main] Cafe - ID count increased to: 1
[INFO ] 2020-04-02 23:44:33.671 [main] Cafe - New order made: Order: 1, date: 2020-04-02, waiterID: 1, orderItems: [ID: 1, beverage: Cola, quantity: 5], tableID: 1
[DEBUG] 2020-04-02 23:44:33.672 [main] Cafe - ID count increased to: 2
[INFO ] 2020-04-02 23:44:33.672 [main] Cafe - orderNumber: 1 -  added orderline ID: 2, beverage: Leffe, quantity: 5
[INFO ] 2020-04-02 23:44:33.674 [main] Cafe - Cafe started
[INFO ] 2020-04-02 23:44:33.677 [main] Cafe - Cafe started
[INFO ] 2020-04-02 23:44:33.677 [main] Cafe - Wout Peters logged in
[INFO ] 2020-04-02 23:44:33.677 [main] Cafe - Set table 1 as active table
[INFO ] 2020-04-02 23:44:33.678 [main] Cafe - Assigned  table 1 to Wout Peters
[DEBUG] 2020-04-02 23:44:33.678 [main] Cafe - orderNumber count increased to: 1
[DEBUG] 2020-04-02 23:44:33.678 [main] Cafe - ID count increased to: 1
[INFO ] 2020-04-02 23:44:33.678 [main] Cafe - New order made: Order: 1, date: 2020-04-02, waiterID: 1, orderItems: [ID: 1, beverage: Cola, quantity: 5], tableID: 1
[INFO ] 2020-04-02 23:44:33.681 [main] Cafe - Cafe started
[INFO ] 2020-04-02 23:45:48.576 [main] Cafe - Cafe started
[INFO ] 2020-04-02 23:45:48.586 [main] Cafe - Cafe started
[INFO ] 2020-04-02 23:45:48.587 [main] Cafe - Wout Peters logged in
[INFO ] 2020-04-02 23:45:48.589 [main] Cafe - Set table 1 as active table
[INFO ] 2020-04-02 23:45:48.593 [main] Cafe - Assigned  table 1 to Wout Peters
[DEBUG] 2020-04-02 23:45:48.595 [main] Cafe - orderNumber count increased to: 1
[DEBUG] 2020-04-02 23:45:48.595 [main] Cafe - ID count increased to: 1
[INFO ] 2020-04-02 23:45:48.619 [main] Cafe - New order made: Order: 1, date: 2020-02-05, waiterID: 1, orderItems: [ID: 1, beverage: Cola, quantity: 10], tableID: 1
[INFO ] 2020-04-02 23:45:48.622 [main] Cafe - Table table 1 paid orderNumber 1
[INFO ] 2020-04-02 23:45:48.623 [main] Cafe - Cleared table table 1
[INFO ] 2020-04-02 23:45:48.623 [main] Cafe - Set table 2 as active table
[INFO ] 2020-04-02 23:45:48.623 [main] Cafe - Assigned  table 2 to Wout Peters
[DEBUG] 2020-04-02 23:45:48.623 [main] Cafe - orderNumber count increased to: 2
[DEBUG] 2020-04-02 23:45:48.624 [main] Cafe - ID count increased to: 2
[INFO ] 2020-04-02 23:45:48.624 [main] Cafe - New order made: Order: 2, date: 2020-02-05, waiterID: 1, orderItems: [ID: 2, beverage: Leffe, quantity: 30], tableID: 2
[DEBUG] 2020-04-02 23:45:48.625 [main] Cafe - ID count increased to: 3
[INFO ] 2020-04-02 23:45:48.628 [main] Cafe - orderNumber: 2 -  added orderline ID: 3, beverage: Cola, quantity: 20
[INFO ] 2020-04-02 23:45:48.629 [main] Cafe - Table table 2 paid orderNumber 2
[INFO ] 2020-04-02 23:45:48.629 [main] Cafe - Cleared table table 2
[INFO ] 2020-04-02 23:45:48.629 [main] Cafe - Wout Peters logged out
[INFO ] 2020-04-02 23:45:48.629 [main] Cafe - Patrick Desmet logged in
[INFO ] 2020-04-02 23:45:48.629 [main] Cafe - Set table 1 as active table
[INFO ] 2020-04-02 23:45:48.676 [main] Cafe - Assigned  table 1 to Patrick Desmet
[DEBUG] 2020-04-02 23:45:48.679 [main] Cafe - orderNumber count increased to: 3
[DEBUG] 2020-04-02 23:45:48.680 [main] Cafe - ID count increased to: 4
[INFO ] 2020-04-02 23:45:48.682 [main] Cafe - New order made: Order: 3, date: 2020-04-02, waiterID: 4, orderItems: [ID: 4, beverage: Cola, quantity: 10], tableID: 1
[DEBUG] 2020-04-02 23:45:48.683 [main] Cafe - ID count increased to: 5
[INFO ] 2020-04-02 23:45:48.686 [main] Cafe - orderNumber: 3 -  added orderline ID: 5, beverage: Leffe, quantity: 10
[INFO ] 2020-04-02 23:45:48.686 [main] Cafe - Table table 1 paid orderNumber 3
[INFO ] 2020-04-02 23:45:48.688 [main] Cafe - Cleared table table 1
[INFO ] 2020-04-02 23:45:48.688 [main] Cafe - Patrick Desmet logged out
[INFO ] 2020-04-02 23:45:48.689 [main] Cafe - Wout Peters logged in
[INFO ] 2020-04-02 23:45:48.698 [main] Cafe - Wout Peters retrieved his sales data
[INFO ] 2020-04-02 23:45:48.698 [main] Cafe - Wout Peters logged out
[INFO ] 2020-04-02 23:45:48.704 [main] Cafe - Cafe started
[INFO ] 2020-04-02 23:45:48.705 [main] Cafe - Wout Peters logged in
[INFO ] 2020-04-02 23:45:48.705 [main] Cafe - Set table 1 as active table
[INFO ] 2020-04-02 23:45:48.718 [main] Cafe - Assigned  table 1 to Wout Peters
[DEBUG] 2020-04-02 23:45:48.719 [main] Cafe - orderNumber count increased to: 1
[DEBUG] 2020-04-02 23:45:48.719 [main] Cafe - ID count increased to: 1
[INFO ] 2020-04-02 23:45:48.720 [main] Cafe - New order made: Order: 1, date: 2020-04-02, waiterID: 1, orderItems: [ID: 1, beverage: Cola, quantity: 10], tableID: 1
[DEBUG] 2020-04-02 23:45:48.720 [main] Cafe - ID count increased to: 2
[INFO ] 2020-04-02 23:45:48.721 [main] Cafe - orderNumber: 1 -  added orderline ID: 2, beverage: Leffe, quantity: 10
[INFO ] 2020-04-02 23:45:48.722 [main] Cafe - Table table 1 paid orderNumber 1
[INFO ] 2020-04-02 23:45:48.722 [main] Cafe - Cleared table table 1
[INFO ] 2020-04-02 23:45:48.722 [main] Cafe - Set table 2 as active table
[INFO ] 2020-04-02 23:45:48.722 [main] Cafe - Assigned  table 2 to Wout Peters
[DEBUG] 2020-04-02 23:45:48.723 [main] Cafe - orderNumber count increased to: 2
[DEBUG] 2020-04-02 23:45:48.723 [main] Cafe - ID count increased to: 3
[INFO ] 2020-04-02 23:45:48.723 [main] Cafe - New order made: Order: 2, date: 2020-04-02, waiterID: 1, orderItems: [ID: 3, beverage: Leffe, quantity: 30], tableID: 2
[DEBUG] 2020-04-02 23:45:48.723 [main] Cafe - ID count increased to: 4
[INFO ] 2020-04-02 23:45:48.724 [main] Cafe - orderNumber: 2 -  added orderline ID: 4, beverage: Cola, quantity: 20
[INFO ] 2020-04-02 23:45:48.724 [main] Cafe - Table table 2 paid orderNumber 2
[INFO ] 2020-04-02 23:45:48.724 [main] Cafe - Cleared table table 2
[INFO ] 2020-04-02 23:45:48.724 [main] Cafe - Wout Peters logged out
[INFO ] 2020-04-02 23:45:48.725 [main] Cafe - Patrick Desmet logged in
[INFO ] 2020-04-02 23:45:48.725 [main] Cafe - Set table 1 as active table
[INFO ] 2020-04-02 23:45:48.725 [main] Cafe - Assigned  table 1 to Patrick Desmet
[DEBUG] 2020-04-02 23:45:48.726 [main] Cafe - orderNumber count increased to: 3
[DEBUG] 2020-04-02 23:45:48.728 [main] Cafe - ID count increased to: 5
[INFO ] 2020-04-02 23:45:48.729 [main] Cafe - New order made: Order: 3, date: 2020-04-02, waiterID: 4, orderItems: [ID: 5, beverage: Cola, quantity: 10], tableID: 1
[DEBUG] 2020-04-02 23:45:48.729 [main] Cafe - ID count increased to: 6
[INFO ] 2020-04-02 23:45:48.730 [main] Cafe - orderNumber: 3 -  added orderline ID: 6, beverage: Leffe, quantity: 10
[INFO ] 2020-04-02 23:45:48.730 [main] Cafe - Table table 1 paid orderNumber 3
[INFO ] 2020-04-02 23:45:48.730 [main] Cafe - Cleared table table 1
[INFO ] 2020-04-02 23:45:48.730 [main] Cafe - Patrick Desmet logged out
[INFO ] 2020-04-02 23:45:48.731 [main] Cafe - Wout Peters logged in
[INFO ] 2020-04-02 23:45:48.731 [main] Cafe - Wout Peters retrieved his sales data
[INFO ] 2020-04-02 23:45:48.732 [main] Cafe - Wout Peters logged out
[INFO ] 2020-04-02 23:45:48.732 [main] Cafe - Patrick Desmet logged in
[INFO ] 2020-04-02 23:45:48.732 [main] Cafe - Patrick Desmet retrieved his sales data
[INFO ] 2020-04-02 23:45:48.734 [main] Cafe - Cafe started
[INFO ] 2020-04-02 23:45:48.734 [main] Cafe - Wout Peters logged in
[INFO ] 2020-04-02 23:45:48.734 [main] Cafe - Set table 1 as active table
[INFO ] 2020-04-02 23:45:48.734 [main] Cafe - Assigned  table 1 to Wout Peters
[DEBUG] 2020-04-02 23:45:48.735 [main] Cafe - orderNumber count increased to: 1
[DEBUG] 2020-04-02 23:45:48.736 [main] Cafe - ID count increased to: 1
[INFO ] 2020-04-02 23:45:48.736 [main] Cafe - New order made: Order: 1, date: 2020-04-02, waiterID: 1, orderItems: [ID: 1, beverage: Cola, quantity: 2], tableID: 1
[DEBUG] 2020-04-02 23:45:48.737 [main] Cafe - ID count increased to: 2
[INFO ] 2020-04-02 23:45:48.737 [main] Cafe - orderNumber: 1 -  added orderline ID: 2, beverage: Leffe, quantity: 2
[DEBUG] 2020-04-02 23:45:48.737 [main] Cafe - ID count increased to: 3
[INFO ] 2020-04-02 23:45:48.737 [main] Cafe - orderNumber: 1 -  added orderline ID: 3, beverage: Duvel, quantity: 2
[DEBUG] 2020-04-02 23:45:48.738 [main] Cafe - ID count increased to: 4
[INFO ] 2020-04-02 23:45:48.739 [main] Cafe - orderNumber: 1 -  added orderline ID: 4, beverage: Fanta, quantity: 2
[INFO ] 2020-04-02 23:45:48.740 [main] Cafe - Table table 1 paid orderNumber 1
[INFO ] 2020-04-02 23:45:48.740 [main] Cafe - Cleared table table 1
[INFO ] 2020-04-02 23:45:48.741 [main] Cafe - Wout Peters logged out
[INFO ] 2020-04-02 23:45:48.742 [main] Cafe - Patrick Desmet logged in
[INFO ] 2020-04-02 23:45:48.744 [main] Cafe - Set table 10 as active table
[INFO ] 2020-04-02 23:45:48.745 [main] Cafe - Assigned  table 10 to Patrick Desmet
[DEBUG] 2020-04-02 23:45:48.745 [main] Cafe - orderNumber count increased to: 2
[DEBUG] 2020-04-02 23:45:48.746 [main] Cafe - ID count increased to: 5
[INFO ] 2020-04-02 23:45:48.746 [main] Cafe - New order made: Order: 2, date: 2020-04-02, waiterID: 4, orderItems: [ID: 5, beverage: Cola, quantity: 20], tableID: 10
[DEBUG] 2020-04-02 23:45:48.746 [main] Cafe - ID count increased to: 6
[INFO ] 2020-04-02 23:45:48.747 [main] Cafe - orderNumber: 2 -  added orderline ID: 6, beverage: Leffe, quantity: 30
[DEBUG] 2020-04-02 23:45:48.747 [main] Cafe - ID count increased to: 7
[INFO ] 2020-04-02 23:45:48.747 [main] Cafe - orderNumber: 2 -  added orderline ID: 7, beverage: Duvel, quantity: 40
[INFO ] 2020-04-02 23:45:48.747 [main] Cafe - Patrick Desmet logged out
[INFO ] 2020-04-02 23:45:48.748 [main] Cafe - Wout Peters logged in
[INFO ] 2020-04-02 23:45:48.748 [main] Cafe - Set table 1 as active table
[INFO ] 2020-04-02 23:45:48.748 [main] Cafe - Assigned  table 1 to Wout Peters
[DEBUG] 2020-04-02 23:45:48.748 [main] Cafe - orderNumber count increased to: 3
[DEBUG] 2020-04-02 23:45:48.748 [main] Cafe - ID count increased to: 8
[INFO ] 2020-04-02 23:45:48.748 [main] Cafe - New order made: Order: 3, date: 2020-04-02, waiterID: 1, orderItems: [ID: 8, beverage: Cola, quantity: 2], tableID: 1
[DEBUG] 2020-04-02 23:45:48.749 [main] Cafe - ID count increased to: 9
[INFO ] 2020-04-02 23:45:48.750 [main] Cafe - orderNumber: 3 -  added orderline ID: 9, beverage: Leffe, quantity: 2
[INFO ] 2020-04-02 23:45:48.750 [main] Cafe - Wout Peters logged out
[INFO ] 2020-04-02 23:45:48.752 [main] Cafe - Patrick Desmet logged in
[INFO ] 2020-04-02 23:45:48.752 [main] Cafe - Set table 10 as active table
[INFO ] 2020-04-02 23:45:48.752 [main] Cafe - Table table 10 paid orderNumber 2
[INFO ] 2020-04-02 23:45:48.752 [main] Cafe - Cleared table table 10
[INFO ] 2020-04-02 23:45:48.758 [main] Cafe - Cafe started
[INFO ] 2020-04-02 23:45:48.758 [main] Cafe - Wout Peters logged in
[ERROR] 2020-04-02 23:45:48.759 [main] Cafe - Pay failed, no active table
[INFO ] 2020-04-02 23:45:48.759 [main] Cafe - Set table 1 as active table
[INFO ] 2020-04-02 23:45:48.760 [main] Cafe - Assigned  table 1 to Wout Peters
[DEBUG] 2020-04-02 23:45:48.760 [main] Cafe - orderNumber count increased to: 1
[DEBUG] 2020-04-02 23:45:48.760 [main] Cafe - ID count increased to: 1
[INFO ] 2020-04-02 23:45:48.760 [main] Cafe - New order made: Order: 1, date: 2020-04-02, waiterID: 1, orderItems: [ID: 1, beverage: Cola, quantity: 5], tableID: 1
[DEBUG] 2020-04-02 23:45:48.761 [main] Cafe - ID count increased to: 2
[INFO ] 2020-04-02 23:45:48.761 [main] Cafe - orderNumber: 1 -  added orderline ID: 2, beverage: Leffe, quantity: 2
[DEBUG] 2020-04-02 23:45:48.762 [main] Cafe - ID count increased to: 3
[INFO ] 2020-04-02 23:45:48.763 [main] Cafe - orderNumber: 1 -  added orderline ID: 3, beverage: Duvel, quantity: 10
[INFO ] 2020-04-02 23:45:48.763 [main] Cafe - Table table 1 paid orderNumber 1
[INFO ] 2020-04-02 23:45:48.763 [main] Cafe - Cleared table table 1
[INFO ] 2020-04-02 23:45:48.763 [main] Cafe - Wout Peters logged out
[INFO ] 2020-04-02 23:45:48.765 [main] Cafe - Patrick Desmet logged in
[INFO ] 2020-04-02 23:45:48.766 [main] Cafe - Set table 10 as active table
[INFO ] 2020-04-02 23:45:48.766 [main] Cafe - Assigned  table 10 to Patrick Desmet
[DEBUG] 2020-04-02 23:45:48.767 [main] Cafe - orderNumber count increased to: 2
[DEBUG] 2020-04-02 23:45:48.767 [main] Cafe - ID count increased to: 4
[INFO ] 2020-04-02 23:45:48.767 [main] Cafe - New order made: Order: 2, date: 2020-04-02, waiterID: 4, orderItems: [ID: 4, beverage: Cola, quantity: 1], tableID: 10
[DEBUG] 2020-04-02 23:45:48.767 [main] Cafe - ID count increased to: 5
[INFO ] 2020-04-02 23:45:48.768 [main] Cafe - orderNumber: 2 -  added orderline ID: 5, beverage: Leffe, quantity: 3
[DEBUG] 2020-04-02 23:45:48.768 [main] Cafe - ID count increased to: 6
[INFO ] 2020-04-02 23:45:48.768 [main] Cafe - orderNumber: 2 -  added orderline ID: 6, beverage: Duvel, quantity: 5
[DEBUG] 2020-04-02 23:45:48.768 [main] Cafe - ID count increased to: 7
[INFO ] 2020-04-02 23:45:48.768 [main] Cafe - orderNumber: 2 -  added orderline ID: 7, beverage: Fanta, quantity: 4
[INFO ] 2020-04-02 23:45:48.769 [main] Cafe - Table table 10 paid orderNumber 2
[INFO ] 2020-04-02 23:45:48.769 [main] Cafe - Cleared table table 10
[INFO ] 2020-04-02 23:45:48.770 [main] Cafe - Cafe started
[INFO ] 2020-04-02 23:45:48.771 [main] Cafe - Wout Peters logged in
[INFO ] 2020-04-02 23:45:48.772 [main] Cafe - Wout Peters logged out
[ERROR] 2020-04-02 23:45:48.773 [main] Cafe - Login failed, username incorrect: Wouter Peters password: password
[ERROR] 2020-04-02 23:45:48.774 [main] Cafe - Login failed, username incorrect: Wouters Peter password: password
[ERROR] 2020-04-02 23:45:48.774 [main] Cafe - Login failed, username incorrect: Wout Peeters password: password
[ERROR] 2020-04-02 23:45:48.774 [main] Cafe - Login failed, wrong password: username: Wout Peters password: passwoord
[INFO ] 2020-04-02 23:45:48.774 [main] Cafe - Patrick Desmet logged in
[INFO ] 2020-04-02 23:45:48.775 [main] Cafe - Patrick Desmet logged out
[ERROR] 2020-04-02 23:45:48.775 [main] Cafe - Login failed, username incorrect: Patrick Desmeet password: password
[INFO ] 2020-04-02 23:45:48.776 [main] Cafe - Cafe started
[INFO ] 2020-04-02 23:45:48.780 [main] Cafe - Cafe started
[INFO ] 2020-04-02 23:45:48.780 [main] Cafe - Wout Peters logged in
[INFO ] 2020-04-02 23:45:48.780 [main] Cafe - Set table 1 as active table
[INFO ] 2020-04-02 23:45:48.781 [main] Cafe - Assigned  table 1 to Wout Peters
[DEBUG] 2020-04-02 23:45:48.781 [main] Cafe - orderNumber count increased to: 1
[DEBUG] 2020-04-02 23:45:48.785 [main] Cafe - ID count increased to: 1
[INFO ] 2020-04-02 23:45:48.786 [main] Cafe - New order made: Order: 1, date: 2020-04-02, waiterID: 1, orderItems: [ID: 1, beverage: Cola, quantity: 5], tableID: 1
[DEBUG] 2020-04-02 23:45:48.786 [main] Cafe - ID count increased to: 2
[INFO ] 2020-04-02 23:45:48.786 [main] Cafe - orderNumber: 1 -  added orderline ID: 2, beverage: Leffe, quantity: 2
[INFO ] 2020-04-02 23:45:48.786 [main] Cafe - Set table 2 as active table
[INFO ] 2020-04-02 23:45:48.787 [main] Cafe - Assigned  table 2 to Wout Peters
[DEBUG] 2020-04-02 23:45:48.787 [main] Cafe - orderNumber count increased to: 2
[DEBUG] 2020-04-02 23:45:48.787 [main] Cafe - ID count increased to: 3
[INFO ] 2020-04-02 23:45:48.787 [main] Cafe - New order made: Order: 2, date: 2020-04-02, waiterID: 1, orderItems: [ID: 3, beverage: Leffe, quantity: 2], tableID: 2
[INFO ] 2020-04-02 23:45:48.793 [main] Cafe - orderNumber: 2 - updated orderline with ID: 3 to new quantity: 4
[INFO ] 2020-04-02 23:45:48.795 [main] Cafe - orderNumber: 2 - updated orderline with ID: 3 to new quantity: 9
[INFO ] 2020-04-02 23:45:48.795 [main] Cafe - Wout Peters logged out
[INFO ] 2020-04-02 23:45:48.796 [main] Cafe - Patrick Desmet logged in
[ERROR] 2020-04-02 23:45:48.796 [main] Cafe - table 2 does not belong to: Patrick Desmet
[INFO ] 2020-04-02 23:45:48.797 [main] Cafe - Set table 3 as active table
[INFO ] 2020-04-02 23:45:48.797 [main] Cafe - Assigned  table 3 to Patrick Desmet
[DEBUG] 2020-04-02 23:45:48.798 [main] Cafe - orderNumber count increased to: 3
[DEBUG] 2020-04-02 23:45:48.798 [main] Cafe - ID count increased to: 4
[INFO ] 2020-04-02 23:45:48.798 [main] Cafe - New order made: Order: 3, date: 2020-04-02, waiterID: 4, orderItems: [ID: 4, beverage: Leffe, quantity: 3], tableID: 3
[DEBUG] 2020-04-02 23:45:48.799 [main] Cafe - ID count increased to: 5
[INFO ] 2020-04-02 23:45:48.799 [main] Cafe - orderNumber: 3 -  added orderline ID: 5, beverage: Cola, quantity: 2
[INFO ] 2020-04-02 23:45:48.799 [main] Cafe - Patrick Desmet logged out
[INFO ] 2020-04-02 23:45:48.799 [main] Cafe - Wout Peters logged in
[INFO ] 2020-04-02 23:45:48.799 [main] Cafe - Set table 1 as active table
[INFO ] 2020-04-02 23:45:48.799 [main] Cafe - orderNumber: 1 - updated orderline with ID: 2 to new quantity: 4
[INFO ] 2020-04-02 23:45:48.805 [main] Cafe - Cafe started
[INFO ] 2020-04-02 23:45:48.805 [main] Cafe - Wout Peters logged in
[ERROR] 2020-04-02 23:45:48.805 [main] Cafe - Remove of orderline failed, no active table
[INFO ] 2020-04-02 23:45:48.806 [main] Cafe - Set table 1 as active table
[INFO ] 2020-04-02 23:45:48.806 [main] Cafe - Assigned  table 1 to Wout Peters
[DEBUG] 2020-04-02 23:45:48.806 [main] Cafe - orderNumber count increased to: 1
[DEBUG] 2020-04-02 23:45:48.806 [main] Cafe - ID count increased to: 1
[INFO ] 2020-04-02 23:45:48.806 [main] Cafe - New order made: Order: 1, date: 2020-04-02, waiterID: 1, orderItems: [ID: 1, beverage: Cola, quantity: 2], tableID: 1
[DEBUG] 2020-04-02 23:45:48.806 [main] Cafe - ID count increased to: 2
[INFO ] 2020-04-02 23:45:48.807 [main] Cafe - orderNumber: 1 -  added orderline ID: 2, beverage: Leffe, quantity: 2
[DEBUG] 2020-04-02 23:45:48.807 [main] Cafe - ID count increased to: 3
[INFO ] 2020-04-02 23:45:48.810 [main] Cafe - orderNumber: 1 -  added orderline ID: 3, beverage: Duvel, quantity: 2
[DEBUG] 2020-04-02 23:45:48.811 [main] Cafe - ID count increased to: 4
[INFO ] 2020-04-02 23:45:48.812 [main] Cafe - orderNumber: 1 -  added orderline ID: 4, beverage: Fanta, quantity: 2
[INFO ] 2020-04-02 23:45:48.813 [main] Cafe - Removed orderline ID: 1, beverage: Cola, quantity: 2
[INFO ] 2020-04-02 23:45:48.814 [main] Cafe - Cafe started
[INFO ] 2020-04-02 23:45:48.815 [main] Cafe - Wout Peters logged in
[INFO ] 2020-04-02 23:45:48.816 [main] Cafe - Wout Peters logged out
[INFO ] 2020-04-02 23:45:48.816 [main] Cafe - Patrick Desmet logged in
[INFO ] 2020-04-02 23:45:48.818 [main] Cafe - Cafe started
[INFO ] 2020-04-02 23:45:48.819 [main] Cafe - Wout Peters logged in
[INFO ] 2020-04-02 23:45:48.819 [main] Cafe - Set table 1 as active table
[INFO ] 2020-04-02 23:45:48.819 [main] Cafe - Assigned  table 1 to Wout Peters
[DEBUG] 2020-04-02 23:45:48.819 [main] Cafe - orderNumber count increased to: 1
[DEBUG] 2020-04-02 23:45:48.819 [main] Cafe - ID count increased to: 1
[INFO ] 2020-04-02 23:45:48.820 [main] Cafe - New order made: Order: 1, date: 2020-04-02, waiterID: 1, orderItems: [ID: 1, beverage: Cola, quantity: 10], tableID: 1
[INFO ] 2020-04-02 23:45:48.820 [main] Cafe - orderNumber: 1 - updated orderline with ID: 1 to new quantity: 20
[DEBUG] 2020-04-02 23:45:48.820 [main] Cafe - ID count increased to: 2
[INFO ] 2020-04-02 23:45:48.820 [main] Cafe - orderNumber: 1 -  added orderline ID: 2, beverage: Leffe, quantity: 10
[INFO ] 2020-04-02 23:45:48.820 [main] Cafe - Table table 1 paid orderNumber 1
[INFO ] 2020-04-02 23:45:48.820 [main] Cafe - Cleared table table 1
[INFO ] 2020-04-02 23:45:48.820 [main] Cafe - Set table 2 as active table
[INFO ] 2020-04-02 23:45:48.820 [main] Cafe - Assigned  table 2 to Wout Peters
[DEBUG] 2020-04-02 23:45:48.820 [main] Cafe - orderNumber count increased to: 2
[DEBUG] 2020-04-02 23:45:48.821 [main] Cafe - ID count increased to: 3
[INFO ] 2020-04-02 23:45:48.821 [main] Cafe - New order made: Order: 2, date: 2020-04-02, waiterID: 1, orderItems: [ID: 3, beverage: Leffe, quantity: 30], tableID: 2
[DEBUG] 2020-04-02 23:45:48.821 [main] Cafe - ID count increased to: 4
[INFO ] 2020-04-02 23:45:48.821 [main] Cafe - orderNumber: 2 -  added orderline ID: 4, beverage: Cola, quantity: 20
[INFO ] 2020-04-02 23:45:48.821 [main] Cafe - Table table 2 paid orderNumber 2
[INFO ] 2020-04-02 23:45:48.821 [main] Cafe - Cleared table table 2
[INFO ] 2020-04-02 23:45:48.829 [main] Cafe - Cafe started
[INFO ] 2020-04-02 23:45:48.830 [main] Cafe - Set table 1 as active table
[INFO ] 2020-04-02 23:45:48.830 [main] Cafe - Set table 9 as active table
[INFO ] 2020-04-02 23:45:48.832 [main] Cafe - Cafe started
[INFO ] 2020-04-02 23:45:48.832 [main] Cafe - Wout Peters logged in
[INFO ] 2020-04-02 23:45:48.833 [main] Cafe - Set table 1 as active table
[INFO ] 2020-04-02 23:45:48.833 [main] Cafe - Assigned  table 1 to Wout Peters
[DEBUG] 2020-04-02 23:45:48.833 [main] Cafe - orderNumber count increased to: 1
[DEBUG] 2020-04-02 23:45:48.834 [main] Cafe - ID count increased to: 1
[INFO ] 2020-04-02 23:45:48.834 [main] Cafe - New order made: Order: 1, date: 2020-02-05, waiterID: 1, orderItems: [ID: 1, beverage: Cola, quantity: 20], tableID: 1
[INFO ] 2020-04-02 23:45:48.834 [main] Cafe - Table table 1 paid orderNumber 1
[INFO ] 2020-04-02 23:45:48.834 [main] Cafe - Cleared table table 1
[INFO ] 2020-04-02 23:45:48.834 [main] Cafe - Set table 2 as active table
[INFO ] 2020-04-02 23:45:48.834 [main] Cafe - Assigned  table 2 to Wout Peters
[DEBUG] 2020-04-02 23:45:48.834 [main] Cafe - orderNumber count increased to: 2
[DEBUG] 2020-04-02 23:45:48.834 [main] Cafe - ID count increased to: 2
[INFO ] 2020-04-02 23:45:48.834 [main] Cafe - New order made: Order: 2, date: 2020-02-05, waiterID: 1, orderItems: [ID: 2, beverage: Leffe, quantity: 30], tableID: 2
[DEBUG] 2020-04-02 23:45:48.835 [main] Cafe - ID count increased to: 3
[INFO ] 2020-04-02 23:45:48.835 [main] Cafe - orderNumber: 2 -  added orderline ID: 3, beverage: Cola, quantity: 20
[INFO ] 2020-04-02 23:45:48.835 [main] Cafe - Table table 2 paid orderNumber 2
[INFO ] 2020-04-02 23:45:48.835 [main] Cafe - Cleared table table 2
[INFO ] 2020-04-02 23:45:48.835 [main] Cafe - Set table 1 as active table
[INFO ] 2020-04-02 23:45:48.835 [main] Cafe - Assigned  table 1 to Wout Peters
[DEBUG] 2020-04-02 23:45:48.835 [main] Cafe - orderNumber count increased to: 3
[DEBUG] 2020-04-02 23:45:48.835 [main] Cafe - ID count increased to: 4
[INFO ] 2020-04-02 23:45:48.835 [main] Cafe - New order made: Order: 3, date: 2020-04-02, waiterID: 1, orderItems: [ID: 4, beverage: Cola, quantity: 10], tableID: 1
[DEBUG] 2020-04-02 23:45:48.836 [main] Cafe - ID count increased to: 5
[INFO ] 2020-04-02 23:45:48.836 [main] Cafe - orderNumber: 3 -  added orderline ID: 5, beverage: Leffe, quantity: 10
[INFO ] 2020-04-02 23:45:48.836 [main] Cafe - Table table 1 paid orderNumber 3
[INFO ] 2020-04-02 23:45:48.836 [main] Cafe - Cleared table table 1
[INFO ] 2020-04-02 23:45:48.837 [main] Cafe - Wout Peters logged out
[INFO ] 2020-04-02 23:45:48.837 [main] Cafe - Wout Peters logged in
[INFO ] 2020-04-02 23:45:48.880 [main] Cafe - Wout Peters retrieved his sales data
[INFO ] 2020-04-02 23:45:49.338 [main] Cafe - Wout Peters created a waiter sales PDF report for 2020-02-05
[INFO ] 2020-04-02 23:45:49.340 [main] Cafe - Cafe started
[INFO ] 2020-04-02 23:45:49.340 [main] Cafe - Wout Peters logged in
[INFO ] 2020-04-02 23:45:49.341 [main] Cafe - Set table 1 as active table
[INFO ] 2020-04-02 23:45:49.341 [main] Cafe - Assigned  table 1 to Wout Peters
[DEBUG] 2020-04-02 23:45:49.341 [main] Cafe - orderNumber count increased to: 1
[DEBUG] 2020-04-02 23:45:49.341 [main] Cafe - ID count increased to: 1
[INFO ] 2020-04-02 23:45:49.341 [main] Cafe - New order made: Order: 1, date: 2020-04-02, waiterID: 1, orderItems: [ID: 1, beverage: Cola, quantity: 10], tableID: 1
[DEBUG] 2020-04-02 23:45:49.341 [main] Cafe - ID count increased to: 2
[INFO ] 2020-04-02 23:45:49.341 [main] Cafe - orderNumber: 1 -  added orderline ID: 2, beverage: Leffe, quantity: 10
[INFO ] 2020-04-02 23:45:49.341 [main] Cafe - Table table 1 paid orderNumber 1
[INFO ] 2020-04-02 23:45:49.341 [main] Cafe - Cleared table table 1
[INFO ] 2020-04-02 23:45:49.341 [main] Cafe - Set table 2 as active table
[INFO ] 2020-04-02 23:45:49.341 [main] Cafe - Assigned  table 2 to Wout Peters
[DEBUG] 2020-04-02 23:45:49.342 [main] Cafe - orderNumber count increased to: 2
[DEBUG] 2020-04-02 23:45:49.342 [main] Cafe - ID count increased to: 3
[INFO ] 2020-04-02 23:45:49.342 [main] Cafe - New order made: Order: 2, date: 2020-04-02, waiterID: 1, orderItems: [ID: 3, beverage: Leffe, quantity: 30], tableID: 2
[DEBUG] 2020-04-02 23:45:49.342 [main] Cafe - ID count increased to: 4
[INFO ] 2020-04-02 23:45:49.342 [main] Cafe - orderNumber: 2 -  added orderline ID: 4, beverage: Cola, quantity: 20
[INFO ] 2020-04-02 23:45:49.342 [main] Cafe - Table table 2 paid orderNumber 2
[INFO ] 2020-04-02 23:45:49.342 [main] Cafe - Cleared table table 2
[INFO ] 2020-04-02 23:45:49.342 [main] Cafe - Wout Peters logged out
[INFO ] 2020-04-02 23:45:49.343 [main] Cafe - Patrick Desmet logged in
[INFO ] 2020-04-02 23:45:49.345 [main] Cafe - Set table 1 as active table
[INFO ] 2020-04-02 23:45:49.346 [main] Cafe - Assigned  table 1 to Patrick Desmet
[DEBUG] 2020-04-02 23:45:49.346 [main] Cafe - orderNumber count increased to: 3
[DEBUG] 2020-04-02 23:45:49.346 [main] Cafe - ID count increased to: 5
[INFO ] 2020-04-02 23:45:49.346 [main] Cafe - New order made: Order: 3, date: 2020-04-02, waiterID: 4, orderItems: [ID: 5, beverage: Cola, quantity: 10], tableID: 1
[DEBUG] 2020-04-02 23:45:49.346 [main] Cafe - ID count increased to: 6
[INFO ] 2020-04-02 23:45:49.346 [main] Cafe - orderNumber: 3 -  added orderline ID: 6, beverage: Leffe, quantity: 10
[INFO ] 2020-04-02 23:45:49.346 [main] Cafe - Table table 1 paid orderNumber 3
[INFO ] 2020-04-02 23:45:49.346 [main] Cafe - Cleared table table 1
[INFO ] 2020-04-02 23:45:49.346 [main] Cafe - Set table 2 as active table
[INFO ] 2020-04-02 23:45:49.346 [main] Cafe - Assigned  table 2 to Patrick Desmet
[DEBUG] 2020-04-02 23:45:49.346 [main] Cafe - orderNumber count increased to: 4
[DEBUG] 2020-04-02 23:45:49.347 [main] Cafe - ID count increased to: 7
[INFO ] 2020-04-02 23:45:49.347 [main] Cafe - New order made: Order: 4, date: 2020-04-02, waiterID: 4, orderItems: [ID: 7, beverage: Leffe, quantity: 10], tableID: 2
[DEBUG] 2020-04-02 23:45:49.347 [main] Cafe - ID count increased to: 8
[INFO ] 2020-04-02 23:45:49.347 [main] Cafe - orderNumber: 4 -  added orderline ID: 8, beverage: Cola, quantity: 10
[INFO ] 2020-04-02 23:45:49.347 [main] Cafe - Table table 2 paid orderNumber 4
[INFO ] 2020-04-02 23:45:49.347 [main] Cafe - Cleared table table 2
[INFO ] 2020-04-02 23:45:49.347 [main] Cafe - Patrick Desmet logged out
[INFO ] 2020-04-02 23:45:49.347 [main] Cafe - Ilse Vandenbroeck logged in
[INFO ] 2020-04-02 23:45:49.347 [main] Cafe - Set table 5 as active table
[INFO ] 2020-04-02 23:45:49.347 [main] Cafe - Assigned  table 5 to Ilse Vandenbroeck
[DEBUG] 2020-04-02 23:45:49.347 [main] Cafe - orderNumber count increased to: 5
[DEBUG] 2020-04-02 23:45:49.347 [main] Cafe - ID count increased to: 9
[INFO ] 2020-04-02 23:45:49.347 [main] Cafe - New order made: Order: 5, date: 2020-04-02, waiterID: 3, orderItems: [ID: 9, beverage: Cola, quantity: 100], tableID: 5
[DEBUG] 2020-04-02 23:45:49.347 [main] Cafe - ID count increased to: 10
[INFO ] 2020-04-02 23:45:49.347 [main] Cafe - orderNumber: 5 -  added orderline ID: 10, beverage: Leffe, quantity: 10
[INFO ] 2020-04-02 23:45:49.348 [main] Cafe - Table table 5 paid orderNumber 5
[INFO ] 2020-04-02 23:45:49.348 [main] Cafe - Cleared table table 5
[INFO ] 2020-04-02 23:45:49.944 [main] Cafe - Ilse Vandenbroeck created top waiter pie chart
[INFO ] 2020-04-02 23:45:49.946 [main] Cafe - Cafe started
[INFO ] 2020-04-02 23:45:49.946 [main] Cafe - Wout Peters logged in
[INFO ] 2020-04-02 23:45:49.947 [main] Cafe - Set table 1 as active table
[INFO ] 2020-04-02 23:45:49.947 [main] Cafe - Assigned  table 1 to Wout Peters
[DEBUG] 2020-04-02 23:45:49.947 [main] Cafe - orderNumber count increased to: 1
[DEBUG] 2020-04-02 23:45:49.947 [main] Cafe - ID count increased to: 1
[INFO ] 2020-04-02 23:45:49.948 [main] Cafe - New order made: Order: 1, date: 2020-02-05, waiterID: 1, orderItems: [ID: 1, beverage: Cola, quantity: 10], tableID: 1
[INFO ] 2020-04-02 23:45:49.948 [main] Cafe - Table table 1 paid orderNumber 1
[INFO ] 2020-04-02 23:45:49.948 [main] Cafe - Cleared table table 1
[INFO ] 2020-04-02 23:45:49.948 [main] Cafe - Set table 2 as active table
[INFO ] 2020-04-02 23:45:49.948 [main] Cafe - Assigned  table 2 to Wout Peters
[DEBUG] 2020-04-02 23:45:49.948 [main] Cafe - orderNumber count increased to: 2
[DEBUG] 2020-04-02 23:45:49.948 [main] Cafe - ID count increased to: 2
[INFO ] 2020-04-02 23:45:49.949 [main] Cafe - New order made: Order: 2, date: 2020-02-05, waiterID: 1, orderItems: [ID: 2, beverage: Leffe, quantity: 30], tableID: 2
[DEBUG] 2020-04-02 23:45:49.949 [main] Cafe - ID count increased to: 3
[INFO ] 2020-04-02 23:45:49.949 [main] Cafe - orderNumber: 2 -  added orderline ID: 3, beverage: Cola, quantity: 20
[INFO ] 2020-04-02 23:45:49.949 [main] Cafe - Table table 2 paid orderNumber 2
[INFO ] 2020-04-02 23:45:49.949 [main] Cafe - Cleared table table 2
[INFO ] 2020-04-02 23:45:49.949 [main] Cafe - Wout Peters logged out
[INFO ] 2020-04-02 23:45:49.949 [main] Cafe - Patrick Desmet logged in
[INFO ] 2020-04-02 23:45:49.949 [main] Cafe - Set table 1 as active table
[INFO ] 2020-04-02 23:45:49.949 [main] Cafe - Assigned  table 1 to Patrick Desmet
[DEBUG] 2020-04-02 23:45:49.950 [main] Cafe - orderNumber count increased to: 3
[DEBUG] 2020-04-02 23:45:49.950 [main] Cafe - ID count increased to: 4
[INFO ] 2020-04-02 23:45:49.950 [main] Cafe - New order made: Order: 3, date: 2020-04-02, waiterID: 4, orderItems: [ID: 4, beverage: Cola, quantity: 10], tableID: 1
[DEBUG] 2020-04-02 23:45:49.950 [main] Cafe - ID count increased to: 5
[INFO ] 2020-04-02 23:45:49.950 [main] Cafe - orderNumber: 3 -  added orderline ID: 5, beverage: Leffe, quantity: 10
[INFO ] 2020-04-02 23:45:49.950 [main] Cafe - Table table 1 paid orderNumber 3
[INFO ] 2020-04-02 23:45:49.950 [main] Cafe - Cleared table table 1
[INFO ] 2020-04-02 23:45:49.950 [main] Cafe - Patrick Desmet logged out
[INFO ] 2020-04-02 23:45:49.950 [main] Cafe - Wout Peters logged in
[INFO ] 2020-04-02 23:45:49.951 [main] Cafe - Wout Peters retrieved his sales data
[INFO ] 2020-04-02 23:45:49.959 [main] Cafe - Wout Peters created a waiter sales PDF report
[INFO ] 2020-04-02 23:45:49.962 [main] Cafe - Cafe started
[INFO ] 2020-04-02 23:45:49.964 [main] Cafe - Cafe started
[INFO ] 2020-04-02 23:45:49.964 [main] Cafe - Wout Peters logged in
[INFO ] 2020-04-02 23:45:49.965 [main] Cafe - Set table 1 as active table
[INFO ] 2020-04-02 23:45:49.965 [main] Cafe - Assigned  table 1 to Wout Peters
[DEBUG] 2020-04-02 23:45:49.965 [main] Cafe - orderNumber count increased to: 1
[DEBUG] 2020-04-02 23:45:49.965 [main] Cafe - ID count increased to: 1
[INFO ] 2020-04-02 23:45:49.965 [main] Cafe - New order made: Order: 1, date: 2020-04-02, waiterID: 1, orderItems: [ID: 1, beverage: Cola, quantity: 10], tableID: 1
[INFO ] 2020-04-02 23:45:49.965 [main] Cafe - orderNumber: 1 - updated orderline with ID: 1 to new quantity: 20
[DEBUG] 2020-04-02 23:45:49.965 [main] Cafe - ID count increased to: 2
[INFO ] 2020-04-02 23:45:49.966 [main] Cafe - orderNumber: 1 -  added orderline ID: 2, beverage: Leffe, quantity: 10
[INFO ] 2020-04-02 23:45:49.967 [main] Cafe - Cafe started
[INFO ] 2020-04-02 23:45:49.967 [main] Cafe - Wout Peters logged in
[INFO ] 2020-04-02 23:45:49.967 [main] Cafe - Set table 1 as active table
[INFO ] 2020-04-02 23:45:49.967 [main] Cafe - Assigned  table 1 to Wout Peters
[DEBUG] 2020-04-02 23:45:49.968 [main] Cafe - orderNumber count increased to: 1
[DEBUG] 2020-04-02 23:45:49.968 [main] Cafe - ID count increased to: 1
[INFO ] 2020-04-02 23:45:49.968 [main] Cafe - New order made: Order: 1, date: 2020-04-02, waiterID: 1, orderItems: [ID: 1, beverage: Cola, quantity: 10], tableID: 1
[DEBUG] 2020-04-02 23:45:49.968 [main] Cafe - ID count increased to: 2
[INFO ] 2020-04-02 23:45:49.968 [main] Cafe - orderNumber: 1 -  added orderline ID: 2, beverage: Leffe, quantity: 10
[INFO ] 2020-04-02 23:45:49.968 [main] Cafe - Table table 1 paid orderNumber 1
[INFO ] 2020-04-02 23:45:49.969 [main] Cafe - Cleared table table 1
[INFO ] 2020-04-02 23:45:49.969 [main] Cafe - Set table 2 as active table
[INFO ] 2020-04-02 23:45:49.969 [main] Cafe - Assigned  table 2 to Wout Peters
[DEBUG] 2020-04-02 23:45:49.969 [main] Cafe - orderNumber count increased to: 2
[DEBUG] 2020-04-02 23:45:49.969 [main] Cafe - ID count increased to: 3
[INFO ] 2020-04-02 23:45:49.969 [main] Cafe - New order made: Order: 2, date: 2020-04-02, waiterID: 1, orderItems: [ID: 3, beverage: Leffe, quantity: 30], tableID: 2
[DEBUG] 2020-04-02 23:45:49.969 [main] Cafe - ID count increased to: 4
[INFO ] 2020-04-02 23:45:49.969 [main] Cafe - orderNumber: 2 -  added orderline ID: 4, beverage: Cola, quantity: 20
[INFO ] 2020-04-02 23:45:49.969 [main] Cafe - Table table 2 paid orderNumber 2
[INFO ] 2020-04-02 23:45:49.969 [main] Cafe - Cleared table table 2
[INFO ] 2020-04-02 23:45:49.969 [main] Cafe - Wout Peters logged out
[INFO ] 2020-04-02 23:45:49.969 [main] Cafe - Patrick Desmet logged in
[INFO ] 2020-04-02 23:45:49.969 [main] Cafe - Set table 1 as active table
[INFO ] 2020-04-02 23:45:49.970 [main] Cafe - Assigned  table 1 to Patrick Desmet
[DEBUG] 2020-04-02 23:45:49.970 [main] Cafe - orderNumber count increased to: 3
[DEBUG] 2020-04-02 23:45:49.970 [main] Cafe - ID count increased to: 5
[INFO ] 2020-04-02 23:45:49.970 [main] Cafe - New order made: Order: 3, date: 2020-04-02, waiterID: 4, orderItems: [ID: 5, beverage: Cola, quantity: 10], tableID: 1
[DEBUG] 2020-04-02 23:45:49.970 [main] Cafe - ID count increased to: 6
[INFO ] 2020-04-02 23:45:49.970 [main] Cafe - orderNumber: 3 -  added orderline ID: 6, beverage: Leffe, quantity: 10
[INFO ] 2020-04-02 23:45:49.970 [main] Cafe - Table table 1 paid orderNumber 3
[INFO ] 2020-04-02 23:45:49.970 [main] Cafe - Cleared table table 1
[INFO ] 2020-04-02 23:45:49.970 [main] Cafe - Set table 2 as active table
[INFO ] 2020-04-02 23:45:49.970 [main] Cafe - Assigned  table 2 to Patrick Desmet
[DEBUG] 2020-04-02 23:45:49.970 [main] Cafe - orderNumber count increased to: 4
[DEBUG] 2020-04-02 23:45:49.971 [main] Cafe - ID count increased to: 7
[INFO ] 2020-04-02 23:45:49.971 [main] Cafe - New order made: Order: 4, date: 2020-04-02, waiterID: 4, orderItems: [ID: 7, beverage: Leffe, quantity: 10], tableID: 2
[DEBUG] 2020-04-02 23:45:49.971 [main] Cafe - ID count increased to: 8
[INFO ] 2020-04-02 23:45:49.971 [main] Cafe - orderNumber: 4 -  added orderline ID: 8, beverage: Cola, quantity: 10
[INFO ] 2020-04-02 23:45:49.977 [main] Cafe - Table table 2 paid orderNumber 4
[INFO ] 2020-04-02 23:45:49.977 [main] Cafe - Cleared table table 2
[INFO ] 2020-04-02 23:45:49.977 [main] Cafe - Patrick Desmet logged out
[INFO ] 2020-04-02 23:45:49.978 [main] Cafe - Ilse Vandenbroeck logged in
[INFO ] 2020-04-02 23:45:49.978 [main] Cafe - Set table 5 as active table
[INFO ] 2020-04-02 23:45:49.978 [main] Cafe - Assigned  table 5 to Ilse Vandenbroeck
[DEBUG] 2020-04-02 23:45:49.978 [main] Cafe - orderNumber count increased to: 5
[DEBUG] 2020-04-02 23:45:49.978 [main] Cafe - ID count increased to: 9
[INFO ] 2020-04-02 23:45:49.978 [main] Cafe - New order made: Order: 5, date: 2020-04-02, waiterID: 3, orderItems: [ID: 9, beverage: Cola, quantity: 100], tableID: 5
[DEBUG] 2020-04-02 23:45:49.979 [main] Cafe - ID count increased to: 10
[INFO ] 2020-04-02 23:45:49.979 [main] Cafe - orderNumber: 5 -  added orderline ID: 10, beverage: Leffe, quantity: 10
[INFO ] 2020-04-02 23:45:49.979 [main] Cafe - Table table 5 paid orderNumber 5
[INFO ] 2020-04-02 23:45:49.979 [main] Cafe - Cleared table table 5
[INFO ] 2020-04-02 23:45:49.991 [main] Cafe - Cafe started
[INFO ] 2020-04-02 23:45:49.991 [main] Cafe - Wout Peters logged in
[INFO ] 2020-04-02 23:45:49.991 [main] Cafe - Wout Peters logged out
[INFO ] 2020-04-02 23:45:49.995 [main] Cafe - Cafe started
[INFO ] 2020-04-02 23:45:49.996 [main] Cafe - Wout Peters logged in
[INFO ] 2020-04-02 23:45:49.997 [main] Cafe - Wout Peters logged out
[INFO ] 2020-04-02 23:45:49.997 [main] Cafe - Patrick Desmet logged in
[INFO ] 2020-04-02 23:45:50.011 [main] Cafe - Cafe started
[INFO ] 2020-04-02 23:45:50.011 [main] Cafe - Wout Peters logged in
[INFO ] 2020-04-02 23:45:50.011 [main] Cafe - Set table 1 as active table
[INFO ] 2020-04-02 23:45:50.013 [main] Cafe - Cafe started
[INFO ] 2020-04-02 23:45:50.014 [main] Cafe - Wout Peters logged in
[INFO ] 2020-04-02 23:45:50.014 [main] Cafe - Set table 1 as active table
[INFO ] 2020-04-02 23:45:50.014 [main] Cafe - Assigned  table 1 to Wout Peters
[DEBUG] 2020-04-02 23:45:50.015 [main] Cafe - orderNumber count increased to: 1
[DEBUG] 2020-04-02 23:45:50.015 [main] Cafe - ID count increased to: 1
[INFO ] 2020-04-02 23:45:50.015 [main] Cafe - New order made: Order: 1, date: 2020-04-02, waiterID: 1, orderItems: [ID: 1, beverage: Cola, quantity: 5], tableID: 1
[DEBUG] 2020-04-02 23:45:50.015 [main] Cafe - ID count increased to: 2
[INFO ] 2020-04-02 23:45:50.015 [main] Cafe - orderNumber: 1 -  added orderline ID: 2, beverage: Leffe, quantity: 5
[INFO ] 2020-04-02 23:45:50.018 [main] Cafe - Cafe started
[INFO ] 2020-04-02 23:45:50.019 [main] Cafe - Wout Peters logged in
[INFO ] 2020-04-02 23:45:50.019 [main] Cafe - Set table 1 as active table
[INFO ] 2020-04-02 23:45:50.021 [main] Cafe - Cafe started
[INFO ] 2020-04-02 23:45:50.022 [main] Cafe - Wout Peters logged in
[INFO ] 2020-04-02 23:45:50.022 [main] Cafe - Set table 1 as active table
[INFO ] 2020-04-02 23:45:50.024 [main] Cafe - Cafe started
[INFO ] 2020-04-02 23:45:50.031 [main] Cafe - Cafe started
[INFO ] 2020-04-02 23:45:50.032 [main] Cafe - Wout Peters logged in
[INFO ] 2020-04-02 23:45:50.032 [main] Cafe - Set table 1 as active table
[INFO ] 2020-04-02 23:45:50.032 [main] Cafe - Assigned  table 1 to Wout Peters
[DEBUG] 2020-04-02 23:45:50.032 [main] Cafe - orderNumber count increased to: 1
[DEBUG] 2020-04-02 23:45:50.032 [main] Cafe - ID count increased to: 1
[INFO ] 2020-04-02 23:45:50.032 [main] Cafe - New order made: Order: 1, date: 2020-04-02, waiterID: 1, orderItems: [ID: 1, beverage: Cola, quantity: 5], tableID: 1
[DEBUG] 2020-04-02 23:45:50.032 [main] Cafe - ID count increased to: 2
[INFO ] 2020-04-02 23:45:50.032 [main] Cafe - orderNumber: 1 -  added orderline ID: 2, beverage: Leffe, quantity: 5
[INFO ] 2020-04-02 23:45:50.036 [main] Cafe - Cafe started
[INFO ] 2020-04-02 23:45:50.039 [main] Cafe - Cafe started
[INFO ] 2020-04-02 23:45:50.039 [main] Cafe - Wout Peters logged in
[INFO ] 2020-04-02 23:45:50.039 [main] Cafe - Set table 1 as active table
[INFO ] 2020-04-02 23:45:50.039 [main] Cafe - Assigned  table 1 to Wout Peters
[DEBUG] 2020-04-02 23:45:50.039 [main] Cafe - orderNumber count increased to: 1
[DEBUG] 2020-04-02 23:45:50.040 [main] Cafe - ID count increased to: 1
[INFO ] 2020-04-02 23:45:50.040 [main] Cafe - New order made: Order: 1, date: 2020-04-02, waiterID: 1, orderItems: [ID: 1, beverage: Cola, quantity: 5], tableID: 1
[INFO ] 2020-04-02 23:45:50.045 [main] Cafe - Cafe started
