[INFO ] 2020-04-23 15:19:02.935 [main] BeverageDAOImpl - beverages are loaded from database
[INFO ] 2020-04-23 15:19:02.987 [main] WaiterDAOImpl - Waiters are loaded from database
[INFO ] 2020-04-23 15:19:03.038 [main] PaidOrderDAOImpl - paidOrders are loaded from database
[INFO ] 2020-04-23 15:19:03.056 [main] PaidOrderDAOImpl - Returned highest orderNumber 829 from database
[INFO ] 2020-04-23 15:19:03.075 [main] BeverageDAOImpl - beverages are loaded from database
[INFO ] 2020-04-23 15:19:03.084 [main] WaiterDAOImpl - Waiters are loaded from database
[INFO ] 2020-04-23 15:19:03.108 [main] PaidOrderDAOImpl - paidOrders are loaded from database
[INFO ] 2020-04-23 15:19:03.120 [main] PaidOrderDAOImpl - Returned highest orderNumber 829 from database
[INFO ] 2020-04-23 15:19:03.131 [main] PaidOrderDAOImpl - Returned highest orderNumber 829 from database
[INFO ] 2020-04-23 15:19:03.176 [main] PaidOrderDAOImpl - Inserted orderLine from orderNumber 830 into database
[INFO ] 2020-04-23 15:19:03.189 [main] PaidOrderDAOImpl - paidOrders are loaded from database
[INFO ] 2020-04-23 15:19:03.201 [main] PaidOrderDAOImpl - Inserted orderLine from orderNumber 831 into database
[INFO ] 2020-04-23 15:19:03.210 [main] PaidOrderDAOImpl - Inserted orderLine from orderNumber 831 into database
[INFO ] 2020-04-23 15:19:03.222 [main] PaidOrderDAOImpl - paidOrders are loaded from database
[INFO ] 2020-04-23 15:19:03.262 [main] PaidOrderDAOImpl - Inserted orderLine from orderNumber 832 into database
[INFO ] 2020-04-23 15:19:03.273 [main] PaidOrderDAOImpl - Inserted orderLine from orderNumber 832 into database
[INFO ] 2020-04-23 15:19:03.286 [main] PaidOrderDAOImpl - paidOrders are loaded from database
[INFO ] 2020-04-23 15:19:03.299 [main] PaidOrderDAOImpl - paidOrders are loaded from database
[INFO ] 2020-04-23 15:19:03.318 [main] PaidOrderDAOImpl - Deleted orderNumber(s) equal or higher than 830 from database
[INFO ] 2020-04-23 15:19:03.326 [main] BeverageDAOImpl - beverages are loaded from database
[INFO ] 2020-04-23 15:19:03.333 [main] WaiterDAOImpl - Waiters are loaded from database
[INFO ] 2020-04-23 15:19:03.345 [main] PaidOrderDAOImpl - paidOrders are loaded from database
[INFO ] 2020-04-23 15:19:03.357 [main] PaidOrderDAOImpl - Returned highest orderNumber 829 from database
[INFO ] 2020-04-23 15:19:03.363 [main] PaidOrderDAOImpl - Returned highest orderNumber 829 from database
[INFO ] 2020-04-23 15:19:03.377 [main] PaidOrderDAOImpl - Inserted orderLine from orderNumber 830 into database
[INFO ] 2020-04-23 15:19:03.400 [main] PaidOrderDAOImpl - Inserted orderLine from orderNumber 830 into database
[INFO ] 2020-04-23 15:19:03.409 [main] PaidOrderDAOImpl - paidOrders are loaded from database
[INFO ] 2020-04-23 15:19:03.422 [main] PaidOrderDAOImpl - Inserted orderLine from orderNumber 831 into database
[INFO ] 2020-04-23 15:19:03.430 [main] PaidOrderDAOImpl - Inserted orderLine from orderNumber 831 into database
[INFO ] 2020-04-23 15:19:03.439 [main] PaidOrderDAOImpl - paidOrders are loaded from database
[INFO ] 2020-04-23 15:19:03.453 [main] PaidOrderDAOImpl - Inserted orderLine from orderNumber 832 into database
[INFO ] 2020-04-23 15:19:03.466 [main] PaidOrderDAOImpl - Inserted orderLine from orderNumber 832 into database
[INFO ] 2020-04-23 15:19:03.476 [main] PaidOrderDAOImpl - paidOrders are loaded from database
[INFO ] 2020-04-23 15:19:03.485 [main] PaidOrderDAOImpl - paidOrders are loaded from database
[INFO ] 2020-04-23 15:19:03.494 [main] PaidOrderDAOImpl - paidOrders are loaded from database
[INFO ] 2020-04-23 15:19:03.517 [main] PaidOrderDAOImpl - Deleted orderNumber(s) equal or higher than 830 from database
[INFO ] 2020-04-23 15:19:03.527 [main] BeverageDAOImpl - beverages are loaded from database
[INFO ] 2020-04-23 15:19:03.531 [main] WaiterDAOImpl - Waiters are loaded from database
[INFO ] 2020-04-23 15:19:03.538 [main] PaidOrderDAOImpl - paidOrders are loaded from database
[INFO ] 2020-04-23 15:19:03.544 [main] PaidOrderDAOImpl - Returned highest orderNumber 829 from database
[INFO ] 2020-04-23 15:19:03.549 [main] PaidOrderDAOImpl - Returned highest orderNumber 829 from database
[INFO ] 2020-04-23 15:19:03.559 [main] PaidOrderDAOImpl - Inserted orderLine from orderNumber 830 into database
[INFO ] 2020-04-23 15:19:03.567 [main] PaidOrderDAOImpl - Inserted orderLine from orderNumber 830 into database
[INFO ] 2020-04-23 15:19:03.579 [main] PaidOrderDAOImpl - Inserted orderLine from orderNumber 830 into database
[INFO ] 2020-04-23 15:19:03.589 [main] PaidOrderDAOImpl - Inserted orderLine from orderNumber 830 into database
[INFO ] 2020-04-23 15:19:03.595 [main] PaidOrderDAOImpl - paidOrders are loaded from database
[INFO ] 2020-04-23 15:19:03.605 [main] PaidOrderDAOImpl - Inserted orderLine from orderNumber 831 into database
[INFO ] 2020-04-23 15:19:03.652 [main] PaidOrderDAOImpl - Inserted orderLine from orderNumber 831 into database
[INFO ] 2020-04-23 15:19:03.663 [main] PaidOrderDAOImpl - Inserted orderLine from orderNumber 831 into database
[INFO ] 2020-04-23 15:19:03.670 [main] PaidOrderDAOImpl - paidOrders are loaded from database
[INFO ] 2020-04-23 15:19:03.682 [main] PaidOrderDAOImpl - Deleted orderNumber(s) equal or higher than 830 from database
[INFO ] 2020-04-23 15:19:03.691 [main] BeverageDAOImpl - beverages are loaded from database
[INFO ] 2020-04-23 15:19:03.695 [main] WaiterDAOImpl - Waiters are loaded from database
[INFO ] 2020-04-23 15:19:03.702 [main] PaidOrderDAOImpl - paidOrders are loaded from database
[INFO ] 2020-04-23 15:19:03.707 [main] PaidOrderDAOImpl - Returned highest orderNumber 829 from database
[INFO ] 2020-04-23 15:19:03.712 [main] PaidOrderDAOImpl - Returned highest orderNumber 829 from database
[INFO ] 2020-04-23 15:19:03.722 [main] PaidOrderDAOImpl - Inserted orderLine from orderNumber 830 into database
[INFO ] 2020-04-23 15:19:03.729 [main] PaidOrderDAOImpl - Inserted orderLine from orderNumber 830 into database
[INFO ] 2020-04-23 15:19:03.739 [main] PaidOrderDAOImpl - Inserted orderLine from orderNumber 830 into database
[INFO ] 2020-04-23 15:19:03.747 [main] PaidOrderDAOImpl - paidOrders are loaded from database
[INFO ] 2020-04-23 15:19:03.759 [main] PaidOrderDAOImpl - Inserted orderLine from orderNumber 831 into database
[INFO ] 2020-04-23 15:19:03.769 [main] PaidOrderDAOImpl - Inserted orderLine from orderNumber 831 into database
[INFO ] 2020-04-23 15:19:03.778 [main] PaidOrderDAOImpl - Inserted orderLine from orderNumber 831 into database
[INFO ] 2020-04-23 15:19:03.790 [main] PaidOrderDAOImpl - Inserted orderLine from orderNumber 831 into database
[INFO ] 2020-04-23 15:19:03.798 [main] PaidOrderDAOImpl - paidOrders are loaded from database
[INFO ] 2020-04-23 15:19:03.807 [main] PaidOrderDAOImpl - Deleted orderNumber(s) equal or higher than 830 from database
[INFO ] 2020-04-23 15:19:03.816 [main] BeverageDAOImpl - beverages are loaded from database
[INFO ] 2020-04-23 15:19:03.820 [main] WaiterDAOImpl - Waiters are loaded from database
[INFO ] 2020-04-23 15:19:03.827 [main] PaidOrderDAOImpl - paidOrders are loaded from database
[INFO ] 2020-04-23 15:19:03.831 [main] PaidOrderDAOImpl - Returned highest orderNumber 829 from database
[INFO ] 2020-04-23 15:19:03.844 [main] BeverageDAOImpl - beverages are loaded from database
[INFO ] 2020-04-23 15:19:03.849 [main] WaiterDAOImpl - Waiters are loaded from database
[INFO ] 2020-04-23 15:19:03.854 [main] PaidOrderDAOImpl - paidOrders are loaded from database
[INFO ] 2020-04-23 15:19:03.860 [main] PaidOrderDAOImpl - Returned highest orderNumber 829 from database
[INFO ] 2020-04-23 15:19:03.866 [main] BeverageDAOImpl - beverages are loaded from database
[INFO ] 2020-04-23 15:19:03.870 [main] WaiterDAOImpl - Waiters are loaded from database
[INFO ] 2020-04-23 15:19:03.876 [main] PaidOrderDAOImpl - paidOrders are loaded from database
[INFO ] 2020-04-23 15:19:03.880 [main] PaidOrderDAOImpl - Returned highest orderNumber 829 from database
[INFO ] 2020-04-23 15:19:03.892 [main] BeverageDAOImpl - beverages are loaded from database
[INFO ] 2020-04-23 15:19:03.896 [main] WaiterDAOImpl - Waiters are loaded from database
[INFO ] 2020-04-23 15:19:03.902 [main] PaidOrderDAOImpl - paidOrders are loaded from database
[INFO ] 2020-04-23 15:19:03.906 [main] PaidOrderDAOImpl - Returned highest orderNumber 829 from database
[INFO ] 2020-04-23 15:19:03.917 [main] BeverageDAOImpl - beverages are loaded from database
[INFO ] 2020-04-23 15:19:03.921 [main] WaiterDAOImpl - Waiters are loaded from database
[INFO ] 2020-04-23 15:19:03.926 [main] PaidOrderDAOImpl - paidOrders are loaded from database
[INFO ] 2020-04-23 15:19:03.931 [main] PaidOrderDAOImpl - Returned highest orderNumber 829 from database
[INFO ] 2020-04-23 15:19:03.942 [main] BeverageDAOImpl - beverages are loaded from database
[INFO ] 2020-04-23 15:19:03.957 [main] WaiterDAOImpl - Waiters are loaded from database
[INFO ] 2020-04-23 15:19:03.973 [main] PaidOrderDAOImpl - paidOrders are loaded from database
[INFO ] 2020-04-23 15:19:03.997 [main] PaidOrderDAOImpl - Returned highest orderNumber 829 from database
[INFO ] 2020-04-23 15:19:04.001 [main] PaidOrderDAOImpl - Returned highest orderNumber 829 from database
[INFO ] 2020-04-23 15:19:04.015 [main] PaidOrderDAOImpl - Inserted orderLine from orderNumber 830 into database
[INFO ] 2020-04-23 15:19:04.027 [main] PaidOrderDAOImpl - Inserted orderLine from orderNumber 830 into database
[INFO ] 2020-04-23 15:19:04.036 [main] PaidOrderDAOImpl - paidOrders are loaded from database
[INFO ] 2020-04-23 15:19:04.061 [main] PaidOrderDAOImpl - Inserted orderLine from orderNumber 831 into database
[INFO ] 2020-04-23 15:19:04.070 [main] PaidOrderDAOImpl - Inserted orderLine from orderNumber 831 into database
[INFO ] 2020-04-23 15:19:04.075 [main] PaidOrderDAOImpl - paidOrders are loaded from database
[INFO ] 2020-04-23 15:19:04.089 [main] PaidOrderDAOImpl - Deleted orderNumber(s) equal or higher than 830 from database
[INFO ] 2020-04-23 15:19:04.095 [main] BeverageDAOImpl - beverages are loaded from database
[INFO ] 2020-04-23 15:19:04.100 [main] WaiterDAOImpl - Waiters are loaded from database
[INFO ] 2020-04-23 15:19:04.106 [main] PaidOrderDAOImpl - paidOrders are loaded from database
[INFO ] 2020-04-23 15:19:04.110 [main] PaidOrderDAOImpl - Returned highest orderNumber 829 from database
[INFO ] 2020-04-23 15:19:04.118 [main] BeverageDAOImpl - beverages are loaded from database
[INFO ] 2020-04-23 15:19:04.122 [main] WaiterDAOImpl - Waiters are loaded from database
[INFO ] 2020-04-23 15:19:04.127 [main] PaidOrderDAOImpl - paidOrders are loaded from database
[INFO ] 2020-04-23 15:19:04.130 [main] PaidOrderDAOImpl - Returned highest orderNumber 829 from database
[INFO ] 2020-04-23 15:19:04.134 [main] PaidOrderDAOImpl - Returned highest orderNumber 829 from database
[INFO ] 2020-04-23 15:19:04.147 [main] PaidOrderDAOImpl - Inserted orderLine from orderNumber 830 into database
[INFO ] 2020-04-23 15:19:04.151 [main] PaidOrderDAOImpl - paidOrders are loaded from database
[INFO ] 2020-04-23 15:19:04.162 [main] PaidOrderDAOImpl - Inserted orderLine from orderNumber 831 into database
[INFO ] 2020-04-23 15:19:04.174 [main] PaidOrderDAOImpl - Inserted orderLine from orderNumber 831 into database
[INFO ] 2020-04-23 15:19:04.180 [main] PaidOrderDAOImpl - paidOrders are loaded from database
[INFO ] 2020-04-23 15:19:04.195 [main] PaidOrderDAOImpl - Inserted orderLine from orderNumber 832 into database
[INFO ] 2020-04-23 15:19:04.201 [main] PaidOrderDAOImpl - paidOrders are loaded from database
[INFO ] 2020-04-23 15:19:04.210 [main] PaidOrderDAOImpl - Inserted orderLine from orderNumber 833 into database
[INFO ] 2020-04-23 15:19:04.220 [main] PaidOrderDAOImpl - Inserted orderLine from orderNumber 833 into database
[INFO ] 2020-04-23 15:19:04.225 [main] PaidOrderDAOImpl - paidOrders are loaded from database
[INFO ] 2020-04-23 15:19:04.235 [main] PaidOrderDAOImpl - paidOrders are loaded from database
[INFO ] 2020-04-23 15:19:04.622 [main] PaidOrderDAOImpl - Deleted orderNumber(s) equal or higher than 830 from database
[INFO ] 2020-04-23 15:19:04.637 [main] BeverageDAOImpl - beverages are loaded from database
[INFO ] 2020-04-23 15:19:04.641 [main] WaiterDAOImpl - Waiters are loaded from database
[INFO ] 2020-04-23 15:19:04.647 [main] PaidOrderDAOImpl - paidOrders are loaded from database
[INFO ] 2020-04-23 15:19:04.652 [main] PaidOrderDAOImpl - Returned highest orderNumber 829 from database
[INFO ] 2020-04-23 15:19:04.657 [main] PaidOrderDAOImpl - Returned highest orderNumber 829 from database
[INFO ] 2020-04-23 15:19:05.647 [main] PaidOrderDAOImpl - Deleted orderNumber(s) equal or higher than 830 from database
[INFO ] 2020-04-23 15:19:05.654 [main] BeverageDAOImpl - beverages are loaded from database
[INFO ] 2020-04-23 15:19:05.660 [main] WaiterDAOImpl - Waiters are loaded from database
[INFO ] 2020-04-23 15:19:05.666 [main] PaidOrderDAOImpl - paidOrders are loaded from database
[INFO ] 2020-04-23 15:19:05.671 [main] PaidOrderDAOImpl - Returned highest orderNumber 829 from database
[INFO ] 2020-04-23 15:19:05.680 [main] BeverageDAOImpl - beverages are loaded from database
[INFO ] 2020-04-23 15:19:05.686 [main] WaiterDAOImpl - Waiters are loaded from database
[INFO ] 2020-04-23 15:19:05.692 [main] PaidOrderDAOImpl - paidOrders are loaded from database
[INFO ] 2020-04-23 15:19:05.697 [main] PaidOrderDAOImpl - Returned highest orderNumber 829 from database
[INFO ] 2020-04-23 15:19:05.702 [main] PaidOrderDAOImpl - Returned highest orderNumber 829 from database
[INFO ] 2020-04-23 15:19:05.712 [main] PaidOrderDAOImpl - Inserted orderLine from orderNumber 830 into database
[INFO ] 2020-04-23 15:19:05.718 [main] PaidOrderDAOImpl - paidOrders are loaded from database
[INFO ] 2020-04-23 15:19:05.729 [main] PaidOrderDAOImpl - Inserted orderLine from orderNumber 831 into database
[INFO ] 2020-04-23 15:19:05.740 [main] PaidOrderDAOImpl - Inserted orderLine from orderNumber 831 into database
[INFO ] 2020-04-23 15:19:05.745 [main] PaidOrderDAOImpl - paidOrders are loaded from database
[INFO ] 2020-04-23 15:19:05.750 [main] PaidOrderDAOImpl - paidOrders are loaded from database
[INFO ] 2020-04-23 15:19:05.764 [main] PaidOrderDAOImpl - Deleted orderNumber(s) equal or higher than 830 from database
[INFO ] 2020-04-23 15:19:05.772 [main] BeverageDAOImpl - beverages are loaded from database
[INFO ] 2020-04-23 15:19:05.777 [main] WaiterDAOImpl - Waiters are loaded from database
[INFO ] 2020-04-23 15:19:05.781 [main] PaidOrderDAOImpl - paidOrders are loaded from database
[INFO ] 2020-04-23 15:19:05.785 [main] PaidOrderDAOImpl - Returned highest orderNumber 829 from database
[INFO ] 2020-04-23 15:19:05.792 [main] BeverageDAOImpl - beverages are loaded from database
[INFO ] 2020-04-23 15:19:05.796 [main] WaiterDAOImpl - Waiters are loaded from database
[INFO ] 2020-04-23 15:19:05.801 [main] PaidOrderDAOImpl - paidOrders are loaded from database
[INFO ] 2020-04-23 15:19:05.806 [main] PaidOrderDAOImpl - Returned highest orderNumber 829 from database
[INFO ] 2020-04-23 15:19:05.815 [main] BeverageDAOImpl - beverages are loaded from database
[INFO ] 2020-04-23 15:19:05.819 [main] WaiterDAOImpl - Waiters are loaded from database
[INFO ] 2020-04-23 15:19:05.824 [main] PaidOrderDAOImpl - paidOrders are loaded from database
[INFO ] 2020-04-23 15:19:05.828 [main] PaidOrderDAOImpl - Returned highest orderNumber 829 from database
[INFO ] 2020-04-23 15:19:05.833 [main] PaidOrderDAOImpl - Returned highest orderNumber 829 from database
[INFO ] 2020-04-23 15:19:05.843 [main] PaidOrderDAOImpl - Inserted orderLine from orderNumber 830 into database
[INFO ] 2020-04-23 15:19:05.853 [main] PaidOrderDAOImpl - Inserted orderLine from orderNumber 830 into database
[INFO ] 2020-04-23 15:19:05.858 [main] PaidOrderDAOImpl - paidOrders are loaded from database
[INFO ] 2020-04-23 15:19:05.872 [main] PaidOrderDAOImpl - Inserted orderLine from orderNumber 831 into database
[INFO ] 2020-04-23 15:19:05.883 [main] PaidOrderDAOImpl - Inserted orderLine from orderNumber 831 into database
[INFO ] 2020-04-23 15:19:05.888 [main] PaidOrderDAOImpl - paidOrders are loaded from database
[INFO ] 2020-04-23 15:19:05.907 [main] PaidOrderDAOImpl - Inserted orderLine from orderNumber 832 into database
[INFO ] 2020-04-23 15:19:05.919 [main] PaidOrderDAOImpl - Inserted orderLine from orderNumber 832 into database
[INFO ] 2020-04-23 15:19:05.925 [main] PaidOrderDAOImpl - paidOrders are loaded from database
[INFO ] 2020-04-23 15:19:05.936 [main] PaidOrderDAOImpl - Inserted orderLine from orderNumber 833 into database
[INFO ] 2020-04-23 15:19:05.946 [main] PaidOrderDAOImpl - Inserted orderLine from orderNumber 833 into database
[INFO ] 2020-04-23 15:19:05.964 [main] PaidOrderDAOImpl - paidOrders are loaded from database
[INFO ] 2020-04-23 15:19:05.980 [main] PaidOrderDAOImpl - Inserted orderLine from orderNumber 834 into database
[INFO ] 2020-04-23 15:19:05.992 [main] PaidOrderDAOImpl - Inserted orderLine from orderNumber 834 into database
[INFO ] 2020-04-23 15:19:05.999 [main] PaidOrderDAOImpl - paidOrders are loaded from database
[INFO ] 2020-04-23 15:19:06.015 [main] PaidOrderDAOImpl - Deleted orderNumber(s) equal or higher than 830 from database
[INFO ] 2020-04-23 15:19:06.022 [main] BeverageDAOImpl - beverages are loaded from database
[INFO ] 2020-04-23 15:19:06.027 [main] WaiterDAOImpl - Waiters are loaded from database
[INFO ] 2020-04-23 15:19:06.032 [main] PaidOrderDAOImpl - paidOrders are loaded from database
[INFO ] 2020-04-23 15:19:06.039 [main] PaidOrderDAOImpl - Returned highest orderNumber 829 from database
[INFO ] 2020-04-23 15:19:06.048 [main] BeverageDAOImpl - beverages are loaded from database
[INFO ] 2020-04-23 15:19:06.052 [main] WaiterDAOImpl - Waiters are loaded from database
[INFO ] 2020-04-23 15:19:06.057 [main] PaidOrderDAOImpl - paidOrders are loaded from database
[INFO ] 2020-04-23 15:19:06.071 [main] PaidOrderDAOImpl - Returned highest orderNumber 829 from database
[INFO ] 2020-04-23 15:19:08.431 [main] BeverageDAOImpl - beverages are loaded from database
[INFO ] 2020-04-23 15:19:08.487 [main] BeverageDAOImpl - beverages are loaded from database
[INFO ] 2020-04-23 15:19:08.517 [main] WaiterDAOImpl - Waiters are loaded from database
[INFO ] 2020-04-23 15:19:08.544 [main] PaidOrderDAOImpl - paidOrders are loaded from database
[INFO ] 2020-04-23 15:19:08.662 [main] PaidOrderDAOImpl - Returned highest orderNumber 829 from database
[INFO ] 2020-04-23 15:19:08.685 [main] PaidOrderDAOImpl - paidOrders are loaded from database
[INFO ] 2020-04-23 15:19:08.751 [main] PaidOrderDAOImpl - Retrieved waiter sales dates from DB
[INFO ] 2020-04-23 15:19:08.764 [main] BeverageDAOImpl - beverages are loaded from database
[INFO ] 2020-04-23 15:19:08.780 [main] WaiterDAOImpl - Waiters are loaded from database
[INFO ] 2020-04-23 15:19:08.785 [main] PaidOrderDAOImpl - paidOrders are loaded from database
[INFO ] 2020-04-23 15:19:08.805 [main] PaidOrderDAOImpl - Returned highest orderNumber 829 from database
[INFO ] 2020-04-23 15:19:08.814 [main] PaidOrderDAOImpl - paidOrders are loaded from database
[INFO ] 2020-04-23 15:19:08.819 [main] PaidOrderDAOImpl - Returned highest orderNumber 829 from database
[INFO ] 2020-04-23 15:19:08.834 [main] PaidOrderDAOImpl - Inserted orderLine from orderNumber 1000 into database
[INFO ] 2020-04-23 15:19:08.855 [main] PaidOrderDAOImpl - Inserted orderLine from orderNumber 1000 into database
[INFO ] 2020-04-23 15:19:08.892 [main] PaidOrderDAOImpl - paidOrders are loaded from database
[INFO ] 2020-04-23 15:19:08.918 [main] PaidOrderDAOImpl - Deleted orderNumber(s) equal or higher than 830 from database
[INFO ] 2020-04-23 15:19:08.931 [main] BeverageDAOImpl - beverages are loaded from database
[INFO ] 2020-04-23 15:19:08.935 [main] WaiterDAOImpl - Waiters are loaded from database
[INFO ] 2020-04-23 15:19:08.943 [main] PaidOrderDAOImpl - paidOrders are loaded from database
[INFO ] 2020-04-23 15:19:08.989 [main] PaidOrderDAOImpl - Returned highest orderNumber 829 from database
[INFO ] 2020-04-23 15:19:09.007 [main] PaidOrderDAOImpl - paidOrders are loaded from database
[INFO ] 2020-04-23 15:19:09.018 [main] BeverageDAOImpl - beverages are loaded from database
[INFO ] 2020-04-23 15:19:09.023 [main] WaiterDAOImpl - Waiters are loaded from database
[INFO ] 2020-04-23 15:19:09.028 [main] PaidOrderDAOImpl - paidOrders are loaded from database
[INFO ] 2020-04-23 15:19:09.032 [main] PaidOrderDAOImpl - Returned highest orderNumber 829 from database
[INFO ] 2020-04-23 15:19:09.048 [main] PaidOrderDAOImpl - paidOrders are loaded from database
[INFO ] 2020-04-23 15:19:09.059 [main] PaidOrderDAOImpl - Returned highest orderNumber 829 from database
[INFO ] 2020-04-23 15:19:09.065 [main] WaiterDAOImpl - Waiters are loaded from database
[INFO ] 2020-04-23 15:19:09.096 [main] BeverageDAOImpl - beverages are loaded from database
[INFO ] 2020-04-23 15:19:09.100 [main] WaiterDAOImpl - Waiters are loaded from database
[INFO ] 2020-04-23 15:19:09.105 [main] PaidOrderDAOImpl - paidOrders are loaded from database
[INFO ] 2020-04-23 15:19:09.111 [main] PaidOrderDAOImpl - Returned highest orderNumber 829 from database
[INFO ] 2020-04-23 15:19:09.126 [main] BeverageDAOImpl - beverages are loaded from database
[INFO ] 2020-04-23 15:19:09.130 [main] WaiterDAOImpl - Waiters are loaded from database
[INFO ] 2020-04-23 15:19:09.143 [main] PaidOrderDAOImpl - paidOrders are loaded from database
[INFO ] 2020-04-23 15:19:09.147 [main] PaidOrderDAOImpl - Returned highest orderNumber 829 from database
[INFO ] 2020-04-23 15:19:09.173 [main] BeverageDAOImpl - beverages are loaded from database
[INFO ] 2020-04-23 15:19:09.180 [main] WaiterDAOImpl - Waiters are loaded from database
[INFO ] 2020-04-23 15:19:09.189 [main] PaidOrderDAOImpl - paidOrders are loaded from database
[INFO ] 2020-04-23 15:19:09.202 [main] PaidOrderDAOImpl - Returned highest orderNumber 829 from database
[INFO ] 2020-04-23 15:19:09.219 [main] BeverageDAOImpl - beverages are loaded from database
[INFO ] 2020-04-23 15:19:09.229 [main] WaiterDAOImpl - Waiters are loaded from database
[INFO ] 2020-04-23 15:19:09.241 [main] PaidOrderDAOImpl - paidOrders are loaded from database
[INFO ] 2020-04-23 15:19:09.275 [main] PaidOrderDAOImpl - Returned highest orderNumber 829 from database
[INFO ] 2020-04-23 15:19:09.317 [main] BeverageDAOImpl - beverages are loaded from database
[INFO ] 2020-04-23 15:19:09.332 [main] WaiterDAOImpl - Waiters are loaded from database
[INFO ] 2020-04-23 15:19:09.343 [main] PaidOrderDAOImpl - paidOrders are loaded from database
[INFO ] 2020-04-23 15:19:09.352 [main] PaidOrderDAOImpl - Returned highest orderNumber 829 from database
[INFO ] 2020-04-23 15:19:09.365 [main] BeverageDAOImpl - beverages are loaded from database
[INFO ] 2020-04-23 15:19:09.377 [main] WaiterDAOImpl - Waiters are loaded from database
[INFO ] 2020-04-23 15:19:09.385 [main] PaidOrderDAOImpl - paidOrders are loaded from database
[INFO ] 2020-04-23 15:19:09.391 [main] PaidOrderDAOImpl - Returned highest orderNumber 829 from database
[INFO ] 2020-04-23 15:19:09.397 [main] PaidOrderDAOImpl - Returned highest orderNumber 829 from database
[INFO ] 2020-04-23 15:19:09.417 [main] BeverageDAOImpl - beverages are loaded from database
[INFO ] 2020-04-23 15:19:09.422 [main] WaiterDAOImpl - Waiters are loaded from database
[INFO ] 2020-04-23 15:19:09.431 [main] PaidOrderDAOImpl - paidOrders are loaded from database
[INFO ] 2020-04-23 15:19:09.435 [main] PaidOrderDAOImpl - Returned highest orderNumber 829 from database
[INFO ] 2020-04-23 15:19:09.462 [main] BeverageDAOImpl - beverages are loaded from database
[INFO ] 2020-04-23 15:19:09.467 [main] WaiterDAOImpl - Waiters are loaded from database
[INFO ] 2020-04-23 15:19:09.473 [main] PaidOrderDAOImpl - paidOrders are loaded from database
[INFO ] 2020-04-23 15:19:09.480 [main] PaidOrderDAOImpl - Returned highest orderNumber 829 from database
[INFO ] 2020-04-23 15:19:09.494 [main] BeverageDAOImpl - beverages are loaded from database
[INFO ] 2020-04-23 15:19:09.501 [main] WaiterDAOImpl - Waiters are loaded from database
[INFO ] 2020-04-23 15:19:09.513 [main] PaidOrderDAOImpl - paidOrders are loaded from database
[INFO ] 2020-04-23 15:19:09.547 [main] PaidOrderDAOImpl - Returned highest orderNumber 829 from database
